{
  "uid" : "f44d842ab692e2fa",
  "name" : "f22",
  "fullName" : "testPackage01.Test_NewValidationActions.f22",
  "historyId" : "800cd9c8b5d99dd6684a556a70c6b7f1",
  "time" : {
    "start" : 1603829669206,
    "stop" : 1603829669623,
    "duration" : 417
  },
  "status" : "passed",
  "flaky" : false,
  "newFailed" : false,
  "beforeStages" : [ {
    "name" : "openBrowser",
    "time" : {
      "start" : 1603829668318,
      "stop" : 1603829669170,
      "duration" : 852
    },
    "description" : "",
    "status" : "passed",
    "steps" : [ {
      "name" : "Action [69]: Attempting to run remotely on: [Linux-64], [GoogleChrome], [http://localhost:4444/wd/hub], Headless Execution.",
      "time" : {
        "start" : 1603829668319,
        "stop" : 1603829668319,
        "duration" : 0
      },
      "status" : "passed",
      "steps" : [ ],
      "attachments" : [ ],
      "parameters" : [ {
        "name" : "actionCounter",
        "value" : "69"
      }, {
        "name" : "logText",
        "value" : "Attempting to run remotely on: [Linux-64], [GoogleChrome], [http://localhost:4444/wd/hub], Headless Execution."
      } ],
      "stepsCount" : 0,
      "attachmentsCount" : 0,
      "shouldDisplayMessage" : false,
      "hasContent" : true
    }, {
      "name" : "Action [70]: Successfully Opened [GoogleChrome].",
      "time" : {
        "start" : 1603829668597,
        "stop" : 1603829668598,
        "duration" : 1
      },
      "status" : "passed",
      "steps" : [ ],
      "attachments" : [ ],
      "parameters" : [ {
        "name" : "actionCounter",
        "value" : "70"
      }, {
        "name" : "logText",
        "value" : "Successfully Opened [GoogleChrome]."
      } ],
      "stepsCount" : 0,
      "attachmentsCount" : 0,
      "shouldDisplayMessage" : false,
      "hasContent" : true
    }, {
      "name" : "Action [71]: Browser Action [navigateToURL] successfully performed. With the following test data [https://the-internet.herokuapp.com/].",
      "time" : {
        "start" : 1603829669169,
        "stop" : 1603829669169,
        "duration" : 0
      },
      "status" : "passed",
      "steps" : [ ],
      "attachments" : [ ],
      "parameters" : [ {
        "name" : "actionCounter",
        "value" : "71"
      }, {
        "name" : "logText",
        "value" : "Browser Action [navigateToURL] successfully performed. With the following test data [https://the-internet.herokuapp.com/]."
      }, {
        "name" : "attachments",
        "value" : "[null]"
      } ],
      "stepsCount" : 0,
      "attachmentsCount" : 0,
      "shouldDisplayMessage" : false,
      "hasContent" : true
    } ],
    "attachments" : [ {
      "uid" : "ac67db58268cd710",
      "name" : "Attachment: SHAFT Engine Logs - Current Method log: openBrowser",
      "source" : "ac67db58268cd710.txt",
      "type" : "text/plain",
      "size" : 744
    } ],
    "parameters" : [ ],
    "stepsCount" : 3,
    "attachmentsCount" : 1,
    "shouldDisplayMessage" : false,
    "hasContent" : true
  } ],
  "testStage" : {
    "status" : "passed",
    "steps" : [ {
      "name" : "Action [72]: AssertElementAttribute FAILED; Expected [Value Should be 'yyy' for the 'text' attribute, element locator 'By.tagName: h1'] and Actual [Welcome to the-internet]. Comparison Type [CONTAINS]. Validation Type [POSITIVE].",
      "time" : {
        "start" : 1603829669622,
        "stop" : 1603829669623,
        "duration" : 1
      },
      "status" : "passed",
      "steps" : [ ],
      "attachments" : [ {
        "uid" : "7a14ea2688a6a80c",
        "name" : "Attachment: Screenshot - 1603829669524_f22_AssertElementAttribute_failed",
        "source" : "7a14ea2688a6a80c.png",
        "type" : "image/png",
        "size" : 158296
      } ],
      "parameters" : [ {
        "name" : "actionCounter",
        "value" : "72"
      }, {
        "name" : "logText",
        "value" : "AssertElementAttribute FAILED; Expected [Value Should be 'yyy' for the 'text' attribute, element locator 'By.tagName: h1'] and Actual [Welcome to the-internet]. Comparison Type [CONTAINS]. Validation Type [POSITIVE]."
      }, {
        "name" : "attachments",
        "value" : "[[Screenshot, 1603829669524_f22_AssertElementAttribute_failed, java.io.ByteArrayInputStream@18c26588]]"
      } ],
      "stepsCount" : 0,
      "attachmentsCount" : 1,
      "shouldDisplayMessage" : false,
      "hasContent" : true
    } ],
    "attachments" : [ {
      "uid" : "51ef32a569263a1b",
      "name" : "Attachment: SHAFT Engine Logs - Current Method log: f22",
      "source" : "51ef32a569263a1b.txt",
      "type" : "text/plain",
      "size" : 1034
    } ],
    "parameters" : [ ],
    "stepsCount" : 1,
    "attachmentsCount" : 2,
    "shouldDisplayMessage" : false,
    "hasContent" : true
  },
  "afterStages" : [ {
    "name" : "closeBrowser",
    "time" : {
      "start" : 1603829669624,
      "stop" : 1603829669817,
      "duration" : 193
    },
    "description" : "",
    "status" : "passed",
    "steps" : [ {
      "name" : "Action [73]: Successfully Closed All Browsers.",
      "time" : {
        "start" : 1603829669816,
        "stop" : 1603829669816,
        "duration" : 0
      },
      "status" : "passed",
      "steps" : [ ],
      "attachments" : [ ],
      "parameters" : [ {
        "name" : "actionCounter",
        "value" : "73"
      }, {
        "name" : "logText",
        "value" : "Successfully Closed All Browsers."
      } ],
      "stepsCount" : 0,
      "attachmentsCount" : 0,
      "shouldDisplayMessage" : false,
      "hasContent" : true
    } ],
    "attachments" : [ {
      "uid" : "54d0b8865bfe0355",
      "name" : "Attachment: Selenium WebDriver Logs - server",
      "source" : "54d0b8865bfe0355.txt",
      "type" : "text/plain",
      "size" : 1288
    }, {
      "uid" : "f497248905361545",
      "name" : "Attachment: Selenium WebDriver Logs - performance",
      "source" : "f497248905361545.txt",
      "type" : "text/plain",
      "size" : 60450
    }, {
      "uid" : "e5b573e87bf6028f",
      "name" : "Attachment: Selenium WebDriver Logs - browser",
      "source" : "e5b573e87bf6028f.txt",
      "type" : "text/plain",
      "size" : 1078
    }, {
      "uid" : "27cc36cc2a398d2a",
      "name" : "Attachment: Selenium WebDriver Logs - driver",
      "source" : "27cc36cc2a398d2a.txt",
      "type" : "text/plain",
      "size" : 197917
    }, {
      "uid" : "2adaa73c94adf5b4",
      "name" : "Attachment: SHAFT Engine Logs - Current Method log: closeBrowser",
      "source" : "2adaa73c94adf5b4.txt",
      "type" : "text/plain",
      "size" : 531
    } ],
    "parameters" : [ ],
    "stepsCount" : 1,
    "attachmentsCount" : 5,
    "shouldDisplayMessage" : false,
    "hasContent" : true
  }, {
    "name" : "closureActivities",
    "time" : {
      "start" : 1603829918978,
      "stop" : 1603829918988,
      "duration" : 10
    },
    "description" : "",
    "status" : "passed",
    "steps" : [ {
      "name" : "Action [504]: Successfully Closed All Browsers.",
      "time" : {
        "start" : 1603829918979,
        "stop" : 1603829918979,
        "duration" : 0
      },
      "status" : "passed",
      "steps" : [ ],
      "attachments" : [ ],
      "parameters" : [ {
        "name" : "actionCounter",
        "value" : "504"
      }, {
        "name" : "logText",
        "value" : "Successfully Closed All Browsers."
      } ],
      "stepsCount" : 0,
      "attachmentsCount" : 0,
      "shouldDisplayMessage" : false,
      "hasContent" : true
    }, {
      "name" : "Action [505]: Issue Summary: Total Issues = 2, New issues for Failed Tests = 0, Open issues for Passed Tests = 2, Open issues for Failed Tests = 0. Kindly check the attached Issue details.",
      "time" : {
        "start" : 1603829918985,
        "stop" : 1603829918986,
        "duration" : 1
      },
      "status" : "passed",
      "steps" : [ ],
      "attachments" : [ {
        "uid" : "28d5de0bede1f632",
        "name" : "Attachment: SHAFT Engine Logs - Issues log CSV: 20201027-201838",
        "source" : "28d5de0bede1f632.csv",
        "type" : "text/csv",
        "size" : 228
      } ],
      "parameters" : [ {
        "name" : "actionCounter",
        "value" : "505"
      }, {
        "name" : "logText",
        "value" : "Issue Summary: Total Issues = 2, New issues for Failed Tests = 0, Open issues for Passed Tests = 2, Open issues for Failed Tests = 0. Kindly check the attached Issue details."
      }, {
        "name" : "attachments",
        "value" : "[[SHAFT Engine Logs, Issues log CSV: 20201027-201838, java.io.ByteArrayInputStream@10a99201]]"
      } ],
      "stepsCount" : 0,
      "attachmentsCount" : 1,
      "shouldDisplayMessage" : false,
      "hasContent" : true
    } ],
    "attachments" : [ {
      "uid" : "5ee5add01c0e0942",
      "name" : "Attachment: SHAFT Engine Logs - Execution log: 20201027-201838",
      "source" : "5ee5add01c0e0942.txt",
      "type" : "text/plain",
      "size" : 358457
    } ],
    "parameters" : [ ],
    "stepsCount" : 2,
    "attachmentsCount" : 2,
    "shouldDisplayMessage" : false,
    "hasContent" : true
  } ],
  "labels" : [ {
    "name" : "package",
    "value" : "testPackage01.Test_NewValidationActions"
  }, {
    "name" : "testClass",
    "value" : "testPackage01.Test_NewValidationActions"
  }, {
    "name" : "testMethod",
    "value" : "f22"
  }, {
    "name" : "parentSuite",
    "value" : "SHAFT_Engine: Custom Suite"
  }, {
    "name" : "suite",
    "value" : "SHAFT_Engine: Custom Test"
  }, {
    "name" : "subSuite",
    "value" : "testPackage01.Test_NewValidationActions"
  }, {
    "name" : "host",
    "value" : "fv-az60"
  }, {
    "name" : "thread",
    "value" : "5131@fv-az60.main(1)"
  }, {
    "name" : "framework",
    "value" : "testng"
  }, {
    "name" : "language",
    "value" : "java"
  }, {
    "name" : "resultFormat",
    "value" : "allure2"
  } ],
  "parameters" : [ ],
  "links" : [ ],
  "hidden" : false,
  "retry" : false,
  "extra" : {
    "severity" : "normal",
    "retries" : [ ],
    "categories" : [ ],
    "tags" : [ ]
  },
  "source" : "f44d842ab692e2fa.json",
  "parameterValues" : [ ]
}