{
  "uid" : "6e038a129228d92c",
  "name" : "simpleSelect",
  "fullName" : "testPackage01.Test_SelectedValue.simpleSelect",
  "historyId" : "36df61c5fa16064939f2168a752af02b",
  "time" : {
    "start" : 1626141541520,
    "stop" : 1626141567883,
    "duration" : 26363
  },
  "status" : "failed",
  "statusMessage" : "Element Action [IdentifyUniqueElement] failed. With the following test data [zero elements found matching this locator \"By.tagName: select\".].",
  "statusTrace" : "java.lang.AssertionError: Element Action [IdentifyUniqueElement] failed. With the following test data [zero elements found matching this locator \"By.tagName: select\".].\n\tat org.testng.Assert.fail(Assert.java:99)\n\tat com.shaft.gui.element.WebDriverElementActions.failAction(WebDriverElementActions.java:1442)\n\tat com.shaft.gui.element.WebDriverElementActions.failAction(WebDriverElementActions.java:1296)\n\tat com.shaft.gui.element.WebDriverElementActions.identifyUniqueElement(WebDriverElementActions.java:1511)\n\tat com.shaft.gui.element.WebDriverElementActions.identifyUniqueElement(WebDriverElementActions.java:1305)\n\tat com.shaft.gui.element.WebDriverElementActions.select(WebDriverElementActions.java:943)\n\tat com.shaft.gui.element.ElementActions.select(ElementActions.java:459)\n\tat testPackage01.Test_SelectedValue.simpleSelect(Test_SelectedValue.java:19)\n\tat java.base/jdk.internal.reflect.NativeMethodAccessorImpl.invoke0(Native Method)\n\tat java.base/jdk.internal.reflect.NativeMethodAccessorImpl.invoke(NativeMethodAccessorImpl.java:64)\n\tat java.base/jdk.internal.reflect.DelegatingMethodAccessorImpl.invoke(DelegatingMethodAccessorImpl.java:43)\n\tat java.base/java.lang.reflect.Method.invoke(Method.java:564)\n\tat org.testng.internal.MethodInvocationHelper.invokeMethod(MethodInvocationHelper.java:133)\n\tat org.testng.internal.TestInvoker.invokeMethod(TestInvoker.java:598)\n\tat org.testng.internal.TestInvoker.invokeTestMethod(TestInvoker.java:173)\n\tat org.testng.internal.MethodRunner.runInSequence(MethodRunner.java:46)\n\tat org.testng.internal.TestInvoker$MethodInvocationAgent.invoke(TestInvoker.java:824)\n\tat org.testng.internal.TestInvoker.invokeTestMethods(TestInvoker.java:146)\n\tat org.testng.internal.TestMethodWorker.invokeTestMethods(TestMethodWorker.java:146)\n\tat org.testng.internal.TestMethodWorker.run(TestMethodWorker.java:128)\n\tat java.base/java.util.ArrayList.forEach(ArrayList.java:1511)\n\tat org.testng.TestRunner.privateRun(TestRunner.java:794)\n\tat org.testng.TestRunner.run(TestRunner.java:596)\n\tat org.testng.SuiteRunner.runTest(SuiteRunner.java:377)\n\tat org.testng.SuiteRunner.runSequentially(SuiteRunner.java:371)\n\tat org.testng.SuiteRunner.privateRun(SuiteRunner.java:332)\n\tat org.testng.SuiteRunner.run(SuiteRunner.java:276)\n\tat org.testng.SuiteRunnerWorker.runSuite(SuiteRunnerWorker.java:53)\n\tat org.testng.SuiteRunnerWorker.run(SuiteRunnerWorker.java:96)\n\tat org.testng.TestNG.runSuitesSequentially(TestNG.java:1212)\n\tat org.testng.TestNG.runSuitesLocally(TestNG.java:1134)\n\tat org.testng.TestNG.runSuites(TestNG.java:1063)\n\tat org.testng.TestNG.run(TestNG.java:1031)\n\tat org.apache.maven.surefire.testng.TestNGExecutor.run(TestNGExecutor.java:136)\n\tat org.apache.maven.surefire.testng.TestNGDirectoryTestSuite.executeMulti(TestNGDirectoryTestSuite.java:193)\n\tat org.apache.maven.surefire.testng.TestNGDirectoryTestSuite.execute(TestNGDirectoryTestSuite.java:94)\n\tat org.apache.maven.surefire.testng.TestNGProvider.invoke(TestNGProvider.java:145)\n\tat org.apache.maven.surefire.booter.ForkedBooter.runSuitesInProcess(ForkedBooter.java:428)\n\tat org.apache.maven.surefire.booter.ForkedBooter.execute(ForkedBooter.java:162)\n\tat org.apache.maven.surefire.booter.ForkedBooter.run(ForkedBooter.java:562)\n\tat org.apache.maven.surefire.booter.ForkedBooter.main(ForkedBooter.java:548)\n",
  "flaky" : false,
  "newFailed" : false,
  "beforeStages" : [ ],
  "testStage" : {
    "status" : "failed",
    "statusMessage" : "Element Action [IdentifyUniqueElement] failed. With the following test data [zero elements found matching this locator \"By.tagName: select\".].",
    "statusTrace" : "java.lang.AssertionError: Element Action [IdentifyUniqueElement] failed. With the following test data [zero elements found matching this locator \"By.tagName: select\".].\n\tat org.testng.Assert.fail(Assert.java:99)\n\tat com.shaft.gui.element.WebDriverElementActions.failAction(WebDriverElementActions.java:1442)\n\tat com.shaft.gui.element.WebDriverElementActions.failAction(WebDriverElementActions.java:1296)\n\tat com.shaft.gui.element.WebDriverElementActions.identifyUniqueElement(WebDriverElementActions.java:1511)\n\tat com.shaft.gui.element.WebDriverElementActions.identifyUniqueElement(WebDriverElementActions.java:1305)\n\tat com.shaft.gui.element.WebDriverElementActions.select(WebDriverElementActions.java:943)\n\tat com.shaft.gui.element.ElementActions.select(ElementActions.java:459)\n\tat testPackage01.Test_SelectedValue.simpleSelect(Test_SelectedValue.java:19)\n\tat java.base/jdk.internal.reflect.NativeMethodAccessorImpl.invoke0(Native Method)\n\tat java.base/jdk.internal.reflect.NativeMethodAccessorImpl.invoke(NativeMethodAccessorImpl.java:64)\n\tat java.base/jdk.internal.reflect.DelegatingMethodAccessorImpl.invoke(DelegatingMethodAccessorImpl.java:43)\n\tat java.base/java.lang.reflect.Method.invoke(Method.java:564)\n\tat org.testng.internal.MethodInvocationHelper.invokeMethod(MethodInvocationHelper.java:133)\n\tat org.testng.internal.TestInvoker.invokeMethod(TestInvoker.java:598)\n\tat org.testng.internal.TestInvoker.invokeTestMethod(TestInvoker.java:173)\n\tat org.testng.internal.MethodRunner.runInSequence(MethodRunner.java:46)\n\tat org.testng.internal.TestInvoker$MethodInvocationAgent.invoke(TestInvoker.java:824)\n\tat org.testng.internal.TestInvoker.invokeTestMethods(TestInvoker.java:146)\n\tat org.testng.internal.TestMethodWorker.invokeTestMethods(TestMethodWorker.java:146)\n\tat org.testng.internal.TestMethodWorker.run(TestMethodWorker.java:128)\n\tat java.base/java.util.ArrayList.forEach(ArrayList.java:1511)\n\tat org.testng.TestRunner.privateRun(TestRunner.java:794)\n\tat org.testng.TestRunner.run(TestRunner.java:596)\n\tat org.testng.SuiteRunner.runTest(SuiteRunner.java:377)\n\tat org.testng.SuiteRunner.runSequentially(SuiteRunner.java:371)\n\tat org.testng.SuiteRunner.privateRun(SuiteRunner.java:332)\n\tat org.testng.SuiteRunner.run(SuiteRunner.java:276)\n\tat org.testng.SuiteRunnerWorker.runSuite(SuiteRunnerWorker.java:53)\n\tat org.testng.SuiteRunnerWorker.run(SuiteRunnerWorker.java:96)\n\tat org.testng.TestNG.runSuitesSequentially(TestNG.java:1212)\n\tat org.testng.TestNG.runSuitesLocally(TestNG.java:1134)\n\tat org.testng.TestNG.runSuites(TestNG.java:1063)\n\tat org.testng.TestNG.run(TestNG.java:1031)\n\tat org.apache.maven.surefire.testng.TestNGExecutor.run(TestNGExecutor.java:136)\n\tat org.apache.maven.surefire.testng.TestNGDirectoryTestSuite.executeMulti(TestNGDirectoryTestSuite.java:193)\n\tat org.apache.maven.surefire.testng.TestNGDirectoryTestSuite.execute(TestNGDirectoryTestSuite.java:94)\n\tat org.apache.maven.surefire.testng.TestNGProvider.invoke(TestNGProvider.java:145)\n\tat org.apache.maven.surefire.booter.ForkedBooter.runSuitesInProcess(ForkedBooter.java:428)\n\tat org.apache.maven.surefire.booter.ForkedBooter.execute(ForkedBooter.java:162)\n\tat org.apache.maven.surefire.booter.ForkedBooter.run(ForkedBooter.java:562)\n\tat org.apache.maven.surefire.booter.ForkedBooter.main(ForkedBooter.java:548)\n",
    "steps" : [ {
      "name" : "Attempting to run remotely on: [Linux-64], [GoogleChrome], [http://localhost:4444/wd/hub], Headless Execution.",
      "time" : {
        "start" : 1626141541533,
        "stop" : 1626141541533,
        "duration" : 0
      },
      "status" : "passed",
      "steps" : [ ],
      "attachments" : [ ],
      "parameters" : [ {
        "name" : "actionCounter",
        "value" : "469"
      }, {
        "name" : "logText",
        "value" : "Attempting to run remotely on: [Linux-64], [GoogleChrome], [http://localhost:4444/wd/hub], Headless Execution."
      } ],
      "stepsCount" : 0,
      "attachmentsCount" : 0,
      "shouldDisplayMessage" : false,
      "hasContent" : true
    }, {
      "name" : "Successfully Opened [GoogleChrome].",
      "time" : {
        "start" : 1626141541774,
        "stop" : 1626141541774,
        "duration" : 0
      },
      "status" : "passed",
      "steps" : [ ],
      "attachments" : [ ],
      "parameters" : [ {
        "name" : "actionCounter",
        "value" : "470"
      }, {
        "name" : "logText",
        "value" : "Successfully Opened [GoogleChrome]."
      } ],
      "stepsCount" : 0,
      "attachmentsCount" : 0,
      "shouldDisplayMessage" : false,
      "hasContent" : true
    }, {
      "name" : "Browser Action [NavigateToURL] successfully performed. With the following test data [https://mdn.mozillademos.org/en-US/docs/Web/HTML/Element/select$samples/Basic_select?revision=1612304].",
      "time" : {
        "start" : 1626141542460,
        "stop" : 1626141542460,
        "duration" : 0
      },
      "status" : "passed",
      "steps" : [ ],
      "attachments" : [ ],
      "parameters" : [ {
        "name" : "actionCounter",
        "value" : "471"
      }, {
        "name" : "logText",
        "value" : "Browser Action [NavigateToURL] successfully performed. With the following test data [https://mdn.mozillademos.org/en-US/docs/Web/HTML/Element/select$samples/Basic_select?revision=1612304]."
      }, {
        "name" : "attachments",
        "value" : "[null]"
      } ],
      "stepsCount" : 0,
      "attachmentsCount" : 0,
      "shouldDisplayMessage" : false,
      "hasContent" : true
    }, {
      "name" : "Element Action [IdentifyUniqueElement] failed. With the following test data [zero elements found matching this locator \"By.tagName: select\".].",
      "time" : {
        "start" : 1626141567881,
        "stop" : 1626141567881,
        "duration" : 0
      },
      "status" : "passed",
      "steps" : [ ],
      "attachments" : [ ],
      "parameters" : [ {
        "name" : "actionCounter",
        "value" : "472"
      }, {
        "name" : "logText",
        "value" : "Element Action [IdentifyUniqueElement] failed. With the following test data [zero elements found matching this locator \"By.tagName: select\".]."
      } ],
      "stepsCount" : 0,
      "attachmentsCount" : 0,
      "shouldDisplayMessage" : false,
      "hasContent" : true
    } ],
    "attachments" : [ {
      "uid" : "2ffbed08d5dba67a",
      "name" : "Attachment: SHAFT Engine Logs - Current Method log: simpleSelect",
      "source" : "2ffbed08d5dba67a.txt",
      "type" : "text/plain",
      "size" : 1486
    } ],
    "parameters" : [ ],
    "stepsCount" : 4,
    "attachmentsCount" : 1,
    "shouldDisplayMessage" : true,
    "hasContent" : true
  },
  "afterStages" : [ {
    "name" : "closureActivities",
    "time" : {
      "start" : 1626141589743,
      "stop" : 1626141590656,
      "duration" : 913
    },
    "description" : "",
    "status" : "passed",
    "steps" : [ {
      "name" : "Successfully Closed All Drivers.",
      "time" : {
        "start" : 1626141590050,
        "stop" : 1626141590050,
        "duration" : 0
      },
      "status" : "passed",
      "steps" : [ ],
      "attachments" : [ ],
      "parameters" : [ {
        "name" : "actionCounter",
        "value" : "522"
      }, {
        "name" : "logText",
        "value" : "Successfully Closed All Drivers."
      } ],
      "stepsCount" : 0,
      "attachmentsCount" : 0,
      "shouldDisplayMessage" : false,
      "hasContent" : true
    }, {
      "name" : "Issue Summary: Total Issues = 4, New issues for Failed Tests = 2, Open issues for Passed Tests = 2, Open issues for Failed Tests = 0. Kindly check the attached Issue details.",
      "time" : {
        "start" : 1626141590069,
        "stop" : 1626141590069,
        "duration" : 0
      },
      "status" : "passed",
      "steps" : [ ],
      "attachments" : [ {
        "uid" : "e50a58e6bfb5c435",
        "name" : "Attachment: SHAFT Engine Logs - Issues log CSV: 20210713-015950",
        "source" : "e50a58e6bfb5c435.csv",
        "type" : "text/csv",
        "size" : 474
      } ],
      "parameters" : [ {
        "name" : "actionCounter",
        "value" : "523"
      }, {
        "name" : "logText",
        "value" : "Issue Summary: Total Issues = 4, New issues for Failed Tests = 2, Open issues for Passed Tests = 2, Open issues for Failed Tests = 0. Kindly check the attached Issue details."
      }, {
        "name" : "attachments",
        "value" : "[[SHAFT Engine Logs, Issues log CSV: 20210713-015950, java.io.ByteArrayInputStream@a5d57af]]"
      } ],
      "stepsCount" : 0,
      "attachmentsCount" : 1,
      "shouldDisplayMessage" : false,
      "hasContent" : true
    } ],
    "attachments" : [ {
      "uid" : "7160b3baffc50d9b",
      "name" : "Attachment: Selenium WebDriver Logs - server",
      "source" : "7160b3baffc50d9b.txt",
      "type" : "text/plain",
      "size" : 1288
    }, {
      "uid" : "c44bbe57f801149e",
      "name" : "Attachment: Selenium WebDriver Logs - performance",
      "source" : "c44bbe57f801149e.txt",
      "type" : "text/plain",
      "size" : 7643
    }, {
      "uid" : "9a4a717eba46796",
      "name" : "Attachment: Selenium WebDriver Logs - driver",
      "source" : "9a4a717eba46796.txt",
      "type" : "text/plain",
      "size" : 145558
    }, {
      "uid" : "1a5d73f7325b0e70",
      "name" : "Attachment: Selenium WebDriver Logs - server",
      "source" : "1a5d73f7325b0e70.txt",
      "type" : "text/plain",
      "size" : 1288
    }, {
      "uid" : "ae37be93cc61dc37",
      "name" : "Attachment: Selenium WebDriver Logs - performance",
      "source" : "ae37be93cc61dc37.txt",
      "type" : "text/plain",
      "size" : 7816
    }, {
      "uid" : "e3da33006711fd50",
      "name" : "Attachment: Selenium WebDriver Logs - driver",
      "source" : "e3da33006711fd50.txt",
      "type" : "text/plain",
      "size" : 145925
    }, {
      "uid" : "71ac5cde36ccc7c8",
      "name" : "Attachment: SHAFT Engine Logs - Execution log: 20210713-015950",
      "source" : "71ac5cde36ccc7c8.txt",
      "type" : "text/plain",
      "size" : 255525
    }, {
      "uid" : "ea45a84a02b7bc4c",
      "name" : "Attachment: HTML - Extent Emailable Execution Report",
      "source" : "ea45a84a02b7bc4c.html",
      "type" : "text/html",
      "size" : 8021294
    } ],
    "parameters" : [ ],
    "stepsCount" : 2,
    "attachmentsCount" : 9,
    "shouldDisplayMessage" : false,
    "hasContent" : true
  } ],
  "labels" : [ {
    "name" : "package",
    "value" : "testPackage01.Test_SelectedValue"
  }, {
    "name" : "testClass",
    "value" : "testPackage01.Test_SelectedValue"
  }, {
    "name" : "testMethod",
    "value" : "simpleSelect"
  }, {
    "name" : "parentSuite",
    "value" : "SHAFT: Custom Suite"
  }, {
    "name" : "suite",
    "value" : "SHAFT: Custom Test"
  }, {
    "name" : "subSuite",
    "value" : "testPackage01.Test_SelectedValue"
  }, {
    "name" : "host",
    "value" : "fv-az292-378"
  }, {
    "name" : "thread",
    "value" : "3810@fv-az292-378.main(1)"
  }, {
    "name" : "framework",
    "value" : "testng"
  }, {
    "name" : "language",
    "value" : "java"
  }, {
    "name" : "resultFormat",
    "value" : "allure2"
  } ],
  "parameters" : [ ],
  "links" : [ ],
  "hidden" : false,
  "retry" : false,
  "extra" : {
    "severity" : "normal",
    "retries" : [ ],
    "categories" : [ {
      "name" : "Product defects",
      "matchedStatuses" : [ ],
      "flaky" : false
    } ],
    "history" : {
      "statistic" : {
        "failed" : 6,
        "broken" : 1,
        "skipped" : 0,
        "passed" : 79,
        "unknown" : 0,
        "total" : 86
      },
      "items" : [ {
        "uid" : "dec9deac36d54e00",
        "reportUrl" : "https://MohabMohie.github.io/SHAFT_ENGINE/allure/580//#testresult/dec9deac36d54e00",
        "status" : "failed",
        "statusDetails" : "Element Action [IdentifyUniqueElement] failed. With the following test data [zero elements found matching this locator \"By.tagName: select\".].",
        "time" : {
          "start" : 1626054905157,
          "stop" : 1626054931061,
          "duration" : 25904
        }
      }, {
        "uid" : "6a737d52c17d1561",
        "reportUrl" : "https://MohabMohie.github.io/SHAFT_ENGINE/allure/579//#testresult/6a737d52c17d1561",
        "status" : "failed",
        "statusDetails" : "Element Action [IdentifyUniqueElement] failed. With the following test data [zero elements found matching this locator \"By.tagName: select\".].",
        "time" : {
          "start" : 1625968793018,
          "stop" : 1625968818836,
          "duration" : 25818
        }
      }, {
        "uid" : "aeff54ac4a20d379",
        "reportUrl" : "https://MohabMohie.github.io/SHAFT_ENGINE/allure/578//#testresult/aeff54ac4a20d379",
        "status" : "failed",
        "statusDetails" : "Element Action [IdentifyUniqueElement] failed. With the following test data [zero elements found matching this locator \"By.tagName: select\".].",
        "time" : {
          "start" : 1625881871142,
          "stop" : 1625881896894,
          "duration" : 25752
        }
      }, {
        "uid" : "8c3fcf65ae9ddbc3",
        "reportUrl" : "https://MohabMohie.github.io/SHAFT_ENGINE/allure/577//#testresult/8c3fcf65ae9ddbc3",
        "status" : "failed",
        "statusDetails" : "Element Action [IdentifyUniqueElement] failed. With the following test data [zero elements found matching this locator \"By.tagName: select\".].",
        "time" : {
          "start" : 1625795880267,
          "stop" : 1625795906157,
          "duration" : 25890
        }
      }, {
        "uid" : "9e8943339a483b5e",
        "reportUrl" : "https://MohabMohie.github.io/SHAFT_ENGINE/allure/576//#testresult/9e8943339a483b5e",
        "status" : "failed",
        "statusDetails" : "Element Action [IdentifyUniqueElement] failed. With the following test data [zero elements found matching this locator \"By.tagName: select\".].",
        "time" : {
          "start" : 1625709446184,
          "stop" : 1625709472266,
          "duration" : 26082
        }
      }, {
        "uid" : "b11a17837b466327",
        "reportUrl" : "https://MohabMohie.github.io/SHAFT_ENGINE/allure/575//#testresult/b11a17837b466327",
        "status" : "passed",
        "time" : {
          "start" : 1625622972930,
          "stop" : 1625622974650,
          "duration" : 1720
        }
      }, {
        "uid" : "a61e4cb3fb7caa06",
        "reportUrl" : "https://MohabMohie.github.io/SHAFT_ENGINE/allure/574//#testresult/a61e4cb3fb7caa06",
        "status" : "passed",
        "time" : {
          "start" : 1625536695660,
          "stop" : 1625536697212,
          "duration" : 1552
        }
      }, {
        "uid" : "86256c5c0cb131a3",
        "reportUrl" : "https://MohabMohie.github.io/SHAFT_ENGINE/allure/573//#testresult/86256c5c0cb131a3",
        "status" : "passed",
        "time" : {
          "start" : 1625450044743,
          "stop" : 1625450046002,
          "duration" : 1259
        }
      }, {
        "uid" : "efc297cd2d5fb432",
        "reportUrl" : "https://MohabMohie.github.io/SHAFT_ENGINE/allure/572//#testresult/efc297cd2d5fb432",
        "status" : "passed",
        "time" : {
          "start" : 1625363706045,
          "stop" : 1625363707678,
          "duration" : 1633
        }
      }, {
        "uid" : "763c359faf754b26",
        "reportUrl" : "https://MohabMohie.github.io/SHAFT_ENGINE/allure/571//#testresult/763c359faf754b26",
        "status" : "passed",
        "time" : {
          "start" : 1625277048995,
          "stop" : 1625277050212,
          "duration" : 1217
        }
      }, {
        "uid" : "30820a1db66cb758",
        "reportUrl" : "https://MohabMohie.github.io/SHAFT_ENGINE/allure/570//#testresult/30820a1db66cb758",
        "status" : "passed",
        "time" : {
          "start" : 1625191186991,
          "stop" : 1625191188709,
          "duration" : 1718
        }
      }, {
        "uid" : "7f2bfdd7e28d27b1",
        "reportUrl" : "https://MohabMohie.github.io/SHAFT_ENGINE/allure/569//#testresult/7f2bfdd7e28d27b1",
        "status" : "passed",
        "time" : {
          "start" : 1625104836840,
          "stop" : 1625104838601,
          "duration" : 1761
        }
      }, {
        "uid" : "4f336f203d0ef37c",
        "reportUrl" : "https://MohabMohie.github.io/SHAFT_ENGINE/allure/568//#testresult/4f336f203d0ef37c",
        "status" : "passed",
        "time" : {
          "start" : 1625018326351,
          "stop" : 1625018328292,
          "duration" : 1941
        }
      }, {
        "uid" : "137e8e998dda3977",
        "reportUrl" : "https://MohabMohie.github.io/SHAFT_ENGINE/allure/567//#testresult/137e8e998dda3977",
        "status" : "passed",
        "time" : {
          "start" : 1624931501378,
          "stop" : 1624931502867,
          "duration" : 1489
        }
      }, {
        "uid" : "4510372c2717ef54",
        "reportUrl" : "https://MohabMohie.github.io/SHAFT_ENGINE/allure/566//#testresult/4510372c2717ef54",
        "status" : "passed",
        "time" : {
          "start" : 1624845295550,
          "stop" : 1624845297384,
          "duration" : 1834
        }
      }, {
        "uid" : "a190672ba8fc30b3",
        "reportUrl" : "https://MohabMohie.github.io/SHAFT_ENGINE/allure/565//#testresult/a190672ba8fc30b3",
        "status" : "passed",
        "time" : {
          "start" : 1624759216075,
          "stop" : 1624759217670,
          "duration" : 1595
        }
      }, {
        "uid" : "9f818dc625d08af",
        "reportUrl" : "https://MohabMohie.github.io/SHAFT_ENGINE/allure/564//#testresult/9f818dc625d08af",
        "status" : "passed",
        "time" : {
          "start" : 1624672147298,
          "stop" : 1624672148994,
          "duration" : 1696
        }
      }, {
        "uid" : "6587924c4c01b5e9",
        "reportUrl" : "https://MohabMohie.github.io/SHAFT_ENGINE/allure/562//#testresult/6587924c4c01b5e9",
        "status" : "passed",
        "time" : {
          "start" : 1624586414987,
          "stop" : 1624586416796,
          "duration" : 1809
        }
      }, {
        "uid" : "d947fcf3fc538bb1",
        "reportUrl" : "https://MohabMohie.github.io/SHAFT_ENGINE/allure/561//#testresult/d947fcf3fc538bb1",
        "status" : "passed",
        "time" : {
          "start" : 1624543174530,
          "stop" : 1624543175845,
          "duration" : 1315
        }
      }, {
        "uid" : "ea964961819fb18b",
        "reportUrl" : "https://MohabMohie.github.io/SHAFT_ENGINE/allure/560//#testresult/ea964961819fb18b",
        "status" : "passed",
        "time" : {
          "start" : 1624499144987,
          "stop" : 1624499146401,
          "duration" : 1414
        }
      } ]
    },
    "tags" : [ ]
  },
  "source" : "6e038a129228d92c.json",
  "parameterValues" : [ ]
}