{
  "uid" : "8d327d7b009164a2",
  "name" : "TC001 - Navigate to URL and Verify Google Logo is Displayed",
  "fullName" : "testPackage01.Test_google.navigateToURLandVerifyGoogleLogoIsDisplayed",
  "historyId" : "42db9a0b95e9103a321dfe36eb368c1b",
  "time" : {
    "start" : 1613597421793,
    "stop" : 1613597421794,
    "duration" : 1
  },
  "status" : "broken",
  "statusMessage" : "Cannot invoke \"com.aventstack.extentreports.ExtentTest.fail(java.lang.Throwable)\" because \"com.shaft.tools.io.ReportManager.extentTest\" is null",
  "statusTrace" : "java.lang.NullPointerException: Cannot invoke \"com.aventstack.extentreports.ExtentTest.fail(java.lang.Throwable)\" because \"com.shaft.tools.io.ReportManager.extentTest\" is null\n\tat com.shaft.tools.io.ReportManager.extentReportsFail(ReportManager.java:501)\n\tat com.shaft.tools.listeners.InvokedMethodListener.updateIssuesLog(InvokedMethodListener.java:137)\n\tat com.shaft.tools.listeners.InvokedMethodListener.afterInvocation(InvokedMethodListener.java:110)\n\tat org.testng.internal.invokers.InvokedMethodListenerInvoker.invokeListener(InvokedMethodListenerInvoker.java:60)\n\tat org.testng.internal.BaseInvoker.runInvokedMethodListeners(BaseInvoker.java:55)\n\tat org.testng.internal.TestInvoker.invokeMethod(TestInvoker.java:637)\n\tat org.testng.internal.TestInvoker.invokeTestMethod(TestInvoker.java:174)\n\tat org.testng.internal.MethodRunner.runInSequence(MethodRunner.java:46)\n\tat org.testng.internal.TestInvoker$MethodInvocationAgent.invoke(TestInvoker.java:822)\n\tat org.testng.internal.TestInvoker.invokeTestMethods(TestInvoker.java:147)\n\tat org.testng.internal.TestMethodWorker.invokeTestMethods(TestMethodWorker.java:146)\n\tat org.testng.internal.TestMethodWorker.run(TestMethodWorker.java:128)\n\tat java.base/java.util.ArrayList.forEach(ArrayList.java:1511)\n\tat org.testng.TestRunner.privateRun(TestRunner.java:764)\n\tat org.testng.TestRunner.run(TestRunner.java:585)\n\tat org.testng.SuiteRunner.runTest(SuiteRunner.java:384)\n\tat org.testng.SuiteRunner.runSequentially(SuiteRunner.java:378)\n\tat org.testng.SuiteRunner.privateRun(SuiteRunner.java:337)\n\tat org.testng.SuiteRunner.run(SuiteRunner.java:286)\n\tat org.testng.SuiteRunnerWorker.runSuite(SuiteRunnerWorker.java:53)\n\tat org.testng.SuiteRunnerWorker.run(SuiteRunnerWorker.java:96)\n\tat org.testng.TestNG.runSuitesSequentially(TestNG.java:1218)\n\tat org.testng.TestNG.runSuitesLocally(TestNG.java:1140)\n\tat org.testng.TestNG.runSuites(TestNG.java:1069)\n\tat org.testng.TestNG.run(TestNG.java:1037)\n\tat org.apache.maven.surefire.testng.TestNGExecutor.run(TestNGExecutor.java:136)\n\tat org.apache.maven.surefire.testng.TestNGDirectoryTestSuite.executeMulti(TestNGDirectoryTestSuite.java:193)\n\tat org.apache.maven.surefire.testng.TestNGDirectoryTestSuite.execute(TestNGDirectoryTestSuite.java:94)\n\tat org.apache.maven.surefire.testng.TestNGProvider.invoke(TestNGProvider.java:145)\n\tat org.apache.maven.surefire.booter.ForkedBooter.runSuitesInProcess(ForkedBooter.java:428)\n\tat org.apache.maven.surefire.booter.ForkedBooter.execute(ForkedBooter.java:162)\n\tat org.apache.maven.surefire.booter.ForkedBooter.run(ForkedBooter.java:562)\n\tat org.apache.maven.surefire.booter.ForkedBooter.main(ForkedBooter.java:548)\n",
  "flaky" : false,
  "newFailed" : false,
  "beforeStages" : [ {
    "name" : "beforeClass",
    "time" : {
      "start" : 1613597421514,
      "stop" : 1613597421791,
      "duration" : 277
    },
    "description" : "",
    "status" : "passed",
    "steps" : [ {
      "name" : "Action [309]: Successfully loaded the following test data file [src/test/resources/TestDataFiles/testSuite01/TestData.xlsx].",
      "time" : {
        "start" : 1613597421566,
        "stop" : 1613597421566,
        "duration" : 0
      },
      "status" : "passed",
      "steps" : [ ],
      "attachments" : [ {
        "uid" : "42afb4f471a0327",
        "name" : "Attachment: Test Data - Excel",
        "source" : "42afb4f471a0327.xlsx",
        "type" : "application/vnd.openxmlformats-officedocument.spreadsheetml.sheet",
        "size" : 12483
      } ],
      "parameters" : [ {
        "name" : "actionCounter",
        "value" : "309"
      }, {
        "name" : "logText",
        "value" : "Successfully loaded the following test data file [src/test/resources/TestDataFiles/testSuite01/TestData.xlsx]."
      }, {
        "name" : "attachments",
        "value" : "[[Test Data, Excel, java.io.FileInputStream@4231001a]]"
      } ],
      "stepsCount" : 0,
      "attachmentsCount" : 1,
      "shouldDisplayMessage" : false,
      "hasContent" : true
    }, {
      "name" : "Action [310]: Attempting to run remotely on: [Linux-64], [GoogleChrome], [http://localhost:4444/wd/hub], Headless Execution.",
      "time" : {
        "start" : 1613597421567,
        "stop" : 1613597421567,
        "duration" : 0
      },
      "status" : "passed",
      "steps" : [ ],
      "attachments" : [ ],
      "parameters" : [ {
        "name" : "actionCounter",
        "value" : "310"
      }, {
        "name" : "logText",
        "value" : "Attempting to run remotely on: [Linux-64], [GoogleChrome], [http://localhost:4444/wd/hub], Headless Execution."
      } ],
      "stepsCount" : 0,
      "attachmentsCount" : 0,
      "shouldDisplayMessage" : false,
      "hasContent" : true
    }, {
      "name" : "Action [311]: Successfully Opened [GoogleChrome].",
      "time" : {
        "start" : 1613597421780,
        "stop" : 1613597421780,
        "duration" : 0
      },
      "status" : "passed",
      "steps" : [ ],
      "attachments" : [ ],
      "parameters" : [ {
        "name" : "actionCounter",
        "value" : "311"
      }, {
        "name" : "logText",
        "value" : "Successfully Opened [GoogleChrome]."
      } ],
      "stepsCount" : 0,
      "attachmentsCount" : 0,
      "shouldDisplayMessage" : false,
      "hasContent" : true
    } ],
    "attachments" : [ {
      "uid" : "a219c00f2342e363",
      "name" : "Attachment: SHAFT Engine Logs - Current Method log: beforeClass",
      "source" : "a219c00f2342e363.txt",
      "type" : "text/plain",
      "size" : 667
    } ],
    "parameters" : [ ],
    "stepsCount" : 3,
    "attachmentsCount" : 2,
    "shouldDisplayMessage" : false,
    "hasContent" : true
  } ],
  "testStage" : {
    "status" : "broken",
    "statusMessage" : "Cannot invoke \"com.aventstack.extentreports.ExtentTest.fail(java.lang.Throwable)\" because \"com.shaft.tools.io.ReportManager.extentTest\" is null",
    "statusTrace" : "java.lang.NullPointerException: Cannot invoke \"com.aventstack.extentreports.ExtentTest.fail(java.lang.Throwable)\" because \"com.shaft.tools.io.ReportManager.extentTest\" is null\n\tat com.shaft.tools.io.ReportManager.extentReportsFail(ReportManager.java:501)\n\tat com.shaft.tools.listeners.InvokedMethodListener.updateIssuesLog(InvokedMethodListener.java:137)\n\tat com.shaft.tools.listeners.InvokedMethodListener.afterInvocation(InvokedMethodListener.java:110)\n\tat org.testng.internal.invokers.InvokedMethodListenerInvoker.invokeListener(InvokedMethodListenerInvoker.java:60)\n\tat org.testng.internal.BaseInvoker.runInvokedMethodListeners(BaseInvoker.java:55)\n\tat org.testng.internal.TestInvoker.invokeMethod(TestInvoker.java:637)\n\tat org.testng.internal.TestInvoker.invokeTestMethod(TestInvoker.java:174)\n\tat org.testng.internal.MethodRunner.runInSequence(MethodRunner.java:46)\n\tat org.testng.internal.TestInvoker$MethodInvocationAgent.invoke(TestInvoker.java:822)\n\tat org.testng.internal.TestInvoker.invokeTestMethods(TestInvoker.java:147)\n\tat org.testng.internal.TestMethodWorker.invokeTestMethods(TestMethodWorker.java:146)\n\tat org.testng.internal.TestMethodWorker.run(TestMethodWorker.java:128)\n\tat java.base/java.util.ArrayList.forEach(ArrayList.java:1511)\n\tat org.testng.TestRunner.privateRun(TestRunner.java:764)\n\tat org.testng.TestRunner.run(TestRunner.java:585)\n\tat org.testng.SuiteRunner.runTest(SuiteRunner.java:384)\n\tat org.testng.SuiteRunner.runSequentially(SuiteRunner.java:378)\n\tat org.testng.SuiteRunner.privateRun(SuiteRunner.java:337)\n\tat org.testng.SuiteRunner.run(SuiteRunner.java:286)\n\tat org.testng.SuiteRunnerWorker.runSuite(SuiteRunnerWorker.java:53)\n\tat org.testng.SuiteRunnerWorker.run(SuiteRunnerWorker.java:96)\n\tat org.testng.TestNG.runSuitesSequentially(TestNG.java:1218)\n\tat org.testng.TestNG.runSuitesLocally(TestNG.java:1140)\n\tat org.testng.TestNG.runSuites(TestNG.java:1069)\n\tat org.testng.TestNG.run(TestNG.java:1037)\n\tat org.apache.maven.surefire.testng.TestNGExecutor.run(TestNGExecutor.java:136)\n\tat org.apache.maven.surefire.testng.TestNGDirectoryTestSuite.executeMulti(TestNGDirectoryTestSuite.java:193)\n\tat org.apache.maven.surefire.testng.TestNGDirectoryTestSuite.execute(TestNGDirectoryTestSuite.java:94)\n\tat org.apache.maven.surefire.testng.TestNGProvider.invoke(TestNGProvider.java:145)\n\tat org.apache.maven.surefire.booter.ForkedBooter.runSuitesInProcess(ForkedBooter.java:428)\n\tat org.apache.maven.surefire.booter.ForkedBooter.execute(ForkedBooter.java:162)\n\tat org.apache.maven.surefire.booter.ForkedBooter.run(ForkedBooter.java:562)\n\tat org.apache.maven.surefire.booter.ForkedBooter.main(ForkedBooter.java:548)\n",
    "steps" : [ ],
    "attachments" : [ {
      "uid" : "445b115dcfeb5919",
      "name" : "Attachment: SHAFT Engine Logs - Current Method log: navigateToURLandVerifyGoogleLogoIsDisplayed",
      "source" : "445b115dcfeb5919.txt",
      "type" : "text/plain",
      "size" : 523
    } ],
    "parameters" : [ ],
    "stepsCount" : 0,
    "attachmentsCount" : 1,
    "shouldDisplayMessage" : true,
    "hasContent" : true
  },
  "afterStages" : [ ],
  "labels" : [ {
    "name" : "package",
    "value" : "testPackage01.Test_google"
  }, {
    "name" : "testClass",
    "value" : "testPackage01.Test_google"
  }, {
    "name" : "testMethod",
    "value" : "navigateToURLandVerifyGoogleLogoIsDisplayed"
  }, {
    "name" : "parentSuite",
    "value" : "SHAFT_Engine: Custom Suite"
  }, {
    "name" : "suite",
    "value" : "SHAFT_Engine: Custom Test"
  }, {
    "name" : "subSuite",
    "value" : "testPackage01.Test_google"
  }, {
    "name" : "host",
    "value" : "fv-az54-418"
  }, {
    "name" : "thread",
    "value" : "5286@fv-az54-418.main(1)"
  }, {
    "name" : "framework",
    "value" : "testng"
  }, {
    "name" : "language",
    "value" : "java"
  }, {
    "name" : "resultFormat",
    "value" : "allure2"
  } ],
  "parameters" : [ ],
  "links" : [ ],
  "hidden" : false,
  "retry" : false,
  "extra" : {
    "severity" : "normal",
    "retries" : [ ],
    "categories" : [ {
      "name" : "Test defects",
      "matchedStatuses" : [ ],
      "flaky" : false
    } ],
    "tags" : [ ]
  },
  "source" : "8d327d7b009164a2.json",
  "parameterValues" : [ ]
}