{
  "uid" : "76d76120bac9a3c2",
  "name" : "f12",
  "fullName" : "testPackage01.Test_NewValidationHelper.f12",
  "historyId" : "8a583f3461f88d7c293779bde04a0e1d",
  "time" : {
    "start" : 1615859363752,
    "stop" : 1615859364198,
    "duration" : 446
  },
  "status" : "passed",
  "flaky" : false,
  "newFailed" : false,
  "beforeStages" : [ {
    "name" : "openBrowser",
    "time" : {
      "start" : 1615859362322,
      "stop" : 1615859363713,
      "duration" : 1391
    },
    "description" : "",
    "status" : "passed",
    "steps" : [ {
      "name" : "Action [23]: Attempting to run remotely on: [Linux-64], [GoogleChrome], [http://localhost:4444/wd/hub], Headless Execution.",
      "time" : {
        "start" : 1615859362323,
        "stop" : 1615859362323,
        "duration" : 0
      },
      "status" : "passed",
      "steps" : [ ],
      "attachments" : [ ],
      "parameters" : [ {
        "name" : "actionCounter",
        "value" : "23"
      }, {
        "name" : "logText",
        "value" : "Attempting to run remotely on: [Linux-64], [GoogleChrome], [http://localhost:4444/wd/hub], Headless Execution."
      } ],
      "stepsCount" : 0,
      "attachmentsCount" : 0,
      "shouldDisplayMessage" : false,
      "hasContent" : true
    }, {
      "name" : "Action [24]: Successfully Opened [GoogleChrome].",
      "time" : {
        "start" : 1615859363028,
        "stop" : 1615859363028,
        "duration" : 0
      },
      "status" : "passed",
      "steps" : [ ],
      "attachments" : [ ],
      "parameters" : [ {
        "name" : "actionCounter",
        "value" : "24"
      }, {
        "name" : "logText",
        "value" : "Successfully Opened [GoogleChrome]."
      } ],
      "stepsCount" : 0,
      "attachmentsCount" : 0,
      "shouldDisplayMessage" : false,
      "hasContent" : true
    }, {
      "name" : "Action [25]: Browser Action [navigateToURL] successfully performed. With the following test data [https://the-internet.herokuapp.com/].",
      "time" : {
        "start" : 1615859363713,
        "stop" : 1615859363713,
        "duration" : 0
      },
      "status" : "passed",
      "steps" : [ ],
      "attachments" : [ ],
      "parameters" : [ {
        "name" : "actionCounter",
        "value" : "25"
      }, {
        "name" : "logText",
        "value" : "Browser Action [navigateToURL] successfully performed. With the following test data [https://the-internet.herokuapp.com/]."
      }, {
        "name" : "attachments",
        "value" : "[null]"
      } ],
      "stepsCount" : 0,
      "attachmentsCount" : 0,
      "shouldDisplayMessage" : false,
      "hasContent" : true
    } ],
    "attachments" : [ {
      "uid" : "37cccd6f4d8e2933",
      "name" : "Attachment: SHAFT Engine Logs - Current Method log: openBrowser",
      "source" : "37cccd6f4d8e2933.txt",
      "type" : "text/plain",
      "size" : 744
    } ],
    "parameters" : [ ],
    "stepsCount" : 3,
    "attachmentsCount" : 1,
    "shouldDisplayMessage" : false,
    "hasContent" : true
  } ],
  "testStage" : {
    "status" : "passed",
    "steps" : [ {
      "name" : "Action [26]: AssertElementExists FAILED; Expected [Element Should not Exist, locator 'By.tagName: h1'] and Actual [Element Exists]. Comparison Type [EQUALS]. Validation Type [NEGATIVE].",
      "time" : {
        "start" : 1615859364189,
        "stop" : 1615859364197,
        "duration" : 8
      },
      "status" : "passed",
      "steps" : [ ],
      "attachments" : [ {
        "uid" : "1096a4097fd6d848",
        "name" : "Attachment: Screenshot - 1615859364087_f12_AssertElementExists_failed",
        "source" : "1096a4097fd6d848.png",
        "type" : "image/png",
        "size" : 158296
      } ],
      "parameters" : [ {
        "name" : "actionCounter",
        "value" : "26"
      }, {
        "name" : "logText",
        "value" : "AssertElementExists FAILED; Expected [Element Should not Exist, locator 'By.tagName: h1'] and Actual [Element Exists]. Comparison Type [EQUALS]. Validation Type [NEGATIVE]."
      }, {
        "name" : "attachments",
        "value" : "[[Screenshot, 1615859364087_f12_AssertElementExists_failed, java.io.ByteArrayInputStream@1cda75be]]"
      } ],
      "stepsCount" : 0,
      "attachmentsCount" : 1,
      "shouldDisplayMessage" : false,
      "hasContent" : true
    } ],
    "attachments" : [ {
      "uid" : "1904dbcaa71b4610",
      "name" : "Attachment: SHAFT Engine Logs - Current Method log: f12",
      "source" : "1904dbcaa71b4610.txt",
      "type" : "text/plain",
      "size" : 836
    } ],
    "parameters" : [ ],
    "stepsCount" : 1,
    "attachmentsCount" : 2,
    "shouldDisplayMessage" : false,
    "hasContent" : true
  },
  "afterStages" : [ {
    "name" : "closeBrowser",
    "time" : {
      "start" : 1615859364201,
      "stop" : 1615859364438,
      "duration" : 237
    },
    "description" : "",
    "status" : "passed",
    "steps" : [ {
      "name" : "Action [27]: Successfully Closed All Browsers.",
      "time" : {
        "start" : 1615859364436,
        "stop" : 1615859364437,
        "duration" : 1
      },
      "status" : "passed",
      "steps" : [ ],
      "attachments" : [ ],
      "parameters" : [ {
        "name" : "actionCounter",
        "value" : "27"
      }, {
        "name" : "logText",
        "value" : "Successfully Closed All Browsers."
      } ],
      "stepsCount" : 0,
      "attachmentsCount" : 0,
      "shouldDisplayMessage" : false,
      "hasContent" : true
    } ],
    "attachments" : [ {
      "uid" : "e9ad0421b5c2b2e5",
      "name" : "Attachment: Selenium WebDriver Logs - server",
      "source" : "e9ad0421b5c2b2e5.txt",
      "type" : "text/plain",
      "size" : 1288
    }, {
      "uid" : "9bc7174bb0cd63a1",
      "name" : "Attachment: Selenium WebDriver Logs - performance",
      "source" : "9bc7174bb0cd63a1.txt",
      "type" : "text/plain",
      "size" : 59473
    }, {
      "uid" : "83f950d5e21f5361",
      "name" : "Attachment: Selenium WebDriver Logs - browser",
      "source" : "83f950d5e21f5361.txt",
      "type" : "text/plain",
      "size" : 757
    }, {
      "uid" : "de682a570c31e0da",
      "name" : "Attachment: Selenium WebDriver Logs - driver",
      "source" : "de682a570c31e0da.txt",
      "type" : "text/plain",
      "size" : 189069
    }, {
      "uid" : "a5689890c44009a0",
      "name" : "Attachment: SHAFT Engine Logs - Current Method log: closeBrowser",
      "source" : "a5689890c44009a0.txt",
      "type" : "text/plain",
      "size" : 531
    } ],
    "parameters" : [ ],
    "stepsCount" : 1,
    "attachmentsCount" : 5,
    "shouldDisplayMessage" : false,
    "hasContent" : true
  }, {
    "name" : "closureActivities",
    "time" : {
      "start" : 1615859667709,
      "stop" : 1615859668431,
      "duration" : 722
    },
    "description" : "",
    "status" : "passed",
    "steps" : [ {
      "name" : "Action [522]: Successfully Closed All Browsers.",
      "time" : {
        "start" : 1615859667710,
        "stop" : 1615859667710,
        "duration" : 0
      },
      "status" : "passed",
      "steps" : [ ],
      "attachments" : [ ],
      "parameters" : [ {
        "name" : "actionCounter",
        "value" : "522"
      }, {
        "name" : "logText",
        "value" : "Successfully Closed All Browsers."
      } ],
      "stepsCount" : 0,
      "attachmentsCount" : 0,
      "shouldDisplayMessage" : false,
      "hasContent" : true
    }, {
      "name" : "Action [523]: Issue Summary: Total Issues = 2, New issues for Failed Tests = 0, Open issues for Passed Tests = 2, Open issues for Failed Tests = 0. Kindly check the attached Issue details.",
      "time" : {
        "start" : 1615859667725,
        "stop" : 1615859667725,
        "duration" : 0
      },
      "status" : "passed",
      "steps" : [ ],
      "attachments" : [ {
        "uid" : "aef2d28c98876b7a",
        "name" : "Attachment: SHAFT Engine Logs - Issues log CSV: 20210316-015427",
        "source" : "aef2d28c98876b7a.csv",
        "type" : "text/csv",
        "size" : 228
      } ],
      "parameters" : [ {
        "name" : "actionCounter",
        "value" : "523"
      }, {
        "name" : "logText",
        "value" : "Issue Summary: Total Issues = 2, New issues for Failed Tests = 0, Open issues for Passed Tests = 2, Open issues for Failed Tests = 0. Kindly check the attached Issue details."
      }, {
        "name" : "attachments",
        "value" : "[[SHAFT Engine Logs, Issues log CSV: 20210316-015427, java.io.ByteArrayInputStream@4b7f66b3]]"
      } ],
      "stepsCount" : 0,
      "attachmentsCount" : 1,
      "shouldDisplayMessage" : false,
      "hasContent" : true
    } ],
    "attachments" : [ {
      "uid" : "62ed98926cda2ab9",
      "name" : "Attachment: SHAFT Engine Logs - Execution log: 20210316-015427",
      "source" : "62ed98926cda2ab9.txt",
      "type" : "text/plain",
      "size" : 387279
    }, {
      "uid" : "3abcf992de6748bc",
      "name" : "Attachment: HTML - Extent Emailable Execution Report",
      "source" : "3abcf992de6748bc.html",
      "type" : "text/html",
      "size" : 7189751
    } ],
    "parameters" : [ ],
    "stepsCount" : 2,
    "attachmentsCount" : 3,
    "shouldDisplayMessage" : false,
    "hasContent" : true
  } ],
  "labels" : [ {
    "name" : "package",
    "value" : "testPackage01.Test_NewValidationHelper"
  }, {
    "name" : "testClass",
    "value" : "testPackage01.Test_NewValidationHelper"
  }, {
    "name" : "testMethod",
    "value" : "f12"
  }, {
    "name" : "parentSuite",
    "value" : "SHAFT_Engine: Custom Suite"
  }, {
    "name" : "suite",
    "value" : "SHAFT_Engine: Custom Test"
  }, {
    "name" : "subSuite",
    "value" : "testPackage01.Test_NewValidationHelper"
  }, {
    "name" : "host",
    "value" : "fv-az204-264"
  }, {
    "name" : "thread",
    "value" : "3982@fv-az204-264.main(1)"
  }, {
    "name" : "framework",
    "value" : "testng"
  }, {
    "name" : "language",
    "value" : "java"
  }, {
    "name" : "resultFormat",
    "value" : "allure2"
  } ],
  "parameters" : [ ],
  "links" : [ ],
  "hidden" : false,
  "retry" : false,
  "extra" : {
    "severity" : "normal",
    "retries" : [ ],
    "categories" : [ ],
    "tags" : [ ]
  },
  "source" : "76d76120bac9a3c2.json",
  "parameterValues" : [ ]
}