{
  "uid" : "37f2c8e4bce20889",
  "name" : "f16",
  "fullName" : "testPackage01.Test_NewValidationHelper.f16",
  "historyId" : "c88b9e1406b592eee831601849d31189",
  "time" : {
    "start" : 1615340266547,
    "stop" : 1615340292258,
    "duration" : 25711
  },
  "status" : "passed",
  "flaky" : false,
  "newFailed" : false,
  "beforeStages" : [ {
    "name" : "openBrowser",
    "time" : {
      "start" : 1615340265672,
      "stop" : 1615340266509,
      "duration" : 837
    },
    "description" : "",
    "status" : "passed",
    "steps" : [ {
      "name" : "Action [44]: Attempting to run remotely on: [Linux-64], [GoogleChrome], [http://localhost:4444/wd/hub], Headless Execution.",
      "time" : {
        "start" : 1615340265673,
        "stop" : 1615340265673,
        "duration" : 0
      },
      "status" : "passed",
      "steps" : [ ],
      "attachments" : [ ],
      "parameters" : [ {
        "name" : "actionCounter",
        "value" : "44"
      }, {
        "name" : "logText",
        "value" : "Attempting to run remotely on: [Linux-64], [GoogleChrome], [http://localhost:4444/wd/hub], Headless Execution."
      } ],
      "stepsCount" : 0,
      "attachmentsCount" : 0,
      "shouldDisplayMessage" : false,
      "hasContent" : true
    }, {
      "name" : "Action [45]: Successfully Opened [GoogleChrome].",
      "time" : {
        "start" : 1615340265945,
        "stop" : 1615340265945,
        "duration" : 0
      },
      "status" : "passed",
      "steps" : [ ],
      "attachments" : [ ],
      "parameters" : [ {
        "name" : "actionCounter",
        "value" : "45"
      }, {
        "name" : "logText",
        "value" : "Successfully Opened [GoogleChrome]."
      } ],
      "stepsCount" : 0,
      "attachmentsCount" : 0,
      "shouldDisplayMessage" : false,
      "hasContent" : true
    }, {
      "name" : "Action [46]: Browser Action [navigateToURL] successfully performed. With the following test data [https://the-internet.herokuapp.com/].",
      "time" : {
        "start" : 1615340266508,
        "stop" : 1615340266509,
        "duration" : 1
      },
      "status" : "passed",
      "steps" : [ ],
      "attachments" : [ ],
      "parameters" : [ {
        "name" : "actionCounter",
        "value" : "46"
      }, {
        "name" : "logText",
        "value" : "Browser Action [navigateToURL] successfully performed. With the following test data [https://the-internet.herokuapp.com/]."
      }, {
        "name" : "attachments",
        "value" : "[null]"
      } ],
      "stepsCount" : 0,
      "attachmentsCount" : 0,
      "shouldDisplayMessage" : false,
      "hasContent" : true
    } ],
    "attachments" : [ ],
    "parameters" : [ ],
    "stepsCount" : 3,
    "attachmentsCount" : 0,
    "shouldDisplayMessage" : false,
    "hasContent" : true
  } ],
  "testStage" : {
    "status" : "passed",
    "steps" : [ {
      "name" : "Action [47]: Element Action [identifyUniqueElement] failed. With the following test data [zero elements found matching this locator \"By.tagName: h3\".].",
      "time" : {
        "start" : 1615340292255,
        "stop" : 1615340292256,
        "duration" : 1
      },
      "status" : "passed",
      "steps" : [ ],
      "attachments" : [ {
        "uid" : "93b6378d099e95a9",
        "name" : "Attachment: Screenshot - 1615340292187_f16_identifyUniqueElement_failed",
        "source" : "93b6378d099e95a9.png",
        "type" : "image/png",
        "size" : 55570
      } ],
      "parameters" : [ {
        "name" : "actionCounter",
        "value" : "47"
      }, {
        "name" : "logText",
        "value" : "Element Action [identifyUniqueElement] failed. With the following test data [zero elements found matching this locator \"By.tagName: h3\".]."
      }, {
        "name" : "attachments",
        "value" : "[[Screenshot, 1615340292187_f16_identifyUniqueElement_failed, java.io.ByteArrayInputStream@3da6950f]]"
      } ],
      "stepsCount" : 0,
      "attachmentsCount" : 1,
      "shouldDisplayMessage" : false,
      "hasContent" : true
    }, {
      "name" : "Action [48]: AssertElementAttribute FAILED; Expected [Value Should not be 'Welcome' for the 'text' attribute, element locator 'By.tagName: h3'] and Actual [Failed to read the desired element attribute]. Comparison Type [CONTAINS]. Validation Type [NEGATIVE].",
      "time" : {
        "start" : 1615340292257,
        "stop" : 1615340292257,
        "duration" : 0
      },
      "status" : "passed",
      "steps" : [ ],
      "attachments" : [ ],
      "parameters" : [ {
        "name" : "actionCounter",
        "value" : "48"
      }, {
        "name" : "logText",
        "value" : "AssertElementAttribute FAILED; Expected [Value Should not be 'Welcome' for the 'text' attribute, element locator 'By.tagName: h3'] and Actual [Failed to read the desired element attribute]. Comparison Type [CONTAINS]. Validation Type [NEGATIVE]."
      } ],
      "stepsCount" : 0,
      "attachmentsCount" : 0,
      "shouldDisplayMessage" : false,
      "hasContent" : true
    } ],
    "attachments" : [ {
      "uid" : "db7e2b91a50f7382",
      "name" : "Attachment: SHAFT Engine Logs - Current Method log: f16",
      "source" : "db7e2b91a50f7382.txt",
      "type" : "text/plain",
      "size" : 11023
    } ],
    "parameters" : [ ],
    "stepsCount" : 2,
    "attachmentsCount" : 2,
    "shouldDisplayMessage" : false,
    "hasContent" : true
  },
  "afterStages" : [ {
    "name" : "closeBrowser",
    "time" : {
      "start" : 1615340292260,
      "stop" : 1615340292503,
      "duration" : 243
    },
    "description" : "",
    "status" : "passed",
    "steps" : [ {
      "name" : "Action [49]: Successfully Closed All Browsers.",
      "time" : {
        "start" : 1615340292503,
        "stop" : 1615340292503,
        "duration" : 0
      },
      "status" : "passed",
      "steps" : [ ],
      "attachments" : [ ],
      "parameters" : [ {
        "name" : "actionCounter",
        "value" : "49"
      }, {
        "name" : "logText",
        "value" : "Successfully Closed All Browsers."
      } ],
      "stepsCount" : 0,
      "attachmentsCount" : 0,
      "shouldDisplayMessage" : false,
      "hasContent" : true
    } ],
    "attachments" : [ {
      "uid" : "34cfc822b7fa2786",
      "name" : "Attachment: Selenium WebDriver Logs - server",
      "source" : "34cfc822b7fa2786.txt",
      "type" : "text/plain",
      "size" : 1288
    }, {
      "uid" : "acb9246e2939694d",
      "name" : "Attachment: Selenium WebDriver Logs - performance",
      "source" : "acb9246e2939694d.txt",
      "type" : "text/plain",
      "size" : 56188
    }, {
      "uid" : "56f9b707e714c64f",
      "name" : "Attachment: Selenium WebDriver Logs - browser",
      "source" : "56f9b707e714c64f.txt",
      "type" : "text/plain",
      "size" : 761
    }, {
      "uid" : "ac2d3dc581fbf73e",
      "name" : "Attachment: Selenium WebDriver Logs - driver",
      "source" : "ac2d3dc581fbf73e.txt",
      "type" : "text/plain",
      "size" : 226303
    } ],
    "parameters" : [ ],
    "stepsCount" : 1,
    "attachmentsCount" : 4,
    "shouldDisplayMessage" : false,
    "hasContent" : true
  }, {
    "name" : "closureActivities",
    "time" : {
      "start" : 1615340565919,
      "stop" : 1615340566567,
      "duration" : 648
    },
    "description" : "",
    "status" : "passed",
    "steps" : [ {
      "name" : "Action [522]: Successfully Closed All Browsers.",
      "time" : {
        "start" : 1615340565925,
        "stop" : 1615340565925,
        "duration" : 0
      },
      "status" : "passed",
      "steps" : [ ],
      "attachments" : [ ],
      "parameters" : [ {
        "name" : "actionCounter",
        "value" : "522"
      }, {
        "name" : "logText",
        "value" : "Successfully Closed All Browsers."
      } ],
      "stepsCount" : 0,
      "attachmentsCount" : 0,
      "shouldDisplayMessage" : false,
      "hasContent" : true
    }, {
      "name" : "Action [523]: Issue Summary: Total Issues = 2, New issues for Failed Tests = 0, Open issues for Passed Tests = 2, Open issues for Failed Tests = 0. Kindly check the attached Issue details.",
      "time" : {
        "start" : 1615340565932,
        "stop" : 1615340565932,
        "duration" : 0
      },
      "status" : "passed",
      "steps" : [ ],
      "attachments" : [ {
        "uid" : "4156b7bef1d3be57",
        "name" : "Attachment: SHAFT Engine Logs - Issues log CSV: 20210310-014245",
        "source" : "4156b7bef1d3be57.csv",
        "type" : "text/csv",
        "size" : 228
      } ],
      "parameters" : [ {
        "name" : "actionCounter",
        "value" : "523"
      }, {
        "name" : "logText",
        "value" : "Issue Summary: Total Issues = 2, New issues for Failed Tests = 0, Open issues for Passed Tests = 2, Open issues for Failed Tests = 0. Kindly check the attached Issue details."
      }, {
        "name" : "attachments",
        "value" : "[[SHAFT Engine Logs, Issues log CSV: 20210310-014245, java.io.ByteArrayInputStream@3f0cc2d9]]"
      } ],
      "stepsCount" : 0,
      "attachmentsCount" : 1,
      "shouldDisplayMessage" : false,
      "hasContent" : true
    } ],
    "attachments" : [ {
      "uid" : "f07ffce7767985ac",
      "name" : "Attachment: SHAFT Engine Logs - Execution log: 20210310-014245",
      "source" : "f07ffce7767985ac.txt",
      "type" : "text/plain",
      "size" : 385702
    }, {
      "uid" : "d84926e8e2aef1f1",
      "name" : "Attachment: HTML - Extent Emailable Execution Report",
      "source" : "d84926e8e2aef1f1.html",
      "type" : "text/html",
      "size" : 7193765
    } ],
    "parameters" : [ ],
    "stepsCount" : 2,
    "attachmentsCount" : 3,
    "shouldDisplayMessage" : false,
    "hasContent" : true
  } ],
  "labels" : [ {
    "name" : "package",
    "value" : "testPackage01.Test_NewValidationHelper"
  }, {
    "name" : "testClass",
    "value" : "testPackage01.Test_NewValidationHelper"
  }, {
    "name" : "testMethod",
    "value" : "f16"
  }, {
    "name" : "parentSuite",
    "value" : "SHAFT_Engine: Custom Suite"
  }, {
    "name" : "suite",
    "value" : "SHAFT_Engine: Custom Test"
  }, {
    "name" : "subSuite",
    "value" : "testPackage01.Test_NewValidationHelper"
  }, {
    "name" : "host",
    "value" : "fv-az212-593"
  }, {
    "name" : "thread",
    "value" : "4096@fv-az212-593.main(1)"
  }, {
    "name" : "framework",
    "value" : "testng"
  }, {
    "name" : "language",
    "value" : "java"
  }, {
    "name" : "resultFormat",
    "value" : "allure2"
  } ],
  "parameters" : [ ],
  "links" : [ ],
  "hidden" : false,
  "retry" : false,
  "extra" : {
    "severity" : "normal",
    "retries" : [ ],
    "categories" : [ ],
    "tags" : [ ]
  },
  "source" : "37f2c8e4bce20889.json",
  "parameterValues" : [ ]
}