{
  "uid" : "ded36a79f08c312e",
  "name" : "f15",
  "fullName" : "testPackage01.Test_NewValidationActions.f15",
  "historyId" : "8ad0e7501f35925a6444f1e8c5b341c5",
  "time" : {
    "start" : 1603800742651,
    "stop" : 1603800743175,
    "duration" : 524
  },
  "status" : "passed",
  "flaky" : false,
  "newFailed" : false,
  "beforeStages" : [ {
    "name" : "openBrowser",
    "time" : {
      "start" : 1603800741686,
      "stop" : 1603800742641,
      "duration" : 955
    },
    "description" : "",
    "status" : "passed",
    "steps" : [ {
      "name" : "Action [30]: Attempting to run remotely on: [Linux-64], [GoogleChrome], [http://localhost:4444/wd/hub], Headless Execution.",
      "time" : {
        "start" : 1603800741687,
        "stop" : 1603800741687,
        "duration" : 0
      },
      "status" : "passed",
      "steps" : [ ],
      "attachments" : [ ],
      "parameters" : [ {
        "name" : "actionCounter",
        "value" : "30"
      }, {
        "name" : "logText",
        "value" : "Attempting to run remotely on: [Linux-64], [GoogleChrome], [http://localhost:4444/wd/hub], Headless Execution."
      } ],
      "attachmentsCount" : 0,
      "shouldDisplayMessage" : false,
      "hasContent" : true,
      "stepsCount" : 0
    }, {
      "name" : "Action [31]: Successfully Opened [GoogleChrome].",
      "time" : {
        "start" : 1603800742043,
        "stop" : 1603800742043,
        "duration" : 0
      },
      "status" : "passed",
      "steps" : [ ],
      "attachments" : [ ],
      "parameters" : [ {
        "name" : "actionCounter",
        "value" : "31"
      }, {
        "name" : "logText",
        "value" : "Successfully Opened [GoogleChrome]."
      } ],
      "attachmentsCount" : 0,
      "shouldDisplayMessage" : false,
      "hasContent" : true,
      "stepsCount" : 0
    }, {
      "name" : "Action [32]: Browser Action [navigateToURL] successfully performed. With the following test data [https://the-internet.herokuapp.com/].",
      "time" : {
        "start" : 1603800742640,
        "stop" : 1603800742640,
        "duration" : 0
      },
      "status" : "passed",
      "steps" : [ ],
      "attachments" : [ ],
      "parameters" : [ {
        "name" : "actionCounter",
        "value" : "32"
      }, {
        "name" : "logText",
        "value" : "Browser Action [navigateToURL] successfully performed. With the following test data [https://the-internet.herokuapp.com/]."
      }, {
        "name" : "attachments",
        "value" : "[null]"
      } ],
      "attachmentsCount" : 0,
      "shouldDisplayMessage" : false,
      "hasContent" : true,
      "stepsCount" : 0
    } ],
    "attachments" : [ {
      "uid" : "c205a2d7ec49475f",
      "name" : "Attachment: SHAFT Engine Logs - Current Method log: openBrowser",
      "source" : "c205a2d7ec49475f.txt",
      "type" : "text/plain",
      "size" : 744
    } ],
    "parameters" : [ ],
    "attachmentsCount" : 1,
    "shouldDisplayMessage" : false,
    "hasContent" : true,
    "stepsCount" : 3
  } ],
  "testStage" : {
    "status" : "passed",
    "steps" : [ {
      "name" : "Action [33]: AssertElementAttribute FAILED; Expected [Value Should not be 'Welcome' for the 'text' attribute, element locator 'By.tagName: h1'] and Actual [Welcome to the-internet]. Comparison Type [CONTAINS]. Validation Type [NEGATIVE].",
      "time" : {
        "start" : 1603800743173,
        "stop" : 1603800743174,
        "duration" : 1
      },
      "status" : "passed",
      "steps" : [ ],
      "attachments" : [ {
        "uid" : "71c2b4d9266d795",
        "name" : "Attachment: Screenshot - 1603800743075_f15_AssertElementAttribute_failed",
        "source" : "71c2b4d9266d795.png",
        "type" : "image/png",
        "size" : 158296
      } ],
      "parameters" : [ {
        "name" : "actionCounter",
        "value" : "33"
      }, {
        "name" : "logText",
        "value" : "AssertElementAttribute FAILED; Expected [Value Should not be 'Welcome' for the 'text' attribute, element locator 'By.tagName: h1'] and Actual [Welcome to the-internet]. Comparison Type [CONTAINS]. Validation Type [NEGATIVE]."
      }, {
        "name" : "attachments",
        "value" : "[[Screenshot, 1603800743075_f15_AssertElementAttribute_failed, java.io.ByteArrayInputStream@5358c8fa]]"
      } ],
      "attachmentsCount" : 1,
      "shouldDisplayMessage" : false,
      "hasContent" : true,
      "stepsCount" : 0
    } ],
    "attachments" : [ {
      "uid" : "152702bca7bd4d73",
      "name" : "Attachment: SHAFT Engine Logs - Current Method log: f15",
      "source" : "152702bca7bd4d73.txt",
      "type" : "text/plain",
      "size" : 1041
    } ],
    "parameters" : [ ],
    "attachmentsCount" : 2,
    "shouldDisplayMessage" : false,
    "hasContent" : true,
    "stepsCount" : 1
  },
  "afterStages" : [ {
    "name" : "closeBrowser",
    "time" : {
      "start" : 1603800743178,
      "stop" : 1603800743444,
      "duration" : 266
    },
    "description" : "",
    "status" : "passed",
    "steps" : [ {
      "name" : "Action [34]: Successfully Closed All Browsers.",
      "time" : {
        "start" : 1603800743440,
        "stop" : 1603800743440,
        "duration" : 0
      },
      "status" : "passed",
      "steps" : [ ],
      "attachments" : [ ],
      "parameters" : [ {
        "name" : "actionCounter",
        "value" : "34"
      }, {
        "name" : "logText",
        "value" : "Successfully Closed All Browsers."
      } ],
      "attachmentsCount" : 0,
      "shouldDisplayMessage" : false,
      "hasContent" : true,
      "stepsCount" : 0
    } ],
    "attachments" : [ {
      "uid" : "d98605e00c8639ce",
      "name" : "Attachment: Selenium WebDriver Logs - server",
      "source" : "d98605e00c8639ce.txt",
      "type" : "text/plain",
      "size" : 1288
    }, {
      "uid" : "daf7ed6ae56ea18f",
      "name" : "Attachment: Selenium WebDriver Logs - performance",
      "source" : "daf7ed6ae56ea18f.txt",
      "type" : "text/plain",
      "size" : 59794
    }, {
      "uid" : "9c2023320a7bf9c8",
      "name" : "Attachment: Selenium WebDriver Logs - browser",
      "source" : "9c2023320a7bf9c8.txt",
      "type" : "text/plain",
      "size" : 1078
    }, {
      "uid" : "2d10a375fb4444df",
      "name" : "Attachment: Selenium WebDriver Logs - driver",
      "source" : "2d10a375fb4444df.txt",
      "type" : "text/plain",
      "size" : 200080
    }, {
      "uid" : "e209e4be4e1c6188",
      "name" : "Attachment: SHAFT Engine Logs - Current Method log: closeBrowser",
      "source" : "e209e4be4e1c6188.txt",
      "type" : "text/plain",
      "size" : 531
    } ],
    "parameters" : [ ],
    "attachmentsCount" : 5,
    "shouldDisplayMessage" : false,
    "hasContent" : true,
    "stepsCount" : 1
  }, {
    "name" : "closureActivities",
    "time" : {
      "start" : 1603801080287,
      "stop" : 1603801080307,
      "duration" : 20
    },
    "description" : "",
    "status" : "passed",
    "steps" : [ {
      "name" : "Action [504]: Successfully Closed All Browsers.",
      "time" : {
        "start" : 1603801080287,
        "stop" : 1603801080287,
        "duration" : 0
      },
      "status" : "passed",
      "steps" : [ ],
      "attachments" : [ ],
      "parameters" : [ {
        "name" : "actionCounter",
        "value" : "504"
      }, {
        "name" : "logText",
        "value" : "Successfully Closed All Browsers."
      } ],
      "attachmentsCount" : 0,
      "shouldDisplayMessage" : false,
      "hasContent" : true,
      "stepsCount" : 0
    }, {
      "name" : "Action [505]: Issue Summary: Total Issues = 2, New issues for Failed Tests = 0, Open issues for Passed Tests = 2, Open issues for Failed Tests = 0. Kindly check the attached Issue details.",
      "time" : {
        "start" : 1603801080304,
        "stop" : 1603801080305,
        "duration" : 1
      },
      "status" : "passed",
      "steps" : [ ],
      "attachments" : [ {
        "uid" : "3164af01d05e517",
        "name" : "Attachment: SHAFT Engine Logs - Issues log CSV: 20201027-121800",
        "source" : "3164af01d05e517.csv",
        "type" : "text/csv",
        "size" : 228
      } ],
      "parameters" : [ {
        "name" : "actionCounter",
        "value" : "505"
      }, {
        "name" : "logText",
        "value" : "Issue Summary: Total Issues = 2, New issues for Failed Tests = 0, Open issues for Passed Tests = 2, Open issues for Failed Tests = 0. Kindly check the attached Issue details."
      }, {
        "name" : "attachments",
        "value" : "[[SHAFT Engine Logs, Issues log CSV: 20201027-121800, java.io.ByteArrayInputStream@14d8046d]]"
      } ],
      "attachmentsCount" : 1,
      "shouldDisplayMessage" : false,
      "hasContent" : true,
      "stepsCount" : 0
    } ],
    "attachments" : [ {
      "uid" : "f70ea91d789c7a13",
      "name" : "Attachment: SHAFT Engine Logs - Execution log: 20201027-121800",
      "source" : "f70ea91d789c7a13.txt",
      "type" : "text/plain",
      "size" : 358455
    } ],
    "parameters" : [ ],
    "attachmentsCount" : 2,
    "shouldDisplayMessage" : false,
    "hasContent" : true,
    "stepsCount" : 2
  } ],
  "labels" : [ {
    "name" : "package",
    "value" : "testPackage01.Test_NewValidationActions"
  }, {
    "name" : "testClass",
    "value" : "testPackage01.Test_NewValidationActions"
  }, {
    "name" : "testMethod",
    "value" : "f15"
  }, {
    "name" : "parentSuite",
    "value" : "SHAFT_Engine: Custom Suite"
  }, {
    "name" : "suite",
    "value" : "SHAFT_Engine: Custom Test"
  }, {
    "name" : "subSuite",
    "value" : "testPackage01.Test_NewValidationActions"
  }, {
    "name" : "host",
    "value" : "fv-az54"
  }, {
    "name" : "thread",
    "value" : "5110@fv-az54.main(1)"
  }, {
    "name" : "framework",
    "value" : "testng"
  }, {
    "name" : "language",
    "value" : "java"
  }, {
    "name" : "resultFormat",
    "value" : "allure2"
  } ],
  "parameters" : [ ],
  "links" : [ ],
  "hidden" : false,
  "retry" : false,
  "extra" : {
    "severity" : "normal",
    "retries" : [ ],
    "categories" : [ ],
    "tags" : [ ]
  },
  "source" : "ded36a79f08c312e.json",
  "parameterValues" : [ ]
}