{
  "uid" : "a7191a037c003363",
  "name" : "getPostsAndAssertBodyForSpecificTitle",
  "fullName" : "unitTests.tests_restActions.getPostsAndAssertBodyForSpecificTitle",
  "historyId" : "5514b76ba1dc4de2d7fa6ed8af87a94e",
  "time" : {
    "start" : 1618968605281,
    "stop" : 1618968606320,
    "duration" : 1039
  },
  "status" : "broken",
  "statusMessage" : "Cannot invoke \"com.shaft.api.RequestBuilder$AuthenticationType.ordinal()\" because \"this.authenticationType\" is null",
  "statusTrace" : "java.lang.NullPointerException: Cannot invoke \"com.shaft.api.RequestBuilder$AuthenticationType.ordinal()\" because \"this.authenticationType\" is null\n\tat com.shaft.api.RequestBuilder.performRequest(RequestBuilder.java:103)\n\tat unitTests.tests_restActions.getPostsAndAssertBodyForSpecificTitle(tests_restActions.java:20)\n\tat java.base/jdk.internal.reflect.NativeMethodAccessorImpl.invoke0(Native Method)\n\tat java.base/jdk.internal.reflect.NativeMethodAccessorImpl.invoke(NativeMethodAccessorImpl.java:64)\n\tat java.base/jdk.internal.reflect.DelegatingMethodAccessorImpl.invoke(DelegatingMethodAccessorImpl.java:43)\n\tat java.base/java.lang.reflect.Method.invoke(Method.java:564)\n\tat org.testng.internal.MethodInvocationHelper.invokeMethod(MethodInvocationHelper.java:133)\n\tat org.testng.internal.TestInvoker.invokeMethod(TestInvoker.java:598)\n\tat org.testng.internal.TestInvoker.invokeTestMethod(TestInvoker.java:173)\n\tat org.testng.internal.MethodRunner.runInSequence(MethodRunner.java:46)\n\tat org.testng.internal.TestInvoker$MethodInvocationAgent.invoke(TestInvoker.java:824)\n\tat org.testng.internal.TestInvoker.invokeTestMethods(TestInvoker.java:146)\n\tat org.testng.internal.TestMethodWorker.invokeTestMethods(TestMethodWorker.java:146)\n\tat org.testng.internal.TestMethodWorker.run(TestMethodWorker.java:128)\n\tat java.base/java.util.ArrayList.forEach(ArrayList.java:1511)\n\tat org.testng.TestRunner.privateRun(TestRunner.java:794)\n\tat org.testng.TestRunner.run(TestRunner.java:596)\n\tat org.testng.SuiteRunner.runTest(SuiteRunner.java:377)\n\tat org.testng.SuiteRunner.runSequentially(SuiteRunner.java:371)\n\tat org.testng.SuiteRunner.privateRun(SuiteRunner.java:332)\n\tat org.testng.SuiteRunner.run(SuiteRunner.java:276)\n\tat org.testng.SuiteRunnerWorker.runSuite(SuiteRunnerWorker.java:53)\n\tat org.testng.SuiteRunnerWorker.run(SuiteRunnerWorker.java:96)\n\tat org.testng.TestNG.runSuitesSequentially(TestNG.java:1212)\n\tat org.testng.TestNG.runSuitesLocally(TestNG.java:1134)\n\tat org.testng.TestNG.runSuites(TestNG.java:1063)\n\tat org.testng.TestNG.run(TestNG.java:1031)\n\tat org.apache.maven.surefire.testng.TestNGExecutor.run(TestNGExecutor.java:136)\n\tat org.apache.maven.surefire.testng.TestNGDirectoryTestSuite.executeMulti(TestNGDirectoryTestSuite.java:193)\n\tat org.apache.maven.surefire.testng.TestNGDirectoryTestSuite.execute(TestNGDirectoryTestSuite.java:94)\n\tat org.apache.maven.surefire.testng.TestNGProvider.invoke(TestNGProvider.java:145)\n\tat org.apache.maven.surefire.booter.ForkedBooter.runSuitesInProcess(ForkedBooter.java:428)\n\tat org.apache.maven.surefire.booter.ForkedBooter.execute(ForkedBooter.java:162)\n\tat org.apache.maven.surefire.booter.ForkedBooter.run(ForkedBooter.java:562)\n\tat org.apache.maven.surefire.booter.ForkedBooter.main(ForkedBooter.java:548)\n",
  "flaky" : false,
  "newFailed" : false,
  "beforeStages" : [ ],
  "testStage" : {
    "status" : "broken",
    "statusMessage" : "Cannot invoke \"com.shaft.api.RequestBuilder$AuthenticationType.ordinal()\" because \"this.authenticationType\" is null",
    "statusTrace" : "java.lang.NullPointerException: Cannot invoke \"com.shaft.api.RequestBuilder$AuthenticationType.ordinal()\" because \"this.authenticationType\" is null\n\tat com.shaft.api.RequestBuilder.performRequest(RequestBuilder.java:103)\n\tat unitTests.tests_restActions.getPostsAndAssertBodyForSpecificTitle(tests_restActions.java:20)\n\tat java.base/jdk.internal.reflect.NativeMethodAccessorImpl.invoke0(Native Method)\n\tat java.base/jdk.internal.reflect.NativeMethodAccessorImpl.invoke(NativeMethodAccessorImpl.java:64)\n\tat java.base/jdk.internal.reflect.DelegatingMethodAccessorImpl.invoke(DelegatingMethodAccessorImpl.java:43)\n\tat java.base/java.lang.reflect.Method.invoke(Method.java:564)\n\tat org.testng.internal.MethodInvocationHelper.invokeMethod(MethodInvocationHelper.java:133)\n\tat org.testng.internal.TestInvoker.invokeMethod(TestInvoker.java:598)\n\tat org.testng.internal.TestInvoker.invokeTestMethod(TestInvoker.java:173)\n\tat org.testng.internal.MethodRunner.runInSequence(MethodRunner.java:46)\n\tat org.testng.internal.TestInvoker$MethodInvocationAgent.invoke(TestInvoker.java:824)\n\tat org.testng.internal.TestInvoker.invokeTestMethods(TestInvoker.java:146)\n\tat org.testng.internal.TestMethodWorker.invokeTestMethods(TestMethodWorker.java:146)\n\tat org.testng.internal.TestMethodWorker.run(TestMethodWorker.java:128)\n\tat java.base/java.util.ArrayList.forEach(ArrayList.java:1511)\n\tat org.testng.TestRunner.privateRun(TestRunner.java:794)\n\tat org.testng.TestRunner.run(TestRunner.java:596)\n\tat org.testng.SuiteRunner.runTest(SuiteRunner.java:377)\n\tat org.testng.SuiteRunner.runSequentially(SuiteRunner.java:371)\n\tat org.testng.SuiteRunner.privateRun(SuiteRunner.java:332)\n\tat org.testng.SuiteRunner.run(SuiteRunner.java:276)\n\tat org.testng.SuiteRunnerWorker.runSuite(SuiteRunnerWorker.java:53)\n\tat org.testng.SuiteRunnerWorker.run(SuiteRunnerWorker.java:96)\n\tat org.testng.TestNG.runSuitesSequentially(TestNG.java:1212)\n\tat org.testng.TestNG.runSuitesLocally(TestNG.java:1134)\n\tat org.testng.TestNG.runSuites(TestNG.java:1063)\n\tat org.testng.TestNG.run(TestNG.java:1031)\n\tat org.apache.maven.surefire.testng.TestNGExecutor.run(TestNGExecutor.java:136)\n\tat org.apache.maven.surefire.testng.TestNGDirectoryTestSuite.executeMulti(TestNGDirectoryTestSuite.java:193)\n\tat org.apache.maven.surefire.testng.TestNGDirectoryTestSuite.execute(TestNGDirectoryTestSuite.java:94)\n\tat org.apache.maven.surefire.testng.TestNGProvider.invoke(TestNGProvider.java:145)\n\tat org.apache.maven.surefire.booter.ForkedBooter.runSuitesInProcess(ForkedBooter.java:428)\n\tat org.apache.maven.surefire.booter.ForkedBooter.execute(ForkedBooter.java:162)\n\tat org.apache.maven.surefire.booter.ForkedBooter.run(ForkedBooter.java:562)\n\tat org.apache.maven.surefire.booter.ForkedBooter.main(ForkedBooter.java:548)\n",
    "steps" : [ ],
    "attachments" : [ {
      "uid" : "f42ecd22c91c160e",
      "name" : "Attachment: SHAFT Engine Logs - Current Method log: getPostsAndAssertBodyForSpecificTitle",
      "source" : "f42ecd22c91c160e.txt",
      "type" : "text/plain",
      "size" : 439
    } ],
    "parameters" : [ ],
    "stepsCount" : 0,
    "attachmentsCount" : 1,
    "shouldDisplayMessage" : true,
    "hasContent" : true
  },
  "afterStages" : [ {
    "name" : "closureActivities",
    "time" : {
      "start" : 1618968811000,
      "stop" : 1618968811645,
      "duration" : 645
    },
    "description" : "",
    "status" : "passed",
    "steps" : [ {
      "name" : "Action [514]: Successfully Closed All Browsers.",
      "time" : {
        "start" : 1618968811001,
        "stop" : 1618968811001,
        "duration" : 0
      },
      "status" : "passed",
      "steps" : [ ],
      "attachments" : [ ],
      "parameters" : [ {
        "name" : "actionCounter",
        "value" : "514"
      }, {
        "name" : "logText",
        "value" : "Successfully Closed All Browsers."
      } ],
      "stepsCount" : 0,
      "attachmentsCount" : 0,
      "shouldDisplayMessage" : false,
      "hasContent" : true
    }, {
      "name" : "Action [515]: Issue Summary: Total Issues = 6, New issues for Failed Tests = 4, Open issues for Passed Tests = 2, Open issues for Failed Tests = 0. Kindly check the attached Issue details.",
      "time" : {
        "start" : 1618968811013,
        "stop" : 1618968811013,
        "duration" : 0
      },
      "status" : "passed",
      "steps" : [ ],
      "attachments" : [ {
        "uid" : "1bba96443463c3d7",
        "name" : "Attachment: SHAFT Engine Logs - Issues log CSV: 20210421-013331",
        "source" : "1bba96443463c3d7.csv",
        "type" : "text/csv",
        "size" : 832
      } ],
      "parameters" : [ {
        "name" : "actionCounter",
        "value" : "515"
      }, {
        "name" : "logText",
        "value" : "Issue Summary: Total Issues = 6, New issues for Failed Tests = 4, Open issues for Passed Tests = 2, Open issues for Failed Tests = 0. Kindly check the attached Issue details."
      }, {
        "name" : "attachments",
        "value" : "[[SHAFT Engine Logs, Issues log CSV: 20210421-013331, java.io.ByteArrayInputStream@31d39e0c]]"
      } ],
      "stepsCount" : 0,
      "attachmentsCount" : 1,
      "shouldDisplayMessage" : false,
      "hasContent" : true
    } ],
    "attachments" : [ {
      "uid" : "32262f75aadb8629",
      "name" : "Attachment: SHAFT Engine Logs - Execution log: 20210421-013331",
      "source" : "32262f75aadb8629.txt",
      "type" : "text/plain",
      "size" : 406850
    }, {
      "uid" : "307c9d5adac98ee7",
      "name" : "Attachment: HTML - Extent Emailable Execution Report",
      "source" : "307c9d5adac98ee7.html",
      "type" : "text/html",
      "size" : 7456367
    } ],
    "parameters" : [ ],
    "stepsCount" : 2,
    "attachmentsCount" : 3,
    "shouldDisplayMessage" : false,
    "hasContent" : true
  } ],
  "labels" : [ {
    "name" : "package",
    "value" : "unitTests.tests_restActions"
  }, {
    "name" : "testClass",
    "value" : "unitTests.tests_restActions"
  }, {
    "name" : "testMethod",
    "value" : "getPostsAndAssertBodyForSpecificTitle"
  }, {
    "name" : "parentSuite",
    "value" : "SHAFT_Engine: Custom Suite"
  }, {
    "name" : "suite",
    "value" : "SHAFT_Engine: Custom Test"
  }, {
    "name" : "subSuite",
    "value" : "unitTests.tests_restActions"
  }, {
    "name" : "host",
    "value" : "fv-az154-166"
  }, {
    "name" : "thread",
    "value" : "3867@fv-az154-166.main(1)"
  }, {
    "name" : "framework",
    "value" : "testng"
  }, {
    "name" : "language",
    "value" : "java"
  }, {
    "name" : "resultFormat",
    "value" : "allure2"
  } ],
  "parameters" : [ ],
  "links" : [ ],
  "hidden" : false,
  "retry" : false,
  "extra" : {
    "severity" : "normal",
    "retries" : [ ],
    "categories" : [ {
      "name" : "Test defects",
      "matchedStatuses" : [ ],
      "flaky" : false
    } ],
    "history" : {
      "statistic" : {
        "failed" : 0,
        "broken" : 9,
        "skipped" : 0,
        "passed" : 0,
        "unknown" : 0,
        "total" : 9
      },
      "items" : [ {
        "uid" : "a0475423620855a6",
        "reportUrl" : "https://MohabMohie.github.io/SHAFT_ENGINE/allure/396//#testresult/a0475423620855a6",
        "status" : "broken",
        "statusDetails" : "Cannot invoke \"com.shaft.api.RequestBuilder$AuthenticationType.ordinal()\" because \"this.authenticationType\" is null",
        "time" : {
          "start" : 1618882161143,
          "stop" : 1618882162309,
          "duration" : 1166
        }
      }, {
        "uid" : "d995b8d10b1759cc",
        "reportUrl" : "https://MohabMohie.github.io/SHAFT_ENGINE/allure/395//#testresult/d995b8d10b1759cc",
        "status" : "broken",
        "statusDetails" : "Cannot invoke \"com.shaft.api.RequestBuilder$AuthenticationType.ordinal()\" because \"this.authenticationType\" is null",
        "time" : {
          "start" : 1618795743482,
          "stop" : 1618795744415,
          "duration" : 933
        }
      }, {
        "uid" : "769b62878f3f9f12",
        "reportUrl" : "https://MohabMohie.github.io/SHAFT_ENGINE/allure/394//#testresult/769b62878f3f9f12",
        "status" : "broken",
        "statusDetails" : "Cannot invoke \"com.shaft.api.RequestBuilder$AuthenticationType.ordinal()\" because \"this.authenticationType\" is null",
        "time" : {
          "start" : 1618709377624,
          "stop" : 1618709378524,
          "duration" : 900
        }
      }, {
        "uid" : "747fd85722ab0b7b",
        "reportUrl" : "https://MohabMohie.github.io/SHAFT_ENGINE/allure/393//#testresult/747fd85722ab0b7b",
        "status" : "broken",
        "statusDetails" : "Cannot invoke \"com.shaft.api.RequestBuilder$AuthenticationType.ordinal()\" because \"this.authenticationType\" is null",
        "time" : {
          "start" : 1618622910204,
          "stop" : 1618622911079,
          "duration" : 875
        }
      }, {
        "uid" : "8830fc5bc7f44bf9",
        "reportUrl" : "https://MohabMohie.github.io/SHAFT_ENGINE/allure/392//#testresult/8830fc5bc7f44bf9",
        "status" : "broken",
        "statusDetails" : "Cannot invoke \"com.shaft.api.RequestBuilder$AuthenticationType.ordinal()\" because \"this.authenticationType\" is null",
        "time" : {
          "start" : 1618536559288,
          "stop" : 1618536560372,
          "duration" : 1084
        }
      }, {
        "uid" : "5266853771f1d161",
        "reportUrl" : "https://MohabMohie.github.io/SHAFT_ENGINE/allure/389//#testresult/5266853771f1d161",
        "status" : "broken",
        "statusDetails" : "Cannot invoke \"com.shaft.api.RequestBuilder$AuthenticationType.ordinal()\" because \"this.authenticationType\" is null",
        "time" : {
          "start" : 1618462568509,
          "stop" : 1618462569747,
          "duration" : 1238
        }
      }, {
        "uid" : "41b4f2ccb2fcca70",
        "reportUrl" : "https://MohabMohie.github.io/SHAFT_ENGINE/allure/388//#testresult/41b4f2ccb2fcca70",
        "status" : "broken",
        "statusDetails" : "Cannot invoke \"com.shaft.api.RequestBuilder$AuthenticationType.ordinal()\" because \"this.authenticationType\" is null",
        "time" : {
          "start" : 1618450122812,
          "stop" : 1618450123752,
          "duration" : 940
        }
      }, {
        "uid" : "dac5d9d90a145d09",
        "reportUrl" : "https://MohabMohie.github.io/SHAFT_ENGINE/allure/387//#testresult/dac5d9d90a145d09",
        "status" : "broken",
        "statusDetails" : "Cannot invoke \"com.shaft.api.RequestBuilder$AuthenticationType.ordinal()\" because \"this.authenticationType\" is null",
        "time" : {
          "start" : 1618411691679,
          "stop" : 1618411692770,
          "duration" : 1091
        }
      } ]
    },
    "tags" : [ ]
  },
  "source" : "a7191a037c003363.json",
  "parameterValues" : [ ]
}