{
  "uid" : "b5a962fa1c34741d",
  "name" : "TC002 - Search for Query and Assert that the number of results is displayed",
  "fullName" : "testPackage01.Test_google_playwright.searchForQueryandAssertResultsNumDisplayed",
  "historyId" : "8c403aaf85c1c2abafe0a9a5d008562b",
  "time" : {
    "start" : 1620693149423,
    "stop" : 1620693149824,
    "duration" : 401
  },
  "status" : "broken",
  "statusMessage" : "Error {\n  message='Protocol error (Runtime.getProperties): Cannot find context with specified id\n  name='Error\n  stack='Protocol error (Runtime.getProperties): Cannot find context with specified idError\n    at /tmp/playwright-java-10428941367947996771/package/lib/server/chromium/crConnection.js:137:63\n    at new Promise (<anonymous>)\n    at CRSession.send (/tmp/playwright-java-10428941367947996771/package/lib/server/chromium/crConnection.js:136:16)\n    at CRExecutionContext.getProperties (/tmp/playwright-java-10428941367947996771/package/lib/server/chromium/crExecutionContext.js:87:45)\n    at JSHandle.getProperties (/tmp/playwright-java-10428941367947996771/package/lib/server/javascript.js:113:40)\n    at Selectors._queryAll (/tmp/playwright-java-10428941367947996771/package/lib/server/selectors.js:75:46)\n    at async FrameDispatcher.querySelectorAll (/tmp/playwright-java-10428941367947996771/package/lib/dispatchers/frameDispatcher.js:78:26)\n    at async DispatcherConnection.dispatch (/tmp/playwright-java-10428941367947996771/package/lib/dispatchers/dispatcher.js:181:28)\n}",
  "statusTrace" : "com.microsoft.playwright.PlaywrightException: Error {\n  message='Protocol error (Runtime.getProperties): Cannot find context with specified id\n  name='Error\n  stack='Protocol error (Runtime.getProperties): Cannot find context with specified idError\n    at /tmp/playwright-java-10428941367947996771/package/lib/server/chromium/crConnection.js:137:63\n    at new Promise (<anonymous>)\n    at CRSession.send (/tmp/playwright-java-10428941367947996771/package/lib/server/chromium/crConnection.js:136:16)\n    at CRExecutionContext.getProperties (/tmp/playwright-java-10428941367947996771/package/lib/server/chromium/crExecutionContext.js:87:45)\n    at JSHandle.getProperties (/tmp/playwright-java-10428941367947996771/package/lib/server/javascript.js:113:40)\n    at Selectors._queryAll (/tmp/playwright-java-10428941367947996771/package/lib/server/selectors.js:75:46)\n    at async FrameDispatcher.querySelectorAll (/tmp/playwright-java-10428941367947996771/package/lib/dispatchers/frameDispatcher.js:78:26)\n    at async DispatcherConnection.dispatch (/tmp/playwright-java-10428941367947996771/package/lib/dispatchers/dispatcher.js:181:28)\n}\n\tat com.microsoft.playwright.impl.WaitableResult.get(WaitableResult.java:54)\n\tat com.microsoft.playwright.impl.ChannelOwner.runUntil(ChannelOwner.java:88)\n\tat com.microsoft.playwright.impl.Connection.sendMessage(Connection.java:96)\n\tat com.microsoft.playwright.impl.ChannelOwner.sendMessage(ChannelOwner.java:79)\n\tat com.microsoft.playwright.impl.FrameImpl.querySelectorAllImpl(FrameImpl.java:121)\n\tat com.microsoft.playwright.impl.PageImpl.lambda$querySelectorAll$1(PageImpl.java:536)\n\tat com.microsoft.playwright.impl.LoggingSupport.withLogging(LoggingSupport.java:47)\n\tat com.microsoft.playwright.impl.PageImpl.querySelectorAll(PageImpl.java:536)\n\tat com.shaft.gui.element.PlayWrightElementActions.getMatchingElementsCount(PlayWrightElementActions.java:663)\n\tat com.shaft.gui.element.PlayWrightElementActions.identifyUniqueElement(PlayWrightElementActions.java:668)\n\tat com.shaft.gui.element.PlayWrightElementActions.identifyUniqueElement(PlayWrightElementActions.java:571)\n\tat com.shaft.gui.element.PlayWrightElementActions.getText(PlayWrightElementActions.java:283)\n\tat com.shaft.gui.element.PlayWrightElementActions.getText(PlayWrightElementActions.java:903)\n\tat poms.GoogleSearchResults.assertResultsStatsExistsAndIsNotEmpty(GoogleSearchResults.java:35)\n\tat testPackage01.Test_google_playwright.searchForQueryandAssertResultsNumDisplayed(Test_google_playwright.java:35)\n\tat java.base/jdk.internal.reflect.NativeMethodAccessorImpl.invoke0(Native Method)\n\tat java.base/jdk.internal.reflect.NativeMethodAccessorImpl.invoke(NativeMethodAccessorImpl.java:64)\n\tat java.base/jdk.internal.reflect.DelegatingMethodAccessorImpl.invoke(DelegatingMethodAccessorImpl.java:43)\n\tat java.base/java.lang.reflect.Method.invoke(Method.java:564)\n\tat org.testng.internal.MethodInvocationHelper.invokeMethod(MethodInvocationHelper.java:133)\n\tat org.testng.internal.TestInvoker.invokeMethod(TestInvoker.java:598)\n\tat org.testng.internal.TestInvoker.invokeTestMethod(TestInvoker.java:173)\n\tat org.testng.internal.MethodRunner.runInSequence(MethodRunner.java:46)\n\tat org.testng.internal.TestInvoker$MethodInvocationAgent.invoke(TestInvoker.java:824)\n\tat org.testng.internal.TestInvoker.invokeTestMethods(TestInvoker.java:146)\n\tat org.testng.internal.TestMethodWorker.invokeTestMethods(TestMethodWorker.java:146)\n\tat org.testng.internal.TestMethodWorker.run(TestMethodWorker.java:128)\n\tat java.base/java.util.ArrayList.forEach(ArrayList.java:1511)\n\tat org.testng.TestRunner.privateRun(TestRunner.java:794)\n\tat org.testng.TestRunner.run(TestRunner.java:596)\n\tat org.testng.SuiteRunner.runTest(SuiteRunner.java:377)\n\tat org.testng.SuiteRunner.runSequentially(SuiteRunner.java:371)\n\tat org.testng.SuiteRunner.privateRun(SuiteRunner.java:332)\n\tat org.testng.SuiteRunner.run(SuiteRunner.java:276)\n\tat org.testng.SuiteRunnerWorker.runSuite(SuiteRunnerWorker.java:53)\n\tat org.testng.SuiteRunnerWorker.run(SuiteRunnerWorker.java:96)\n\tat org.testng.TestNG.runSuitesSequentially(TestNG.java:1212)\n\tat org.testng.TestNG.runSuitesLocally(TestNG.java:1134)\n\tat org.testng.TestNG.runSuites(TestNG.java:1063)\n\tat org.testng.TestNG.run(TestNG.java:1031)\n\tat org.apache.maven.surefire.testng.TestNGExecutor.run(TestNGExecutor.java:136)\n\tat org.apache.maven.surefire.testng.TestNGDirectoryTestSuite.executeMulti(TestNGDirectoryTestSuite.java:193)\n\tat org.apache.maven.surefire.testng.TestNGDirectoryTestSuite.execute(TestNGDirectoryTestSuite.java:94)\n\tat org.apache.maven.surefire.testng.TestNGProvider.invoke(TestNGProvider.java:145)\n\tat org.apache.maven.surefire.booter.ForkedBooter.runSuitesInProcess(ForkedBooter.java:428)\n\tat org.apache.maven.surefire.booter.ForkedBooter.execute(ForkedBooter.java:162)\n\tat org.apache.maven.surefire.booter.ForkedBooter.run(ForkedBooter.java:562)\n\tat org.apache.maven.surefire.booter.ForkedBooter.main(ForkedBooter.java:548)\nCaused by: com.microsoft.playwright.impl.DriverException: Error {\n  message='Protocol error (Runtime.getProperties): Cannot find context with specified id\n  name='Error\n  stack='Protocol error (Runtime.getProperties): Cannot find context with specified idError\n    at /tmp/playwright-java-10428941367947996771/package/lib/server/chromium/crConnection.js:137:63\n    at new Promise (<anonymous>)\n    at CRSession.send (/tmp/playwright-java-10428941367947996771/package/lib/server/chromium/crConnection.js:136:16)\n    at CRExecutionContext.getProperties (/tmp/playwright-java-10428941367947996771/package/lib/server/chromium/crExecutionContext.js:87:45)\n    at JSHandle.getProperties (/tmp/playwright-java-10428941367947996771/package/lib/server/javascript.js:113:40)\n    at Selectors._queryAll (/tmp/playwright-java-10428941367947996771/package/lib/server/selectors.js:75:46)\n    at async FrameDispatcher.querySelectorAll (/tmp/playwright-java-10428941367947996771/package/lib/dispatchers/frameDispatcher.js:78:26)\n    at async DispatcherConnection.dispatch (/tmp/playwright-java-10428941367947996771/package/lib/dispatchers/dispatcher.js:181:28)\n}\n\tat com.microsoft.playwright.impl.Connection.dispatch(Connection.java:209)\n\tat com.microsoft.playwright.impl.Connection.processOneMessage(Connection.java:189)\n\tat com.microsoft.playwright.impl.ChannelOwner.runUntil(ChannelOwner.java:86)\n\t... 46 more\n",
  "flaky" : false,
  "newFailed" : false,
  "beforeStages" : [ {
    "name" : "beforeClass",
    "time" : {
      "start" : 1620693132918,
      "stop" : 1620693148842,
      "duration" : 15924
    },
    "description" : "",
    "status" : "passed",
    "steps" : [ {
      "name" : "Action [482]: Successfully loaded the following test data file [src/test/resources/TestDataFiles/testSuite01/TestData.xlsx].",
      "time" : {
        "start" : 1620693132943,
        "stop" : 1620693132943,
        "duration" : 0
      },
      "status" : "passed",
      "steps" : [ ],
      "attachments" : [ {
        "uid" : "10a4963d2bf2c5c2",
        "name" : "Attachment: Test Data - Excel",
        "source" : "10a4963d2bf2c5c2.xlsx",
        "type" : "application/vnd.openxmlformats-officedocument.spreadsheetml.sheet",
        "size" : 12483
      } ],
      "parameters" : [ {
        "name" : "actionCounter",
        "value" : "482"
      }, {
        "name" : "logText",
        "value" : "Successfully loaded the following test data file [src/test/resources/TestDataFiles/testSuite01/TestData.xlsx]."
      }, {
        "name" : "attachments",
        "value" : "[[Test Data, Excel, java.io.FileInputStream@38fc6094]]"
      } ],
      "stepsCount" : 0,
      "attachmentsCount" : 1,
      "shouldDisplayMessage" : false,
      "hasContent" : true
    }, {
      "name" : "Action [483]: Attempting to run using Playwright locally on: [Linux-64], [GoogleChrome], Headless Execution.",
      "time" : {
        "start" : 1620693148501,
        "stop" : 1620693148501,
        "duration" : 0
      },
      "status" : "passed",
      "steps" : [ ],
      "attachments" : [ ],
      "parameters" : [ {
        "name" : "actionCounter",
        "value" : "483"
      }, {
        "name" : "logText",
        "value" : "Attempting to run using Playwright locally on: [Linux-64], [GoogleChrome], Headless Execution."
      } ],
      "stepsCount" : 0,
      "attachmentsCount" : 0,
      "shouldDisplayMessage" : false,
      "hasContent" : true
    } ],
    "attachments" : [ {
      "uid" : "f4c87cb553e425cc",
      "name" : "Attachment: SHAFT Engine Logs - Current Method log: beforeClass",
      "source" : "f4c87cb553e425cc.txt",
      "type" : "text/plain",
      "size" : 570
    } ],
    "parameters" : [ ],
    "stepsCount" : 2,
    "attachmentsCount" : 2,
    "shouldDisplayMessage" : false,
    "hasContent" : true
  } ],
  "testStage" : {
    "status" : "broken",
    "statusMessage" : "Error {\n  message='Protocol error (Runtime.getProperties): Cannot find context with specified id\n  name='Error\n  stack='Protocol error (Runtime.getProperties): Cannot find context with specified idError\n    at /tmp/playwright-java-10428941367947996771/package/lib/server/chromium/crConnection.js:137:63\n    at new Promise (<anonymous>)\n    at CRSession.send (/tmp/playwright-java-10428941367947996771/package/lib/server/chromium/crConnection.js:136:16)\n    at CRExecutionContext.getProperties (/tmp/playwright-java-10428941367947996771/package/lib/server/chromium/crExecutionContext.js:87:45)\n    at JSHandle.getProperties (/tmp/playwright-java-10428941367947996771/package/lib/server/javascript.js:113:40)\n    at Selectors._queryAll (/tmp/playwright-java-10428941367947996771/package/lib/server/selectors.js:75:46)\n    at async FrameDispatcher.querySelectorAll (/tmp/playwright-java-10428941367947996771/package/lib/dispatchers/frameDispatcher.js:78:26)\n    at async DispatcherConnection.dispatch (/tmp/playwright-java-10428941367947996771/package/lib/dispatchers/dispatcher.js:181:28)\n}",
    "statusTrace" : "com.microsoft.playwright.PlaywrightException: Error {\n  message='Protocol error (Runtime.getProperties): Cannot find context with specified id\n  name='Error\n  stack='Protocol error (Runtime.getProperties): Cannot find context with specified idError\n    at /tmp/playwright-java-10428941367947996771/package/lib/server/chromium/crConnection.js:137:63\n    at new Promise (<anonymous>)\n    at CRSession.send (/tmp/playwright-java-10428941367947996771/package/lib/server/chromium/crConnection.js:136:16)\n    at CRExecutionContext.getProperties (/tmp/playwright-java-10428941367947996771/package/lib/server/chromium/crExecutionContext.js:87:45)\n    at JSHandle.getProperties (/tmp/playwright-java-10428941367947996771/package/lib/server/javascript.js:113:40)\n    at Selectors._queryAll (/tmp/playwright-java-10428941367947996771/package/lib/server/selectors.js:75:46)\n    at async FrameDispatcher.querySelectorAll (/tmp/playwright-java-10428941367947996771/package/lib/dispatchers/frameDispatcher.js:78:26)\n    at async DispatcherConnection.dispatch (/tmp/playwright-java-10428941367947996771/package/lib/dispatchers/dispatcher.js:181:28)\n}\n\tat com.microsoft.playwright.impl.WaitableResult.get(WaitableResult.java:54)\n\tat com.microsoft.playwright.impl.ChannelOwner.runUntil(ChannelOwner.java:88)\n\tat com.microsoft.playwright.impl.Connection.sendMessage(Connection.java:96)\n\tat com.microsoft.playwright.impl.ChannelOwner.sendMessage(ChannelOwner.java:79)\n\tat com.microsoft.playwright.impl.FrameImpl.querySelectorAllImpl(FrameImpl.java:121)\n\tat com.microsoft.playwright.impl.PageImpl.lambda$querySelectorAll$1(PageImpl.java:536)\n\tat com.microsoft.playwright.impl.LoggingSupport.withLogging(LoggingSupport.java:47)\n\tat com.microsoft.playwright.impl.PageImpl.querySelectorAll(PageImpl.java:536)\n\tat com.shaft.gui.element.PlayWrightElementActions.getMatchingElementsCount(PlayWrightElementActions.java:663)\n\tat com.shaft.gui.element.PlayWrightElementActions.identifyUniqueElement(PlayWrightElementActions.java:668)\n\tat com.shaft.gui.element.PlayWrightElementActions.identifyUniqueElement(PlayWrightElementActions.java:571)\n\tat com.shaft.gui.element.PlayWrightElementActions.getText(PlayWrightElementActions.java:283)\n\tat com.shaft.gui.element.PlayWrightElementActions.getText(PlayWrightElementActions.java:903)\n\tat poms.GoogleSearchResults.assertResultsStatsExistsAndIsNotEmpty(GoogleSearchResults.java:35)\n\tat testPackage01.Test_google_playwright.searchForQueryandAssertResultsNumDisplayed(Test_google_playwright.java:35)\n\tat java.base/jdk.internal.reflect.NativeMethodAccessorImpl.invoke0(Native Method)\n\tat java.base/jdk.internal.reflect.NativeMethodAccessorImpl.invoke(NativeMethodAccessorImpl.java:64)\n\tat java.base/jdk.internal.reflect.DelegatingMethodAccessorImpl.invoke(DelegatingMethodAccessorImpl.java:43)\n\tat java.base/java.lang.reflect.Method.invoke(Method.java:564)\n\tat org.testng.internal.MethodInvocationHelper.invokeMethod(MethodInvocationHelper.java:133)\n\tat org.testng.internal.TestInvoker.invokeMethod(TestInvoker.java:598)\n\tat org.testng.internal.TestInvoker.invokeTestMethod(TestInvoker.java:173)\n\tat org.testng.internal.MethodRunner.runInSequence(MethodRunner.java:46)\n\tat org.testng.internal.TestInvoker$MethodInvocationAgent.invoke(TestInvoker.java:824)\n\tat org.testng.internal.TestInvoker.invokeTestMethods(TestInvoker.java:146)\n\tat org.testng.internal.TestMethodWorker.invokeTestMethods(TestMethodWorker.java:146)\n\tat org.testng.internal.TestMethodWorker.run(TestMethodWorker.java:128)\n\tat java.base/java.util.ArrayList.forEach(ArrayList.java:1511)\n\tat org.testng.TestRunner.privateRun(TestRunner.java:794)\n\tat org.testng.TestRunner.run(TestRunner.java:596)\n\tat org.testng.SuiteRunner.runTest(SuiteRunner.java:377)\n\tat org.testng.SuiteRunner.runSequentially(SuiteRunner.java:371)\n\tat org.testng.SuiteRunner.privateRun(SuiteRunner.java:332)\n\tat org.testng.SuiteRunner.run(SuiteRunner.java:276)\n\tat org.testng.SuiteRunnerWorker.runSuite(SuiteRunnerWorker.java:53)\n\tat org.testng.SuiteRunnerWorker.run(SuiteRunnerWorker.java:96)\n\tat org.testng.TestNG.runSuitesSequentially(TestNG.java:1212)\n\tat org.testng.TestNG.runSuitesLocally(TestNG.java:1134)\n\tat org.testng.TestNG.runSuites(TestNG.java:1063)\n\tat org.testng.TestNG.run(TestNG.java:1031)\n\tat org.apache.maven.surefire.testng.TestNGExecutor.run(TestNGExecutor.java:136)\n\tat org.apache.maven.surefire.testng.TestNGDirectoryTestSuite.executeMulti(TestNGDirectoryTestSuite.java:193)\n\tat org.apache.maven.surefire.testng.TestNGDirectoryTestSuite.execute(TestNGDirectoryTestSuite.java:94)\n\tat org.apache.maven.surefire.testng.TestNGProvider.invoke(TestNGProvider.java:145)\n\tat org.apache.maven.surefire.booter.ForkedBooter.runSuitesInProcess(ForkedBooter.java:428)\n\tat org.apache.maven.surefire.booter.ForkedBooter.execute(ForkedBooter.java:162)\n\tat org.apache.maven.surefire.booter.ForkedBooter.run(ForkedBooter.java:562)\n\tat org.apache.maven.surefire.booter.ForkedBooter.main(ForkedBooter.java:548)\nCaused by: com.microsoft.playwright.impl.DriverException: Error {\n  message='Protocol error (Runtime.getProperties): Cannot find context with specified id\n  name='Error\n  stack='Protocol error (Runtime.getProperties): Cannot find context with specified idError\n    at /tmp/playwright-java-10428941367947996771/package/lib/server/chromium/crConnection.js:137:63\n    at new Promise (<anonymous>)\n    at CRSession.send (/tmp/playwright-java-10428941367947996771/package/lib/server/chromium/crConnection.js:136:16)\n    at CRExecutionContext.getProperties (/tmp/playwright-java-10428941367947996771/package/lib/server/chromium/crExecutionContext.js:87:45)\n    at JSHandle.getProperties (/tmp/playwright-java-10428941367947996771/package/lib/server/javascript.js:113:40)\n    at Selectors._queryAll (/tmp/playwright-java-10428941367947996771/package/lib/server/selectors.js:75:46)\n    at async FrameDispatcher.querySelectorAll (/tmp/playwright-java-10428941367947996771/package/lib/dispatchers/frameDispatcher.js:78:26)\n    at async DispatcherConnection.dispatch (/tmp/playwright-java-10428941367947996771/package/lib/dispatchers/dispatcher.js:181:28)\n}\n\tat com.microsoft.playwright.impl.Connection.dispatch(Connection.java:209)\n\tat com.microsoft.playwright.impl.Connection.processOneMessage(Connection.java:189)\n\tat com.microsoft.playwright.impl.ChannelOwner.runUntil(ChannelOwner.java:86)\n\t... 46 more\n",
    "steps" : [ {
      "name" : "Action [486]: Element Action [type] successfully performed. With the following test data [SHAFT_Engine].",
      "time" : {
        "start" : 1620693149594,
        "stop" : 1620693149594,
        "duration" : 0
      },
      "status" : "passed",
      "steps" : [ ],
      "attachments" : [ ],
      "parameters" : [ {
        "name" : "actionCounter",
        "value" : "486"
      }, {
        "name" : "logText",
        "value" : "Element Action [type] successfully performed. With the following test data [SHAFT_Engine]."
      } ],
      "stepsCount" : 0,
      "attachmentsCount" : 0,
      "shouldDisplayMessage" : false,
      "hasContent" : true
    }, {
      "name" : "Action [487]: Element Action [keyPress] successfully performed. With the following test data [Enter].",
      "time" : {
        "start" : 1620693149704,
        "stop" : 1620693149704,
        "duration" : 0
      },
      "status" : "passed",
      "steps" : [ ],
      "attachments" : [ ],
      "parameters" : [ {
        "name" : "actionCounter",
        "value" : "487"
      }, {
        "name" : "logText",
        "value" : "Element Action [keyPress] successfully performed. With the following test data [Enter]."
      } ],
      "stepsCount" : 0,
      "attachmentsCount" : 0,
      "shouldDisplayMessage" : false,
      "hasContent" : true
    } ],
    "attachments" : [ {
      "uid" : "c50eae0c5afe2478",
      "name" : "Attachment: SHAFT Engine Logs - Current Method log: searchForQueryandAssertResultsNumDisplayed",
      "source" : "c50eae0c5afe2478.txt",
      "type" : "text/plain",
      "size" : 819
    } ],
    "parameters" : [ ],
    "stepsCount" : 2,
    "attachmentsCount" : 1,
    "shouldDisplayMessage" : true,
    "hasContent" : true
  },
  "afterStages" : [ {
    "name" : "afterClass",
    "time" : {
      "start" : 1620693149852,
      "stop" : 1620693149855,
      "duration" : 3
    },
    "description" : "",
    "status" : "broken",
    "statusMessage" : "Cannot invoke \"com.microsoft.playwright.Video.path()\" because the return value of \"com.microsoft.playwright.Page.video()\" is null",
    "statusTrace" : "java.lang.NullPointerException: Cannot invoke \"com.microsoft.playwright.Video.path()\" because the return value of \"com.microsoft.playwright.Page.video()\" is null\n\tat com.shaft.driver.DriverFactoryHelper.closePlayWrightDriver(DriverFactoryHelper.java:930)\n\tat com.shaft.driver.DriverFactory.closePlayWrightDriver(DriverFactory.java:83)\n\tat testPackage01.Test_google_playwright.afterClass(Test_google_playwright.java:56)\n\tat java.base/jdk.internal.reflect.NativeMethodAccessorImpl.invoke0(Native Method)\n\tat java.base/jdk.internal.reflect.NativeMethodAccessorImpl.invoke(NativeMethodAccessorImpl.java:64)\n\tat java.base/jdk.internal.reflect.DelegatingMethodAccessorImpl.invoke(DelegatingMethodAccessorImpl.java:43)\n\tat java.base/java.lang.reflect.Method.invoke(Method.java:564)\n\tat org.testng.internal.MethodInvocationHelper.invokeMethod(MethodInvocationHelper.java:133)\n\tat org.testng.internal.MethodInvocationHelper.invokeMethodConsideringTimeout(MethodInvocationHelper.java:62)\n\tat org.testng.internal.ConfigInvoker.invokeConfigurationMethod(ConfigInvoker.java:385)\n\tat org.testng.internal.ConfigInvoker.invokeConfigurations(ConfigInvoker.java:321)\n\tat org.testng.internal.TestMethodWorker.invokeAfterClassMethods(TestMethodWorker.java:217)\n\tat org.testng.internal.TestMethodWorker.run(TestMethodWorker.java:130)\n\tat java.base/java.util.ArrayList.forEach(ArrayList.java:1511)\n\tat org.testng.TestRunner.privateRun(TestRunner.java:794)\n\tat org.testng.TestRunner.run(TestRunner.java:596)\n\tat org.testng.SuiteRunner.runTest(SuiteRunner.java:377)\n\tat org.testng.SuiteRunner.runSequentially(SuiteRunner.java:371)\n\tat org.testng.SuiteRunner.privateRun(SuiteRunner.java:332)\n\tat org.testng.SuiteRunner.run(SuiteRunner.java:276)\n\tat org.testng.SuiteRunnerWorker.runSuite(SuiteRunnerWorker.java:53)\n\tat org.testng.SuiteRunnerWorker.run(SuiteRunnerWorker.java:96)\n\tat org.testng.TestNG.runSuitesSequentially(TestNG.java:1212)\n\tat org.testng.TestNG.runSuitesLocally(TestNG.java:1134)\n\tat org.testng.TestNG.runSuites(TestNG.java:1063)\n\tat org.testng.TestNG.run(TestNG.java:1031)\n\tat org.apache.maven.surefire.testng.TestNGExecutor.run(TestNGExecutor.java:136)\n\tat org.apache.maven.surefire.testng.TestNGDirectoryTestSuite.executeMulti(TestNGDirectoryTestSuite.java:193)\n\tat org.apache.maven.surefire.testng.TestNGDirectoryTestSuite.execute(TestNGDirectoryTestSuite.java:94)\n\tat org.apache.maven.surefire.testng.TestNGProvider.invoke(TestNGProvider.java:145)\n\tat org.apache.maven.surefire.booter.ForkedBooter.runSuitesInProcess(ForkedBooter.java:428)\n\tat org.apache.maven.surefire.booter.ForkedBooter.execute(ForkedBooter.java:162)\n\tat org.apache.maven.surefire.booter.ForkedBooter.run(ForkedBooter.java:562)\n\tat org.apache.maven.surefire.booter.ForkedBooter.main(ForkedBooter.java:548)\n",
    "steps" : [ ],
    "attachments" : [ ],
    "parameters" : [ ],
    "stepsCount" : 0,
    "attachmentsCount" : 0,
    "shouldDisplayMessage" : true,
    "hasContent" : true
  }, {
    "name" : "closureActivities",
    "time" : {
      "start" : 1620693167134,
      "stop" : 1620693167707,
      "duration" : 573
    },
    "description" : "",
    "status" : "passed",
    "steps" : [ {
      "name" : "Action [534]: Successfully Closed All Drivers.",
      "time" : {
        "start" : 1620693167135,
        "stop" : 1620693167135,
        "duration" : 0
      },
      "status" : "passed",
      "steps" : [ ],
      "attachments" : [ ],
      "parameters" : [ {
        "name" : "actionCounter",
        "value" : "534"
      }, {
        "name" : "logText",
        "value" : "Successfully Closed All Drivers."
      } ],
      "stepsCount" : 0,
      "attachmentsCount" : 0,
      "shouldDisplayMessage" : false,
      "hasContent" : true
    }, {
      "name" : "Action [535]: Issue Summary: Total Issues = 3, New issues for Failed Tests = 1, Open issues for Passed Tests = 2, Open issues for Failed Tests = 0. Kindly check the attached Issue details.",
      "time" : {
        "start" : 1620693167145,
        "stop" : 1620693167145,
        "duration" : 0
      },
      "status" : "passed",
      "steps" : [ ],
      "attachments" : [ {
        "uid" : "3c6c5f9d74490dcb",
        "name" : "Attachment: SHAFT Engine Logs - Issues log CSV: 20210511-003247",
        "source" : "3c6c5f9d74490dcb.csv",
        "type" : "text/csv",
        "size" : 384
      } ],
      "parameters" : [ {
        "name" : "actionCounter",
        "value" : "535"
      }, {
        "name" : "logText",
        "value" : "Issue Summary: Total Issues = 3, New issues for Failed Tests = 1, Open issues for Passed Tests = 2, Open issues for Failed Tests = 0. Kindly check the attached Issue details."
      }, {
        "name" : "attachments",
        "value" : "[[SHAFT Engine Logs, Issues log CSV: 20210511-003247, java.io.ByteArrayInputStream@156bb545]]"
      } ],
      "stepsCount" : 0,
      "attachmentsCount" : 1,
      "shouldDisplayMessage" : false,
      "hasContent" : true
    } ],
    "attachments" : [ {
      "uid" : "e080c69e8e3918b6",
      "name" : "Attachment: SHAFT Engine Logs - Execution log: 20210511-003247",
      "source" : "e080c69e8e3918b6.txt",
      "type" : "text/plain",
      "size" : 251716
    }, {
      "uid" : "2fa95811a34d3ae0",
      "name" : "Attachment: HTML - Extent Emailable Execution Report",
      "source" : "2fa95811a34d3ae0.html",
      "type" : "text/html",
      "size" : 7643036
    } ],
    "parameters" : [ ],
    "stepsCount" : 2,
    "attachmentsCount" : 3,
    "shouldDisplayMessage" : false,
    "hasContent" : true
  } ],
  "labels" : [ {
    "name" : "package",
    "value" : "testPackage01.Test_google_playwright"
  }, {
    "name" : "testClass",
    "value" : "testPackage01.Test_google_playwright"
  }, {
    "name" : "testMethod",
    "value" : "searchForQueryandAssertResultsNumDisplayed"
  }, {
    "name" : "parentSuite",
    "value" : "SHAFT: Custom Suite"
  }, {
    "name" : "suite",
    "value" : "SHAFT: Custom Test"
  }, {
    "name" : "subSuite",
    "value" : "testPackage01.Test_google_playwright"
  }, {
    "name" : "host",
    "value" : "fv-az292-842"
  }, {
    "name" : "thread",
    "value" : "3851@fv-az292-842.main(1)"
  }, {
    "name" : "framework",
    "value" : "testng"
  }, {
    "name" : "language",
    "value" : "java"
  }, {
    "name" : "resultFormat",
    "value" : "allure2"
  } ],
  "parameters" : [ ],
  "links" : [ ],
  "hidden" : false,
  "retry" : false,
  "extra" : {
    "severity" : "normal",
    "retries" : [ ],
    "categories" : [ {
      "name" : "Test defects",
      "matchedStatuses" : [ ],
      "flaky" : false
    } ],
    "history" : {
      "statistic" : {
        "failed" : 0,
        "broken" : 1,
        "skipped" : 1,
        "passed" : 0,
        "unknown" : 0,
        "total" : 2
      },
      "items" : [ {
        "uid" : "48492772ec539803",
        "reportUrl" : "https://MohabMohie.github.io/SHAFT_ENGINE/allure/450//#testresult/48492772ec539803",
        "status" : "skipped",
        "statusDetails" : "Method Test_google_playwright.searchForQueryandAssertResultsNumDisplayed()[pri:0, instance:testPackage01.Test_google_playwright@1816e24a] depends on not successfully finished methods",
        "time" : {
          "start" : 1620640686418,
          "stop" : 1620640686419,
          "duration" : 1
        }
      } ]
    },
    "tags" : [ ]
  },
  "source" : "b5a962fa1c34741d.json",
  "parameterValues" : [ ]
}