{
  "uid" : "526b9f0db44282e7",
  "name" : "f12",
  "fullName" : "testPackage01.Test_NewValidationHelper.f12",
  "historyId" : "8a583f3461f88d7c293779bde04a0e1d",
  "time" : {
    "start" : 1617067575374,
    "stop" : 1617067575775,
    "duration" : 401
  },
  "status" : "passed",
  "flaky" : false,
  "newFailed" : false,
  "beforeStages" : [ {
    "name" : "openBrowser",
    "time" : {
      "start" : 1617067573707,
      "stop" : 1617067575347,
      "duration" : 1640
    },
    "description" : "",
    "status" : "passed",
    "steps" : [ {
      "name" : "Action [55]: Attempting to run remotely on: [Linux-64], [GoogleChrome], [http://localhost:4444/wd/hub], Headless Execution.",
      "time" : {
        "start" : 1617067573708,
        "stop" : 1617067573708,
        "duration" : 0
      },
      "status" : "passed",
      "steps" : [ ],
      "attachments" : [ ],
      "parameters" : [ {
        "name" : "actionCounter",
        "value" : "55"
      }, {
        "name" : "logText",
        "value" : "Attempting to run remotely on: [Linux-64], [GoogleChrome], [http://localhost:4444/wd/hub], Headless Execution."
      } ],
      "stepsCount" : 0,
      "attachmentsCount" : 0,
      "shouldDisplayMessage" : false,
      "hasContent" : true
    }, {
      "name" : "Action [56]: Successfully Opened [GoogleChrome].",
      "time" : {
        "start" : 1617067573948,
        "stop" : 1617067573948,
        "duration" : 0
      },
      "status" : "passed",
      "steps" : [ ],
      "attachments" : [ ],
      "parameters" : [ {
        "name" : "actionCounter",
        "value" : "56"
      }, {
        "name" : "logText",
        "value" : "Successfully Opened [GoogleChrome]."
      } ],
      "stepsCount" : 0,
      "attachmentsCount" : 0,
      "shouldDisplayMessage" : false,
      "hasContent" : true
    }, {
      "name" : "Action [57]: Browser Action [navigateToURL] successfully performed. With the following test data [https://the-internet.herokuapp.com/].",
      "time" : {
        "start" : 1617067575343,
        "stop" : 1617067575347,
        "duration" : 4
      },
      "status" : "passed",
      "steps" : [ ],
      "attachments" : [ ],
      "parameters" : [ {
        "name" : "actionCounter",
        "value" : "57"
      }, {
        "name" : "logText",
        "value" : "Browser Action [navigateToURL] successfully performed. With the following test data [https://the-internet.herokuapp.com/]."
      }, {
        "name" : "attachments",
        "value" : "[null]"
      } ],
      "stepsCount" : 0,
      "attachmentsCount" : 0,
      "shouldDisplayMessage" : false,
      "hasContent" : true
    } ],
    "attachments" : [ {
      "uid" : "79543fcbffaad035",
      "name" : "Attachment: SHAFT Engine Logs - Current Method log: openBrowser",
      "source" : "79543fcbffaad035.txt",
      "type" : "text/plain",
      "size" : 744
    } ],
    "parameters" : [ ],
    "stepsCount" : 3,
    "attachmentsCount" : 1,
    "shouldDisplayMessage" : false,
    "hasContent" : true
  } ],
  "testStage" : {
    "status" : "passed",
    "steps" : [ {
      "name" : "Action [58]: AssertElementExists FAILED; Expected [Element Should not Exist, locator 'By.tagName: h1'] and Actual [Element Exists]. Comparison Type [EQUALS]. Validation Type [NEGATIVE].",
      "time" : {
        "start" : 1617067575772,
        "stop" : 1617067575774,
        "duration" : 2
      },
      "status" : "passed",
      "steps" : [ ],
      "attachments" : [ {
        "uid" : "b75b22140b71d06d",
        "name" : "Attachment: Screenshot - 1617067575675_f12_AssertElementExists_failed",
        "source" : "b75b22140b71d06d.png",
        "type" : "image/png",
        "size" : 158296
      } ],
      "parameters" : [ {
        "name" : "actionCounter",
        "value" : "58"
      }, {
        "name" : "logText",
        "value" : "AssertElementExists FAILED; Expected [Element Should not Exist, locator 'By.tagName: h1'] and Actual [Element Exists]. Comparison Type [EQUALS]. Validation Type [NEGATIVE]."
      }, {
        "name" : "attachments",
        "value" : "[[Screenshot, 1617067575675_f12_AssertElementExists_failed, java.io.ByteArrayInputStream@2ac0cb64]]"
      } ],
      "stepsCount" : 0,
      "attachmentsCount" : 1,
      "shouldDisplayMessage" : false,
      "hasContent" : true
    } ],
    "attachments" : [ {
      "uid" : "a8ca642a376d7aa3",
      "name" : "Attachment: SHAFT Engine Logs - Current Method log: f12",
      "source" : "a8ca642a376d7aa3.txt",
      "type" : "text/plain",
      "size" : 837
    } ],
    "parameters" : [ ],
    "stepsCount" : 1,
    "attachmentsCount" : 2,
    "shouldDisplayMessage" : false,
    "hasContent" : true
  },
  "afterStages" : [ {
    "name" : "closeBrowser",
    "time" : {
      "start" : 1617067575775,
      "stop" : 1617067576629,
      "duration" : 854
    },
    "description" : "",
    "status" : "passed",
    "steps" : [ {
      "name" : "Action [59]: Successfully Closed All Browsers.",
      "time" : {
        "start" : 1617067576629,
        "stop" : 1617067576629,
        "duration" : 0
      },
      "status" : "passed",
      "steps" : [ ],
      "attachments" : [ ],
      "parameters" : [ {
        "name" : "actionCounter",
        "value" : "59"
      }, {
        "name" : "logText",
        "value" : "Successfully Closed All Browsers."
      } ],
      "stepsCount" : 0,
      "attachmentsCount" : 0,
      "shouldDisplayMessage" : false,
      "hasContent" : true
    } ],
    "attachments" : [ {
      "uid" : "64bf09321e23488",
      "name" : "Attachment: Selenium WebDriver Logs - server",
      "source" : "64bf09321e23488.txt",
      "type" : "text/plain",
      "size" : 1288
    }, {
      "uid" : "ab63901e7d6cdfa5",
      "name" : "Attachment: Selenium WebDriver Logs - performance",
      "source" : "ab63901e7d6cdfa5.txt",
      "type" : "text/plain",
      "size" : 61838
    }, {
      "uid" : "b86b77ae9890711",
      "name" : "Attachment: Selenium WebDriver Logs - browser",
      "source" : "b86b77ae9890711.txt",
      "type" : "text/plain",
      "size" : 759
    }, {
      "uid" : "4f272d713fe6f3e7",
      "name" : "Attachment: Selenium WebDriver Logs - driver",
      "source" : "4f272d713fe6f3e7.txt",
      "type" : "text/plain",
      "size" : 205187
    }, {
      "uid" : "6913d43497de6566",
      "name" : "Attachment: SHAFT Engine Logs - Current Method log: closeBrowser",
      "source" : "6913d43497de6566.txt",
      "type" : "text/plain",
      "size" : 531
    } ],
    "parameters" : [ ],
    "stepsCount" : 1,
    "attachmentsCount" : 5,
    "shouldDisplayMessage" : false,
    "hasContent" : true
  }, {
    "name" : "closureActivities",
    "time" : {
      "start" : 1617067881852,
      "stop" : 1617067882545,
      "duration" : 693
    },
    "description" : "",
    "status" : "passed",
    "steps" : [ {
      "name" : "Action [522]: Successfully Closed All Browsers.",
      "time" : {
        "start" : 1617067881852,
        "stop" : 1617067881852,
        "duration" : 0
      },
      "status" : "passed",
      "steps" : [ ],
      "attachments" : [ ],
      "parameters" : [ {
        "name" : "actionCounter",
        "value" : "522"
      }, {
        "name" : "logText",
        "value" : "Successfully Closed All Browsers."
      } ],
      "stepsCount" : 0,
      "attachmentsCount" : 0,
      "shouldDisplayMessage" : false,
      "hasContent" : true
    }, {
      "name" : "Action [523]: Issue Summary: Total Issues = 2, New issues for Failed Tests = 0, Open issues for Passed Tests = 2, Open issues for Failed Tests = 0. Kindly check the attached Issue details.",
      "time" : {
        "start" : 1617067881866,
        "stop" : 1617067881867,
        "duration" : 1
      },
      "status" : "passed",
      "steps" : [ ],
      "attachments" : [ {
        "uid" : "7e8db3cc3a1b743e",
        "name" : "Attachment: SHAFT Engine Logs - Issues log CSV: 20210330-013121",
        "source" : "7e8db3cc3a1b743e.csv",
        "type" : "text/csv",
        "size" : 228
      } ],
      "parameters" : [ {
        "name" : "actionCounter",
        "value" : "523"
      }, {
        "name" : "logText",
        "value" : "Issue Summary: Total Issues = 2, New issues for Failed Tests = 0, Open issues for Passed Tests = 2, Open issues for Failed Tests = 0. Kindly check the attached Issue details."
      }, {
        "name" : "attachments",
        "value" : "[[SHAFT Engine Logs, Issues log CSV: 20210330-013121, java.io.ByteArrayInputStream@2027ca12]]"
      } ],
      "stepsCount" : 0,
      "attachmentsCount" : 1,
      "shouldDisplayMessage" : false,
      "hasContent" : true
    } ],
    "attachments" : [ {
      "uid" : "d62ed0ced198dc0b",
      "name" : "Attachment: SHAFT Engine Logs - Execution log: 20210330-013121",
      "source" : "d62ed0ced198dc0b.txt",
      "type" : "text/plain",
      "size" : 385707
    }, {
      "uid" : "a7d60774acd2e994",
      "name" : "Attachment: HTML - Extent Emailable Execution Report",
      "source" : "a7d60774acd2e994.html",
      "type" : "text/html",
      "size" : 7314740
    } ],
    "parameters" : [ ],
    "stepsCount" : 2,
    "attachmentsCount" : 3,
    "shouldDisplayMessage" : false,
    "hasContent" : true
  } ],
  "labels" : [ {
    "name" : "package",
    "value" : "testPackage01.Test_NewValidationHelper"
  }, {
    "name" : "testClass",
    "value" : "testPackage01.Test_NewValidationHelper"
  }, {
    "name" : "testMethod",
    "value" : "f12"
  }, {
    "name" : "parentSuite",
    "value" : "SHAFT_Engine: Custom Suite"
  }, {
    "name" : "suite",
    "value" : "SHAFT_Engine: Custom Test"
  }, {
    "name" : "subSuite",
    "value" : "testPackage01.Test_NewValidationHelper"
  }, {
    "name" : "host",
    "value" : "fv-az219-812"
  }, {
    "name" : "thread",
    "value" : "4038@fv-az219-812.main(1)"
  }, {
    "name" : "framework",
    "value" : "testng"
  }, {
    "name" : "language",
    "value" : "java"
  }, {
    "name" : "resultFormat",
    "value" : "allure2"
  } ],
  "parameters" : [ ],
  "links" : [ ],
  "hidden" : false,
  "retry" : false,
  "extra" : {
    "severity" : "normal",
    "retries" : [ ],
    "categories" : [ ],
    "tags" : [ ]
  },
  "source" : "526b9f0db44282e7.json",
  "parameterValues" : [ ]
}