{
  "uid" : "fa784e42a0164c3a",
  "name" : "f12",
  "fullName" : "testPackage01.Test_NewValidationHelper.f12",
  "historyId" : "8a583f3461f88d7c293779bde04a0e1d",
  "time" : {
    "start" : 1620640567702,
    "stop" : 1620640568030,
    "duration" : 328
  },
  "status" : "passed",
  "flaky" : false,
  "newFailed" : false,
  "beforeStages" : [ {
    "name" : "openBrowser",
    "time" : {
      "start" : 1620640566956,
      "stop" : 1620640567700,
      "duration" : 744
    },
    "description" : "",
    "status" : "passed",
    "steps" : [ {
      "name" : "Action [369]: Attempting to run remotely on: [Linux-64], [GoogleChrome], [http://localhost:4444/wd/hub], Headless Execution.",
      "time" : {
        "start" : 1620640566956,
        "stop" : 1620640566956,
        "duration" : 0
      },
      "status" : "passed",
      "steps" : [ ],
      "attachments" : [ ],
      "parameters" : [ {
        "name" : "actionCounter",
        "value" : "369"
      }, {
        "name" : "logText",
        "value" : "Attempting to run remotely on: [Linux-64], [GoogleChrome], [http://localhost:4444/wd/hub], Headless Execution."
      } ],
      "stepsCount" : 0,
      "attachmentsCount" : 0,
      "shouldDisplayMessage" : false,
      "hasContent" : true
    }, {
      "name" : "Action [370]: Successfully Opened [GoogleChrome].",
      "time" : {
        "start" : 1620640567185,
        "stop" : 1620640567185,
        "duration" : 0
      },
      "status" : "passed",
      "steps" : [ ],
      "attachments" : [ ],
      "parameters" : [ {
        "name" : "actionCounter",
        "value" : "370"
      }, {
        "name" : "logText",
        "value" : "Successfully Opened [GoogleChrome]."
      } ],
      "stepsCount" : 0,
      "attachmentsCount" : 0,
      "shouldDisplayMessage" : false,
      "hasContent" : true
    }, {
      "name" : "Action [371]: Browser Action [navigateToURL] successfully performed. With the following test data [https://the-internet.herokuapp.com/].",
      "time" : {
        "start" : 1620640567700,
        "stop" : 1620640567700,
        "duration" : 0
      },
      "status" : "passed",
      "steps" : [ ],
      "attachments" : [ ],
      "parameters" : [ {
        "name" : "actionCounter",
        "value" : "371"
      }, {
        "name" : "logText",
        "value" : "Browser Action [navigateToURL] successfully performed. With the following test data [https://the-internet.herokuapp.com/]."
      }, {
        "name" : "attachments",
        "value" : "[null]"
      } ],
      "stepsCount" : 0,
      "attachmentsCount" : 0,
      "shouldDisplayMessage" : false,
      "hasContent" : true
    } ],
    "attachments" : [ {
      "uid" : "c6503553f6de4044",
      "name" : "Attachment: SHAFT Engine Logs - Current Method log: openBrowser",
      "source" : "c6503553f6de4044.txt",
      "type" : "text/plain",
      "size" : 744
    } ],
    "parameters" : [ ],
    "stepsCount" : 3,
    "attachmentsCount" : 1,
    "shouldDisplayMessage" : false,
    "hasContent" : true
  } ],
  "testStage" : {
    "status" : "passed",
    "steps" : [ {
      "name" : "Action [372]: AssertElementExists FAILED; Expected [Element Should not Exist, locator 'By.tagName: h1'] and Actual [Element Exists]. Comparison Type [EQUALS]. Validation Type [NEGATIVE].",
      "time" : {
        "start" : 1620640568028,
        "stop" : 1620640568029,
        "duration" : 1
      },
      "status" : "passed",
      "steps" : [ ],
      "attachments" : [ {
        "uid" : "66339da8c27918a0",
        "name" : "Attachment: Screenshot - 1620640567936_f12_AssertElementExists_failed",
        "source" : "66339da8c27918a0.png",
        "type" : "image/png",
        "size" : 158296
      } ],
      "parameters" : [ {
        "name" : "actionCounter",
        "value" : "372"
      }, {
        "name" : "logText",
        "value" : "AssertElementExists FAILED; Expected [Element Should not Exist, locator 'By.tagName: h1'] and Actual [Element Exists]. Comparison Type [EQUALS]. Validation Type [NEGATIVE]."
      }, {
        "name" : "attachments",
        "value" : "[[Screenshot, 1620640567936_f12_AssertElementExists_failed, java.io.ByteArrayInputStream@48e0787]]"
      } ],
      "stepsCount" : 0,
      "attachmentsCount" : 1,
      "shouldDisplayMessage" : false,
      "hasContent" : true
    } ],
    "attachments" : [ {
      "uid" : "dafc4cae6c2bf59f",
      "name" : "Attachment: SHAFT Engine Logs - Current Method log: f12",
      "source" : "dafc4cae6c2bf59f.txt",
      "type" : "text/plain",
      "size" : 837
    } ],
    "parameters" : [ ],
    "stepsCount" : 1,
    "attachmentsCount" : 2,
    "shouldDisplayMessage" : false,
    "hasContent" : true
  },
  "afterStages" : [ {
    "name" : "closeBrowser",
    "time" : {
      "start" : 1620640568030,
      "stop" : 1620640568201,
      "duration" : 171
    },
    "description" : "",
    "status" : "passed",
    "steps" : [ {
      "name" : "Action [373]: Successfully Closed All Drivers.",
      "time" : {
        "start" : 1620640568201,
        "stop" : 1620640568201,
        "duration" : 0
      },
      "status" : "passed",
      "steps" : [ ],
      "attachments" : [ ],
      "parameters" : [ {
        "name" : "actionCounter",
        "value" : "373"
      }, {
        "name" : "logText",
        "value" : "Successfully Closed All Drivers."
      } ],
      "stepsCount" : 0,
      "attachmentsCount" : 0,
      "shouldDisplayMessage" : false,
      "hasContent" : true
    } ],
    "attachments" : [ {
      "uid" : "78af717052714d02",
      "name" : "Attachment: Selenium WebDriver Logs - server",
      "source" : "78af717052714d02.txt",
      "type" : "text/plain",
      "size" : 1288
    }, {
      "uid" : "ad3c133dc7b7e4df",
      "name" : "Attachment: Selenium WebDriver Logs - performance",
      "source" : "ad3c133dc7b7e4df.txt",
      "type" : "text/plain",
      "size" : 67750
    }, {
      "uid" : "e9251ddddc2d492c",
      "name" : "Attachment: Selenium WebDriver Logs - browser",
      "source" : "e9251ddddc2d492c.txt",
      "type" : "text/plain",
      "size" : 296
    }, {
      "uid" : "e67a1be3543ec34e",
      "name" : "Attachment: Selenium WebDriver Logs - driver",
      "source" : "e67a1be3543ec34e.txt",
      "type" : "text/plain",
      "size" : 207651
    }, {
      "uid" : "9651cf2cb16325a",
      "name" : "Attachment: SHAFT Engine Logs - Current Method log: closeBrowser",
      "source" : "9651cf2cb16325a.txt",
      "type" : "text/plain",
      "size" : 530
    } ],
    "parameters" : [ ],
    "stepsCount" : 1,
    "attachmentsCount" : 5,
    "shouldDisplayMessage" : false,
    "hasContent" : true
  }, {
    "name" : "closureActivities",
    "time" : {
      "start" : 1620640702241,
      "stop" : 1620640702845,
      "duration" : 604
    },
    "description" : "",
    "status" : "passed",
    "steps" : [ {
      "name" : "Action [531]: Successfully Closed All Drivers.",
      "time" : {
        "start" : 1620640702241,
        "stop" : 1620640702241,
        "duration" : 0
      },
      "status" : "passed",
      "steps" : [ ],
      "attachments" : [ ],
      "parameters" : [ {
        "name" : "actionCounter",
        "value" : "531"
      }, {
        "name" : "logText",
        "value" : "Successfully Closed All Drivers."
      } ],
      "stepsCount" : 0,
      "attachmentsCount" : 0,
      "shouldDisplayMessage" : false,
      "hasContent" : true
    }, {
      "name" : "Action [532]: Issue Summary: Total Issues = 2, New issues for Failed Tests = 0, Open issues for Passed Tests = 2, Open issues for Failed Tests = 0. Kindly check the attached Issue details.",
      "time" : {
        "start" : 1620640702264,
        "stop" : 1620640702264,
        "duration" : 0
      },
      "status" : "passed",
      "steps" : [ ],
      "attachments" : [ {
        "uid" : "c1119b278e7a6d41",
        "name" : "Attachment: SHAFT Engine Logs - Issues log CSV: 20210510-095822",
        "source" : "c1119b278e7a6d41.csv",
        "type" : "text/csv",
        "size" : 228
      } ],
      "parameters" : [ {
        "name" : "actionCounter",
        "value" : "532"
      }, {
        "name" : "logText",
        "value" : "Issue Summary: Total Issues = 2, New issues for Failed Tests = 0, Open issues for Passed Tests = 2, Open issues for Failed Tests = 0. Kindly check the attached Issue details."
      }, {
        "name" : "attachments",
        "value" : "[[SHAFT Engine Logs, Issues log CSV: 20210510-095822, java.io.ByteArrayInputStream@3b99b152]]"
      } ],
      "stepsCount" : 0,
      "attachmentsCount" : 1,
      "shouldDisplayMessage" : false,
      "hasContent" : true
    } ],
    "attachments" : [ {
      "uid" : "f22f0d4c20d28b79",
      "name" : "Attachment: SHAFT Engine Logs - Execution log: 20210510-095822",
      "source" : "f22f0d4c20d28b79.txt",
      "type" : "text/plain",
      "size" : 251352
    }, {
      "uid" : "da9b752db92f14e7",
      "name" : "Attachment: HTML - Extent Emailable Execution Report",
      "source" : "da9b752db92f14e7.html",
      "type" : "text/html",
      "size" : 7609206
    } ],
    "parameters" : [ ],
    "stepsCount" : 2,
    "attachmentsCount" : 3,
    "shouldDisplayMessage" : false,
    "hasContent" : true
  } ],
  "labels" : [ {
    "name" : "package",
    "value" : "testPackage01.Test_NewValidationHelper"
  }, {
    "name" : "testClass",
    "value" : "testPackage01.Test_NewValidationHelper"
  }, {
    "name" : "testMethod",
    "value" : "f12"
  }, {
    "name" : "parentSuite",
    "value" : "SHAFT: Custom Suite"
  }, {
    "name" : "suite",
    "value" : "SHAFT: Custom Test"
  }, {
    "name" : "subSuite",
    "value" : "testPackage01.Test_NewValidationHelper"
  }, {
    "name" : "host",
    "value" : "fv-az212-329"
  }, {
    "name" : "thread",
    "value" : "4372@fv-az212-329.main(1)"
  }, {
    "name" : "framework",
    "value" : "testng"
  }, {
    "name" : "language",
    "value" : "java"
  }, {
    "name" : "resultFormat",
    "value" : "allure2"
  } ],
  "parameters" : [ ],
  "links" : [ ],
  "hidden" : false,
  "retry" : false,
  "extra" : {
    "severity" : "normal",
    "retries" : [ ],
    "categories" : [ ],
    "tags" : [ ]
  },
  "source" : "fa784e42a0164c3a.json",
  "parameterValues" : [ ]
}