################################################################################################################################################
Detected SHAFT Engine Version: [SHAFT Engine v4.4]
################################################################################################################################################

################################################################################################################################################
Starting Execution:	[1 out of 134] test cases in the current suite
Test Method:		[testPackage01.Test_NewValidationActions.f1]
################################################################################################################################################
[ReportManager] Checking valid user data... @25-01-2021 20:25:51.0990 PM
[ReportManager] AssertEquals PASSED; Expected and Actual values are attached. Comparison Type [EQUALS]. Validation Type [POSITIVE]. @25-01-2021 20:25:52.0004 PM
[ReportManager] Successfully created attachment [Validation Test Data - Expected Value] @25-01-2021 20:25:52.0010 PM
[ReportManager] Successfully created attachment [Validation Test Data - Actual Value] @25-01-2021 20:25:52.0010 P
[ReportManager] File Action [getAbsolutePath] successfully performed. With the following test data [Relative Folder Path: "target/downloadedFiles/"]. @25-01-2021 20:25:52.0248 PM
[ReportManager] Attempting to run remotely on: [Linux-64], [GoogleChrome], [http://localhost:4444/wd/hub], Headless Execution. @25-01-2021 20:25:52.0287 PM
[ReportManager] An Exception Occured with this Message: Unable to create new remote session. desired capabilities = Capabilities {browserName: chrome, loggingPrefs: org.openqa.selenium.logging..., pageLoadStrategy: normal, platformName: LINUX}. @25-01-2021 20:25:54.0146 PM
[ReportManager] Successfully created attachment [Exception Stack Trace - org.openqa.selenium.SessionNotCreatedException] @25-01-2021 20:25:54.0147 PM
[ReportManager] Failed to run remotely on: [Linux-64], [GoogleChrome], [http://localhost:4444/wd/hub]. @25-01-2021 20:25:54.0148 PM
[ReportManager] Browser Factory Action [createNewRemoteDriverInstance] failed. With the following test data [Unhandled Error.]. @25-01-2021 20:25:54.0148 PM
[ReportManager] An Exception Occured with this Message: Unable to create new remote session. desired capabilities = Capabilities {browserName: chrome, loggingPrefs: org.openqa.selenium.logging..., pageLoadStrategy: normal, platformName: LINUX}. @25-01-2021 20:25:54.0156 PM
[ReportManager] Successfully created attachment [Exception Stack Trace - org.openqa.selenium.SessionNotCreatedException] @25-01-2021 20:25:54.0156 P

################################################################################################################################################
Starting Execution:	[2 out of 134] test cases in the current suite
Test Method:		[testPackage01.Test_NewValidationActions.f10]
###############################################################################################################################################



################################################################################################################################################
Starting Execution:	[3 out of 134] test cases in the current suite
Test Method:		[testPackage01.Test_NewValidationActions.f11]
###############################################################################################################################################



################################################################################################################################################
Starting Execution:	[4 out of 134] test cases in the current suite
Test Method:		[testPackage01.Test_NewValidationActions.f12]
###############################################################################################################################################



################################################################################################################################################
Starting Execution:	[5 out of 134] test cases in the current suite
Test Method:		[testPackage01.Test_NewValidationActions.f13]
###############################################################################################################################################



################################################################################################################################################
Starting Execution:	[6 out of 134] test cases in the current suite
Test Method:		[testPackage01.Test_NewValidationActions.f14]
###############################################################################################################################################



################################################################################################################################################
Starting Execution:	[7 out of 134] test cases in the current suite
Test Method:		[testPackage01.Test_NewValidationActions.f15]
###############################################################################################################################################



################################################################################################################################################
Starting Execution:	[8 out of 134] test cases in the current suite
Test Method:		[testPackage01.Test_NewValidationActions.f16]
###############################################################################################################################################



################################################################################################################################################
Starting Execution:	[9 out of 134] test cases in the current suite
Test Method:		[testPackage01.Test_NewValidationActions.f17]
###############################################################################################################################################



################################################################################################################################################
Starting Execution:	[10 out of 134] test cases in the current suite
Test Method:		[testPackage01.Test_NewValidationActions.f18]
###############################################################################################################################################



################################################################################################################################################
Starting Execution:	[11 out of 134] test cases in the current suite
Test Method:		[testPackage01.Test_NewValidationActions.f19]
###############################################################################################################################################


################################################################################################################################################
Starting Execution:	[12 out of 134] test cases in the current suite
Test Method:		[testPackage01.Test_NewValidationActions.f2]
###############################################################################################################################################


################################################################################################################################################
Starting Execution:	[13 out of 134] test cases in the current suite
Test Method:		[testPackage01.Test_NewValidationActions.f20]
###############################################################################################################################################



################################################################################################################################################
Starting Execution:	[14 out of 134] test cases in the current suite
Test Method:		[testPackage01.Test_NewValidationActions.f21]
###############################################################################################################################################



################################################################################################################################################
Starting Execution:	[15 out of 134] test cases in the current suite
Test Method:		[testPackage01.Test_NewValidationActions.f22]
###############################################################################################################################################


################################################################################################################################################
Starting Execution:	[16 out of 134] test cases in the current suite
Test Method:		[testPackage01.Test_NewValidationActions.f23]
###############################################################################################################################################

################################################################################################################################################
Starting Execution:	[17 out of 134] test cases in the current suite
Test Method:		[testPackage01.Test_NewValidationActions.f24]
###############################################################################################################################################

################################################################################################################################################
Starting Execution:	[18 out of 134] test cases in the current suite
Test Method:		[testPackage01.Test_NewValidationActions.f25]
###############################################################################################################################################

################################################################################################################################################
Starting Execution:	[19 out of 134] test cases in the current suite
Test Method:		[testPackage01.Test_NewValidationActions.f26]
###############################################################################################################################################

################################################################################################################################################
Starting Execution:	[20 out of 134] test cases in the current suite
Test Method:		[testPackage01.Test_NewValidationActions.f27]
###############################################################################################################################################

################################################################################################################################################
Starting Execution:	[21 out of 134] test cases in the current suite
Test Method:		[testPackage01.Test_NewValidationActions.f28]
###############################################################################################################################################

################################################################################################################################################
Starting Execution:	[22 out of 134] test cases in the current suite
Test Method:		[testPackage01.Test_NewValidationActions.f29]
###############################################################################################################################################

################################################################################################################################################
Starting Execution:	[23 out of 134] test cases in the current suite
Test Method:		[testPackage01.Test_NewValidationActions.f3]
###############################################################################################################################################

################################################################################################################################################
Starting Execution:	[24 out of 134] test cases in the current suite
Test Method:		[testPackage01.Test_NewValidationActions.f30]
###############################################################################################################################################

################################################################################################################################################
Starting Execution:	[25 out of 134] test cases in the current suite
Test Method:		[testPackage01.Test_NewValidationActions.f31]
###############################################################################################################################################

################################################################################################################################################
Starting Execution:	[26 out of 134] test cases in the current suite
Test Method:		[testPackage01.Test_NewValidationActions.f32]
###############################################################################################################################################

################################################################################################################################################
Starting Execution:	[27 out of 134] test cases in the current suite
Test Method:		[testPackage01.Test_NewValidationActions.f33]
###############################################################################################################################################

################################################################################################################################################
Starting Execution:	[28 out of 134] test cases in the current suite
Test Method:		[testPackage01.Test_NewValidationActions.f34]
###############################################################################################################################################

################################################################################################################################################
Starting Execution:	[29 out of 134] test cases in the current suite
Test Method:		[testPackage01.Test_NewValidationActions.f35]
###############################################################################################################################################

################################################################################################################################################
Starting Execution:	[30 out of 134] test cases in the current suite
Test Method:		[testPackage01.Test_NewValidationActions.f36]
###############################################################################################################################################

################################################################################################################################################
Starting Execution:	[31 out of 134] test cases in the current suite
Test Method:		[testPackage01.Test_NewValidationActions.f37]
###############################################################################################################################################

################################################################################################################################################
Starting Execution:	[32 out of 134] test cases in the current suite
Test Method:		[testPackage01.Test_NewValidationActions.f3_1]
###############################################################################################################################################

################################################################################################################################################
Starting Execution:	[33 out of 134] test cases in the current suite
Test Method:		[testPackage01.Test_NewValidationActions.f4]
###############################################################################################################################################

################################################################################################################################################
Starting Execution:	[34 out of 134] test cases in the current suite
Test Method:		[testPackage01.Test_NewValidationActions.f5]
###############################################################################################################################################

################################################################################################################################################
Starting Execution:	[35 out of 134] test cases in the current suite
Test Method:		[testPackage01.Test_NewValidationActions.f6]
###############################################################################################################################################

################################################################################################################################################
Starting Execution:	[36 out of 134] test cases in the current suite
Test Method:		[testPackage01.Test_NewValidationActions.f6_1]
###############################################################################################################################################

################################################################################################################################################
Starting Execution:	[37 out of 134] test cases in the current suite
Test Method:		[testPackage01.Test_NewValidationActions.f6_2]
###############################################################################################################################################

################################################################################################################################################
Starting Execution:	[38 out of 134] test cases in the current suite
Test Method:		[testPackage01.Test_NewValidationActions.f7]
###############################################################################################################################################


################################################################################################################################################
Starting Execution:	[39 out of 134] test cases in the current suite
Test Method:		[testPackage01.Test_NewValidationActions.f8]
###############################################################################################################################################



################################################################################################################################################
Starting Execution:	[40 out of 134] test cases in the current suite
Test Method:		[testPackage01.Test_NewValidationActions.f9]
###############################################################################################################################################


################################################################################################################################################
Starting Execution:	[41 out of 134] test cases in the current suite
Test Method:		[testPackage01.Test_NewValidationActions.forceFail]
###############################################################################################################################################

################################################################################################################################################
Starting Execution:	[42 out of 134] test cases in the current suite
Test Method:		[testPackage01.Test_NewValidationActions.forceFail2]
###############################################################################################################################################

################################################################################################################################################
Starting Execution:	[43 out of 134] test cases in the current suite
Test Method:		[testPackage01.Test_JSONFileManager.readStringFromJson]
################################################################################################################################################
[ReportManager] Successfully loaded the following test data file [src/test/resources/TestDataFiles/simpleJSON.json]. @25-01-2021 20:25:54.0521 PM
[ReportManager] Successfully created attachment [Test Data - JSON] @25-01-2021 20:25:54.0521 PM
[ReportManager] AssertEquals PASSED; Expected [Mohab Mohie] and Actual [Mohab Mohie]. Comparison Type [EQUALS]. Validation Type [POSITIVE]. @25-01-2021 20:25:56.0090 P

################################################################################################################################################
Starting Execution:	[44 out of 134] test cases in the current suite
Test Method:		[testPackage01.Test_SelectedValue.multipleSelect]
################################################################################################################################################
[ReportManager] File Action [getAbsolutePath] successfully performed. With the following test data [Relative Folder Path: "target/downloadedFiles/"]. @25-01-2021 20:25:56.0095 PM
[ReportManager] Attempting to run remotely on: [Linux-64], [GoogleChrome], [http://localhost:4444/wd/hub], Headless Execution. @25-01-2021 20:25:56.0095 PM
[ReportManager] An Exception Occured with this Message: Unable to create new remote session. desired capabilities = Capabilities {browserName: chrome, loggingPrefs: org.openqa.selenium.logging..., pageLoadStrategy: normal, platformName: LINUX}. @25-01-2021 20:25:57.0064 PM
[ReportManager] Successfully created attachment [Exception Stack Trace - org.openqa.selenium.SessionNotCreatedException] @25-01-2021 20:25:57.0064 PM
[ReportManager] Failed to run remotely on: [Linux-64], [GoogleChrome], [http://localhost:4444/wd/hub]. @25-01-2021 20:25:57.0065 PM
[ReportManager] Browser Factory Action [createNewRemoteDriverInstance] failed. With the following test data [Unhandled Error.]. @25-01-2021 20:25:57.0065 PM
[ReportManager] An Exception Occured with this Message: Unable to create new remote session. desired capabilities = Capabilities {browserName: chrome, loggingPrefs: org.openqa.selenium.logging..., pageLoadStrategy: normal, platformName: LINUX}. @25-01-2021 20:25:57.0066 PM
[ReportManager] Successfully created attachment [Exception Stack Trace - org.openqa.selenium.SessionNotCreatedException] @25-01-2021 20:25:57.0066 P

################################################################################################################################################
Starting Execution:	[45 out of 134] test cases in the current suite
Test Method:		[testPackage01.Test_SelectedValue.simpleSelect]
################################################################################################################################################
[ReportManager] File Action [getAbsolutePath] successfully performed. With the following test data [Relative Folder Path: "target/downloadedFiles/"]. @25-01-2021 20:25:57.0075 PM
[ReportManager] Attempting to run remotely on: [Linux-64], [GoogleChrome], [http://localhost:4444/wd/hub], Headless Execution. @25-01-2021 20:25:57.0076 PM
[ReportManager] An Exception Occured with this Message: Unable to create new remote session. desired capabilities = Capabilities {browserName: chrome, loggingPrefs: org.openqa.selenium.logging..., pageLoadStrategy: normal, platformName: LINUX}. @25-01-2021 20:25:58.0050 PM
[ReportManager] Successfully created attachment [Exception Stack Trace - org.openqa.selenium.SessionNotCreatedException] @25-01-2021 20:25:58.0051 PM
[ReportManager] Failed to run remotely on: [Linux-64], [GoogleChrome], [http://localhost:4444/wd/hub]. @25-01-2021 20:25:58.0051 PM
[ReportManager] Browser Factory Action [createNewRemoteDriverInstance] failed. With the following test data [Unhandled Error.]. @25-01-2021 20:25:58.0052 PM
[ReportManager] An Exception Occured with this Message: Unable to create new remote session. desired capabilities = Capabilities {browserName: chrome, loggingPrefs: org.openqa.selenium.logging..., pageLoadStrategy: normal, platformName: LINUX}. @25-01-2021 20:25:58.0052 PM
[ReportManager] Successfully created attachment [Exception Stack Trace - org.openqa.selenium.SessionNotCreatedException] @25-01-2021 20:25:58.0053 P

################################################################################################################################################
Starting Execution:	[46 out of 134] test cases in the current suite
Test Method:		[testPackage01.Test_chainableElementActions.chainElementActions]
################################################################################################################################################
[ReportManager] File Action [getAbsolutePath] successfully performed. With the following test data [Relative Folder Path: "target/downloadedFiles/"]. @25-01-2021 20:25:58.0063 PM
[ReportManager] Attempting to run remotely on: [Linux-64], [GoogleChrome], [http://localhost:4444/wd/hub], Headless Execution. @25-01-2021 20:25:58.0063 PM
[ReportManager] An Exception Occured with this Message: Unable to create new remote session. desired capabilities = Capabilities {browserName: chrome, loggingPrefs: org.openqa.selenium.logging..., pageLoadStrategy: normal, platformName: LINUX}. @25-01-2021 20:25:59.0043 PM
[ReportManager] Successfully created attachment [Exception Stack Trace - org.openqa.selenium.SessionNotCreatedException] @25-01-2021 20:25:59.0043 PM
[ReportManager] Failed to run remotely on: [Linux-64], [GoogleChrome], [http://localhost:4444/wd/hub]. @25-01-2021 20:25:59.0054 PM
[ReportManager] Browser Factory Action [createNewRemoteDriverInstance] failed. With the following test data [Unhandled Error.]. @25-01-2021 20:25:59.0055 PM
[ReportManager] An Exception Occured with this Message: Unable to create new remote session. desired capabilities = Capabilities {browserName: chrome, loggingPrefs: org.openqa.selenium.logging..., pageLoadStrategy: normal, platformName: LINUX}. @25-01-2021 20:25:59.0056 PM
[ReportManager] Successfully created attachment [Exception Stack Trace - org.openqa.selenium.SessionNotCreatedException] @25-01-2021 20:25:59.0056 P

################################################################################################################################################
Starting Execution:	[47 out of 134] test cases in the current suite
Test Method:		[testPackage01.Test_testData.f]
################################################################################################################################################
[ReportManager] Successfully loaded the following test data file [src/test/resources/TestDataFiles/testSuite01/TestData.xlsx]. @25-01-2021 20:25:59.0984 PM
[ReportManager] Successfully created attachment [Test Data - Excel] @25-01-2021 20:25:59.0989 PM
[ReportManager] Last Column Number is: [3]. Zero-based. @25-01-2021 20:25:59.0996 P
[ReportManager] Successfully loaded the following test data file [src/test/resources/TestDataFiles/testSuite01/TestData.xlsx]. @25-01-2021 20:26:00.0042 PM
[ReportManager] Successfully created attachment [Test Data - Excel] @25-01-2021 20:26:00.0043 PM
[ReportManager] File Action [getAbsolutePath] successfully performed. With the following test data [Relative Folder Path: "target/downloadedFiles/"]. @25-01-2021 20:26:00.0043 PM
[ReportManager] Attempting to run remotely on: [Linux-64], [GoogleChrome], [http://localhost:4444/wd/hub], Headless Execution. @25-01-2021 20:26:00.0043 PM
[ReportManager] An Exception Occured with this Message: Unable to create new remote session. desired capabilities = Capabilities {browserName: chrome, loggingPrefs: org.openqa.selenium.logging..., pageLoadStrategy: normal, platformName: LINUX}. @25-01-2021 20:26:01.0098 PM
[ReportManager] Successfully created attachment [Exception Stack Trace - org.openqa.selenium.SessionNotCreatedException] @25-01-2021 20:26:01.0101 PM
[ReportManager] Failed to run remotely on: [Linux-64], [GoogleChrome], [http://localhost:4444/wd/hub]. @25-01-2021 20:26:01.0102 PM
[ReportManager] Browser Factory Action [createNewRemoteDriverInstance] failed. With the following test data [Unhandled Error.]. @25-01-2021 20:26:01.0102 PM
[ReportManager] An Exception Occured with this Message: Unable to create new remote session. desired capabilities = Capabilities {browserName: chrome, loggingPrefs: org.openqa.selenium.logging..., pageLoadStrategy: normal, platformName: LINUX}. @25-01-2021 20:26:01.0110 PM
[ReportManager] Successfully created attachment [Exception Stack Trace - org.openqa.selenium.SessionNotCreatedException] @25-01-2021 20:26:01.0110 P

################################################################################################################################################
Starting Execution:	[48 out of 134] test cases in the current suite
Test Method:		[testPackage01.Test_google.navigateToURLandVerifyGoogleLogoIsDisplayed]
Test Description:	[TC001 - Navigate to URL and Verify Google Logo is Displayed]
###############################################################################################################################################

################################################################################################################################################
Starting Execution:	[49 out of 134] test cases in the current suite
Test Method:		[testPackage01.Test_google.searchForQueryandAssertResultsNumDisplayed]
Test Description:	[TC002 - Search for Query and Assert that the number of results is displayed]
###############################################################################################################################################

################################################################################################################################################
Starting Execution:	[50 out of 134] test cases in the current suite
Test Method:		[testPackage01.Test_google.clickNextThrice]
Test Description:	[TC003 - Clicks the next button to make sure that the framework can scroll element into view before clicking it]
###############################################################################################################################################

[ReportManager] File Action [getAbsolutePath] successfully performed. With the following test data [Relative Folder Path: "target/downloadedFiles/"]. @25-01-2021 20:26:01.0146 PM
[ReportManager] Attempting to run remotely on: [Linux-64], [GoogleChrome], [http://localhost:4444/wd/hub], Headless Execution. @25-01-2021 20:26:01.0146 PM
[ReportManager] An Exception Occured with this Message: Unable to create new remote session. desired capabilities = Capabilities {browserName: chrome, loggingPrefs: org.openqa.selenium.logging..., pageLoadStrategy: normal, platformName: LINUX}. @25-01-2021 20:26:02.0061 PM
[ReportManager] Successfully created attachment [Exception Stack Trace - org.openqa.selenium.SessionNotCreatedException] @25-01-2021 20:26:02.0061 PM
[ReportManager] Failed to run remotely on: [Linux-64], [GoogleChrome], [http://localhost:4444/wd/hub]. @25-01-2021 20:26:02.0061 PM
[ReportManager] Browser Factory Action [createNewRemoteDriverInstance] failed. With the following test data [Unhandled Error.]. @25-01-2021 20:26:02.0062 PM
[ReportManager] An Exception Occured with this Message: Unable to create new remote session. desired capabilities = Capabilities {browserName: chrome, loggingPrefs: org.openqa.selenium.logging..., pageLoadStrategy: normal, platformName: LINUX}. @25-01-2021 20:26:02.0064 PM
[ReportManager] Successfully created attachment [Exception Stack Trace - org.openqa.selenium.SessionNotCreatedException] @25-01-2021 20:26:02.0064 P

################################################################################################################################################
Starting Execution:	[51 out of 134] test cases in the current suite
Test Method:		[testPackage01.Test_verifyEquals.test_assertElementAttribute]
###############################################################################################################################################

[ReportManager] File Action [getAbsolutePath] successfully performed. With the following test data [Relative Folder Path: "target/downloadedFiles/"]. @25-01-2021 20:26:02.0120 PM
[ReportManager] Attempting to run remotely on: [Linux-64], [GoogleChrome], [http://localhost:4444/wd/hub], Headless Execution. @25-01-2021 20:26:02.0121 PM
[ReportManager] An Exception Occured with this Message: Unable to create new remote session. desired capabilities = Capabilities {browserName: chrome, loggingPrefs: org.openqa.selenium.logging..., pageLoadStrategy: normal, platformName: LINUX}. @25-01-2021 20:26:03.0063 PM
[ReportManager] Successfully created attachment [Exception Stack Trace - org.openqa.selenium.SessionNotCreatedException] @25-01-2021 20:26:03.0063 PM
[ReportManager] Failed to run remotely on: [Linux-64], [GoogleChrome], [http://localhost:4444/wd/hub]. @25-01-2021 20:26:03.0064 PM
[ReportManager] Browser Factory Action [createNewRemoteDriverInstance] failed. With the following test data [Unhandled Error.]. @25-01-2021 20:26:03.0065 PM
[ReportManager] An Exception Occured with this Message: Unable to create new remote session. desired capabilities = Capabilities {browserName: chrome, loggingPrefs: org.openqa.selenium.logging..., pageLoadStrategy: normal, platformName: LINUX}. @25-01-2021 20:26:03.0069 PM
[ReportManager] Successfully created attachment [Exception Stack Trace - org.openqa.selenium.SessionNotCreatedException] @25-01-2021 20:26:03.0069 P

################################################################################################################################################
Starting Execution:	[52 out of 134] test cases in the current suite
Test Method:		[testPackage01.Test_IsElementClickable.testIsElementClickable]
###############################################################################################################################################


################################################################################################################################################
Starting Execution:	[53 out of 134] test cases in the current suite
Test Method:		[testPackage01.Test_SkipDueToIssue.doNotSkip]
################################################################################################################################################
[ReportManager] This should not be skipped. @25-01-2021 20:26:03.0091 P

################################################################################################################################################
Starting Execution:	[54 out of 134] test cases in the current suite
Test Method:		[testPackage01.Test_SkipDueToIssue.skip]
################################################################################################################################################
[ReportManager] This should be skipped. @25-01-2021 20:26:03.0106 P

################################################################################################################################################
Starting Execution:	[55 out of 134] test cases in the current suite
Test Method:		[testPackage01.Test_SkipDueToIssue.skip2]
################################################################################################################################################
[ReportManager] This should be skipped. @25-01-2021 20:26:03.0122 P

################################################################################################################################################
Starting Execution:	[56 out of 134] test cases in the current suite
Test Method:		[testPackage01.Test_JsonActions.f]
###############################################################################################################################################

################################################################################################################################################
Starting Execution:	[57 out of 134] test cases in the current suite
Test Method:		[testPackage01.Test_JsonActions.f2]
###############################################################################################################################################
[ReportManager] File Action [getAbsolutePath] successfully performed. With the following test data [Relative Folder Path: "target/downloadedFiles/"]. @25-01-2021 20:26:03.0222 PM
[ReportManager] Attempting to run remotely on: [Linux-64], [GoogleChrome], [http://localhost:4444/wd/hub], Headless Execution. @25-01-2021 20:26:03.0222 PM
[ReportManager] An Exception Occured with this Message: Unable to create new remote session. desired capabilities = Capabilities {browserName: chrome, loggingPrefs: org.openqa.selenium.logging..., pageLoadStrategy: normal, platformName: LINUX}. @25-01-2021 20:26:04.0031 PM
[ReportManager] Successfully created attachment [Exception Stack Trace - org.openqa.selenium.SessionNotCreatedException] @25-01-2021 20:26:04.0032 PM
[ReportManager] Failed to run remotely on: [Linux-64], [GoogleChrome], [http://localhost:4444/wd/hub]. @25-01-2021 20:26:04.0032 PM
[ReportManager] Browser Factory Action [createNewRemoteDriverInstance] failed. With the following test data [Unhandled Error.]. @25-01-2021 20:26:04.0032 PM
[ReportManager] An Exception Occured with this Message: Unable to create new remote session. desired capabilities = Capabilities {browserName: chrome, loggingPrefs: org.openqa.selenium.logging..., pageLoadStrategy: normal, platformName: LINUX}. @25-01-2021 20:26:04.0033 PM
[ReportManager] Successfully created attachment [Exception Stack Trace - org.openqa.selenium.SessionNotCreatedException] @25-01-2021 20:26:04.0033 P

################################################################################################################################################
Starting Execution:	[58 out of 134] test cases in the current suite
Test Method:		[testPackage01.Test_clipboardActions.typeTextAndCopyPaste]
###############################################################################################################################################

[ReportManager] File Action [getAbsolutePath] successfully performed. With the following test data [Relative Folder Path: "target/downloadedFiles/"]. @25-01-2021 20:26:04.0055 PM
[ReportManager] Attempting to run remotely on: [Linux-64], [GoogleChrome], [http://localhost:4444/wd/hub], Headless Execution. @25-01-2021 20:26:04.0056 PM
[ReportManager] An Exception Occured with this Message: Unable to create new remote session. desired capabilities = Capabilities {browserName: chrome, loggingPrefs: org.openqa.selenium.logging..., pageLoadStrategy: normal, platformName: LINUX}. @25-01-2021 20:26:05.0054 PM
[ReportManager] Successfully created attachment [Exception Stack Trace - org.openqa.selenium.SessionNotCreatedException] @25-01-2021 20:26:05.0055 PM
[ReportManager] Failed to run remotely on: [Linux-64], [GoogleChrome], [http://localhost:4444/wd/hub]. @25-01-2021 20:26:05.0056 PM
[ReportManager] Browser Factory Action [createNewRemoteDriverInstance] failed. With the following test data [Unhandled Error.]. @25-01-2021 20:26:05.0056 PM
[ReportManager] An Exception Occured with this Message: Unable to create new remote session. desired capabilities = Capabilities {browserName: chrome, loggingPrefs: org.openqa.selenium.logging..., pageLoadStrategy: normal, platformName: LINUX}. @25-01-2021 20:26:05.0057 PM
[ReportManager] Successfully created attachment [Exception Stack Trace - org.openqa.selenium.SessionNotCreatedException] @25-01-2021 20:26:05.0057 P

################################################################################################################################################
Starting Execution:	[59 out of 134] test cases in the current suite
Test Method:		[testPackage01.Test_ShadowDOM.shadowdom]
###############################################################################################################################################

[ReportManager] File Action [getAbsolutePath] successfully performed. With the following test data [Relative Folder Path: "target/downloadedFiles/"]. @25-01-2021 20:26:05.0087 PM
[ReportManager] Attempting to run remotely on: [Linux-64], [GoogleChrome], [http://localhost:4444/wd/hub], Headless Execution. @25-01-2021 20:26:05.0087 PM
[ReportManager] An Exception Occured with this Message: Unable to create new remote session. desired capabilities = Capabilities {browserName: chrome, loggingPrefs: org.openqa.selenium.logging..., pageLoadStrategy: normal, platformName: LINUX}. @25-01-2021 20:26:06.0035 PM
[ReportManager] Successfully created attachment [Exception Stack Trace - org.openqa.selenium.SessionNotCreatedException] @25-01-2021 20:26:06.0036 PM
[ReportManager] Failed to run remotely on: [Linux-64], [GoogleChrome], [http://localhost:4444/wd/hub]. @25-01-2021 20:26:06.0036 PM
[ReportManager] Browser Factory Action [createNewRemoteDriverInstance] failed. With the following test data [Unhandled Error.]. @25-01-2021 20:26:06.0037 PM
[ReportManager] An Exception Occured with this Message: Unable to create new remote session. desired capabilities = Capabilities {browserName: chrome, loggingPrefs: org.openqa.selenium.logging..., pageLoadStrategy: normal, platformName: LINUX}. @25-01-2021 20:26:06.0037 PM
[ReportManager] Successfully created attachment [Exception Stack Trace - org.openqa.selenium.SessionNotCreatedException] @25-01-2021 20:26:06.0038 P

################################################################################################################################################
Starting Execution:	[60 out of 134] test cases in the current suite
Test Method:		[testPackage01.Test_assertEquals.test_assertElementAttribute]
###############################################################################################################################################

[ReportManager] File Action [getAbsolutePath] successfully performed. With the following test data [Relative Folder Path: "target/downloadedFiles/"]. @25-01-2021 20:26:06.0049 PM
[ReportManager] Attempting to run remotely on: [Linux-64], [GoogleChrome], [http://localhost:4444/wd/hub], Headless Execution. @25-01-2021 20:26:06.0050 PM
[ReportManager] An Exception Occured with this Message: Unable to create new remote session. desired capabilities = Capabilities {browserName: chrome, loggingPrefs: org.openqa.selenium.logging..., pageLoadStrategy: normal, platformName: LINUX}. @25-01-2021 20:26:07.0037 PM
[ReportManager] Successfully created attachment [Exception Stack Trace - org.openqa.selenium.SessionNotCreatedException] @25-01-2021 20:26:07.0038 PM
[ReportManager] Failed to run remotely on: [Linux-64], [GoogleChrome], [http://localhost:4444/wd/hub]. @25-01-2021 20:26:07.0038 PM
[ReportManager] Browser Factory Action [createNewRemoteDriverInstance] failed. With the following test data [Unhandled Error.]. @25-01-2021 20:26:07.0038 PM
[ReportManager] An Exception Occured with this Message: Unable to create new remote session. desired capabilities = Capabilities {browserName: chrome, loggingPrefs: org.openqa.selenium.logging..., pageLoadStrategy: normal, platformName: LINUX}. @25-01-2021 20:26:07.0039 PM
[ReportManager] Successfully created attachment [Exception Stack Trace - org.openqa.selenium.SessionNotCreatedException] @25-01-2021 20:26:07.0039 P

################################################################################################################################################
Starting Execution:	[61 out of 134] test cases in the current suite
Test Method:		[testPackage01.Test_dragAndDrop.dragAndDropJquery]
###############################################################################################################################################



################################################################################################################################################
Starting Execution:	[62 out of 134] test cases in the current suite
Test Method:		[testPackage01.Test_dragAndDrop.dragAndDrop]
Test Description:	[TC001 - Test Drag and Drop function.]
###############################################################################################################################################



################################################################################################################################################
Starting Execution:	[63 out of 134] test cases in the current suite
Test Method:		[testPackage01.Test_dragAndDrop.dragAndDropByOffset]
Test Description:	[TC002 - Test Drag and Drop by offset function.]
###############################################################################################################################################


################################################################################################################################################
Starting Execution:	[64 out of 134] test cases in the current suite
Test Method:		[testPackage01.Test_JsonCompareWithSpecialCharacters.specialCharacters]
################################################################################################################################################
[ReportManager] File Action [getAbsolutePath] successfully performed. With the following test data [Relative Folder Path: "src/test/resources/TestJsonFiles/specialCharacters.json"]. @25-01-2021 20:26:07.0136 PM
[ReportManager] File Action [readFromFile] successfully performed. With the following test data [File Path: "/home/runner/work/SHAFT_ENGINE/SHAFT_ENGINE/src/test/resources/TestJsonFiles/specialCharacters.json"]. @25-01-2021 20:26:07.0138 PM
[ReportManager] Successfully created attachment [File Action Actual Result - Command Log] @25-01-2021 20:26:07.0138 PM
[ReportManager] Comparing the provided API response with the file at this path "src/test/resources/TestJsonFiles/specialCharacters.json", comparison type "EQUALS" @25-01-2021 20:26:07.0233 PM
[ReportManager] API Action [compareJSON] successfully performed. With the following test data [src/test/resources/TestJsonFiles/specialCharacters.json]. @25-01-2021 20:26:07.0363 PM
[ReportManager] File Action [getAbsolutePath] successfully performed. With the following test data [Relative Folder Path: "src/test/resources/TestJsonFiles/specialCharacters.json"]. @25-01-2021 20:26:07.0363 PM
[ReportManager] File Action [readFromFile] successfully performed. With the following test data [File Path: "/home/runner/work/SHAFT_ENGINE/SHAFT_ENGINE/src/test/resources/TestJsonFiles/specialCharacters.json"]. @25-01-2021 20:26:07.0365 PM
[ReportManager] VerifyJSONFileContent PASSED; Expected [Response data should match the JSON File in this path 'src/test/resources/TestJsonFiles/specialCharacters.json'] and Actual [TRUE]. Comparison Type [EQUALS]. Validation Type [POSITIVE]. @25-01-2021 20:26:07.0378 PM
[ReportManager] Successfully created attachment [Validation Test Data - Expected JSON Value] @25-01-2021 20:26:07.0378 PM
[ReportManager] Successfully created attachment [Validation Test Data - Actual JSON Value] @25-01-2021 20:26:07.0386 P

################################################################################################################################################
Starting Execution:	[65 out of 134] test cases in the current suite
Test Method:		[testPackage01.Test_JsonCompareWithSpecialCharacters.specialCharacters_assertion]
################################################################################################################################################
[ReportManager] File Action [getAbsolutePath] successfully performed. With the following test data [Relative Folder Path: "src/test/resources/TestJsonFiles/specialCharacters.json"]. @25-01-2021 20:26:07.0401 PM
[ReportManager] File Action [readFromFile] successfully performed. With the following test data [File Path: "/home/runner/work/SHAFT_ENGINE/SHAFT_ENGINE/src/test/resources/TestJsonFiles/specialCharacters.json"]. @25-01-2021 20:26:07.0402 PM
[ReportManager] Successfully created attachment [File Action Actual Result - Command Log] @25-01-2021 20:26:07.0403 PM
[ReportManager] trying out the log message... @25-01-2021 20:26:07.0404 PM
[ReportManager] Comparing the provided API response with the file at this path "src/test/resources/TestJsonFiles/specialCharacters.json", comparison type "CONTAINS" @25-01-2021 20:26:07.0404 PM
[ReportManager] API Action [compareJSON] successfully performed. With the following test data [src/test/resources/TestJsonFiles/specialCharacters.json]. @25-01-2021 20:26:07.0425 PM
[ReportManager] File Action [getAbsolutePath] successfully performed. With the following test data [Relative Folder Path: "src/test/resources/TestJsonFiles/specialCharacters.json"]. @25-01-2021 20:26:07.0425 PM
[ReportManager] File Action [readFromFile] successfully performed. With the following test data [File Path: "/home/runner/work/SHAFT_ENGINE/SHAFT_ENGINE/src/test/resources/TestJsonFiles/specialCharacters.json"]. @25-01-2021 20:26:07.0426 PM
[ReportManager] AssertJSONFileContent PASSED; Expected [Response data should match the JSON File in this path 'src/test/resources/TestJsonFiles/specialCharacters.json'] and Actual [TRUE]. Comparison Type [CONTAINS]. Validation Type [POSITIVE]. @25-01-2021 20:26:07.0434 PM
[ReportManager] Successfully created attachment [Validation Test Data - Expected JSON Value] @25-01-2021 20:26:07.0438 PM
[ReportManager] Successfully created attachment [Validation Test Data - Actual JSON Value] @25-01-2021 20:26:07.0439 P
[ReportManager] File Action [getAbsolutePath] successfully performed. With the following test data [Relative Folder Path: "target/downloadedFiles/"]. @25-01-2021 20:26:07.0441 PM
[ReportManager] Attempting to run remotely on: [Linux-64], [GoogleChrome], [http://localhost:4444/wd/hub], Headless Execution. @25-01-2021 20:26:07.0441 PM
[ReportManager] An Exception Occured with this Message: Unable to create new remote session. desired capabilities = Capabilities {browserName: chrome, loggingPrefs: org.openqa.selenium.logging..., pageLoadStrategy: normal, platformName: LINUX}. @25-01-2021 20:26:08.0060 PM
[ReportManager] Successfully created attachment [Exception Stack Trace - org.openqa.selenium.SessionNotCreatedException] @25-01-2021 20:26:08.0061 PM
[ReportManager] Failed to run remotely on: [Linux-64], [GoogleChrome], [http://localhost:4444/wd/hub]. @25-01-2021 20:26:08.0061 PM
[ReportManager] Browser Factory Action [createNewRemoteDriverInstance] failed. With the following test data [Unhandled Error.]. @25-01-2021 20:26:08.0062 PM
[ReportManager] An Exception Occured with this Message: Unable to create new remote session. desired capabilities = Capabilities {browserName: chrome, loggingPrefs: org.openqa.selenium.logging..., pageLoadStrategy: normal, platformName: LINUX}. @25-01-2021 20:26:08.0062 PM
[ReportManager] Successfully created attachment [Exception Stack Trace - org.openqa.selenium.SessionNotCreatedException] @25-01-2021 20:26:08.0063 P

################################################################################################################################################
Starting Execution:	[66 out of 134] test cases in the current suite
Test Method:		[testPackage01.Test_uploadFile.uploadFile_invisibleUploadInput]
###############################################################################################################################################



################################################################################################################################################
Starting Execution:	[67 out of 134] test cases in the current suite
Test Method:		[testPackage01.Test_uploadFile.uploadFile_visibleUploadInput]
###############################################################################################################################################

[ReportManager] File Action [getAbsolutePath] successfully performed. With the following test data [Relative Folder Path: "target/downloadedFiles/"]. @25-01-2021 20:26:08.0103 PM
[ReportManager] Attempting to run remotely on: [Linux-64], [GoogleChrome], [http://localhost:4444/wd/hub], Headless Execution. @25-01-2021 20:26:08.0103 PM
[ReportManager] An Exception Occured with this Message: Unable to create new remote session. desired capabilities = Capabilities {browserName: chrome, loggingPrefs: org.openqa.selenium.logging..., pageLoadStrategy: normal, platformName: LINUX}. @25-01-2021 20:26:09.0037 PM
[ReportManager] Successfully created attachment [Exception Stack Trace - org.openqa.selenium.SessionNotCreatedException] @25-01-2021 20:26:09.0037 PM
[ReportManager] Failed to run remotely on: [Linux-64], [GoogleChrome], [http://localhost:4444/wd/hub]. @25-01-2021 20:26:09.0037 PM
[ReportManager] Browser Factory Action [createNewRemoteDriverInstance] failed. With the following test data [Unhandled Error.]. @25-01-2021 20:26:09.0038 PM
[ReportManager] An Exception Occured with this Message: Unable to create new remote session. desired capabilities = Capabilities {browserName: chrome, loggingPrefs: org.openqa.selenium.logging..., pageLoadStrategy: normal, platformName: LINUX}. @25-01-2021 20:26:09.0038 PM
[ReportManager] Successfully created attachment [Exception Stack Trace - org.openqa.selenium.SessionNotCreatedException] @25-01-2021 20:26:09.0038 P

################################################################################################################################################
Starting Execution:	[68 out of 134] test cases in the current suite
Test Method:		[unitTests.tests_element_elementActions.waitForElementToBePresent_false_expectedToFail]
###############################################################################################################################################



################################################################################################################################################
Starting Execution:	[69 out of 134] test cases in the current suite
Test Method:		[unitTests.tests_element_elementActions.waitForElementToBePresent_false_expectedToPass]
###############################################################################################################################################



################################################################################################################################################
Starting Execution:	[70 out of 134] test cases in the current suite
Test Method:		[unitTests.tests_element_elementActions.waitForElementToBePresent_moreThanOneElement_expectedToFail]
###############################################################################################################################################



################################################################################################################################################
Starting Execution:	[71 out of 134] test cases in the current suite
Test Method:		[unitTests.tests_element_elementActions.waitForElementToBePresent_true_expectedToFail]
###############################################################################################################################################



################################################################################################################################################
Starting Execution:	[72 out of 134] test cases in the current suite
Test Method:		[unitTests.tests_element_elementActions.waitForElementToBePresent_true_expectedToPass]
###############################################################################################################################################


################################################################################################################################################
Starting Execution:	[73 out of 134] test cases in the current suite
Test Method:		[unitTests.tests_validations_assertions.assertComparativeRelation_greaterThanOrEquals_false_equals_expectedToFail]
################################################################################################################################################
[ReportManager] AssertComparativeRelation FAILED; Expected [1] and Actual [1]. Comparison Type [GREATER_THAN_OR_EQUALS]. Validation Type [NEGATIVE]. @25-01-2021 20:26:09.0070 P

################################################################################################################################################
Starting Execution:	[74 out of 134] test cases in the current suite
Test Method:		[unitTests.tests_validations_assertions.assertComparativeRelation_greaterThanOrEquals_false_equals_expectedToPass]
################################################################################################################################################
[ReportManager] AssertComparativeRelation PASSED; Expected [2] and Actual [1]. Comparison Type [GREATER_THAN_OR_EQUALS]. Validation Type [NEGATIVE]. @25-01-2021 20:26:09.0072 P

################################################################################################################################################
Starting Execution:	[75 out of 134] test cases in the current suite
Test Method:		[unitTests.tests_validations_assertions.assertComparativeRelation_greaterThanOrEquals_false_greaterThan_expectedToFail]
################################################################################################################################################
[ReportManager] AssertComparativeRelation FAILED; Expected [1] and Actual [2]. Comparison Type [GREATER_THAN_OR_EQUALS]. Validation Type [NEGATIVE]. @25-01-2021 20:26:09.0074 P

################################################################################################################################################
Starting Execution:	[76 out of 134] test cases in the current suite
Test Method:		[unitTests.tests_validations_assertions.assertComparativeRelation_greaterThanOrEquals_false_greaterThan_expectedToPass]
################################################################################################################################################
[ReportManager] AssertComparativeRelation PASSED; Expected [2] and Actual [1]. Comparison Type [GREATER_THAN_OR_EQUALS]. Validation Type [NEGATIVE]. @25-01-2021 20:26:09.0077 P

################################################################################################################################################
Starting Execution:	[77 out of 134] test cases in the current suite
Test Method:		[unitTests.tests_validations_assertions.assertComparativeRelation_greaterThanOrEquals_true_equals_expectedToFail]
################################################################################################################################################
[ReportManager] AssertComparativeRelation FAILED; Expected [1] and Actual [0]. Comparison Type [GREATER_THAN_OR_EQUALS]. Validation Type [POSITIVE]. @25-01-2021 20:26:09.0087 P

################################################################################################################################################
Starting Execution:	[78 out of 134] test cases in the current suite
Test Method:		[unitTests.tests_validations_assertions.assertComparativeRelation_greaterThanOrEquals_true_equals_expectedToPass]
################################################################################################################################################
[ReportManager] AssertComparativeRelation PASSED; Expected [1] and Actual [1]. Comparison Type [GREATER_THAN_OR_EQUALS]. Validation Type [POSITIVE]. @25-01-2021 20:26:09.0096 P

################################################################################################################################################
Starting Execution:	[79 out of 134] test cases in the current suite
Test Method:		[unitTests.tests_validations_assertions.assertComparativeRelation_greaterThanOrEquals_true_greaterThan_expectedToFail]
################################################################################################################################################
[ReportManager] AssertComparativeRelation FAILED; Expected [2] and Actual [1]. Comparison Type [GREATER_THAN_OR_EQUALS]. Validation Type [POSITIVE]. @25-01-2021 20:26:09.0104 P

################################################################################################################################################
Starting Execution:	[80 out of 134] test cases in the current suite
Test Method:		[unitTests.tests_validations_assertions.assertComparativeRelation_greaterThanOrEquals_true_greaterThan_expectedToPass]
################################################################################################################################################
[ReportManager] AssertComparativeRelation PASSED; Expected [1] and Actual [2]. Comparison Type [GREATER_THAN_OR_EQUALS]. Validation Type [POSITIVE]. @25-01-2021 20:26:09.0108 P
[ReportManager] File Action [getAbsolutePath] successfully performed. With the following test data [Relative Folder Path: "target/downloadedFiles/"]. @25-01-2021 20:26:09.0111 PM
[ReportManager] Attempting to run remotely on: [Linux-64], [GoogleChrome], [http://localhost:4444/wd/hub], Headless Execution. @25-01-2021 20:26:09.0111 PM
[ReportManager] An Exception Occured with this Message: Unable to create new remote session. desired capabilities = Capabilities {browserName: chrome, loggingPrefs: org.openqa.selenium.logging..., pageLoadStrategy: normal, platformName: LINUX}. @25-01-2021 20:26:10.0051 PM
[ReportManager] Successfully created attachment [Exception Stack Trace - org.openqa.selenium.SessionNotCreatedException] @25-01-2021 20:26:10.0051 PM
[ReportManager] Failed to run remotely on: [Linux-64], [GoogleChrome], [http://localhost:4444/wd/hub]. @25-01-2021 20:26:10.0052 PM
[ReportManager] Browser Factory Action [createNewRemoteDriverInstance] failed. With the following test data [Unhandled Error.]. @25-01-2021 20:26:10.0052 PM
[ReportManager] An Exception Occured with this Message: Unable to create new remote session. desired capabilities = Capabilities {browserName: chrome, loggingPrefs: org.openqa.selenium.logging..., pageLoadStrategy: normal, platformName: LINUX}. @25-01-2021 20:26:10.0053 PM
[ReportManager] Successfully created attachment [Exception Stack Trace - org.openqa.selenium.SessionNotCreatedException] @25-01-2021 20:26:10.0053 P

################################################################################################################################################
Starting Execution:	[81 out of 134] test cases in the current suite
Test Method:		[unitTests.tests_validations_assertions.assertElementAttribute_false_caseInsensitiveComparison_expectedToFail]
###############################################################################################################################################



################################################################################################################################################
Starting Execution:	[82 out of 134] test cases in the current suite
Test Method:		[unitTests.tests_validations_assertions.assertElementAttribute_false_caseInsensitiveComparison_expectedToPass]
###############################################################################################################################################



################################################################################################################################################
Starting Execution:	[83 out of 134] test cases in the current suite
Test Method:		[unitTests.tests_validations_assertions.assertElementAttribute_false_containsComparison_expectedToFail]
###############################################################################################################################################



################################################################################################################################################
Starting Execution:	[84 out of 134] test cases in the current suite
Test Method:		[unitTests.tests_validations_assertions.assertElementAttribute_false_containsComparison_expectedToPass]
###############################################################################################################################################



################################################################################################################################################
Starting Execution:	[85 out of 134] test cases in the current suite
Test Method:		[unitTests.tests_validations_assertions.assertElementAttribute_false_literalComparison_expectedToFail]
###############################################################################################################################################



################################################################################################################################################
Starting Execution:	[86 out of 134] test cases in the current suite
Test Method:		[unitTests.tests_validations_assertions.assertElementAttribute_false_literalComparison_expectedToPass]
###############################################################################################################################################



################################################################################################################################################
Starting Execution:	[87 out of 134] test cases in the current suite
Test Method:		[unitTests.tests_validations_assertions.assertElementAttribute_false_regexComparison_expectedToFail]
###############################################################################################################################################



################################################################################################################################################
Starting Execution:	[88 out of 134] test cases in the current suite
Test Method:		[unitTests.tests_validations_assertions.assertElementAttribute_false_regexComparison_expectedToPass]
###############################################################################################################################################



################################################################################################################################################
Starting Execution:	[89 out of 134] test cases in the current suite
Test Method:		[unitTests.tests_validations_assertions.assertElementAttribute_true_caseInsensitiveComparison_expectedToFail]
###############################################################################################################################################



################################################################################################################################################
Starting Execution:	[90 out of 134] test cases in the current suite
Test Method:		[unitTests.tests_validations_assertions.assertElementAttribute_true_caseInsensitiveComparison_expectedToPass]
###############################################################################################################################################



################################################################################################################################################
Starting Execution:	[91 out of 134] test cases in the current suite
Test Method:		[unitTests.tests_validations_assertions.assertElementAttribute_true_containsComparison_expectedToFail]
###############################################################################################################################################



################################################################################################################################################
Starting Execution:	[92 out of 134] test cases in the current suite
Test Method:		[unitTests.tests_validations_assertions.assertElementAttribute_true_containsComparison_expectedToPass]
###############################################################################################################################################



################################################################################################################################################
Starting Execution:	[93 out of 134] test cases in the current suite
Test Method:		[unitTests.tests_validations_assertions.assertElementAttribute_true_literalComparison_expectedToFail]
###############################################################################################################################################



################################################################################################################################################
Starting Execution:	[94 out of 134] test cases in the current suite
Test Method:		[unitTests.tests_validations_assertions.assertElementAttribute_true_literalComparison_expectedToPass]
###############################################################################################################################################



################################################################################################################################################
Starting Execution:	[95 out of 134] test cases in the current suite
Test Method:		[unitTests.tests_validations_assertions.assertElementAttribute_true_regexComparison_expectedToFail]
###############################################################################################################################################



################################################################################################################################################
Starting Execution:	[96 out of 134] test cases in the current suite
Test Method:		[unitTests.tests_validations_assertions.assertElementAttribute_true_regexComparison_expectedToPass]
###############################################################################################################################################



################################################################################################################################################
Starting Execution:	[97 out of 134] test cases in the current suite
Test Method:		[unitTests.tests_validations_assertions.assertElementExists_false_expectedToFail]
###############################################################################################################################################



################################################################################################################################################
Starting Execution:	[98 out of 134] test cases in the current suite
Test Method:		[unitTests.tests_validations_assertions.assertElementExists_false_expectedToPass]
###############################################################################################################################################



################################################################################################################################################
Starting Execution:	[99 out of 134] test cases in the current suite
Test Method:		[unitTests.tests_validations_assertions.assertElementExists_false_multipleElementsFound_expectedToFail]
###############################################################################################################################################



################################################################################################################################################
Starting Execution:	[100 out of 134] test cases in the current suite
Test Method:		[unitTests.tests_validations_assertions.assertElementExists_true_expectedToFail]
###############################################################################################################################################



################################################################################################################################################
Starting Execution:	[101 out of 134] test cases in the current suite
Test Method:		[unitTests.tests_validations_assertions.assertElementExists_true_expectedToPass]
###############################################################################################################################################



################################################################################################################################################
Starting Execution:	[102 out of 134] test cases in the current suite
Test Method:		[unitTests.tests_validations_assertions.assertElementExists_true_multipleElementsFound_expectedToFail]
###############################################################################################################################################


################################################################################################################################################
Starting Execution:	[103 out of 134] test cases in the current suite
Test Method:		[unitTests.tests_validations_assertions.assertEquals_false_expectedToFail]
###############################################################################################################################################

################################################################################################################################################
Starting Execution:	[104 out of 134] test cases in the current suite
Test Method:		[unitTests.tests_validations_assertions.assertEquals_false_expectedToPass]
###############################################################################################################################################

################################################################################################################################################
Starting Execution:	[105 out of 134] test cases in the current suite
Test Method:		[unitTests.tests_validations_assertions.assertEquals_longCharacters]
###############################################################################################################################################

################################################################################################################################################
Starting Execution:	[106 out of 134] test cases in the current suite
Test Method:		[unitTests.tests_validations_assertions.assertEquals_longCharacters_Discreet]
###############################################################################################################################################

################################################################################################################################################
Starting Execution:	[107 out of 134] test cases in the current suite
Test Method:		[unitTests.tests_validations_assertions.assertEquals_true_expectedToFail]
###############################################################################################################################################

################################################################################################################################################
Starting Execution:	[108 out of 134] test cases in the current suite
Test Method:		[unitTests.tests_validations_assertions.assertEquals_true_expectedToPass]
Test Description:	[Assert that assertEquals works as expected when the two values are equal.]
###############################################################################################################################################

################################################################################################################################################
Starting Execution:	[109 out of 134] test cases in the current suite
Test Method:		[unitTests.tests_validations_assertions.assertEquals_true_expectedToPass__]
###############################################################################################################################################

################################################################################################################################################
Starting Execution:	[110 out of 134] test cases in the current suite
Test Method:		[unitTests.tests_validations_assertions.assertFileExists_false_expectedToFail]
###############################################################################################################################################

################################################################################################################################################
Starting Execution:	[111 out of 134] test cases in the current suite
Test Method:		[unitTests.tests_validations_assertions.assertFileExists_false_expectedToPass]
###############################################################################################################################################

################################################################################################################################################
Starting Execution:	[112 out of 134] test cases in the current suite
Test Method:		[unitTests.tests_validations_assertions.assertFileExists_true_expectedToFail]
###############################################################################################################################################

################################################################################################################################################
Starting Execution:	[113 out of 134] test cases in the current suite
Test Method:		[unitTests.tests_validations_assertions.assertFileExists_true_expectedToPass]
###############################################################################################################################################

################################################################################################################################################
Starting Execution:	[114 out of 134] test cases in the current suite
Test Method:		[unitTests.tests_validations_assertions.assertNull_false_expectedToFail]
###############################################################################################################################################

################################################################################################################################################
Starting Execution:	[115 out of 134] test cases in the current suite
Test Method:		[unitTests.tests_validations_assertions.assertNull_false_expectedToPass]
###############################################################################################################################################

################################################################################################################################################
Starting Execution:	[116 out of 134] test cases in the current suite
Test Method:		[unitTests.tests_validations_assertions.assertNull_true_expectedToFail]
###############################################################################################################################################

################################################################################################################################################
Starting Execution:	[117 out of 134] test cases in the current suite
Test Method:		[unitTests.tests_validations_assertions.assertNull_true_expectedToPass]
###############################################################################################################################################
[ReportManager] Successfully loaded the following test data file [src/test/resources/TestDataFiles/testSuite01/TestData.xlsx]. @25-01-2021 20:26:10.0301 PM
[ReportManager] Successfully created attachment [Test Data - Excel] @25-01-2021 20:26:10.0301 P

################################################################################################################################################
Starting Execution:	[118 out of 134] test cases in the current suite
Test Method:		[unitTests.tests_io_excelFileManager.getCellData_rowName_expectedToPass]
################################################################################################################################################
[ReportManager] testRowData. @25-01-2021 20:26:10.0316 P
[ReportManager] File Action [getAbsolutePath] successfully performed. With the following test data [Relative Folder Path: "target/downloadedFiles/"]. @25-01-2021 20:26:10.0323 PM
[ReportManager] Attempting to run remotely on: [Linux-64], [GoogleChrome], [http://localhost:4444/wd/hub], Headless Execution. @25-01-2021 20:26:10.0323 PM
[ReportManager] An Exception Occured with this Message: Unable to create new remote session. desired capabilities = Capabilities {browserName: chrome, loggingPrefs: org.openqa.selenium.logging..., pageLoadStrategy: normal, platformName: LINUX}. @25-01-2021 20:26:11.0038 PM
[ReportManager] Successfully created attachment [Exception Stack Trace - org.openqa.selenium.SessionNotCreatedException] @25-01-2021 20:26:11.0039 PM
[ReportManager] Failed to run remotely on: [Linux-64], [GoogleChrome], [http://localhost:4444/wd/hub]. @25-01-2021 20:26:11.0039 PM
[ReportManager] Browser Factory Action [createNewRemoteDriverInstance] failed. With the following test data [Unhandled Error.]. @25-01-2021 20:26:11.0039 PM
[ReportManager] An Exception Occured with this Message: Unable to create new remote session. desired capabilities = Capabilities {browserName: chrome, loggingPrefs: org.openqa.selenium.logging..., pageLoadStrategy: normal, platformName: LINUX}. @25-01-2021 20:26:11.0040 PM
[ReportManager] Successfully created attachment [Exception Stack Trace - org.openqa.selenium.SessionNotCreatedException] @25-01-2021 20:26:11.0040 P

################################################################################################################################################
Starting Execution:	[119 out of 134] test cases in the current suite
Test Method:		[unitTests.tests_browserActions.fullScreenWindow]
###############################################################################################################################################



################################################################################################################################################
Starting Execution:	[120 out of 134] test cases in the current suite
Test Method:		[unitTests.tests_browserActions.getCurrentURL]
###############################################################################################################################################



################################################################################################################################################
Starting Execution:	[121 out of 134] test cases in the current suite
Test Method:		[unitTests.tests_browserActions.getCurrentWindowTitle]
###############################################################################################################################################



################################################################################################################################################
Starting Execution:	[122 out of 134] test cases in the current suite
Test Method:		[unitTests.tests_browserActions.getPageSource]
###############################################################################################################################################



################################################################################################################################################
Starting Execution:	[123 out of 134] test cases in the current suite
Test Method:		[unitTests.tests_browserActions.getWindowHandle]
###############################################################################################################################################



################################################################################################################################################
Starting Execution:	[124 out of 134] test cases in the current suite
Test Method:		[unitTests.tests_browserActions.getWindowPosition]
###############################################################################################################################################



################################################################################################################################################
Starting Execution:	[125 out of 134] test cases in the current suite
Test Method:		[unitTests.tests_browserActions.getWindowSize]
###############################################################################################################################################



################################################################################################################################################
Starting Execution:	[126 out of 134] test cases in the current suite
Test Method:		[unitTests.tests_browserActions.maximizeWindow]
###############################################################################################################################################



################################################################################################################################################
Starting Execution:	[127 out of 134] test cases in the current suite
Test Method:		[unitTests.tests_browserActions.navigateBack]
###############################################################################################################################################



################################################################################################################################################
Starting Execution:	[128 out of 134] test cases in the current suite
Test Method:		[unitTests.tests_browserActions.navigateForward]
###############################################################################################################################################



################################################################################################################################################
Starting Execution:	[129 out of 134] test cases in the current suite
Test Method:		[unitTests.tests_browserActions.navigateToURL]
###############################################################################################################################################



################################################################################################################################################
Starting Execution:	[130 out of 134] test cases in the current suite
Test Method:		[unitTests.tests_browserActions.navigateToURLWithRedirection]
###############################################################################################################################################



################################################################################################################################################
Starting Execution:	[131 out of 134] test cases in the current suite
Test Method:		[unitTests.tests_browserActions.refreshCurrentPage]
###############################################################################################################################################



################################################################################################################################################
Starting Execution:	[132 out of 134] test cases in the current suite
Test Method:		[unitTests.tests_browserActions.setWindowSize]
###############################################################################################################################################


################################################################################################################################################
Starting Execution:	[133 out of 134] test cases in the current suite
Test Method:		[unitTests.tests_restActions.getPostsAndAssertBodyForSpecificTitle]
################################################################################################################################################
[ReportManager] Response status code: [200], status line: [HTTP/1.1 200 OK] @25-01-2021 20:26:12.0536 PM
[ReportManager] Evaluating the actual response status code against the expected one...... @25-01-2021 20:26:12.0536 PM
[ReportManager] AssertEquals PASSED; Expected [200] and Actual [200]. Comparison Type [EQUALS]. Validation Type [POSITIVE]. @25-01-2021 20:26:12.0536 PM
[ReportManager] API Action [performRequest] successfully performed. With the following test data [Request Type: "GET" | Target Status Code: "200" | Service URL: "https://jsonplaceholder.typicode.com/posts" | Content Type: "*/*" | Response Time: "748ms"]. @25-01-2021 20:26:12.0699 PM
[ReportManager] Successfully created attachment [API Response - JSON Body] @25-01-2021 20:26:12.0700 PM
[ReportManager] API Action [getResponseJSONValueAsList] successfully performed. @25-01-2021 20:26:12.0743 PM
[ReportManager] API Action [getResponseJSONValue] successfully performed. With the following test data [title]. @25-01-2021 20:26:12.0767 PM
[ReportManager] API Action [getResponseJSONValue] successfully performed. With the following test data [title]. @25-01-2021 20:26:12.0786 PM
[ReportManager] API Action [getResponseJSONValue] successfully performed. With the following test data [body]. @25-01-2021 20:26:12.0800 PM
[ReportManager] AssertEquals PASSED; Expected [qui neque nisi nulla] and Actual [est rerum tempore vitae
sequi sint nihil reprehenderit dolor beatae ea dolores neque
fugiat blanditiis voluptate porro vel nihil molestiae ut reiciendis
qui aperiam non debitis possimus qui neque nisi nulla]. Comparison Type [CONTAINS]. Validation Type [POSITIVE]. @25-01-2021 20:26:12.0800 PM
[ReportManager] API Action [getResponseJSONValue] successfully performed. With the following test data [title]. @25-01-2021 20:26:12.0813 PM
[ReportManager] API Action [getResponseJSONValue] successfully performed. With the following test data [title]. @25-01-2021 20:26:12.0822 PM
[ReportManager] API Action [getResponseJSONValue] successfully performed. With the following test data [title]. @25-01-2021 20:26:12.0834 PM
[ReportManager] API Action [getResponseJSONValue] successfully performed. With the following test data [title]. @25-01-2021 20:26:12.0853 PM
[ReportManager] API Action [getResponseJSONValue] successfully performed. With the following test data [title]. @25-01-2021 20:26:12.0869 PM
[ReportManager] API Action [getResponseJSONValue] successfully performed. With the following test data [title]. @25-01-2021 20:26:12.0880 PM
[ReportManager] API Action [getResponseJSONValue] successfully performed. With the following test data [title]. @25-01-2021 20:26:12.0893 PM
[ReportManager] API Action [getResponseJSONValue] successfully performed. With the following test data [title]. @25-01-2021 20:26:12.0907 PM
[ReportManager] API Action [getResponseJSONValue] successfully performed. With the following test data [title]. @25-01-2021 20:26:12.0915 PM
[ReportManager] API Action [getResponseJSONValue] successfully performed. With the following test data [title]. @25-01-2021 20:26:12.0924 PM
[ReportManager] API Action [getResponseJSONValue] successfully performed. With the following test data [title]. @25-01-2021 20:26:12.0934 PM
[ReportManager] API Action [getResponseJSONValue] successfully performed. With the following test data [title]. @25-01-2021 20:26:12.0943 PM
[ReportManager] API Action [getResponseJSONValue] successfully performed. With the following test data [title]. @25-01-2021 20:26:12.0950 PM
[ReportManager] API Action [getResponseJSONValue] successfully performed. With the following test data [title]. @25-01-2021 20:26:12.0958 PM
[ReportManager] API Action [getResponseJSONValue] successfully performed. With the following test data [title]. @25-01-2021 20:26:12.0966 PM
[ReportManager] API Action [getResponseJSONValue] successfully performed. With the following test data [title]. @25-01-2021 20:26:12.0974 PM
[ReportManager] API Action [getResponseJSONValue] successfully performed. With the following test data [title]. @25-01-2021 20:26:12.0982 PM
[ReportManager] API Action [getResponseJSONValue] successfully performed. With the following test data [title]. @25-01-2021 20:26:12.0989 PM
[ReportManager] API Action [getResponseJSONValue] successfully performed. With the following test data [title]. @25-01-2021 20:26:12.0997 PM
[ReportManager] API Action [getResponseJSONValue] successfully performed. With the following test data [title]. @25-01-2021 20:26:13.0005 PM
[ReportManager] API Action [getResponseJSONValue] successfully performed. With the following test data [title]. @25-01-2021 20:26:13.0013 PM
[ReportManager] API Action [getResponseJSONValue] successfully performed. With the following test data [title]. @25-01-2021 20:26:13.0022 PM
[ReportManager] API Action [getResponseJSONValue] successfully performed. With the following test data [title]. @25-01-2021 20:26:13.0030 PM
[ReportManager] API Action [getResponseJSONValue] successfully performed. With the following test data [title]. @25-01-2021 20:26:13.0037 PM
[ReportManager] API Action [getResponseJSONValue] successfully performed. With the following test data [title]. @25-01-2021 20:26:13.0045 PM
[ReportManager] API Action [getResponseJSONValue] successfully performed. With the following test data [title]. @25-01-2021 20:26:13.0052 PM
[ReportManager] API Action [getResponseJSONValue] successfully performed. With the following test data [title]. @25-01-2021 20:26:13.0061 PM
[ReportManager] API Action [getResponseJSONValue] successfully performed. With the following test data [title]. @25-01-2021 20:26:13.0069 PM
[ReportManager] API Action [getResponseJSONValue] successfully performed. With the following test data [title]. @25-01-2021 20:26:13.0076 PM
[ReportManager] API Action [getResponseJSONValue] successfully performed. With the following test data [title]. @25-01-2021 20:26:13.0084 PM
[ReportManager] API Action [getResponseJSONValue] successfully performed. With the following test data [title]. @25-01-2021 20:26:13.0091 PM
[ReportManager] API Action [getResponseJSONValue] successfully performed. With the following test data [title]. @25-01-2021 20:26:13.0098 PM
[ReportManager] API Action [getResponseJSONValue] successfully performed. With the following test data [title]. @25-01-2021 20:26:13.0105 PM
[ReportManager] API Action [getResponseJSONValue] successfully performed. With the following test data [title]. @25-01-2021 20:26:13.0112 PM
[ReportManager] API Action [getResponseJSONValue] successfully performed. With the following test data [title]. @25-01-2021 20:26:13.0120 PM
[ReportManager] API Action [getResponseJSONValue] successfully performed. With the following test data [title]. @25-01-2021 20:26:13.0128 PM
[ReportManager] API Action [getResponseJSONValue] successfully performed. With the following test data [title]. @25-01-2021 20:26:13.0136 PM
[ReportManager] API Action [getResponseJSONValue] successfully performed. With the following test data [title]. @25-01-2021 20:26:13.0143 PM
[ReportManager] API Action [getResponseJSONValue] successfully performed. With the following test data [title]. @25-01-2021 20:26:13.0150 PM
[ReportManager] API Action [getResponseJSONValue] successfully performed. With the following test data [title]. @25-01-2021 20:26:13.0157 PM
[ReportManager] API Action [getResponseJSONValue] successfully performed. With the following test data [title]. @25-01-2021 20:26:13.0164 PM
[ReportManager] API Action [getResponseJSONValue] successfully performed. With the following test data [title]. @25-01-2021 20:26:13.0172 PM
[ReportManager] API Action [getResponseJSONValue] successfully performed. With the following test data [title]. @25-01-2021 20:26:13.0179 PM
[ReportManager] API Action [getResponseJSONValue] successfully performed. With the following test data [title]. @25-01-2021 20:26:13.0186 PM
[ReportManager] API Action [getResponseJSONValue] successfully performed. With the following test data [title]. @25-01-2021 20:26:13.0194 PM
[ReportManager] API Action [getResponseJSONValue] successfully performed. With the following test data [title]. @25-01-2021 20:26:13.0202 PM
[ReportManager] API Action [getResponseJSONValue] successfully performed. With the following test data [title]. @25-01-2021 20:26:13.0211 PM
[ReportManager] API Action [getResponseJSONValue] successfully performed. With the following test data [title]. @25-01-2021 20:26:13.0219 PM
[ReportManager] API Action [getResponseJSONValue] successfully performed. With the following test data [title]. @25-01-2021 20:26:13.0226 PM
[ReportManager] API Action [getResponseJSONValue] successfully performed. With the following test data [title]. @25-01-2021 20:26:13.0234 PM
[ReportManager] API Action [getResponseJSONValue] successfully performed. With the following test data [title]. @25-01-2021 20:26:13.0242 PM
[ReportManager] API Action [getResponseJSONValue] successfully performed. With the following test data [title]. @25-01-2021 20:26:13.0249 PM
[ReportManager] API Action [getResponseJSONValue] successfully performed. With the following test data [title]. @25-01-2021 20:26:13.0256 PM
[ReportManager] API Action [getResponseJSONValue] successfully performed. With the following test data [title]. @25-01-2021 20:26:13.0264 PM
[ReportManager] API Action [getResponseJSONValue] successfully performed. With the following test data [title]. @25-01-2021 20:26:13.0271 PM
[ReportManager] API Action [getResponseJSONValue] successfully performed. With the following test data [title]. @25-01-2021 20:26:13.0277 PM
[ReportManager] API Action [getResponseJSONValue] successfully performed. With the following test data [title]. @25-01-2021 20:26:13.0284 PM
[ReportManager] API Action [getResponseJSONValue] successfully performed. With the following test data [title]. @25-01-2021 20:26:13.0292 PM
[ReportManager] API Action [getResponseJSONValue] successfully performed. With the following test data [title]. @25-01-2021 20:26:13.0317 PM
[ReportManager] API Action [getResponseJSONValue] successfully performed. With the following test data [title]. @25-01-2021 20:26:13.0326 PM
[ReportManager] API Action [getResponseJSONValue] successfully performed. With the following test data [title]. @25-01-2021 20:26:13.0334 PM
[ReportManager] API Action [getResponseJSONValue] successfully performed. With the following test data [title]. @25-01-2021 20:26:13.0342 PM
[ReportManager] API Action [getResponseJSONValue] successfully performed. With the following test data [title]. @25-01-2021 20:26:13.0350 PM
[ReportManager] API Action [getResponseJSONValue] successfully performed. With the following test data [title]. @25-01-2021 20:26:13.0358 PM
[ReportManager] API Action [getResponseJSONValue] successfully performed. With the following test data [title]. @25-01-2021 20:26:13.0366 PM
[ReportManager] API Action [getResponseJSONValue] successfully performed. With the following test data [title]. @25-01-2021 20:26:13.0374 PM
[ReportManager] API Action [getResponseJSONValue] successfully performed. With the following test data [title]. @25-01-2021 20:26:13.0381 PM
[ReportManager] API Action [getResponseJSONValue] successfully performed. With the following test data [title]. @25-01-2021 20:26:13.0389 PM
[ReportManager] API Action [getResponseJSONValue] successfully performed. With the following test data [title]. @25-01-2021 20:26:13.0397 PM
[ReportManager] API Action [getResponseJSONValue] successfully performed. With the following test data [title]. @25-01-2021 20:26:13.0404 PM
[ReportManager] API Action [getResponseJSONValue] successfully performed. With the following test data [title]. @25-01-2021 20:26:13.0411 PM
[ReportManager] API Action [getResponseJSONValue] successfully performed. With the following test data [title]. @25-01-2021 20:26:13.0418 PM
[ReportManager] API Action [getResponseJSONValue] successfully performed. With the following test data [title]. @25-01-2021 20:26:13.0425 PM
[ReportManager] API Action [getResponseJSONValue] successfully performed. With the following test data [title]. @25-01-2021 20:26:13.0433 PM
[ReportManager] API Action [getResponseJSONValue] successfully performed. With the following test data [title]. @25-01-2021 20:26:13.0440 PM
[ReportManager] API Action [getResponseJSONValue] successfully performed. With the following test data [title]. @25-01-2021 20:26:13.0448 PM
[ReportManager] API Action [getResponseJSONValue] successfully performed. With the following test data [title]. @25-01-2021 20:26:13.0456 PM
[ReportManager] API Action [getResponseJSONValue] successfully performed. With the following test data [title]. @25-01-2021 20:26:13.0463 PM
[ReportManager] API Action [getResponseJSONValue] successfully performed. With the following test data [title]. @25-01-2021 20:26:13.0470 PM
[ReportManager] API Action [getResponseJSONValue] successfully performed. With the following test data [title]. @25-01-2021 20:26:13.0477 PM
[ReportManager] API Action [getResponseJSONValue] successfully performed. With the following test data [title]. @25-01-2021 20:26:13.0484 PM
[ReportManager] API Action [getResponseJSONValue] successfully performed. With the following test data [title]. @25-01-2021 20:26:13.0491 PM
[ReportManager] API Action [getResponseJSONValue] successfully performed. With the following test data [title]. @25-01-2021 20:26:13.0497 PM
[ReportManager] API Action [getResponseJSONValue] successfully performed. With the following test data [title]. @25-01-2021 20:26:13.0504 PM
[ReportManager] API Action [getResponseJSONValue] successfully performed. With the following test data [title]. @25-01-2021 20:26:13.0511 PM
[ReportManager] API Action [getResponseJSONValue] successfully performed. With the following test data [title]. @25-01-2021 20:26:13.0518 PM
[ReportManager] API Action [getResponseJSONValue] successfully performed. With the following test data [title]. @25-01-2021 20:26:13.0525 PM
[ReportManager] API Action [getResponseJSONValue] successfully performed. With the following test data [title]. @25-01-2021 20:26:13.0531 PM
[ReportManager] API Action [getResponseJSONValue] successfully performed. With the following test data [title]. @25-01-2021 20:26:13.0538 PM
[ReportManager] API Action [getResponseJSONValue] successfully performed. With the following test data [title]. @25-01-2021 20:26:13.0545 PM
[ReportManager] API Action [getResponseJSONValue] successfully performed. With the following test data [title]. @25-01-2021 20:26:13.0551 PM
[ReportManager] API Action [getResponseJSONValue] successfully performed. With the following test data [title]. @25-01-2021 20:26:13.0595 PM
[ReportManager] API Action [getResponseJSONValue] successfully performed. With the following test data [title]. @25-01-2021 20:26:13.0604 PM
[ReportManager] API Action [getResponseJSONValue] successfully performed. With the following test data [title]. @25-01-2021 20:26:13.0611 PM
[ReportManager] API Action [getResponseJSONValue] successfully performed. With the following test data [title]. @25-01-2021 20:26:13.0617 PM
[ReportManager] API Action [getResponseJSONValue] successfully performed. With the following test data [title]. @25-01-2021 20:26:13.0624 PM
[ReportManager] API Action [getResponseJSONValue] successfully performed. With the following test data [title]. @25-01-2021 20:26:13.0631 PM
[ReportManager] API Action [getResponseJSONValue] successfully performed. With the following test data [title]. @25-01-2021 20:26:13.0640 P

################################################################################################################################################
Starting Execution:	[134 out of 134] test cases in the current suite
Test Method:		[unitTests.tests_restActions.validateUserEmail]
################################################################################################################################################
[ReportManager] Response status code: [200], status line: [HTTP/1.1 200 OK] @25-01-2021 20:26:13.0782 PM
[ReportManager] Evaluating the actual response status code against the expected one...... @25-01-2021 20:26:13.0782 PM
[ReportManager] AssertEquals PASSED; Expected [200] and Actual [200]. Comparison Type [EQUALS]. Validation Type [POSITIVE]. @25-01-2021 20:26:13.0782 PM
[ReportManager] API Action [performRequest] successfully performed. With the following test data [Request Type: "GET" | Target Status Code: "200" | Service URL: "https://jsonplaceholder.typicode.com/users" | Content Type: "*/*" | Response Time: "82ms"]. @25-01-2021 20:26:13.0798 PM
[ReportManager] Successfully created attachment [API Response - JSON Body] @25-01-2021 20:26:13.0798 PM
[ReportManager] AssertEquals PASSED; Expected and Actual values are attached. Comparison Type [CONTAINS]. Validation Type [POSITIVE]. @25-01-2021 20:26:13.0802 PM
[ReportManager] Successfully created attachment [Validation Test Data - Expected Value] @25-01-2021 20:26:13.0802 PM
[ReportManager] Successfully created attachment [Validation Test Data - Actual Value] @25-01-2021 20:26:13.0802 PM
[ReportManager] API Action [getResponseJSONValueAsList] successfully performed. With the following test data [$]. @25-01-2021 20:26:13.0807 PM
[ReportManager] API Action [getResponseJSONValue] successfully performed. With the following test data [name]. @25-01-2021 20:26:13.0816 PM
[ReportManager] API Action [getResponseJSONValue] successfully performed. With the following test data [email]. @25-01-2021 20:26:13.0824 PM
[ReportManager] AssertEquals PASSED; Expected [Sincere@april.biz] and Actual [Sincere@april.biz]. Comparison Type [EQUALS]. Validation Type [POSITIVE]. @25-01-2021 20:26:13.0825 PM
[ReportManager] API Action [getResponseJSONValue] successfully performed. With the following test data [name]. @25-01-2021 20:26:13.0836 PM
[ReportManager] API Action [getResponseJSONValue] successfully performed. With the following test data [name]. @25-01-2021 20:26:13.0847 PM
[ReportManager] API Action [getResponseJSONValue] successfully performed. With the following test data [name]. @25-01-2021 20:26:13.0858 PM
[ReportManager] API Action [getResponseJSONValue] successfully performed. With the following test data [name]. @25-01-2021 20:26:13.0867 PM
[ReportManager] API Action [getResponseJSONValue] successfully performed. With the following test data [name]. @25-01-2021 20:26:13.0874 PM
[ReportManager] API Action [getResponseJSONValue] successfully performed. With the following test data [name]. @25-01-2021 20:26:13.0881 PM
[ReportManager] API Action [getResponseJSONValue] successfully performed. With the following test data [name]. @25-01-2021 20:26:13.0889 PM
[ReportManager] API Action [getResponseJSONValue] successfully performed. With the following test data [name]. @25-01-2021 20:26:13.0896 PM
[ReportManager] API Action [getResponseJSONValue] successfully performed. With the following test data [name]. @25-01-2021 20:26:13.0903 P

################################################################################################################################################
Test Closure Activities
################################################################################################################################################
[ReportManager] Successfully created attachment [SHAFT Engine Logs - Execution log] @25-01-2021 20:26:13.0935 PM

################################################################################################################################################
This test run was powered by SHAFT Engine Version: [SHAFT Engine v4.4]
SHAFT Engine is licensed under the MIT License: [https://github.com/MohabMohie/SHAFT_ENGINE/blob/master/LICENSE].
################################################################################################################################################