{
  "uid" : "f28ccb54e351ae8f",
  "name" : "f12",
  "fullName" : "testPackage01.Test_NewValidationHelper.f12",
  "historyId" : "8a583f3461f88d7c293779bde04a0e1d",
  "time" : {
    "start" : 1615452218991,
    "stop" : 1615452219389,
    "duration" : 398
  },
  "status" : "passed",
  "flaky" : false,
  "newFailed" : false,
  "beforeStages" : [ {
    "name" : "openBrowser",
    "time" : {
      "start" : 1615452217708,
      "stop" : 1615452218950,
      "duration" : 1242
    },
    "description" : "",
    "status" : "passed",
    "steps" : [ {
      "name" : "Action [23]: Attempting to run remotely on: [Linux-64], [GoogleChrome], [http://localhost:4444/wd/hub], Headless Execution.",
      "time" : {
        "start" : 1615452217709,
        "stop" : 1615452217709,
        "duration" : 0
      },
      "status" : "passed",
      "steps" : [ ],
      "attachments" : [ ],
      "parameters" : [ {
        "name" : "actionCounter",
        "value" : "23"
      }, {
        "name" : "logText",
        "value" : "Attempting to run remotely on: [Linux-64], [GoogleChrome], [http://localhost:4444/wd/hub], Headless Execution."
      } ],
      "stepsCount" : 0,
      "attachmentsCount" : 0,
      "shouldDisplayMessage" : false,
      "hasContent" : true
    }, {
      "name" : "Action [24]: Successfully Opened [GoogleChrome].",
      "time" : {
        "start" : 1615452218382,
        "stop" : 1615452218383,
        "duration" : 1
      },
      "status" : "passed",
      "steps" : [ ],
      "attachments" : [ ],
      "parameters" : [ {
        "name" : "actionCounter",
        "value" : "24"
      }, {
        "name" : "logText",
        "value" : "Successfully Opened [GoogleChrome]."
      } ],
      "stepsCount" : 0,
      "attachmentsCount" : 0,
      "shouldDisplayMessage" : false,
      "hasContent" : true
    }, {
      "name" : "Action [25]: Browser Action [navigateToURL] successfully performed. With the following test data [https://the-internet.herokuapp.com/].",
      "time" : {
        "start" : 1615452218950,
        "stop" : 1615452218950,
        "duration" : 0
      },
      "status" : "passed",
      "steps" : [ ],
      "attachments" : [ ],
      "parameters" : [ {
        "name" : "actionCounter",
        "value" : "25"
      }, {
        "name" : "logText",
        "value" : "Browser Action [navigateToURL] successfully performed. With the following test data [https://the-internet.herokuapp.com/]."
      }, {
        "name" : "attachments",
        "value" : "[null]"
      } ],
      "stepsCount" : 0,
      "attachmentsCount" : 0,
      "shouldDisplayMessage" : false,
      "hasContent" : true
    } ],
    "attachments" : [ {
      "uid" : "c07a3de259ec78f2",
      "name" : "Attachment: SHAFT Engine Logs - Current Method log: openBrowser",
      "source" : "c07a3de259ec78f2.txt",
      "type" : "text/plain",
      "size" : 744
    } ],
    "parameters" : [ ],
    "stepsCount" : 3,
    "attachmentsCount" : 1,
    "shouldDisplayMessage" : false,
    "hasContent" : true
  } ],
  "testStage" : {
    "status" : "passed",
    "steps" : [ {
      "name" : "Action [26]: AssertElementExists FAILED; Expected [Element Should not Exist, locator 'By.tagName: h1'] and Actual [Element Exists]. Comparison Type [EQUALS]. Validation Type [NEGATIVE].",
      "time" : {
        "start" : 1615452219385,
        "stop" : 1615452219388,
        "duration" : 3
      },
      "status" : "passed",
      "steps" : [ ],
      "attachments" : [ {
        "uid" : "87e540c2efd336ad",
        "name" : "Attachment: Screenshot - 1615452219300_f12_AssertElementExists_failed",
        "source" : "87e540c2efd336ad.png",
        "type" : "image/png",
        "size" : 158296
      } ],
      "parameters" : [ {
        "name" : "actionCounter",
        "value" : "26"
      }, {
        "name" : "logText",
        "value" : "AssertElementExists FAILED; Expected [Element Should not Exist, locator 'By.tagName: h1'] and Actual [Element Exists]. Comparison Type [EQUALS]. Validation Type [NEGATIVE]."
      }, {
        "name" : "attachments",
        "value" : "[[Screenshot, 1615452219300_f12_AssertElementExists_failed, java.io.ByteArrayInputStream@7c857e8f]]"
      } ],
      "stepsCount" : 0,
      "attachmentsCount" : 1,
      "shouldDisplayMessage" : false,
      "hasContent" : true
    } ],
    "attachments" : [ {
      "uid" : "5f29af12a610a28d",
      "name" : "Attachment: SHAFT Engine Logs - Current Method log: f12",
      "source" : "5f29af12a610a28d.txt",
      "type" : "text/plain",
      "size" : 836
    } ],
    "parameters" : [ ],
    "stepsCount" : 1,
    "attachmentsCount" : 2,
    "shouldDisplayMessage" : false,
    "hasContent" : true
  },
  "afterStages" : [ {
    "name" : "closeBrowser",
    "time" : {
      "start" : 1615452219397,
      "stop" : 1615452219621,
      "duration" : 224
    },
    "description" : "",
    "status" : "passed",
    "steps" : [ {
      "name" : "Action [27]: Successfully Closed All Browsers.",
      "time" : {
        "start" : 1615452219620,
        "stop" : 1615452219621,
        "duration" : 1
      },
      "status" : "passed",
      "steps" : [ ],
      "attachments" : [ ],
      "parameters" : [ {
        "name" : "actionCounter",
        "value" : "27"
      }, {
        "name" : "logText",
        "value" : "Successfully Closed All Browsers."
      } ],
      "stepsCount" : 0,
      "attachmentsCount" : 0,
      "shouldDisplayMessage" : false,
      "hasContent" : true
    } ],
    "attachments" : [ {
      "uid" : "fdc01c0ba528e4f0",
      "name" : "Attachment: Selenium WebDriver Logs - server",
      "source" : "fdc01c0ba528e4f0.txt",
      "type" : "text/plain",
      "size" : 1288
    }, {
      "uid" : "234c273f195e4600",
      "name" : "Attachment: Selenium WebDriver Logs - performance",
      "source" : "234c273f195e4600.txt",
      "type" : "text/plain",
      "size" : 56184
    }, {
      "uid" : "bc33cb5ae21b7317",
      "name" : "Attachment: Selenium WebDriver Logs - browser",
      "source" : "bc33cb5ae21b7317.txt",
      "type" : "text/plain",
      "size" : 757
    }, {
      "uid" : "34c35c99f142ddeb",
      "name" : "Attachment: Selenium WebDriver Logs - driver",
      "source" : "34c35c99f142ddeb.txt",
      "type" : "text/plain",
      "size" : 178277
    }, {
      "uid" : "7fb855190e646cd0",
      "name" : "Attachment: SHAFT Engine Logs - Current Method log: closeBrowser",
      "source" : "7fb855190e646cd0.txt",
      "type" : "text/plain",
      "size" : 531
    } ],
    "parameters" : [ ],
    "stepsCount" : 1,
    "attachmentsCount" : 5,
    "shouldDisplayMessage" : false,
    "hasContent" : true
  }, {
    "name" : "closureActivities",
    "time" : {
      "start" : 1615452535810,
      "stop" : 1615452536589,
      "duration" : 779
    },
    "description" : "",
    "status" : "passed",
    "steps" : [ {
      "name" : "Action [522]: Successfully Closed All Browsers.",
      "time" : {
        "start" : 1615452535811,
        "stop" : 1615452535811,
        "duration" : 0
      },
      "status" : "passed",
      "steps" : [ ],
      "attachments" : [ ],
      "parameters" : [ {
        "name" : "actionCounter",
        "value" : "522"
      }, {
        "name" : "logText",
        "value" : "Successfully Closed All Browsers."
      } ],
      "stepsCount" : 0,
      "attachmentsCount" : 0,
      "shouldDisplayMessage" : false,
      "hasContent" : true
    }, {
      "name" : "Action [523]: Issue Summary: Total Issues = 2, New issues for Failed Tests = 0, Open issues for Passed Tests = 2, Open issues for Failed Tests = 0. Kindly check the attached Issue details.",
      "time" : {
        "start" : 1615452535829,
        "stop" : 1615452535830,
        "duration" : 1
      },
      "status" : "passed",
      "steps" : [ ],
      "attachments" : [ {
        "uid" : "e804c1e1f77e56d2",
        "name" : "Attachment: SHAFT Engine Logs - Issues log CSV: 20210311-084855",
        "source" : "e804c1e1f77e56d2.csv",
        "type" : "text/csv",
        "size" : 228
      } ],
      "parameters" : [ {
        "name" : "actionCounter",
        "value" : "523"
      }, {
        "name" : "logText",
        "value" : "Issue Summary: Total Issues = 2, New issues for Failed Tests = 0, Open issues for Passed Tests = 2, Open issues for Failed Tests = 0. Kindly check the attached Issue details."
      }, {
        "name" : "attachments",
        "value" : "[[SHAFT Engine Logs, Issues log CSV: 20210311-084855, java.io.ByteArrayInputStream@2f6bf880]]"
      } ],
      "stepsCount" : 0,
      "attachmentsCount" : 1,
      "shouldDisplayMessage" : false,
      "hasContent" : true
    } ],
    "attachments" : [ {
      "uid" : "cb9fa25d3ee2cfc1",
      "name" : "Attachment: SHAFT Engine Logs - Execution log: 20210311-084855",
      "source" : "cb9fa25d3ee2cfc1.txt",
      "type" : "text/plain",
      "size" : 385700
    }, {
      "uid" : "36a1142b568dd147",
      "name" : "Attachment: HTML - Extent Emailable Execution Report",
      "source" : "36a1142b568dd147.html",
      "type" : "text/html",
      "size" : 7187305
    } ],
    "parameters" : [ ],
    "stepsCount" : 2,
    "attachmentsCount" : 3,
    "shouldDisplayMessage" : false,
    "hasContent" : true
  } ],
  "labels" : [ {
    "name" : "package",
    "value" : "testPackage01.Test_NewValidationHelper"
  }, {
    "name" : "testClass",
    "value" : "testPackage01.Test_NewValidationHelper"
  }, {
    "name" : "testMethod",
    "value" : "f12"
  }, {
    "name" : "parentSuite",
    "value" : "SHAFT_Engine: Custom Suite"
  }, {
    "name" : "suite",
    "value" : "SHAFT_Engine: Custom Test"
  }, {
    "name" : "subSuite",
    "value" : "testPackage01.Test_NewValidationHelper"
  }, {
    "name" : "host",
    "value" : "fv-az186-442"
  }, {
    "name" : "thread",
    "value" : "4476@fv-az186-442.main(1)"
  }, {
    "name" : "framework",
    "value" : "testng"
  }, {
    "name" : "language",
    "value" : "java"
  }, {
    "name" : "resultFormat",
    "value" : "allure2"
  } ],
  "parameters" : [ ],
  "links" : [ ],
  "hidden" : false,
  "retry" : false,
  "extra" : {
    "severity" : "normal",
    "retries" : [ ],
    "categories" : [ ],
    "tags" : [ ]
  },
  "source" : "f28ccb54e351ae8f.json",
  "parameterValues" : [ ]
}