{
  "uid" : "e5f60c9910aa7f26",
  "name" : "f22",
  "fullName" : "testPackage01.Test_NewValidationActions.f22",
  "historyId" : "800cd9c8b5d99dd6684a556a70c6b7f1",
  "time" : {
    "start" : 1606299696797,
    "stop" : 1606299697192,
    "duration" : 395
  },
  "status" : "passed",
  "flaky" : false,
  "newFailed" : false,
  "beforeStages" : [ {
    "name" : "openBrowser",
    "time" : {
      "start" : 1606299695961,
      "stop" : 1606299696752,
      "duration" : 791
    },
    "description" : "",
    "status" : "passed",
    "steps" : [ {
      "name" : "Action [362]: Attempting to run remotely on: [Linux-64], [GoogleChrome], [http://localhost:4444/wd/hub], Headless Execution.",
      "time" : {
        "start" : 1606299695972,
        "stop" : 1606299695973,
        "duration" : 1
      },
      "status" : "passed",
      "steps" : [ ],
      "attachments" : [ ],
      "parameters" : [ {
        "name" : "actionCounter",
        "value" : "362"
      }, {
        "name" : "logText",
        "value" : "Attempting to run remotely on: [Linux-64], [GoogleChrome], [http://localhost:4444/wd/hub], Headless Execution."
      } ],
      "attachmentsCount" : 0,
      "shouldDisplayMessage" : false,
      "hasContent" : true,
      "stepsCount" : 0
    }, {
      "name" : "Action [363]: Successfully Opened [GoogleChrome].",
      "time" : {
        "start" : 1606299696283,
        "stop" : 1606299696283,
        "duration" : 0
      },
      "status" : "passed",
      "steps" : [ ],
      "attachments" : [ ],
      "parameters" : [ {
        "name" : "actionCounter",
        "value" : "363"
      }, {
        "name" : "logText",
        "value" : "Successfully Opened [GoogleChrome]."
      } ],
      "attachmentsCount" : 0,
      "shouldDisplayMessage" : false,
      "hasContent" : true,
      "stepsCount" : 0
    }, {
      "name" : "Action [364]: Browser Action [navigateToURL] successfully performed. With the following test data [https://the-internet.herokuapp.com/].",
      "time" : {
        "start" : 1606299696751,
        "stop" : 1606299696751,
        "duration" : 0
      },
      "status" : "passed",
      "steps" : [ ],
      "attachments" : [ ],
      "parameters" : [ {
        "name" : "actionCounter",
        "value" : "364"
      }, {
        "name" : "logText",
        "value" : "Browser Action [navigateToURL] successfully performed. With the following test data [https://the-internet.herokuapp.com/]."
      }, {
        "name" : "attachments",
        "value" : "[null]"
      } ],
      "attachmentsCount" : 0,
      "shouldDisplayMessage" : false,
      "hasContent" : true,
      "stepsCount" : 0
    } ],
    "attachments" : [ {
      "uid" : "45686a57ea74e11a",
      "name" : "Attachment: SHAFT Engine Logs - Current Method log: openBrowser",
      "source" : "45686a57ea74e11a.txt",
      "type" : "text/plain",
      "size" : 744
    } ],
    "parameters" : [ ],
    "attachmentsCount" : 1,
    "shouldDisplayMessage" : false,
    "hasContent" : true,
    "stepsCount" : 3
  } ],
  "testStage" : {
    "status" : "passed",
    "steps" : [ {
      "name" : "Action [365]: AssertElementAttribute FAILED; Expected [Value Should be 'yyy' for the 'text' attribute, element locator 'By.tagName: h1'] and Actual [Welcome to the-internet]. Comparison Type [CONTAINS]. Validation Type [POSITIVE].",
      "time" : {
        "start" : 1606299697188,
        "stop" : 1606299697189,
        "duration" : 1
      },
      "status" : "passed",
      "steps" : [ ],
      "attachments" : [ {
        "uid" : "17164d3ca999411a",
        "name" : "Attachment: Screenshot - 1606299697070_f22_AssertElementAttribute_failed",
        "source" : "17164d3ca999411a.png",
        "type" : "image/png",
        "size" : 158296
      } ],
      "parameters" : [ {
        "name" : "actionCounter",
        "value" : "365"
      }, {
        "name" : "logText",
        "value" : "AssertElementAttribute FAILED; Expected [Value Should be 'yyy' for the 'text' attribute, element locator 'By.tagName: h1'] and Actual [Welcome to the-internet]. Comparison Type [CONTAINS]. Validation Type [POSITIVE]."
      }, {
        "name" : "attachments",
        "value" : "[[Screenshot, 1606299697070_f22_AssertElementAttribute_failed, java.io.ByteArrayInputStream@55b3da15]]"
      } ],
      "attachmentsCount" : 1,
      "shouldDisplayMessage" : false,
      "hasContent" : true,
      "stepsCount" : 0
    } ],
    "attachments" : [ {
      "uid" : "1b6f766bdc399ee7",
      "name" : "Attachment: SHAFT Engine Logs - Current Method log: f22",
      "source" : "1b6f766bdc399ee7.txt",
      "type" : "text/plain",
      "size" : 1034
    } ],
    "parameters" : [ ],
    "attachmentsCount" : 2,
    "shouldDisplayMessage" : false,
    "hasContent" : true,
    "stepsCount" : 1
  },
  "afterStages" : [ {
    "name" : "closeBrowser",
    "time" : {
      "start" : 1606299697192,
      "stop" : 1606299697368,
      "duration" : 176
    },
    "description" : "",
    "status" : "passed",
    "steps" : [ {
      "name" : "Action [366]: Successfully Closed All Browsers.",
      "time" : {
        "start" : 1606299697367,
        "stop" : 1606299697367,
        "duration" : 0
      },
      "status" : "passed",
      "steps" : [ ],
      "attachments" : [ ],
      "parameters" : [ {
        "name" : "actionCounter",
        "value" : "366"
      }, {
        "name" : "logText",
        "value" : "Successfully Closed All Browsers."
      } ],
      "attachmentsCount" : 0,
      "shouldDisplayMessage" : false,
      "hasContent" : true,
      "stepsCount" : 0
    } ],
    "attachments" : [ {
      "uid" : "1264a7bac62a226a",
      "name" : "Attachment: Selenium WebDriver Logs - server",
      "source" : "1264a7bac62a226a.txt",
      "type" : "text/plain",
      "size" : 1288
    }, {
      "uid" : "f502e11035d56e5c",
      "name" : "Attachment: Selenium WebDriver Logs - performance",
      "source" : "f502e11035d56e5c.txt",
      "type" : "text/plain",
      "size" : 60485
    }, {
      "uid" : "2b25003bdce69c77",
      "name" : "Attachment: Selenium WebDriver Logs - browser",
      "source" : "2b25003bdce69c77.txt",
      "type" : "text/plain",
      "size" : 761
    }, {
      "uid" : "ab9a7e4b28bd7b6a",
      "name" : "Attachment: Selenium WebDriver Logs - driver",
      "source" : "ab9a7e4b28bd7b6a.txt",
      "type" : "text/plain",
      "size" : 200740
    }, {
      "uid" : "d8200dab7cfffe2a",
      "name" : "Attachment: SHAFT Engine Logs - Current Method log: closeBrowser",
      "source" : "d8200dab7cfffe2a.txt",
      "type" : "text/plain",
      "size" : 531
    } ],
    "parameters" : [ ],
    "attachmentsCount" : 5,
    "shouldDisplayMessage" : false,
    "hasContent" : true,
    "stepsCount" : 1
  }, {
    "name" : "closureActivities",
    "time" : {
      "start" : 1606299797389,
      "stop" : 1606299797405,
      "duration" : 16
    },
    "description" : "",
    "status" : "passed",
    "steps" : [ {
      "name" : "Action [500]: Successfully Closed All Browsers.",
      "time" : {
        "start" : 1606299797390,
        "stop" : 1606299797390,
        "duration" : 0
      },
      "status" : "passed",
      "steps" : [ ],
      "attachments" : [ ],
      "parameters" : [ {
        "name" : "actionCounter",
        "value" : "500"
      }, {
        "name" : "logText",
        "value" : "Successfully Closed All Browsers."
      } ],
      "attachmentsCount" : 0,
      "shouldDisplayMessage" : false,
      "hasContent" : true,
      "stepsCount" : 0
    }, {
      "name" : "Action [501]: Issue Summary: Total Issues = 3, New issues for Failed Tests = 1, Open issues for Passed Tests = 2, Open issues for Failed Tests = 0. Kindly check the attached Issue details.",
      "time" : {
        "start" : 1606299797398,
        "stop" : 1606299797398,
        "duration" : 0
      },
      "status" : "passed",
      "steps" : [ ],
      "attachments" : [ {
        "uid" : "72e322f965ed7a6d",
        "name" : "Attachment: SHAFT Engine Logs - Issues log CSV: 20201125-102317",
        "source" : "72e322f965ed7a6d.csv",
        "type" : "text/csv",
        "size" : 374
      } ],
      "parameters" : [ {
        "name" : "actionCounter",
        "value" : "501"
      }, {
        "name" : "logText",
        "value" : "Issue Summary: Total Issues = 3, New issues for Failed Tests = 1, Open issues for Passed Tests = 2, Open issues for Failed Tests = 0. Kindly check the attached Issue details."
      }, {
        "name" : "attachments",
        "value" : "[[SHAFT Engine Logs, Issues log CSV: 20201125-102317, java.io.ByteArrayInputStream@3773524e]]"
      } ],
      "attachmentsCount" : 1,
      "shouldDisplayMessage" : false,
      "hasContent" : true,
      "stepsCount" : 0
    } ],
    "attachments" : [ {
      "uid" : "98a58b6b3ad011bb",
      "name" : "Attachment: SHAFT Engine Logs - Execution log: 20201125-102317",
      "source" : "98a58b6b3ad011bb.txt",
      "type" : "text/plain",
      "size" : 377515
    } ],
    "parameters" : [ ],
    "attachmentsCount" : 2,
    "shouldDisplayMessage" : false,
    "hasContent" : true,
    "stepsCount" : 2
  } ],
  "labels" : [ {
    "name" : "package",
    "value" : "testPackage01.Test_NewValidationActions"
  }, {
    "name" : "testClass",
    "value" : "testPackage01.Test_NewValidationActions"
  }, {
    "name" : "testMethod",
    "value" : "f22"
  }, {
    "name" : "parentSuite",
    "value" : "SHAFT_Engine: Custom Suite"
  }, {
    "name" : "suite",
    "value" : "SHAFT_Engine: Custom Test"
  }, {
    "name" : "subSuite",
    "value" : "testPackage01.Test_NewValidationActions"
  }, {
    "name" : "host",
    "value" : "fv-az60-112"
  }, {
    "name" : "thread",
    "value" : "5077@fv-az60-112.main(1)"
  }, {
    "name" : "framework",
    "value" : "testng"
  }, {
    "name" : "language",
    "value" : "java"
  }, {
    "name" : "resultFormat",
    "value" : "allure2"
  } ],
  "parameters" : [ ],
  "links" : [ ],
  "hidden" : false,
  "retry" : false,
  "extra" : {
    "severity" : "normal",
    "retries" : [ ],
    "categories" : [ ],
    "tags" : [ ]
  },
  "source" : "e5f60c9910aa7f26.json",
  "parameterValues" : [ ]
}