{
  "uid" : "1bd0df5cedd8ef82",
  "name" : "f15",
  "fullName" : "testPackage01.Test_NewValidationActions.f15",
  "historyId" : "8ad0e7501f35925a6444f1e8c5b341c5",
  "time" : {
    "start" : 1604424815469,
    "stop" : 1604424815893,
    "duration" : 424
  },
  "status" : "passed",
  "flaky" : false,
  "newFailed" : false,
  "beforeStages" : [ {
    "name" : "openBrowser",
    "time" : {
      "start" : 1604424814517,
      "stop" : 1604424815465,
      "duration" : 948
    },
    "description" : "",
    "status" : "passed",
    "steps" : [ {
      "name" : "Action [30]: Attempting to run remotely on: [Linux-64], [GoogleChrome], [http://localhost:4444/wd/hub], Headless Execution.",
      "time" : {
        "start" : 1604424814517,
        "stop" : 1604424814517,
        "duration" : 0
      },
      "status" : "passed",
      "steps" : [ ],
      "attachments" : [ ],
      "parameters" : [ {
        "name" : "actionCounter",
        "value" : "30"
      }, {
        "name" : "logText",
        "value" : "Attempting to run remotely on: [Linux-64], [GoogleChrome], [http://localhost:4444/wd/hub], Headless Execution."
      } ],
      "stepsCount" : 0,
      "attachmentsCount" : 0,
      "shouldDisplayMessage" : false,
      "hasContent" : true
    }, {
      "name" : "Action [31]: Successfully Opened [GoogleChrome].",
      "time" : {
        "start" : 1604424814768,
        "stop" : 1604424814768,
        "duration" : 0
      },
      "status" : "passed",
      "steps" : [ ],
      "attachments" : [ ],
      "parameters" : [ {
        "name" : "actionCounter",
        "value" : "31"
      }, {
        "name" : "logText",
        "value" : "Successfully Opened [GoogleChrome]."
      } ],
      "stepsCount" : 0,
      "attachmentsCount" : 0,
      "shouldDisplayMessage" : false,
      "hasContent" : true
    }, {
      "name" : "Action [32]: Browser Action [navigateToURL] successfully performed. With the following test data [https://the-internet.herokuapp.com/].",
      "time" : {
        "start" : 1604424815464,
        "stop" : 1604424815464,
        "duration" : 0
      },
      "status" : "passed",
      "steps" : [ ],
      "attachments" : [ ],
      "parameters" : [ {
        "name" : "actionCounter",
        "value" : "32"
      }, {
        "name" : "logText",
        "value" : "Browser Action [navigateToURL] successfully performed. With the following test data [https://the-internet.herokuapp.com/]."
      }, {
        "name" : "attachments",
        "value" : "[null]"
      } ],
      "stepsCount" : 0,
      "attachmentsCount" : 0,
      "shouldDisplayMessage" : false,
      "hasContent" : true
    } ],
    "attachments" : [ {
      "uid" : "b2d1c0eac6c4798b",
      "name" : "Attachment: SHAFT Engine Logs - Current Method log: openBrowser",
      "source" : "b2d1c0eac6c4798b.txt",
      "type" : "text/plain",
      "size" : 744
    } ],
    "parameters" : [ ],
    "stepsCount" : 3,
    "attachmentsCount" : 1,
    "shouldDisplayMessage" : false,
    "hasContent" : true
  } ],
  "testStage" : {
    "status" : "passed",
    "steps" : [ {
      "name" : "Action [33]: AssertElementAttribute FAILED; Expected [Value Should not be 'Welcome' for the 'text' attribute, element locator 'By.tagName: h1'] and Actual [Welcome to the-internet]. Comparison Type [CONTAINS]. Validation Type [NEGATIVE].",
      "time" : {
        "start" : 1604424815891,
        "stop" : 1604424815892,
        "duration" : 1
      },
      "status" : "passed",
      "steps" : [ ],
      "attachments" : [ {
        "uid" : "15414024d9b2013f",
        "name" : "Attachment: Screenshot - 1604424815801_f15_AssertElementAttribute_failed",
        "source" : "15414024d9b2013f.png",
        "type" : "image/png",
        "size" : 158296
      } ],
      "parameters" : [ {
        "name" : "actionCounter",
        "value" : "33"
      }, {
        "name" : "logText",
        "value" : "AssertElementAttribute FAILED; Expected [Value Should not be 'Welcome' for the 'text' attribute, element locator 'By.tagName: h1'] and Actual [Welcome to the-internet]. Comparison Type [CONTAINS]. Validation Type [NEGATIVE]."
      }, {
        "name" : "attachments",
        "value" : "[[Screenshot, 1604424815801_f15_AssertElementAttribute_failed, java.io.ByteArrayInputStream@78743dd8]]"
      } ],
      "stepsCount" : 0,
      "attachmentsCount" : 1,
      "shouldDisplayMessage" : false,
      "hasContent" : true
    } ],
    "attachments" : [ {
      "uid" : "916335c47eaf6044",
      "name" : "Attachment: SHAFT Engine Logs - Current Method log: f15",
      "source" : "916335c47eaf6044.txt",
      "type" : "text/plain",
      "size" : 1041
    } ],
    "parameters" : [ ],
    "stepsCount" : 1,
    "attachmentsCount" : 2,
    "shouldDisplayMessage" : false,
    "hasContent" : true
  },
  "afterStages" : [ {
    "name" : "closeBrowser",
    "time" : {
      "start" : 1604424815894,
      "stop" : 1604424816120,
      "duration" : 226
    },
    "description" : "",
    "status" : "passed",
    "steps" : [ {
      "name" : "Action [34]: Successfully Closed All Browsers.",
      "time" : {
        "start" : 1604424816119,
        "stop" : 1604424816119,
        "duration" : 0
      },
      "status" : "passed",
      "steps" : [ ],
      "attachments" : [ ],
      "parameters" : [ {
        "name" : "actionCounter",
        "value" : "34"
      }, {
        "name" : "logText",
        "value" : "Successfully Closed All Browsers."
      } ],
      "stepsCount" : 0,
      "attachmentsCount" : 0,
      "shouldDisplayMessage" : false,
      "hasContent" : true
    } ],
    "attachments" : [ {
      "uid" : "300629f7405644a6",
      "name" : "Attachment: Selenium WebDriver Logs - server",
      "source" : "300629f7405644a6.txt",
      "type" : "text/plain",
      "size" : 1288
    }, {
      "uid" : "72f4dc0541fab39e",
      "name" : "Attachment: Selenium WebDriver Logs - performance",
      "source" : "72f4dc0541fab39e.txt",
      "type" : "text/plain",
      "size" : 64912
    }, {
      "uid" : "72eed23104e97ce6",
      "name" : "Attachment: Selenium WebDriver Logs - browser",
      "source" : "72eed23104e97ce6.txt",
      "type" : "text/plain",
      "size" : 1078
    }, {
      "uid" : "899b37aa9efa9f75",
      "name" : "Attachment: Selenium WebDriver Logs - driver",
      "source" : "899b37aa9efa9f75.txt",
      "type" : "text/plain",
      "size" : 212175
    }, {
      "uid" : "a47c75c42e7045b0",
      "name" : "Attachment: SHAFT Engine Logs - Current Method log: closeBrowser",
      "source" : "a47c75c42e7045b0.txt",
      "type" : "text/plain",
      "size" : 531
    } ],
    "parameters" : [ ],
    "stepsCount" : 1,
    "attachmentsCount" : 5,
    "shouldDisplayMessage" : false,
    "hasContent" : true
  }, {
    "name" : "closureActivities",
    "time" : {
      "start" : 1604425123732,
      "stop" : 1604425123747,
      "duration" : 15
    },
    "description" : "",
    "status" : "passed",
    "steps" : [ {
      "name" : "Action [504]: Successfully Closed All Browsers.",
      "time" : {
        "start" : 1604425123733,
        "stop" : 1604425123733,
        "duration" : 0
      },
      "status" : "passed",
      "steps" : [ ],
      "attachments" : [ ],
      "parameters" : [ {
        "name" : "actionCounter",
        "value" : "504"
      }, {
        "name" : "logText",
        "value" : "Successfully Closed All Browsers."
      } ],
      "stepsCount" : 0,
      "attachmentsCount" : 0,
      "shouldDisplayMessage" : false,
      "hasContent" : true
    }, {
      "name" : "Action [505]: Issue Summary: Total Issues = 2, New issues for Failed Tests = 0, Open issues for Passed Tests = 2, Open issues for Failed Tests = 0. Kindly check the attached Issue details.",
      "time" : {
        "start" : 1604425123744,
        "stop" : 1604425123745,
        "duration" : 1
      },
      "status" : "passed",
      "steps" : [ ],
      "attachments" : [ {
        "uid" : "73c43a2a45ded743",
        "name" : "Attachment: SHAFT Engine Logs - Issues log CSV: 20201103-173843",
        "source" : "73c43a2a45ded743.csv",
        "type" : "text/csv",
        "size" : 228
      } ],
      "parameters" : [ {
        "name" : "actionCounter",
        "value" : "505"
      }, {
        "name" : "logText",
        "value" : "Issue Summary: Total Issues = 2, New issues for Failed Tests = 0, Open issues for Passed Tests = 2, Open issues for Failed Tests = 0. Kindly check the attached Issue details."
      }, {
        "name" : "attachments",
        "value" : "[[SHAFT Engine Logs, Issues log CSV: 20201103-173843, java.io.ByteArrayInputStream@19309a15]]"
      } ],
      "stepsCount" : 0,
      "attachmentsCount" : 1,
      "shouldDisplayMessage" : false,
      "hasContent" : true
    } ],
    "attachments" : [ {
      "uid" : "9a777418511b2cae",
      "name" : "Attachment: SHAFT Engine Logs - Execution log: 20201103-173843",
      "source" : "9a777418511b2cae.txt",
      "type" : "text/plain",
      "size" : 358515
    } ],
    "parameters" : [ ],
    "stepsCount" : 2,
    "attachmentsCount" : 2,
    "shouldDisplayMessage" : false,
    "hasContent" : true
  } ],
  "labels" : [ {
    "name" : "package",
    "value" : "testPackage01.Test_NewValidationActions"
  }, {
    "name" : "testClass",
    "value" : "testPackage01.Test_NewValidationActions"
  }, {
    "name" : "testMethod",
    "value" : "f15"
  }, {
    "name" : "parentSuite",
    "value" : "SHAFT_Engine: Custom Suite"
  }, {
    "name" : "suite",
    "value" : "SHAFT_Engine: Custom Test"
  }, {
    "name" : "subSuite",
    "value" : "testPackage01.Test_NewValidationActions"
  }, {
    "name" : "host",
    "value" : "fv-az151-762"
  }, {
    "name" : "thread",
    "value" : "5069@fv-az151-762.main(1)"
  }, {
    "name" : "framework",
    "value" : "testng"
  }, {
    "name" : "language",
    "value" : "java"
  }, {
    "name" : "resultFormat",
    "value" : "allure2"
  } ],
  "parameters" : [ ],
  "links" : [ ],
  "hidden" : false,
  "retry" : false,
  "extra" : {
    "severity" : "normal",
    "retries" : [ ],
    "categories" : [ ],
    "tags" : [ ]
  },
  "source" : "1bd0df5cedd8ef82.json",
  "parameterValues" : [ ]
}