{
  "uid" : "30c4cc435497105d",
  "name" : "testIsElementClickable",
  "fullName" : "testPackage01.Test_IsElementClickable.testIsElementClickable",
  "historyId" : "8161aacdafcd0cb42d3204fe0672f36b",
  "time" : {
    "start" : 1609391560887,
    "stop" : 1609391651500,
    "duration" : 90613
  },
  "status" : "failed",
  "statusMessage" : "Browser Action [navigateToNewURL] failed. With the following test data [Waited for 30 seconds to navigate to [https://the-internet.herokuapp.com/] but ended up with [data:,].].",
  "statusTrace" : "java.lang.AssertionError: Browser Action [navigateToNewURL] failed. With the following test data [Waited for 30 seconds to navigate to [https://the-internet.herokuapp.com/] but ended up with [data:,].].\n\tat org.testng.Assert.fail(Assert.java:87)\n\tat com.shaft.gui.browser.BrowserActions.failAction(BrowserActions.java:462)\n\tat com.shaft.gui.browser.BrowserActions.failAction(BrowserActions.java:455)\n\tat com.shaft.gui.browser.BrowserActions.navigateToNewURL(BrowserActions.java:536)\n\tat com.shaft.gui.browser.BrowserActions.navigateToURL(BrowserActions.java:204)\n\tat com.shaft.gui.browser.BrowserActions.navigateToURL(BrowserActions.java:153)\n\tat testPackage01.Test_IsElementClickable.testIsElementClickable(Test_IsElementClickable.java:20)\n\tat java.base/jdk.internal.reflect.NativeMethodAccessorImpl.invoke0(Native Method)\n\tat java.base/jdk.internal.reflect.NativeMethodAccessorImpl.invoke(NativeMethodAccessorImpl.java:64)\n\tat java.base/jdk.internal.reflect.DelegatingMethodAccessorImpl.invoke(DelegatingMethodAccessorImpl.java:43)\n\tat java.base/java.lang.reflect.Method.invoke(Method.java:564)\n\tat org.testng.internal.MethodInvocationHelper.invokeMethod(MethodInvocationHelper.java:132)\n\tat org.testng.internal.TestInvoker.invokeMethod(TestInvoker.java:599)\n\tat org.testng.internal.TestInvoker.invokeTestMethod(TestInvoker.java:174)\n\tat org.testng.internal.MethodRunner.runInSequence(MethodRunner.java:46)\n\tat org.testng.internal.TestInvoker$MethodInvocationAgent.invoke(TestInvoker.java:822)\n\tat org.testng.internal.TestInvoker.invokeTestMethods(TestInvoker.java:147)\n\tat org.testng.internal.TestMethodWorker.invokeTestMethods(TestMethodWorker.java:146)\n\tat org.testng.internal.TestMethodWorker.run(TestMethodWorker.java:128)\n\tat java.base/java.util.ArrayList.forEach(ArrayList.java:1511)\n\tat org.testng.TestRunner.privateRun(TestRunner.java:764)\n\tat org.testng.TestRunner.run(TestRunner.java:585)\n\tat org.testng.SuiteRunner.runTest(SuiteRunner.java:384)\n\tat org.testng.SuiteRunner.runSequentially(SuiteRunner.java:378)\n\tat org.testng.SuiteRunner.privateRun(SuiteRunner.java:337)\n\tat org.testng.SuiteRunner.run(SuiteRunner.java:286)\n\tat org.testng.SuiteRunnerWorker.runSuite(SuiteRunnerWorker.java:53)\n\tat org.testng.SuiteRunnerWorker.run(SuiteRunnerWorker.java:96)\n\tat org.testng.TestNG.runSuitesSequentially(TestNG.java:1218)\n\tat org.testng.TestNG.runSuitesLocally(TestNG.java:1140)\n\tat org.testng.TestNG.runSuites(TestNG.java:1069)\n\tat org.testng.TestNG.run(TestNG.java:1037)\n\tat org.apache.maven.surefire.testng.TestNGExecutor.run(TestNGExecutor.java:136)\n\tat org.apache.maven.surefire.testng.TestNGDirectoryTestSuite.executeMulti(TestNGDirectoryTestSuite.java:193)\n\tat org.apache.maven.surefire.testng.TestNGDirectoryTestSuite.execute(TestNGDirectoryTestSuite.java:94)\n\tat org.apache.maven.surefire.testng.TestNGProvider.invoke(TestNGProvider.java:145)\n\tat org.apache.maven.surefire.booter.ForkedBooter.runSuitesInProcess(ForkedBooter.java:428)\n\tat org.apache.maven.surefire.booter.ForkedBooter.execute(ForkedBooter.java:162)\n\tat org.apache.maven.surefire.booter.ForkedBooter.run(ForkedBooter.java:562)\n\tat org.apache.maven.surefire.booter.ForkedBooter.main(ForkedBooter.java:548)\nCaused by: org.openqa.selenium.TimeoutException: Expected condition failed: waiting for condition to not be valid: url to be \"data:,\". Current url: \"data:,\" (tried for 30 second(s) with 500 milliseconds interval)\nBuild info: version: '3.141.59', revision: 'e82be7d358', time: '2018-11-14T08:17:03'\nSystem info: host: 'fv-az12-647', ip: '10.1.0.4', os.name: 'Linux', os.arch: 'amd64', os.version: '5.4.0-1032-azure', java.version: '15.0.1'\nDriver info: org.openqa.selenium.remote.RemoteWebDriver\nCapabilities {acceptInsecureCerts: false, acceptSslCerts: false, applicationCacheEnabled: false, browserConnectionEnabled: false, browserName: chrome, chrome: {chromedriverVersion: 87.0.4280.88 (89e2380a3e36c..., userDataDir: /tmp/.com.google.Chrome.94lKHW}, cssSelectorsEnabled: true, databaseEnabled: false, goog:chromeOptions: {debuggerAddress: localhost:44497}, handlesAlerts: true, hasTouchScreen: false, javascriptEnabled: true, locationContextEnabled: true, mobileEmulationEnabled: false, nativeEvents: true, networkConnectionEnabled: false, pageLoadStrategy: normal, platform: LINUX, platformName: LINUX, proxy: Proxy(), rotatable: false, se:options: {cdp: http://172.18.0.6:5555/sess...}, setWindowRect: true, strictFileInteractability: false, takesHeapSnapshot: true, takesScreenshot: true, timeouts: {implicit: 0, pageLoad: 300000, script: 30000}, unexpectedAlertBehaviour: ignore, unhandledPromptBehavior: ignore, version: 87.0.4280.88, webStorageEnabled: true, webauthn:virtualAuthenticators: true}\nSession ID: d2610cc0b057ec7ab58e527e38aaaf60\n\tat org.openqa.selenium.support.ui.WebDriverWait.timeoutException(WebDriverWait.java:95)\n\tat org.openqa.selenium.support.ui.FluentWait.until(FluentWait.java:272)\n\tat com.shaft.gui.browser.BrowserActions.navigateToNewURL(BrowserActions.java:530)\n\t... 36 more\n",
  "flaky" : false,
  "newFailed" : false,
  "beforeStages" : [ {
    "name" : "beforeMethod",
    "time" : {
      "start" : 1609391560652,
      "stop" : 1609391560867,
      "duration" : 215
    },
    "description" : "",
    "status" : "passed",
    "steps" : [ {
      "name" : "Action [160]: Attempting to run remotely on: [Linux-64], [GoogleChrome], [http://localhost:4444/wd/hub], Headless Execution.",
      "time" : {
        "start" : 1609391560653,
        "stop" : 1609391560653,
        "duration" : 0
      },
      "status" : "passed",
      "steps" : [ ],
      "attachments" : [ ],
      "parameters" : [ {
        "name" : "actionCounter",
        "value" : "160"
      }, {
        "name" : "logText",
        "value" : "Attempting to run remotely on: [Linux-64], [GoogleChrome], [http://localhost:4444/wd/hub], Headless Execution."
      } ],
      "stepsCount" : 0,
      "attachmentsCount" : 0,
      "shouldDisplayMessage" : false,
      "hasContent" : true
    }, {
      "name" : "Action [161]: Successfully Opened [GoogleChrome].",
      "time" : {
        "start" : 1609391560854,
        "stop" : 1609391560854,
        "duration" : 0
      },
      "status" : "passed",
      "steps" : [ ],
      "attachments" : [ ],
      "parameters" : [ {
        "name" : "actionCounter",
        "value" : "161"
      }, {
        "name" : "logText",
        "value" : "Successfully Opened [GoogleChrome]."
      } ],
      "stepsCount" : 0,
      "attachmentsCount" : 0,
      "shouldDisplayMessage" : false,
      "hasContent" : true
    } ],
    "attachments" : [ ],
    "parameters" : [ ],
    "stepsCount" : 2,
    "attachmentsCount" : 0,
    "shouldDisplayMessage" : false,
    "hasContent" : true
  } ],
  "testStage" : {
    "status" : "failed",
    "statusMessage" : "Browser Action [navigateToNewURL] failed. With the following test data [Waited for 30 seconds to navigate to [https://the-internet.herokuapp.com/] but ended up with [data:,].].",
    "statusTrace" : "java.lang.AssertionError: Browser Action [navigateToNewURL] failed. With the following test data [Waited for 30 seconds to navigate to [https://the-internet.herokuapp.com/] but ended up with [data:,].].\n\tat org.testng.Assert.fail(Assert.java:87)\n\tat com.shaft.gui.browser.BrowserActions.failAction(BrowserActions.java:462)\n\tat com.shaft.gui.browser.BrowserActions.failAction(BrowserActions.java:455)\n\tat com.shaft.gui.browser.BrowserActions.navigateToNewURL(BrowserActions.java:536)\n\tat com.shaft.gui.browser.BrowserActions.navigateToURL(BrowserActions.java:204)\n\tat com.shaft.gui.browser.BrowserActions.navigateToURL(BrowserActions.java:153)\n\tat testPackage01.Test_IsElementClickable.testIsElementClickable(Test_IsElementClickable.java:20)\n\tat java.base/jdk.internal.reflect.NativeMethodAccessorImpl.invoke0(Native Method)\n\tat java.base/jdk.internal.reflect.NativeMethodAccessorImpl.invoke(NativeMethodAccessorImpl.java:64)\n\tat java.base/jdk.internal.reflect.DelegatingMethodAccessorImpl.invoke(DelegatingMethodAccessorImpl.java:43)\n\tat java.base/java.lang.reflect.Method.invoke(Method.java:564)\n\tat org.testng.internal.MethodInvocationHelper.invokeMethod(MethodInvocationHelper.java:132)\n\tat org.testng.internal.TestInvoker.invokeMethod(TestInvoker.java:599)\n\tat org.testng.internal.TestInvoker.invokeTestMethod(TestInvoker.java:174)\n\tat org.testng.internal.MethodRunner.runInSequence(MethodRunner.java:46)\n\tat org.testng.internal.TestInvoker$MethodInvocationAgent.invoke(TestInvoker.java:822)\n\tat org.testng.internal.TestInvoker.invokeTestMethods(TestInvoker.java:147)\n\tat org.testng.internal.TestMethodWorker.invokeTestMethods(TestMethodWorker.java:146)\n\tat org.testng.internal.TestMethodWorker.run(TestMethodWorker.java:128)\n\tat java.base/java.util.ArrayList.forEach(ArrayList.java:1511)\n\tat org.testng.TestRunner.privateRun(TestRunner.java:764)\n\tat org.testng.TestRunner.run(TestRunner.java:585)\n\tat org.testng.SuiteRunner.runTest(SuiteRunner.java:384)\n\tat org.testng.SuiteRunner.runSequentially(SuiteRunner.java:378)\n\tat org.testng.SuiteRunner.privateRun(SuiteRunner.java:337)\n\tat org.testng.SuiteRunner.run(SuiteRunner.java:286)\n\tat org.testng.SuiteRunnerWorker.runSuite(SuiteRunnerWorker.java:53)\n\tat org.testng.SuiteRunnerWorker.run(SuiteRunnerWorker.java:96)\n\tat org.testng.TestNG.runSuitesSequentially(TestNG.java:1218)\n\tat org.testng.TestNG.runSuitesLocally(TestNG.java:1140)\n\tat org.testng.TestNG.runSuites(TestNG.java:1069)\n\tat org.testng.TestNG.run(TestNG.java:1037)\n\tat org.apache.maven.surefire.testng.TestNGExecutor.run(TestNGExecutor.java:136)\n\tat org.apache.maven.surefire.testng.TestNGDirectoryTestSuite.executeMulti(TestNGDirectoryTestSuite.java:193)\n\tat org.apache.maven.surefire.testng.TestNGDirectoryTestSuite.execute(TestNGDirectoryTestSuite.java:94)\n\tat org.apache.maven.surefire.testng.TestNGProvider.invoke(TestNGProvider.java:145)\n\tat org.apache.maven.surefire.booter.ForkedBooter.runSuitesInProcess(ForkedBooter.java:428)\n\tat org.apache.maven.surefire.booter.ForkedBooter.execute(ForkedBooter.java:162)\n\tat org.apache.maven.surefire.booter.ForkedBooter.run(ForkedBooter.java:562)\n\tat org.apache.maven.surefire.booter.ForkedBooter.main(ForkedBooter.java:548)\nCaused by: org.openqa.selenium.TimeoutException: Expected condition failed: waiting for condition to not be valid: url to be \"data:,\". Current url: \"data:,\" (tried for 30 second(s) with 500 milliseconds interval)\nBuild info: version: '3.141.59', revision: 'e82be7d358', time: '2018-11-14T08:17:03'\nSystem info: host: 'fv-az12-647', ip: '10.1.0.4', os.name: 'Linux', os.arch: 'amd64', os.version: '5.4.0-1032-azure', java.version: '15.0.1'\nDriver info: org.openqa.selenium.remote.RemoteWebDriver\nCapabilities {acceptInsecureCerts: false, acceptSslCerts: false, applicationCacheEnabled: false, browserConnectionEnabled: false, browserName: chrome, chrome: {chromedriverVersion: 87.0.4280.88 (89e2380a3e36c..., userDataDir: /tmp/.com.google.Chrome.94lKHW}, cssSelectorsEnabled: true, databaseEnabled: false, goog:chromeOptions: {debuggerAddress: localhost:44497}, handlesAlerts: true, hasTouchScreen: false, javascriptEnabled: true, locationContextEnabled: true, mobileEmulationEnabled: false, nativeEvents: true, networkConnectionEnabled: false, pageLoadStrategy: normal, platform: LINUX, platformName: LINUX, proxy: Proxy(), rotatable: false, se:options: {cdp: http://172.18.0.6:5555/sess...}, setWindowRect: true, strictFileInteractability: false, takesHeapSnapshot: true, takesScreenshot: true, timeouts: {implicit: 0, pageLoad: 300000, script: 30000}, unexpectedAlertBehaviour: ignore, unhandledPromptBehavior: ignore, version: 87.0.4280.88, webStorageEnabled: true, webauthn:virtualAuthenticators: true}\nSession ID: d2610cc0b057ec7ab58e527e38aaaf60\n\tat org.openqa.selenium.support.ui.WebDriverWait.timeoutException(WebDriverWait.java:95)\n\tat org.openqa.selenium.support.ui.FluentWait.until(FluentWait.java:272)\n\tat com.shaft.gui.browser.BrowserActions.navigateToNewURL(BrowserActions.java:530)\n\t... 36 more\n",
    "steps" : [ {
      "name" : "Action [162]: An Exception Occured with this Message: Expected condition failed: waiting for condition to not be valid: url to be \"data:,\". Current url: \"data:,\" (tried for 30 second(s) with 500 milliseconds interval).",
      "time" : {
        "start" : 1609391651484,
        "stop" : 1609391651484,
        "duration" : 0
      },
      "status" : "passed",
      "steps" : [ ],
      "attachments" : [ {
        "uid" : "c4ef69a9bdb768b",
        "name" : "Attachment: Exception Stack Trace - org.openqa.selenium.TimeoutException",
        "source" : "c4ef69a9bdb768b.txt",
        "type" : "text/plain",
        "size" : 4337
      } ],
      "parameters" : [ {
        "name" : "actionCounter",
        "value" : "162"
      }, {
        "name" : "logText",
        "value" : "An Exception Occured with this Message: Expected condition failed: waiting for condition to not be valid: url to be \"data:,\". Current url: \"data:,\" (tried for 30 second(s) with 500 milliseconds interval)."
      }, {
        "name" : "attachments",
        "value" : "[[Exception Stack Trace, org.openqa.selenium.TimeoutException, org.openqa.selenium.TimeoutException:\nExpected condition failed: waiting for condition to not be valid: url to be \"data:,\". Current url: \"data:,\" (tried for 30 second(s) with 500 milliseconds interval)\nBuild info: version: '3.141.59', revision: 'e82be7d358', time: '2018-11-14T08:17:03'\nSystem info: host: 'fv-az12-647', ip: '10.1.0.4', os.name: 'Linux', os.arch: 'amd64', os.version: '5.4.0-1032-azure', java.version: '15.0.1'\nDriver info: org.openqa.selenium.remote.RemoteWebDriver\nCapabilities {acceptInsecureCerts: false, acceptSslCerts: false, applicationCacheEnabled: false, browserConnectionEnabled: false, browserName: chrome, chrome: {chromedriverVersion: 87.0.4280.88 (89e2380a3e36c..., userDataDir: /tmp/.com.google.Chrome.94lKHW}, cssSelectorsEnabled: true, databaseEnabled: false, goog:chromeOptions: {debuggerAddress: localhost:44497}, handlesAlerts: true, hasTouchScreen: false, javascriptEnabled: true, locationContextEnabled: true, mobileEmulationEnabled: false, nativeEvents: true, networkConnectionEnabled: false, pageLoadStrategy: normal, platform: LINUX, platformName: LINUX, proxy: Proxy(), rotatable: false, se:options: {cdp: http://172.18.0.6:5555/sess...}, setWindowRect: true, strictFileInteractability: false, takesHeapSnapshot: true, takesScreenshot: true, timeouts: {implicit: 0, pageLoad: 300000, script: 30000}, unexpectedAlertBehaviour: ignore, unhandledPromptBehavior: ignore, version: 87.0.4280.88, webStorageEnabled: true, webauthn:virtualAuthenticators: true}\nSession ID: d2610cc0b057ec7ab58e527e38aaaf60\norg.openqa.selenium.support.ui.WebDriverWait.timeoutException(WebDriverWait.java:95)\norg.openqa.selenium.support.ui.FluentWait.until(FluentWait.java:272)\ncom.shaft.gui.browser.BrowserActions.navigateToNewURL(BrowserActions.java:530)\ncom.shaft.gui.browser.BrowserActions.navigateToURL(BrowserActions.java:204)\ncom.shaft.gui.browser.BrowserActions.navigateToURL(BrowserActions.java:153)\ntestPackage01.Test_IsElementClickable.testIsElementClickable(Test_IsElementClickable.java:20)\njava.base/jdk.internal.reflect.NativeMethodAccessorImpl.invoke0(Native Method)\njava.base/jdk.internal.reflect.NativeMethodAccessorImpl.invoke(NativeMethodAccessorImpl.java:64)\njava.base/jdk.internal.reflect.DelegatingMethodAccessorImpl.invoke(DelegatingMethodAccessorImpl.java:43)\njava.base/java.lang.reflect.Method.invoke(Method.java:564)\norg.testng.internal.MethodInvocationHelper.invokeMethod(MethodInvocationHelper.java:132)\norg.testng.internal.TestInvoker.invokeMethod(TestInvoker.java:599)\norg.testng.internal.TestInvoker.invokeTestMethod(TestInvoker.java:174)\norg.testng.internal.MethodRunner.runInSequence(MethodRunner.java:46)\norg.testng.internal.TestInvoker$MethodInvocationAgent.invoke(TestInvoker.java:822)\norg.testng.internal.TestInvoker.invokeTestMethods(TestInvoker.java:147)\norg.testng.internal.TestMethodWorker.invokeTestMethods(TestMethodWorker.java:146)\norg.testng.internal.TestMethodWorker.run(TestMethodWorker.java:128)\njava.base/java.util.ArrayList.forEach(ArrayList.java:1511)\norg.testng.TestRunner.privateRun(TestRunner.java:764)\norg.testng.TestRunner.run(TestRunner.java:585)\norg.testng.SuiteRunner.runTest(SuiteRunner.java:384)\norg.testng.SuiteRunner.runSequentially(SuiteRunner.java:378)\norg.testng.SuiteRunner.privateRun(SuiteRunner.java:337)\norg.testng.SuiteRunner.run(SuiteRunner.java:286)\norg.testng.SuiteRunnerWorker.runSuite(SuiteRunnerWorker.java:53)\norg.testng.SuiteRunnerWorker.run(SuiteRunnerWorker.java:96)\norg.testng.TestNG.runSuitesSequentially(TestNG.java:1218)\norg.testng.TestNG.runSuitesLocally(TestNG.java:1140)\norg.testng.TestNG.runSuites(TestNG.java:1069)\norg.testng.TestNG.run(TestNG.java:1037)\norg.apache.maven.surefire.testng.TestNGExecutor.run(TestNGExecutor.java:136)\norg.apache.maven.surefire.testng.TestNGDirectoryTestSuite.executeMulti(TestNGDirectoryTestSuite.java:193)\norg.apache.maven.surefire.testng.TestNGDirectoryTestSuite.execute(TestNGDirectoryTestSuite.java:94)\norg.apache.maven.surefire.testng.TestNGProvider.invoke(TestNGProvider.java:145)\norg.apache.maven.surefire.booter.ForkedBooter.runSuitesInProcess(ForkedBooter.java:428)\norg.apache.maven.surefire.booter.ForkedBooter.execute(ForkedBooter.java:162)\norg.apache.maven.surefire.booter.ForkedBooter.run(ForkedBooter.java:562)\norg.apache.maven.surefire.booter.ForkedBooter.main(ForkedBooter.java:548)\n]]"
      } ],
      "stepsCount" : 0,
      "attachmentsCount" : 1,
      "shouldDisplayMessage" : false,
      "hasContent" : true
    }, {
      "name" : "Action [164]: Browser Action [navigateToNewURL] failed. With the following test data [Waited for 30 seconds to navigate to [https://the-internet.herokuapp.com/] but ended up with [data:,].].",
      "time" : {
        "start" : 1609391651492,
        "stop" : 1609391651492,
        "duration" : 0
      },
      "status" : "passed",
      "steps" : [ ],
      "attachments" : [ ],
      "parameters" : [ {
        "name" : "actionCounter",
        "value" : "164"
      }, {
        "name" : "logText",
        "value" : "Browser Action [navigateToNewURL] failed. With the following test data [Waited for 30 seconds to navigate to [https://the-internet.herokuapp.com/] but ended up with [data:,].]."
      }, {
        "name" : "attachments",
        "value" : "[null]"
      } ],
      "stepsCount" : 0,
      "attachmentsCount" : 0,
      "shouldDisplayMessage" : false,
      "hasContent" : true
    } ],
    "attachments" : [ {
      "uid" : "79f1449757f81365",
      "name" : "Attachment: SHAFT Engine Logs - Current Method log: testIsElementClickable",
      "source" : "79f1449757f81365.txt",
      "type" : "text/plain",
      "size" : 1208
    } ],
    "parameters" : [ ],
    "stepsCount" : 2,
    "attachmentsCount" : 2,
    "shouldDisplayMessage" : true,
    "hasContent" : true
  },
  "afterStages" : [ {
    "name" : "afterMethod",
    "time" : {
      "start" : 1609391651501,
      "stop" : 1609391651740,
      "duration" : 239
    },
    "description" : "",
    "status" : "passed",
    "steps" : [ {
      "name" : "Action [165]: Browser Action [closeCurrentWindow] successfully performed. With the following test data [<html><head></head><body></body></html>].",
      "time" : {
        "start" : 1609391651740,
        "stop" : 1609391651740,
        "duration" : 0
      },
      "status" : "passed",
      "steps" : [ ],
      "attachments" : [ ],
      "parameters" : [ {
        "name" : "actionCounter",
        "value" : "165"
      }, {
        "name" : "logText",
        "value" : "Browser Action [closeCurrentWindow] successfully performed. With the following test data [<html><head></head><body></body></html>]."
      } ],
      "stepsCount" : 0,
      "attachmentsCount" : 0,
      "shouldDisplayMessage" : false,
      "hasContent" : true
    } ],
    "attachments" : [ {
      "uid" : "2a9b7d82a9e94b5a",
      "name" : "Attachment: Selenium WebDriver Logs - performance",
      "source" : "2a9b7d82a9e94b5a.txt",
      "type" : "text/plain",
      "size" : 2054
    }, {
      "uid" : "6bc5a199f917dd8b",
      "name" : "Attachment: Selenium WebDriver Logs - driver",
      "source" : "6bc5a199f917dd8b.txt",
      "type" : "text/plain",
      "size" : 155721
    } ],
    "parameters" : [ ],
    "stepsCount" : 1,
    "attachmentsCount" : 2,
    "shouldDisplayMessage" : false,
    "hasContent" : true
  }, {
    "name" : "closureActivities",
    "time" : {
      "start" : 1609391805058,
      "stop" : 1609391805082,
      "duration" : 24
    },
    "description" : "",
    "status" : "passed",
    "steps" : [ {
      "name" : "Action [509]: Successfully Closed All Browsers.",
      "time" : {
        "start" : 1609391805059,
        "stop" : 1609391805059,
        "duration" : 0
      },
      "status" : "passed",
      "steps" : [ ],
      "attachments" : [ ],
      "parameters" : [ {
        "name" : "actionCounter",
        "value" : "509"
      }, {
        "name" : "logText",
        "value" : "Successfully Closed All Browsers."
      } ],
      "stepsCount" : 0,
      "attachmentsCount" : 0,
      "shouldDisplayMessage" : false,
      "hasContent" : true
    }, {
      "name" : "Action [510]: Issue Summary: Total Issues = 3, New issues for Failed Tests = 1, Open issues for Passed Tests = 2, Open issues for Failed Tests = 0. Kindly check the attached Issue details.",
      "time" : {
        "start" : 1609391805075,
        "stop" : 1609391805075,
        "duration" : 0
      },
      "status" : "passed",
      "steps" : [ ],
      "attachments" : [ {
        "uid" : "d3a084bed46a4ef6",
        "name" : "Attachment: SHAFT Engine Logs - Issues log CSV: 20201231-051645",
        "source" : "d3a084bed46a4ef6.csv",
        "type" : "text/csv",
        "size" : 365
      } ],
      "parameters" : [ {
        "name" : "actionCounter",
        "value" : "510"
      }, {
        "name" : "logText",
        "value" : "Issue Summary: Total Issues = 3, New issues for Failed Tests = 1, Open issues for Passed Tests = 2, Open issues for Failed Tests = 0. Kindly check the attached Issue details."
      }, {
        "name" : "attachments",
        "value" : "[[SHAFT Engine Logs, Issues log CSV: 20201231-051645, java.io.ByteArrayInputStream@342593f7]]"
      } ],
      "stepsCount" : 0,
      "attachmentsCount" : 1,
      "shouldDisplayMessage" : false,
      "hasContent" : true
    } ],
    "attachments" : [ {
      "uid" : "dc846d7c35f0d4e9",
      "name" : "Attachment: SHAFT Engine Logs - Execution log: 20201231-051645",
      "source" : "dc846d7c35f0d4e9.txt",
      "type" : "text/plain",
      "size" : 351740
    } ],
    "parameters" : [ ],
    "stepsCount" : 2,
    "attachmentsCount" : 2,
    "shouldDisplayMessage" : false,
    "hasContent" : true
  } ],
  "labels" : [ {
    "name" : "package",
    "value" : "testPackage01.Test_IsElementClickable"
  }, {
    "name" : "testClass",
    "value" : "testPackage01.Test_IsElementClickable"
  }, {
    "name" : "testMethod",
    "value" : "testIsElementClickable"
  }, {
    "name" : "parentSuite",
    "value" : "SHAFT_Engine: Custom Suite"
  }, {
    "name" : "suite",
    "value" : "SHAFT_Engine: Custom Test"
  }, {
    "name" : "subSuite",
    "value" : "testPackage01.Test_IsElementClickable"
  }, {
    "name" : "host",
    "value" : "fv-az12-647"
  }, {
    "name" : "thread",
    "value" : "5393@fv-az12-647.main(1)"
  }, {
    "name" : "framework",
    "value" : "testng"
  }, {
    "name" : "language",
    "value" : "java"
  }, {
    "name" : "resultFormat",
    "value" : "allure2"
  } ],
  "parameters" : [ ],
  "links" : [ ],
  "hidden" : false,
  "retry" : false,
  "extra" : {
    "severity" : "normal",
    "retries" : [ ],
    "categories" : [ {
      "name" : "Product defects",
      "matchedStatuses" : [ ],
      "flaky" : false
    } ],
    "tags" : [ ]
  },
  "source" : "30c4cc435497105d.json",
  "parameterValues" : [ ]
}