{
  "uid" : "b5009c1da588c056",
  "name" : "f16",
  "fullName" : "testPackage01.Test_NewValidationActions.f16",
  "historyId" : "8fe622728318edd8359170e09f76fbea",
  "time" : {
    "start" : 1609391449567,
    "stop" : 1609391475227,
    "duration" : 25660
  },
  "status" : "passed",
  "flaky" : false,
  "newFailed" : false,
  "beforeStages" : [ {
    "name" : "openBrowser",
    "time" : {
      "start" : 1609391447221,
      "stop" : 1609391449564,
      "duration" : 2343
    },
    "description" : "",
    "status" : "passed",
    "steps" : [ {
      "name" : "Action [35]: Attempting to run remotely on: [Linux-64], [GoogleChrome], [http://localhost:4444/wd/hub], Headless Execution.",
      "time" : {
        "start" : 1609391447221,
        "stop" : 1609391447222,
        "duration" : 1
      },
      "status" : "passed",
      "steps" : [ ],
      "attachments" : [ ],
      "parameters" : [ {
        "name" : "actionCounter",
        "value" : "35"
      }, {
        "name" : "logText",
        "value" : "Attempting to run remotely on: [Linux-64], [GoogleChrome], [http://localhost:4444/wd/hub], Headless Execution."
      } ],
      "stepsCount" : 0,
      "attachmentsCount" : 0,
      "shouldDisplayMessage" : false,
      "hasContent" : true
    }, {
      "name" : "Action [36]: Successfully Opened [GoogleChrome].",
      "time" : {
        "start" : 1609391447817,
        "stop" : 1609391447817,
        "duration" : 0
      },
      "status" : "passed",
      "steps" : [ ],
      "attachments" : [ ],
      "parameters" : [ {
        "name" : "actionCounter",
        "value" : "36"
      }, {
        "name" : "logText",
        "value" : "Successfully Opened [GoogleChrome]."
      } ],
      "stepsCount" : 0,
      "attachmentsCount" : 0,
      "shouldDisplayMessage" : false,
      "hasContent" : true
    }, {
      "name" : "Action [37]: Browser Action [navigateToURL] successfully performed. With the following test data [https://the-internet.herokuapp.com/].",
      "time" : {
        "start" : 1609391449563,
        "stop" : 1609391449563,
        "duration" : 0
      },
      "status" : "passed",
      "steps" : [ ],
      "attachments" : [ ],
      "parameters" : [ {
        "name" : "actionCounter",
        "value" : "37"
      }, {
        "name" : "logText",
        "value" : "Browser Action [navigateToURL] successfully performed. With the following test data [https://the-internet.herokuapp.com/]."
      }, {
        "name" : "attachments",
        "value" : "[null]"
      } ],
      "stepsCount" : 0,
      "attachmentsCount" : 0,
      "shouldDisplayMessage" : false,
      "hasContent" : true
    } ],
    "attachments" : [ ],
    "parameters" : [ ],
    "stepsCount" : 3,
    "attachmentsCount" : 0,
    "shouldDisplayMessage" : false,
    "hasContent" : true
  } ],
  "testStage" : {
    "status" : "passed",
    "steps" : [ {
      "name" : "Action [38]: Element Action [identifyUniqueElement] failed. With the following test data [zero elements found matching this locator \"By.tagName: h3\".].",
      "time" : {
        "start" : 1609391475224,
        "stop" : 1609391475225,
        "duration" : 1
      },
      "status" : "passed",
      "steps" : [ ],
      "attachments" : [ {
        "uid" : "2fcf5e86b47413bb",
        "name" : "Attachment: Screenshot - 1609391475163_f16_identifyUniqueElement_failed",
        "source" : "2fcf5e86b47413bb.png",
        "type" : "image/png",
        "size" : 55570
      } ],
      "parameters" : [ {
        "name" : "actionCounter",
        "value" : "38"
      }, {
        "name" : "logText",
        "value" : "Element Action [identifyUniqueElement] failed. With the following test data [zero elements found matching this locator \"By.tagName: h3\".]."
      }, {
        "name" : "attachments",
        "value" : "[[Screenshot, 1609391475163_f16_identifyUniqueElement_failed, java.io.ByteArrayInputStream@5bdb9c69]]"
      } ],
      "stepsCount" : 0,
      "attachmentsCount" : 1,
      "shouldDisplayMessage" : false,
      "hasContent" : true
    }, {
      "name" : "Action [39]: AssertElementAttribute FAILED; Expected [Value Should not be 'Welcome' for the 'text' attribute, element locator 'By.tagName: h3'] and Actual [Failed to read the desired element attribute]. Comparison Type [CONTAINS]. Validation Type [NEGATIVE].",
      "time" : {
        "start" : 1609391475225,
        "stop" : 1609391475226,
        "duration" : 1
      },
      "status" : "passed",
      "steps" : [ ],
      "attachments" : [ ],
      "parameters" : [ {
        "name" : "actionCounter",
        "value" : "39"
      }, {
        "name" : "logText",
        "value" : "AssertElementAttribute FAILED; Expected [Value Should not be 'Welcome' for the 'text' attribute, element locator 'By.tagName: h3'] and Actual [Failed to read the desired element attribute]. Comparison Type [CONTAINS]. Validation Type [NEGATIVE]."
      } ],
      "stepsCount" : 0,
      "attachmentsCount" : 0,
      "shouldDisplayMessage" : false,
      "hasContent" : true
    } ],
    "attachments" : [ {
      "uid" : "8365f83f3d256d2e",
      "name" : "Attachment: SHAFT Engine Logs - Current Method log: f16",
      "source" : "8365f83f3d256d2e.txt",
      "type" : "text/plain",
      "size" : 10968
    } ],
    "parameters" : [ ],
    "stepsCount" : 2,
    "attachmentsCount" : 2,
    "shouldDisplayMessage" : false,
    "hasContent" : true
  },
  "afterStages" : [ {
    "name" : "closeBrowser",
    "time" : {
      "start" : 1609391475228,
      "stop" : 1609391475434,
      "duration" : 206
    },
    "description" : "",
    "status" : "passed",
    "steps" : [ {
      "name" : "Action [40]: Successfully Closed All Browsers.",
      "time" : {
        "start" : 1609391475434,
        "stop" : 1609391475434,
        "duration" : 0
      },
      "status" : "passed",
      "steps" : [ ],
      "attachments" : [ ],
      "parameters" : [ {
        "name" : "actionCounter",
        "value" : "40"
      }, {
        "name" : "logText",
        "value" : "Successfully Closed All Browsers."
      } ],
      "stepsCount" : 0,
      "attachmentsCount" : 0,
      "shouldDisplayMessage" : false,
      "hasContent" : true
    } ],
    "attachments" : [ {
      "uid" : "bdf44f6c5d17dd1f",
      "name" : "Attachment: Selenium WebDriver Logs - performance",
      "source" : "bdf44f6c5d17dd1f.txt",
      "type" : "text/plain",
      "size" : 69125
    }, {
      "uid" : "5d4e9c8d71a21b3c",
      "name" : "Attachment: Selenium WebDriver Logs - browser",
      "source" : "5d4e9c8d71a21b3c.txt",
      "type" : "text/plain",
      "size" : 759
    }, {
      "uid" : "f99c1807c660e931",
      "name" : "Attachment: Selenium WebDriver Logs - driver",
      "source" : "f99c1807c660e931.txt",
      "type" : "text/plain",
      "size" : 245305
    } ],
    "parameters" : [ ],
    "stepsCount" : 1,
    "attachmentsCount" : 3,
    "shouldDisplayMessage" : false,
    "hasContent" : true
  }, {
    "name" : "closureActivities",
    "time" : {
      "start" : 1609391805058,
      "stop" : 1609391805082,
      "duration" : 24
    },
    "description" : "",
    "status" : "passed",
    "steps" : [ {
      "name" : "Action [509]: Successfully Closed All Browsers.",
      "time" : {
        "start" : 1609391805059,
        "stop" : 1609391805059,
        "duration" : 0
      },
      "status" : "passed",
      "steps" : [ ],
      "attachments" : [ ],
      "parameters" : [ {
        "name" : "actionCounter",
        "value" : "509"
      }, {
        "name" : "logText",
        "value" : "Successfully Closed All Browsers."
      } ],
      "stepsCount" : 0,
      "attachmentsCount" : 0,
      "shouldDisplayMessage" : false,
      "hasContent" : true
    }, {
      "name" : "Action [510]: Issue Summary: Total Issues = 3, New issues for Failed Tests = 1, Open issues for Passed Tests = 2, Open issues for Failed Tests = 0. Kindly check the attached Issue details.",
      "time" : {
        "start" : 1609391805075,
        "stop" : 1609391805075,
        "duration" : 0
      },
      "status" : "passed",
      "steps" : [ ],
      "attachments" : [ {
        "uid" : "d3a084bed46a4ef6",
        "name" : "Attachment: SHAFT Engine Logs - Issues log CSV: 20201231-051645",
        "source" : "d3a084bed46a4ef6.csv",
        "type" : "text/csv",
        "size" : 365
      } ],
      "parameters" : [ {
        "name" : "actionCounter",
        "value" : "510"
      }, {
        "name" : "logText",
        "value" : "Issue Summary: Total Issues = 3, New issues for Failed Tests = 1, Open issues for Passed Tests = 2, Open issues for Failed Tests = 0. Kindly check the attached Issue details."
      }, {
        "name" : "attachments",
        "value" : "[[SHAFT Engine Logs, Issues log CSV: 20201231-051645, java.io.ByteArrayInputStream@342593f7]]"
      } ],
      "stepsCount" : 0,
      "attachmentsCount" : 1,
      "shouldDisplayMessage" : false,
      "hasContent" : true
    } ],
    "attachments" : [ {
      "uid" : "dc846d7c35f0d4e9",
      "name" : "Attachment: SHAFT Engine Logs - Execution log: 20201231-051645",
      "source" : "dc846d7c35f0d4e9.txt",
      "type" : "text/plain",
      "size" : 351740
    } ],
    "parameters" : [ ],
    "stepsCount" : 2,
    "attachmentsCount" : 2,
    "shouldDisplayMessage" : false,
    "hasContent" : true
  } ],
  "labels" : [ {
    "name" : "package",
    "value" : "testPackage01.Test_NewValidationActions"
  }, {
    "name" : "testClass",
    "value" : "testPackage01.Test_NewValidationActions"
  }, {
    "name" : "testMethod",
    "value" : "f16"
  }, {
    "name" : "parentSuite",
    "value" : "SHAFT_Engine: Custom Suite"
  }, {
    "name" : "suite",
    "value" : "SHAFT_Engine: Custom Test"
  }, {
    "name" : "subSuite",
    "value" : "testPackage01.Test_NewValidationActions"
  }, {
    "name" : "host",
    "value" : "fv-az12-647"
  }, {
    "name" : "thread",
    "value" : "5393@fv-az12-647.main(1)"
  }, {
    "name" : "framework",
    "value" : "testng"
  }, {
    "name" : "language",
    "value" : "java"
  }, {
    "name" : "resultFormat",
    "value" : "allure2"
  } ],
  "parameters" : [ ],
  "links" : [ ],
  "hidden" : false,
  "retry" : false,
  "extra" : {
    "severity" : "normal",
    "retries" : [ ],
    "categories" : [ ],
    "tags" : [ ]
  },
  "source" : "b5009c1da588c056.json",
  "parameterValues" : [ ]
}