################################################################################################################################################
Detected SHAFT Engine Version: [SHAFT Engine v4.4]
################################################################################################################################################

################################################################################################################################################
Starting Execution:	[1 out of 134] test cases in the current suite
Test Method:		[testPackage01.Test_NewValidationActions.f1]
################################################################################################################################################
[ReportManager] Checking valid user data... @22-12-2020 15:56:41.0145 PM
[ReportManager] AssertEquals PASSED; Expected and Actual values are attached. Comparison Type [EQUALS]. Validation Type [POSITIVE]. @22-12-2020 15:56:41.0152 PM
[ReportManager] Successfully created attachment [Validation Test Data - Expected Value] @22-12-2020 15:56:41.0157 PM
[ReportManager] Successfully created attachment [Validation Test Data - Actual Value] @22-12-2020 15:56:41.0157 P
[ReportManager] File Action [getAbsolutePath] successfully performed. With the following test data [Relative Folder Path: "target/downloadedFiles/"]. @22-12-2020 15:56:41.0338 PM
[ReportManager] Attempting to run remotely on: [Linux-64], [GoogleChrome], [http://localhost:4444/wd/hub], Headless Execution. @22-12-2020 15:56:41.0367 PM
[ReportManager] An Exception Occured with this Message: Unable to create new remote session. desired capabilities = Capabilities {browserName: chrome, loggingPrefs: org.openqa.selenium.logging..., pageLoadStrategy: normal, platformName: LINUX}. @22-12-2020 15:56:42.0446 PM
[ReportManager] Successfully created attachment [Exception Stack Trace - org.openqa.selenium.SessionNotCreatedException] @22-12-2020 15:56:42.0447 PM
[ReportManager] Failed to run remotely on: [Linux-64], [GoogleChrome], [http://localhost:4444/wd/hub]. @22-12-2020 15:56:42.0450 PM
[ReportManager] Browser Factory Action [createNewRemoteDriverInstance] failed. With the following test data [Unhandled Error.]. @22-12-2020 15:56:42.0451 PM
[ReportManager] An Exception Occured with this Message: Unable to create new remote session. desired capabilities = Capabilities {browserName: chrome, loggingPrefs: org.openqa.selenium.logging..., pageLoadStrategy: normal, platformName: LINUX}. @22-12-2020 15:56:42.0454 PM
[ReportManager] Successfully created attachment [Exception Stack Trace - org.openqa.selenium.SessionNotCreatedException] @22-12-2020 15:56:42.0458 P

################################################################################################################################################
Starting Execution:	[2 out of 134] test cases in the current suite
Test Method:		[testPackage01.Test_NewValidationActions.f10]
###############################################################################################################################################



################################################################################################################################################
Starting Execution:	[3 out of 134] test cases in the current suite
Test Method:		[testPackage01.Test_NewValidationActions.f11]
###############################################################################################################################################



################################################################################################################################################
Starting Execution:	[4 out of 134] test cases in the current suite
Test Method:		[testPackage01.Test_NewValidationActions.f12]
###############################################################################################################################################



################################################################################################################################################
Starting Execution:	[5 out of 134] test cases in the current suite
Test Method:		[testPackage01.Test_NewValidationActions.f13]
###############################################################################################################################################



################################################################################################################################################
Starting Execution:	[6 out of 134] test cases in the current suite
Test Method:		[testPackage01.Test_NewValidationActions.f14]
###############################################################################################################################################



################################################################################################################################################
Starting Execution:	[7 out of 134] test cases in the current suite
Test Method:		[testPackage01.Test_NewValidationActions.f15]
###############################################################################################################################################



################################################################################################################################################
Starting Execution:	[8 out of 134] test cases in the current suite
Test Method:		[testPackage01.Test_NewValidationActions.f16]
###############################################################################################################################################



################################################################################################################################################
Starting Execution:	[9 out of 134] test cases in the current suite
Test Method:		[testPackage01.Test_NewValidationActions.f17]
###############################################################################################################################################



################################################################################################################################################
Starting Execution:	[10 out of 134] test cases in the current suite
Test Method:		[testPackage01.Test_NewValidationActions.f18]
###############################################################################################################################################



################################################################################################################################################
Starting Execution:	[11 out of 134] test cases in the current suite
Test Method:		[testPackage01.Test_NewValidationActions.f19]
###############################################################################################################################################


################################################################################################################################################
Starting Execution:	[12 out of 134] test cases in the current suite
Test Method:		[testPackage01.Test_NewValidationActions.f2]
###############################################################################################################################################


################################################################################################################################################
Starting Execution:	[13 out of 134] test cases in the current suite
Test Method:		[testPackage01.Test_NewValidationActions.f20]
###############################################################################################################################################



################################################################################################################################################
Starting Execution:	[14 out of 134] test cases in the current suite
Test Method:		[testPackage01.Test_NewValidationActions.f21]
###############################################################################################################################################



################################################################################################################################################
Starting Execution:	[15 out of 134] test cases in the current suite
Test Method:		[testPackage01.Test_NewValidationActions.f22]
###############################################################################################################################################


################################################################################################################################################
Starting Execution:	[16 out of 134] test cases in the current suite
Test Method:		[testPackage01.Test_NewValidationActions.f23]
###############################################################################################################################################

################################################################################################################################################
Starting Execution:	[17 out of 134] test cases in the current suite
Test Method:		[testPackage01.Test_NewValidationActions.f24]
###############################################################################################################################################

################################################################################################################################################
Starting Execution:	[18 out of 134] test cases in the current suite
Test Method:		[testPackage01.Test_NewValidationActions.f25]
###############################################################################################################################################

################################################################################################################################################
Starting Execution:	[19 out of 134] test cases in the current suite
Test Method:		[testPackage01.Test_NewValidationActions.f26]
###############################################################################################################################################

################################################################################################################################################
Starting Execution:	[20 out of 134] test cases in the current suite
Test Method:		[testPackage01.Test_NewValidationActions.f27]
###############################################################################################################################################

################################################################################################################################################
Starting Execution:	[21 out of 134] test cases in the current suite
Test Method:		[testPackage01.Test_NewValidationActions.f28]
###############################################################################################################################################

################################################################################################################################################
Starting Execution:	[22 out of 134] test cases in the current suite
Test Method:		[testPackage01.Test_NewValidationActions.f29]
###############################################################################################################################################

################################################################################################################################################
Starting Execution:	[23 out of 134] test cases in the current suite
Test Method:		[testPackage01.Test_NewValidationActions.f3]
###############################################################################################################################################

################################################################################################################################################
Starting Execution:	[24 out of 134] test cases in the current suite
Test Method:		[testPackage01.Test_NewValidationActions.f30]
###############################################################################################################################################

################################################################################################################################################
Starting Execution:	[25 out of 134] test cases in the current suite
Test Method:		[testPackage01.Test_NewValidationActions.f31]
###############################################################################################################################################

################################################################################################################################################
Starting Execution:	[26 out of 134] test cases in the current suite
Test Method:		[testPackage01.Test_NewValidationActions.f32]
###############################################################################################################################################

################################################################################################################################################
Starting Execution:	[27 out of 134] test cases in the current suite
Test Method:		[testPackage01.Test_NewValidationActions.f33]
###############################################################################################################################################

################################################################################################################################################
Starting Execution:	[28 out of 134] test cases in the current suite
Test Method:		[testPackage01.Test_NewValidationActions.f34]
###############################################################################################################################################

################################################################################################################################################
Starting Execution:	[29 out of 134] test cases in the current suite
Test Method:		[testPackage01.Test_NewValidationActions.f35]
###############################################################################################################################################

################################################################################################################################################
Starting Execution:	[30 out of 134] test cases in the current suite
Test Method:		[testPackage01.Test_NewValidationActions.f36]
###############################################################################################################################################

################################################################################################################################################
Starting Execution:	[31 out of 134] test cases in the current suite
Test Method:		[testPackage01.Test_NewValidationActions.f37]
###############################################################################################################################################

################################################################################################################################################
Starting Execution:	[32 out of 134] test cases in the current suite
Test Method:		[testPackage01.Test_NewValidationActions.f3_1]
###############################################################################################################################################

################################################################################################################################################
Starting Execution:	[33 out of 134] test cases in the current suite
Test Method:		[testPackage01.Test_NewValidationActions.f4]
###############################################################################################################################################

################################################################################################################################################
Starting Execution:	[34 out of 134] test cases in the current suite
Test Method:		[testPackage01.Test_NewValidationActions.f5]
###############################################################################################################################################

################################################################################################################################################
Starting Execution:	[35 out of 134] test cases in the current suite
Test Method:		[testPackage01.Test_NewValidationActions.f6]
###############################################################################################################################################

################################################################################################################################################
Starting Execution:	[36 out of 134] test cases in the current suite
Test Method:		[testPackage01.Test_NewValidationActions.f6_1]
###############################################################################################################################################

################################################################################################################################################
Starting Execution:	[37 out of 134] test cases in the current suite
Test Method:		[testPackage01.Test_NewValidationActions.f6_2]
###############################################################################################################################################

################################################################################################################################################
Starting Execution:	[38 out of 134] test cases in the current suite
Test Method:		[testPackage01.Test_NewValidationActions.f7]
###############################################################################################################################################


################################################################################################################################################
Starting Execution:	[39 out of 134] test cases in the current suite
Test Method:		[testPackage01.Test_NewValidationActions.f8]
###############################################################################################################################################



################################################################################################################################################
Starting Execution:	[40 out of 134] test cases in the current suite
Test Method:		[testPackage01.Test_NewValidationActions.f9]
###############################################################################################################################################


################################################################################################################################################
Starting Execution:	[41 out of 134] test cases in the current suite
Test Method:		[testPackage01.Test_NewValidationActions.forceFail]
###############################################################################################################################################

################################################################################################################################################
Starting Execution:	[42 out of 134] test cases in the current suite
Test Method:		[testPackage01.Test_NewValidationActions.forceFail2]
###############################################################################################################################################

################################################################################################################################################
Starting Execution:	[43 out of 134] test cases in the current suite
Test Method:		[testPackage01.Test_JSONFileManager.readStringFromJson]
################################################################################################################################################
[ReportManager] Successfully loaded the following test data file [src/test/resources/TestDataFiles/simpleJSON.json]. @22-12-2020 15:56:42.0806 PM
[ReportManager] Successfully created attachment [Test Data - JSON] @22-12-2020 15:56:42.0806 PM
[ReportManager] AssertEquals PASSED; Expected [Mohab Mohie] and Actual [Mohab Mohie]. Comparison Type [EQUALS]. Validation Type [POSITIVE]. @22-12-2020 15:56:44.0097 P

################################################################################################################################################
Starting Execution:	[44 out of 134] test cases in the current suite
Test Method:		[testPackage01.Test_SelectedValue.multipleSelect]
################################################################################################################################################
[ReportManager] File Action [getAbsolutePath] successfully performed. With the following test data [Relative Folder Path: "target/downloadedFiles/"]. @22-12-2020 15:56:44.0100 PM
[ReportManager] Attempting to run remotely on: [Linux-64], [GoogleChrome], [http://localhost:4444/wd/hub], Headless Execution. @22-12-2020 15:56:44.0100 PM
[ReportManager] An Exception Occured with this Message: Unable to create new remote session. desired capabilities = Capabilities {browserName: chrome, loggingPrefs: org.openqa.selenium.logging..., pageLoadStrategy: normal, platformName: LINUX}. @22-12-2020 15:56:44.0240 PM
[ReportManager] Successfully created attachment [Exception Stack Trace - org.openqa.selenium.SessionNotCreatedException] @22-12-2020 15:56:44.0240 PM
[ReportManager] Failed to run remotely on: [Linux-64], [GoogleChrome], [http://localhost:4444/wd/hub]. @22-12-2020 15:56:44.0241 PM
[ReportManager] Browser Factory Action [createNewRemoteDriverInstance] failed. With the following test data [Unhandled Error.]. @22-12-2020 15:56:44.0241 PM
[ReportManager] An Exception Occured with this Message: Unable to create new remote session. desired capabilities = Capabilities {browserName: chrome, loggingPrefs: org.openqa.selenium.logging..., pageLoadStrategy: normal, platformName: LINUX}. @22-12-2020 15:56:44.0258 PM
[ReportManager] Successfully created attachment [Exception Stack Trace - org.openqa.selenium.SessionNotCreatedException] @22-12-2020 15:56:44.0259 P

################################################################################################################################################
Starting Execution:	[45 out of 134] test cases in the current suite
Test Method:		[testPackage01.Test_SelectedValue.simpleSelect]
################################################################################################################################################
[ReportManager] File Action [getAbsolutePath] successfully performed. With the following test data [Relative Folder Path: "target/downloadedFiles/"]. @22-12-2020 15:56:44.0262 PM
[ReportManager] Attempting to run remotely on: [Linux-64], [GoogleChrome], [http://localhost:4444/wd/hub], Headless Execution. @22-12-2020 15:56:44.0262 PM
[ReportManager] An Exception Occured with this Message: Unable to create new remote session. desired capabilities = Capabilities {browserName: chrome, loggingPrefs: org.openqa.selenium.logging..., pageLoadStrategy: normal, platformName: LINUX}. @22-12-2020 15:56:44.0399 PM
[ReportManager] Successfully created attachment [Exception Stack Trace - org.openqa.selenium.SessionNotCreatedException] @22-12-2020 15:56:44.0400 PM
[ReportManager] Failed to run remotely on: [Linux-64], [GoogleChrome], [http://localhost:4444/wd/hub]. @22-12-2020 15:56:44.0400 PM
[ReportManager] Browser Factory Action [createNewRemoteDriverInstance] failed. With the following test data [Unhandled Error.]. @22-12-2020 15:56:44.0401 PM
[ReportManager] An Exception Occured with this Message: Unable to create new remote session. desired capabilities = Capabilities {browserName: chrome, loggingPrefs: org.openqa.selenium.logging..., pageLoadStrategy: normal, platformName: LINUX}. @22-12-2020 15:56:44.0401 PM
[ReportManager] Successfully created attachment [Exception Stack Trace - org.openqa.selenium.SessionNotCreatedException] @22-12-2020 15:56:44.0401 P

################################################################################################################################################
Starting Execution:	[46 out of 134] test cases in the current suite
Test Method:		[testPackage01.Test_chainableElementActions.chainElementActions]
################################################################################################################################################
[ReportManager] File Action [getAbsolutePath] successfully performed. With the following test data [Relative Folder Path: "target/downloadedFiles/"]. @22-12-2020 15:56:44.0406 PM
[ReportManager] Attempting to run remotely on: [Linux-64], [GoogleChrome], [http://localhost:4444/wd/hub], Headless Execution. @22-12-2020 15:56:44.0406 PM
[ReportManager] An Exception Occured with this Message: Unable to create new remote session. desired capabilities = Capabilities {browserName: chrome, loggingPrefs: org.openqa.selenium.logging..., pageLoadStrategy: normal, platformName: LINUX}. @22-12-2020 15:56:44.0498 PM
[ReportManager] Successfully created attachment [Exception Stack Trace - org.openqa.selenium.SessionNotCreatedException] @22-12-2020 15:56:44.0498 PM
[ReportManager] Failed to run remotely on: [Linux-64], [GoogleChrome], [http://localhost:4444/wd/hub]. @22-12-2020 15:56:44.0502 PM
[ReportManager] Browser Factory Action [createNewRemoteDriverInstance] failed. With the following test data [Unhandled Error.]. @22-12-2020 15:56:44.0503 PM
[ReportManager] An Exception Occured with this Message: Unable to create new remote session. desired capabilities = Capabilities {browserName: chrome, loggingPrefs: org.openqa.selenium.logging..., pageLoadStrategy: normal, platformName: LINUX}. @22-12-2020 15:56:44.0503 PM
[ReportManager] Successfully created attachment [Exception Stack Trace - org.openqa.selenium.SessionNotCreatedException] @22-12-2020 15:56:44.0503 P

################################################################################################################################################
Starting Execution:	[47 out of 134] test cases in the current suite
Test Method:		[testPackage01.Test_testData.f]
################################################################################################################################################
[ReportManager] Successfully loaded the following test data file [src/test/resources/TestDataFiles/testSuite01/TestData.xlsx]. @22-12-2020 15:56:45.0268 PM
[ReportManager] Successfully created attachment [Test Data - Excel] @22-12-2020 15:56:45.0268 PM
[ReportManager] Last Column Number is: [3]. Zero-based. @22-12-2020 15:56:45.0283 P
[ReportManager] Successfully loaded the following test data file [src/test/resources/TestDataFiles/testSuite01/TestData.xlsx]. @22-12-2020 15:56:45.0339 PM
[ReportManager] Successfully created attachment [Test Data - Excel] @22-12-2020 15:56:45.0339 PM
[ReportManager] File Action [getAbsolutePath] successfully performed. With the following test data [Relative Folder Path: "target/downloadedFiles/"]. @22-12-2020 15:56:45.0339 PM
[ReportManager] Attempting to run remotely on: [Linux-64], [GoogleChrome], [http://localhost:4444/wd/hub], Headless Execution. @22-12-2020 15:56:45.0339 PM
[ReportManager] An Exception Occured with this Message: Unable to create new remote session. desired capabilities = Capabilities {browserName: chrome, loggingPrefs: org.openqa.selenium.logging..., pageLoadStrategy: normal, platformName: LINUX}. @22-12-2020 15:56:45.0464 PM
[ReportManager] Successfully created attachment [Exception Stack Trace - org.openqa.selenium.SessionNotCreatedException] @22-12-2020 15:56:45.0464 PM
[ReportManager] Failed to run remotely on: [Linux-64], [GoogleChrome], [http://localhost:4444/wd/hub]. @22-12-2020 15:56:45.0465 PM
[ReportManager] Browser Factory Action [createNewRemoteDriverInstance] failed. With the following test data [Unhandled Error.]. @22-12-2020 15:56:45.0465 PM
[ReportManager] An Exception Occured with this Message: Unable to create new remote session. desired capabilities = Capabilities {browserName: chrome, loggingPrefs: org.openqa.selenium.logging..., pageLoadStrategy: normal, platformName: LINUX}. @22-12-2020 15:56:45.0465 PM
[ReportManager] Successfully created attachment [Exception Stack Trace - org.openqa.selenium.SessionNotCreatedException] @22-12-2020 15:56:45.0466 P

################################################################################################################################################
Starting Execution:	[48 out of 134] test cases in the current suite
Test Method:		[testPackage01.Test_google.navigateToURLandVerifyGoogleLogoIsDisplayed]
Test Description:	[TC001 - Navigate to URL and Verify Google Logo is Displayed]
###############################################################################################################################################

################################################################################################################################################
Starting Execution:	[49 out of 134] test cases in the current suite
Test Method:		[testPackage01.Test_google.searchForQueryandAssertResultsNumDisplayed]
Test Description:	[TC002 - Search for Query and Assert that the number of results is displayed]
###############################################################################################################################################

################################################################################################################################################
Starting Execution:	[50 out of 134] test cases in the current suite
Test Method:		[testPackage01.Test_google.clickNextThrice]
Test Description:	[TC003 - Clicks the next button to make sure that the framework can scroll element into view before clicking it]
###############################################################################################################################################

[ReportManager] File Action [getAbsolutePath] successfully performed. With the following test data [Relative Folder Path: "target/downloadedFiles/"]. @22-12-2020 15:56:45.0493 PM
[ReportManager] Attempting to run remotely on: [Linux-64], [GoogleChrome], [http://localhost:4444/wd/hub], Headless Execution. @22-12-2020 15:56:45.0493 PM
[ReportManager] An Exception Occured with this Message: Unable to create new remote session. desired capabilities = Capabilities {browserName: chrome, loggingPrefs: org.openqa.selenium.logging..., pageLoadStrategy: normal, platformName: LINUX}. @22-12-2020 15:56:45.0637 PM
[ReportManager] Successfully created attachment [Exception Stack Trace - org.openqa.selenium.SessionNotCreatedException] @22-12-2020 15:56:45.0637 PM
[ReportManager] Failed to run remotely on: [Linux-64], [GoogleChrome], [http://localhost:4444/wd/hub]. @22-12-2020 15:56:45.0638 PM
[ReportManager] Browser Factory Action [createNewRemoteDriverInstance] failed. With the following test data [Unhandled Error.]. @22-12-2020 15:56:45.0646 PM
[ReportManager] An Exception Occured with this Message: Unable to create new remote session. desired capabilities = Capabilities {browserName: chrome, loggingPrefs: org.openqa.selenium.logging..., pageLoadStrategy: normal, platformName: LINUX}. @22-12-2020 15:56:45.0646 PM
[ReportManager] Successfully created attachment [Exception Stack Trace - org.openqa.selenium.SessionNotCreatedException] @22-12-2020 15:56:45.0647 P

################################################################################################################################################
Starting Execution:	[51 out of 134] test cases in the current suite
Test Method:		[testPackage01.Test_verifyEquals.test_assertElementAttribute]
###############################################################################################################################################

[ReportManager] File Action [getAbsolutePath] successfully performed. With the following test data [Relative Folder Path: "target/downloadedFiles/"]. @22-12-2020 15:56:45.0660 PM
[ReportManager] Attempting to run remotely on: [Linux-64], [GoogleChrome], [http://localhost:4444/wd/hub], Headless Execution. @22-12-2020 15:56:45.0660 PM
[ReportManager] An Exception Occured with this Message: Unable to create new remote session. desired capabilities = Capabilities {browserName: chrome, loggingPrefs: org.openqa.selenium.logging..., pageLoadStrategy: normal, platformName: LINUX}. @22-12-2020 15:56:45.0748 PM
[ReportManager] Successfully created attachment [Exception Stack Trace - org.openqa.selenium.SessionNotCreatedException] @22-12-2020 15:56:45.0749 PM
[ReportManager] Failed to run remotely on: [Linux-64], [GoogleChrome], [http://localhost:4444/wd/hub]. @22-12-2020 15:56:45.0749 PM
[ReportManager] Browser Factory Action [createNewRemoteDriverInstance] failed. With the following test data [Unhandled Error.]. @22-12-2020 15:56:45.0749 PM
[ReportManager] An Exception Occured with this Message: Unable to create new remote session. desired capabilities = Capabilities {browserName: chrome, loggingPrefs: org.openqa.selenium.logging..., pageLoadStrategy: normal, platformName: LINUX}. @22-12-2020 15:56:45.0749 PM
[ReportManager] Successfully created attachment [Exception Stack Trace - org.openqa.selenium.SessionNotCreatedException] @22-12-2020 15:56:45.0750 P

################################################################################################################################################
Starting Execution:	[52 out of 134] test cases in the current suite
Test Method:		[testPackage01.Test_IsElementClickable.testIsElementClickable]
###############################################################################################################################################


################################################################################################################################################
Starting Execution:	[53 out of 134] test cases in the current suite
Test Method:		[testPackage01.Test_SkipDueToIssue.doNotSkip]
################################################################################################################################################
[ReportManager] This should not be skipped. @22-12-2020 15:56:45.0758 P

################################################################################################################################################
Starting Execution:	[54 out of 134] test cases in the current suite
Test Method:		[testPackage01.Test_SkipDueToIssue.skip]
################################################################################################################################################
[ReportManager] This should be skipped. @22-12-2020 15:56:45.0764 P

################################################################################################################################################
Starting Execution:	[55 out of 134] test cases in the current suite
Test Method:		[testPackage01.Test_SkipDueToIssue.skip2]
################################################################################################################################################
[ReportManager] This should be skipped. @22-12-2020 15:56:45.0790 P

################################################################################################################################################
Starting Execution:	[56 out of 134] test cases in the current suite
Test Method:		[testPackage01.Test_JsonActions.f]
###############################################################################################################################################

################################################################################################################################################
Starting Execution:	[57 out of 134] test cases in the current suite
Test Method:		[testPackage01.Test_JsonActions.f2]
###############################################################################################################################################
[ReportManager] File Action [getAbsolutePath] successfully performed. With the following test data [Relative Folder Path: "target/downloadedFiles/"]. @22-12-2020 15:56:45.0852 PM
[ReportManager] Attempting to run remotely on: [Linux-64], [GoogleChrome], [http://localhost:4444/wd/hub], Headless Execution. @22-12-2020 15:56:45.0853 PM
[ReportManager] An Exception Occured with this Message: Unable to create new remote session. desired capabilities = Capabilities {browserName: chrome, loggingPrefs: org.openqa.selenium.logging..., pageLoadStrategy: normal, platformName: LINUX}. @22-12-2020 15:56:45.0932 PM
[ReportManager] Successfully created attachment [Exception Stack Trace - org.openqa.selenium.SessionNotCreatedException] @22-12-2020 15:56:45.0932 PM
[ReportManager] Failed to run remotely on: [Linux-64], [GoogleChrome], [http://localhost:4444/wd/hub]. @22-12-2020 15:56:45.0933 PM
[ReportManager] Browser Factory Action [createNewRemoteDriverInstance] failed. With the following test data [Unhandled Error.]. @22-12-2020 15:56:45.0933 PM
[ReportManager] An Exception Occured with this Message: Unable to create new remote session. desired capabilities = Capabilities {browserName: chrome, loggingPrefs: org.openqa.selenium.logging..., pageLoadStrategy: normal, platformName: LINUX}. @22-12-2020 15:56:45.0933 PM
[ReportManager] Successfully created attachment [Exception Stack Trace - org.openqa.selenium.SessionNotCreatedException] @22-12-2020 15:56:45.0933 P

################################################################################################################################################
Starting Execution:	[58 out of 134] test cases in the current suite
Test Method:		[testPackage01.Test_clipboardActions.typeTextAndCopyPaste]
###############################################################################################################################################

[ReportManager] File Action [getAbsolutePath] successfully performed. With the following test data [Relative Folder Path: "target/downloadedFiles/"]. @22-12-2020 15:56:45.0979 PM
[ReportManager] Attempting to run remotely on: [Linux-64], [GoogleChrome], [http://localhost:4444/wd/hub], Headless Execution. @22-12-2020 15:56:45.0979 PM
[ReportManager] An Exception Occured with this Message: Unable to create new remote session. desired capabilities = Capabilities {browserName: chrome, loggingPrefs: org.openqa.selenium.logging..., pageLoadStrategy: normal, platformName: LINUX}. @22-12-2020 15:56:46.0117 PM
[ReportManager] Successfully created attachment [Exception Stack Trace - org.openqa.selenium.SessionNotCreatedException] @22-12-2020 15:56:46.0118 PM
[ReportManager] Failed to run remotely on: [Linux-64], [GoogleChrome], [http://localhost:4444/wd/hub]. @22-12-2020 15:56:46.0118 PM
[ReportManager] Browser Factory Action [createNewRemoteDriverInstance] failed. With the following test data [Unhandled Error.]. @22-12-2020 15:56:46.0122 PM
[ReportManager] An Exception Occured with this Message: Unable to create new remote session. desired capabilities = Capabilities {browserName: chrome, loggingPrefs: org.openqa.selenium.logging..., pageLoadStrategy: normal, platformName: LINUX}. @22-12-2020 15:56:46.0123 PM
[ReportManager] Successfully created attachment [Exception Stack Trace - org.openqa.selenium.SessionNotCreatedException] @22-12-2020 15:56:46.0123 P

################################################################################################################################################
Starting Execution:	[59 out of 134] test cases in the current suite
Test Method:		[testPackage01.Test_ShadowDOM.shadowdom]
###############################################################################################################################################

[ReportManager] File Action [getAbsolutePath] successfully performed. With the following test data [Relative Folder Path: "target/downloadedFiles/"]. @22-12-2020 15:56:46.0141 PM
[ReportManager] Attempting to run remotely on: [Linux-64], [GoogleChrome], [http://localhost:4444/wd/hub], Headless Execution. @22-12-2020 15:56:46.0141 PM
[ReportManager] An Exception Occured with this Message: Unable to create new remote session. desired capabilities = Capabilities {browserName: chrome, loggingPrefs: org.openqa.selenium.logging..., pageLoadStrategy: normal, platformName: LINUX}. @22-12-2020 15:56:46.0243 PM
[ReportManager] Successfully created attachment [Exception Stack Trace - org.openqa.selenium.SessionNotCreatedException] @22-12-2020 15:56:46.0243 PM
[ReportManager] Failed to run remotely on: [Linux-64], [GoogleChrome], [http://localhost:4444/wd/hub]. @22-12-2020 15:56:46.0243 PM
[ReportManager] Browser Factory Action [createNewRemoteDriverInstance] failed. With the following test data [Unhandled Error.]. @22-12-2020 15:56:46.0244 PM
[ReportManager] An Exception Occured with this Message: Unable to create new remote session. desired capabilities = Capabilities {browserName: chrome, loggingPrefs: org.openqa.selenium.logging..., pageLoadStrategy: normal, platformName: LINUX}. @22-12-2020 15:56:46.0244 PM
[ReportManager] Successfully created attachment [Exception Stack Trace - org.openqa.selenium.SessionNotCreatedException] @22-12-2020 15:56:46.0245 P

################################################################################################################################################
Starting Execution:	[60 out of 134] test cases in the current suite
Test Method:		[testPackage01.Test_assertEquals.test_assertElementAttribute]
###############################################################################################################################################

[ReportManager] File Action [getAbsolutePath] successfully performed. With the following test data [Relative Folder Path: "target/downloadedFiles/"]. @22-12-2020 15:56:46.0258 PM
[ReportManager] Attempting to run remotely on: [Linux-64], [GoogleChrome], [http://localhost:4444/wd/hub], Headless Execution. @22-12-2020 15:56:46.0258 PM
[ReportManager] An Exception Occured with this Message: Unable to create new remote session. desired capabilities = Capabilities {browserName: chrome, loggingPrefs: org.openqa.selenium.logging..., pageLoadStrategy: normal, platformName: LINUX}. @22-12-2020 15:56:46.0355 PM
[ReportManager] Successfully created attachment [Exception Stack Trace - org.openqa.selenium.SessionNotCreatedException] @22-12-2020 15:56:46.0356 PM
[ReportManager] Failed to run remotely on: [Linux-64], [GoogleChrome], [http://localhost:4444/wd/hub]. @22-12-2020 15:56:46.0356 PM
[ReportManager] Browser Factory Action [createNewRemoteDriverInstance] failed. With the following test data [Unhandled Error.]. @22-12-2020 15:56:46.0356 PM
[ReportManager] An Exception Occured with this Message: Unable to create new remote session. desired capabilities = Capabilities {browserName: chrome, loggingPrefs: org.openqa.selenium.logging..., pageLoadStrategy: normal, platformName: LINUX}. @22-12-2020 15:56:46.0357 PM
[ReportManager] Successfully created attachment [Exception Stack Trace - org.openqa.selenium.SessionNotCreatedException] @22-12-2020 15:56:46.0357 P

################################################################################################################################################
Starting Execution:	[61 out of 134] test cases in the current suite
Test Method:		[testPackage01.Test_dragAndDrop.dragAndDropJquery]
###############################################################################################################################################



################################################################################################################################################
Starting Execution:	[62 out of 134] test cases in the current suite
Test Method:		[testPackage01.Test_dragAndDrop.dragAndDrop]
Test Description:	[TC001 - Test Drag and Drop function.]
###############################################################################################################################################



################################################################################################################################################
Starting Execution:	[63 out of 134] test cases in the current suite
Test Method:		[testPackage01.Test_dragAndDrop.dragAndDropByOffset]
Test Description:	[TC002 - Test Drag and Drop by offset function.]
###############################################################################################################################################


################################################################################################################################################
Starting Execution:	[64 out of 134] test cases in the current suite
Test Method:		[testPackage01.Test_JsonCompareWithSpecialCharacters.specialCharacters]
################################################################################################################################################
[ReportManager] File Action [getAbsolutePath] successfully performed. With the following test data [Relative Folder Path: "src/test/resources/TestJsonFiles/specialCharacters.json"]. @22-12-2020 15:56:46.0419 PM
[ReportManager] File Action [readFromFile] successfully performed. With the following test data [File Path: "/home/runner/work/SHAFT_ENGINE/SHAFT_ENGINE/src/test/resources/TestJsonFiles/specialCharacters.json"]. @22-12-2020 15:56:46.0420 PM
[ReportManager] Successfully created attachment [File Action Actual Result - Command Log] @22-12-2020 15:56:46.0421 PM
[ReportManager] Comparing the provided API response with the file at this path "src/test/resources/TestJsonFiles/specialCharacters.json", comparison type "EQUALS" @22-12-2020 15:56:46.0480 PM
[ReportManager] API Action [compareJSON] successfully performed. With the following test data [src/test/resources/TestJsonFiles/specialCharacters.json]. @22-12-2020 15:56:46.0549 PM
[ReportManager] File Action [getAbsolutePath] successfully performed. With the following test data [Relative Folder Path: "src/test/resources/TestJsonFiles/specialCharacters.json"]. @22-12-2020 15:56:46.0549 PM
[ReportManager] File Action [readFromFile] successfully performed. With the following test data [File Path: "/home/runner/work/SHAFT_ENGINE/SHAFT_ENGINE/src/test/resources/TestJsonFiles/specialCharacters.json"]. @22-12-2020 15:56:46.0550 PM
[ReportManager] VerifyJSONFileContent PASSED; Expected [Response data should match the JSON File in this path 'src/test/resources/TestJsonFiles/specialCharacters.json'] and Actual [TRUE]. Comparison Type [EQUALS]. Validation Type [POSITIVE]. @22-12-2020 15:56:46.0556 PM
[ReportManager] Successfully created attachment [Validation Test Data - Expected JSON Value] @22-12-2020 15:56:46.0556 PM
[ReportManager] Successfully created attachment [Validation Test Data - Actual JSON Value] @22-12-2020 15:56:46.0556 P

################################################################################################################################################
Starting Execution:	[65 out of 134] test cases in the current suite
Test Method:		[testPackage01.Test_JsonCompareWithSpecialCharacters.specialCharacters_assertion]
################################################################################################################################################
[ReportManager] File Action [getAbsolutePath] successfully performed. With the following test data [Relative Folder Path: "src/test/resources/TestJsonFiles/specialCharacters.json"]. @22-12-2020 15:56:46.0566 PM
[ReportManager] File Action [readFromFile] successfully performed. With the following test data [File Path: "/home/runner/work/SHAFT_ENGINE/SHAFT_ENGINE/src/test/resources/TestJsonFiles/specialCharacters.json"]. @22-12-2020 15:56:46.0566 PM
[ReportManager] Successfully created attachment [File Action Actual Result - Command Log] @22-12-2020 15:56:46.0567 PM
[ReportManager] trying out the log message... @22-12-2020 15:56:46.0567 PM
[ReportManager] Comparing the provided API response with the file at this path "src/test/resources/TestJsonFiles/specialCharacters.json", comparison type "CONTAINS" @22-12-2020 15:56:46.0567 PM
[ReportManager] API Action [compareJSON] successfully performed. With the following test data [src/test/resources/TestJsonFiles/specialCharacters.json]. @22-12-2020 15:56:46.0576 PM
[ReportManager] File Action [getAbsolutePath] successfully performed. With the following test data [Relative Folder Path: "src/test/resources/TestJsonFiles/specialCharacters.json"]. @22-12-2020 15:56:46.0576 PM
[ReportManager] File Action [readFromFile] successfully performed. With the following test data [File Path: "/home/runner/work/SHAFT_ENGINE/SHAFT_ENGINE/src/test/resources/TestJsonFiles/specialCharacters.json"]. @22-12-2020 15:56:46.0577 PM
[ReportManager] AssertJSONFileContent PASSED; Expected [Response data should match the JSON File in this path 'src/test/resources/TestJsonFiles/specialCharacters.json'] and Actual [TRUE]. Comparison Type [CONTAINS]. Validation Type [POSITIVE]. @22-12-2020 15:56:46.0580 PM
[ReportManager] Successfully created attachment [Validation Test Data - Expected JSON Value] @22-12-2020 15:56:46.0581 PM
[ReportManager] Successfully created attachment [Validation Test Data - Actual JSON Value] @22-12-2020 15:56:46.0581 P
[ReportManager] File Action [getAbsolutePath] successfully performed. With the following test data [Relative Folder Path: "target/downloadedFiles/"]. @22-12-2020 15:56:46.0589 PM
[ReportManager] Attempting to run remotely on: [Linux-64], [GoogleChrome], [http://localhost:4444/wd/hub], Headless Execution. @22-12-2020 15:56:46.0590 PM
[ReportManager] An Exception Occured with this Message: Unable to create new remote session. desired capabilities = Capabilities {browserName: chrome, loggingPrefs: org.openqa.selenium.logging..., pageLoadStrategy: normal, platformName: LINUX}. @22-12-2020 15:56:46.0668 PM
[ReportManager] Successfully created attachment [Exception Stack Trace - org.openqa.selenium.SessionNotCreatedException] @22-12-2020 15:56:46.0668 PM
[ReportManager] Failed to run remotely on: [Linux-64], [GoogleChrome], [http://localhost:4444/wd/hub]. @22-12-2020 15:56:46.0669 PM
[ReportManager] Browser Factory Action [createNewRemoteDriverInstance] failed. With the following test data [Unhandled Error.]. @22-12-2020 15:56:46.0669 PM
[ReportManager] An Exception Occured with this Message: Unable to create new remote session. desired capabilities = Capabilities {browserName: chrome, loggingPrefs: org.openqa.selenium.logging..., pageLoadStrategy: normal, platformName: LINUX}. @22-12-2020 15:56:46.0669 PM
[ReportManager] Successfully created attachment [Exception Stack Trace - org.openqa.selenium.SessionNotCreatedException] @22-12-2020 15:56:46.0669 P

################################################################################################################################################
Starting Execution:	[66 out of 134] test cases in the current suite
Test Method:		[testPackage01.Test_uploadFile.uploadFile_invisibleUploadInput]
###############################################################################################################################################



################################################################################################################################################
Starting Execution:	[67 out of 134] test cases in the current suite
Test Method:		[testPackage01.Test_uploadFile.uploadFile_visibleUploadInput]
###############################################################################################################################################

[ReportManager] File Action [getAbsolutePath] successfully performed. With the following test data [Relative Folder Path: "target/downloadedFiles/"]. @22-12-2020 15:56:46.0688 PM
[ReportManager] Attempting to run remotely on: [Linux-64], [GoogleChrome], [http://localhost:4444/wd/hub], Headless Execution. @22-12-2020 15:56:46.0689 PM
[ReportManager] An Exception Occured with this Message: Unable to create new remote session. desired capabilities = Capabilities {browserName: chrome, loggingPrefs: org.openqa.selenium.logging..., pageLoadStrategy: normal, platformName: LINUX}. @22-12-2020 15:56:46.0719 PM
[ReportManager] Successfully created attachment [Exception Stack Trace - org.openqa.selenium.SessionNotCreatedException] @22-12-2020 15:56:46.0719 PM
[ReportManager] Failed to run remotely on: [Linux-64], [GoogleChrome], [http://localhost:4444/wd/hub]. @22-12-2020 15:56:46.0719 PM
[ReportManager] Browser Factory Action [createNewRemoteDriverInstance] failed. With the following test data [Unhandled Error.]. @22-12-2020 15:56:46.0719 PM
[ReportManager] An Exception Occured with this Message: Unable to create new remote session. desired capabilities = Capabilities {browserName: chrome, loggingPrefs: org.openqa.selenium.logging..., pageLoadStrategy: normal, platformName: LINUX}. @22-12-2020 15:56:46.0720 PM
[ReportManager] Successfully created attachment [Exception Stack Trace - org.openqa.selenium.SessionNotCreatedException] @22-12-2020 15:56:46.0720 P

################################################################################################################################################
Starting Execution:	[68 out of 134] test cases in the current suite
Test Method:		[unitTests.tests_element_elementActions.waitForElementToBePresent_false_expectedToFail]
###############################################################################################################################################



################################################################################################################################################
Starting Execution:	[69 out of 134] test cases in the current suite
Test Method:		[unitTests.tests_element_elementActions.waitForElementToBePresent_false_expectedToPass]
###############################################################################################################################################



################################################################################################################################################
Starting Execution:	[70 out of 134] test cases in the current suite
Test Method:		[unitTests.tests_element_elementActions.waitForElementToBePresent_moreThanOneElement_expectedToFail]
###############################################################################################################################################



################################################################################################################################################
Starting Execution:	[71 out of 134] test cases in the current suite
Test Method:		[unitTests.tests_element_elementActions.waitForElementToBePresent_true_expectedToFail]
###############################################################################################################################################



################################################################################################################################################
Starting Execution:	[72 out of 134] test cases in the current suite
Test Method:		[unitTests.tests_element_elementActions.waitForElementToBePresent_true_expectedToPass]
###############################################################################################################################################


################################################################################################################################################
Starting Execution:	[73 out of 134] test cases in the current suite
Test Method:		[unitTests.tests_validations_assertions.assertComparativeRelation_greaterThanOrEquals_false_equals_expectedToFail]
################################################################################################################################################
[ReportManager] AssertComparativeRelation FAILED; Expected [1] and Actual [1]. Comparison Type [GREATER_THAN_OR_EQUALS]. Validation Type [NEGATIVE]. @22-12-2020 15:56:46.0769 P

################################################################################################################################################
Starting Execution:	[74 out of 134] test cases in the current suite
Test Method:		[unitTests.tests_validations_assertions.assertComparativeRelation_greaterThanOrEquals_false_equals_expectedToPass]
################################################################################################################################################
[ReportManager] AssertComparativeRelation PASSED; Expected [2] and Actual [1]. Comparison Type [GREATER_THAN_OR_EQUALS]. Validation Type [NEGATIVE]. @22-12-2020 15:56:46.0774 P

################################################################################################################################################
Starting Execution:	[75 out of 134] test cases in the current suite
Test Method:		[unitTests.tests_validations_assertions.assertComparativeRelation_greaterThanOrEquals_false_greaterThan_expectedToFail]
################################################################################################################################################
[ReportManager] AssertComparativeRelation FAILED; Expected [1] and Actual [2]. Comparison Type [GREATER_THAN_OR_EQUALS]. Validation Type [NEGATIVE]. @22-12-2020 15:56:46.0777 P

################################################################################################################################################
Starting Execution:	[76 out of 134] test cases in the current suite
Test Method:		[unitTests.tests_validations_assertions.assertComparativeRelation_greaterThanOrEquals_false_greaterThan_expectedToPass]
################################################################################################################################################
[ReportManager] AssertComparativeRelation PASSED; Expected [2] and Actual [1]. Comparison Type [GREATER_THAN_OR_EQUALS]. Validation Type [NEGATIVE]. @22-12-2020 15:56:46.0780 P

################################################################################################################################################
Starting Execution:	[77 out of 134] test cases in the current suite
Test Method:		[unitTests.tests_validations_assertions.assertComparativeRelation_greaterThanOrEquals_true_equals_expectedToFail]
################################################################################################################################################
[ReportManager] AssertComparativeRelation FAILED; Expected [1] and Actual [0]. Comparison Type [GREATER_THAN_OR_EQUALS]. Validation Type [POSITIVE]. @22-12-2020 15:56:46.0783 P

################################################################################################################################################
Starting Execution:	[78 out of 134] test cases in the current suite
Test Method:		[unitTests.tests_validations_assertions.assertComparativeRelation_greaterThanOrEquals_true_equals_expectedToPass]
################################################################################################################################################
[ReportManager] AssertComparativeRelation PASSED; Expected [1] and Actual [1]. Comparison Type [GREATER_THAN_OR_EQUALS]. Validation Type [POSITIVE]. @22-12-2020 15:56:46.0786 P

################################################################################################################################################
Starting Execution:	[79 out of 134] test cases in the current suite
Test Method:		[unitTests.tests_validations_assertions.assertComparativeRelation_greaterThanOrEquals_true_greaterThan_expectedToFail]
################################################################################################################################################
[ReportManager] AssertComparativeRelation FAILED; Expected [2] and Actual [1]. Comparison Type [GREATER_THAN_OR_EQUALS]. Validation Type [POSITIVE]. @22-12-2020 15:56:46.0790 P

################################################################################################################################################
Starting Execution:	[80 out of 134] test cases in the current suite
Test Method:		[unitTests.tests_validations_assertions.assertComparativeRelation_greaterThanOrEquals_true_greaterThan_expectedToPass]
################################################################################################################################################
[ReportManager] AssertComparativeRelation PASSED; Expected [1] and Actual [2]. Comparison Type [GREATER_THAN_OR_EQUALS]. Validation Type [POSITIVE]. @22-12-2020 15:56:46.0793 P
[ReportManager] File Action [getAbsolutePath] successfully performed. With the following test data [Relative Folder Path: "target/downloadedFiles/"]. @22-12-2020 15:56:46.0796 PM
[ReportManager] Attempting to run remotely on: [Linux-64], [GoogleChrome], [http://localhost:4444/wd/hub], Headless Execution. @22-12-2020 15:56:46.0796 PM
[ReportManager] An Exception Occured with this Message: Unable to create new remote session. desired capabilities = Capabilities {browserName: chrome, loggingPrefs: org.openqa.selenium.logging..., pageLoadStrategy: normal, platformName: LINUX}. @22-12-2020 15:56:46.0885 PM
[ReportManager] Successfully created attachment [Exception Stack Trace - org.openqa.selenium.SessionNotCreatedException] @22-12-2020 15:56:46.0885 PM
[ReportManager] Failed to run remotely on: [Linux-64], [GoogleChrome], [http://localhost:4444/wd/hub]. @22-12-2020 15:56:46.0886 PM
[ReportManager] Browser Factory Action [createNewRemoteDriverInstance] failed. With the following test data [Unhandled Error.]. @22-12-2020 15:56:46.0886 PM
[ReportManager] An Exception Occured with this Message: Unable to create new remote session. desired capabilities = Capabilities {browserName: chrome, loggingPrefs: org.openqa.selenium.logging..., pageLoadStrategy: normal, platformName: LINUX}. @22-12-2020 15:56:46.0886 PM
[ReportManager] Successfully created attachment [Exception Stack Trace - org.openqa.selenium.SessionNotCreatedException] @22-12-2020 15:56:46.0886 P

################################################################################################################################################
Starting Execution:	[81 out of 134] test cases in the current suite
Test Method:		[unitTests.tests_validations_assertions.assertElementAttribute_false_caseInsensitiveComparison_expectedToFail]
###############################################################################################################################################



################################################################################################################################################
Starting Execution:	[82 out of 134] test cases in the current suite
Test Method:		[unitTests.tests_validations_assertions.assertElementAttribute_false_caseInsensitiveComparison_expectedToPass]
###############################################################################################################################################



################################################################################################################################################
Starting Execution:	[83 out of 134] test cases in the current suite
Test Method:		[unitTests.tests_validations_assertions.assertElementAttribute_false_containsComparison_expectedToFail]
###############################################################################################################################################



################################################################################################################################################
Starting Execution:	[84 out of 134] test cases in the current suite
Test Method:		[unitTests.tests_validations_assertions.assertElementAttribute_false_containsComparison_expectedToPass]
###############################################################################################################################################



################################################################################################################################################
Starting Execution:	[85 out of 134] test cases in the current suite
Test Method:		[unitTests.tests_validations_assertions.assertElementAttribute_false_literalComparison_expectedToFail]
###############################################################################################################################################



################################################################################################################################################
Starting Execution:	[86 out of 134] test cases in the current suite
Test Method:		[unitTests.tests_validations_assertions.assertElementAttribute_false_literalComparison_expectedToPass]
###############################################################################################################################################



################################################################################################################################################
Starting Execution:	[87 out of 134] test cases in the current suite
Test Method:		[unitTests.tests_validations_assertions.assertElementAttribute_false_regexComparison_expectedToFail]
###############################################################################################################################################



################################################################################################################################################
Starting Execution:	[88 out of 134] test cases in the current suite
Test Method:		[unitTests.tests_validations_assertions.assertElementAttribute_false_regexComparison_expectedToPass]
###############################################################################################################################################



################################################################################################################################################
Starting Execution:	[89 out of 134] test cases in the current suite
Test Method:		[unitTests.tests_validations_assertions.assertElementAttribute_true_caseInsensitiveComparison_expectedToFail]
###############################################################################################################################################



################################################################################################################################################
Starting Execution:	[90 out of 134] test cases in the current suite
Test Method:		[unitTests.tests_validations_assertions.assertElementAttribute_true_caseInsensitiveComparison_expectedToPass]
###############################################################################################################################################



################################################################################################################################################
Starting Execution:	[91 out of 134] test cases in the current suite
Test Method:		[unitTests.tests_validations_assertions.assertElementAttribute_true_containsComparison_expectedToFail]
###############################################################################################################################################



################################################################################################################################################
Starting Execution:	[92 out of 134] test cases in the current suite
Test Method:		[unitTests.tests_validations_assertions.assertElementAttribute_true_containsComparison_expectedToPass]
###############################################################################################################################################



################################################################################################################################################
Starting Execution:	[93 out of 134] test cases in the current suite
Test Method:		[unitTests.tests_validations_assertions.assertElementAttribute_true_literalComparison_expectedToFail]
###############################################################################################################################################



################################################################################################################################################
Starting Execution:	[94 out of 134] test cases in the current suite
Test Method:		[unitTests.tests_validations_assertions.assertElementAttribute_true_literalComparison_expectedToPass]
###############################################################################################################################################



################################################################################################################################################
Starting Execution:	[95 out of 134] test cases in the current suite
Test Method:		[unitTests.tests_validations_assertions.assertElementAttribute_true_regexComparison_expectedToFail]
###############################################################################################################################################



################################################################################################################################################
Starting Execution:	[96 out of 134] test cases in the current suite
Test Method:		[unitTests.tests_validations_assertions.assertElementAttribute_true_regexComparison_expectedToPass]
###############################################################################################################################################



################################################################################################################################################
Starting Execution:	[97 out of 134] test cases in the current suite
Test Method:		[unitTests.tests_validations_assertions.assertElementExists_false_expectedToFail]
###############################################################################################################################################



################################################################################################################################################
Starting Execution:	[98 out of 134] test cases in the current suite
Test Method:		[unitTests.tests_validations_assertions.assertElementExists_false_expectedToPass]
###############################################################################################################################################



################################################################################################################################################
Starting Execution:	[99 out of 134] test cases in the current suite
Test Method:		[unitTests.tests_validations_assertions.assertElementExists_false_multipleElementsFound_expectedToFail]
###############################################################################################################################################



################################################################################################################################################
Starting Execution:	[100 out of 134] test cases in the current suite
Test Method:		[unitTests.tests_validations_assertions.assertElementExists_true_expectedToFail]
###############################################################################################################################################



################################################################################################################################################
Starting Execution:	[101 out of 134] test cases in the current suite
Test Method:		[unitTests.tests_validations_assertions.assertElementExists_true_expectedToPass]
###############################################################################################################################################



################################################################################################################################################
Starting Execution:	[102 out of 134] test cases in the current suite
Test Method:		[unitTests.tests_validations_assertions.assertElementExists_true_multipleElementsFound_expectedToFail]
###############################################################################################################################################


################################################################################################################################################
Starting Execution:	[103 out of 134] test cases in the current suite
Test Method:		[unitTests.tests_validations_assertions.assertEquals_false_expectedToFail]
###############################################################################################################################################

################################################################################################################################################
Starting Execution:	[104 out of 134] test cases in the current suite
Test Method:		[unitTests.tests_validations_assertions.assertEquals_false_expectedToPass]
###############################################################################################################################################

################################################################################################################################################
Starting Execution:	[105 out of 134] test cases in the current suite
Test Method:		[unitTests.tests_validations_assertions.assertEquals_longCharacters]
###############################################################################################################################################

################################################################################################################################################
Starting Execution:	[106 out of 134] test cases in the current suite
Test Method:		[unitTests.tests_validations_assertions.assertEquals_longCharacters_Discreet]
###############################################################################################################################################

################################################################################################################################################
Starting Execution:	[107 out of 134] test cases in the current suite
Test Method:		[unitTests.tests_validations_assertions.assertEquals_true_expectedToFail]
###############################################################################################################################################

################################################################################################################################################
Starting Execution:	[108 out of 134] test cases in the current suite
Test Method:		[unitTests.tests_validations_assertions.assertEquals_true_expectedToPass]
Test Description:	[Assert that assertEquals works as expected when the two values are equal.]
###############################################################################################################################################

################################################################################################################################################
Starting Execution:	[109 out of 134] test cases in the current suite
Test Method:		[unitTests.tests_validations_assertions.assertEquals_true_expectedToPass__]
###############################################################################################################################################

################################################################################################################################################
Starting Execution:	[110 out of 134] test cases in the current suite
Test Method:		[unitTests.tests_validations_assertions.assertFileExists_false_expectedToFail]
###############################################################################################################################################

################################################################################################################################################
Starting Execution:	[111 out of 134] test cases in the current suite
Test Method:		[unitTests.tests_validations_assertions.assertFileExists_false_expectedToPass]
###############################################################################################################################################

################################################################################################################################################
Starting Execution:	[112 out of 134] test cases in the current suite
Test Method:		[unitTests.tests_validations_assertions.assertFileExists_true_expectedToFail]
###############################################################################################################################################

################################################################################################################################################
Starting Execution:	[113 out of 134] test cases in the current suite
Test Method:		[unitTests.tests_validations_assertions.assertFileExists_true_expectedToPass]
###############################################################################################################################################

################################################################################################################################################
Starting Execution:	[114 out of 134] test cases in the current suite
Test Method:		[unitTests.tests_validations_assertions.assertNull_false_expectedToFail]
###############################################################################################################################################

################################################################################################################################################
Starting Execution:	[115 out of 134] test cases in the current suite
Test Method:		[unitTests.tests_validations_assertions.assertNull_false_expectedToPass]
###############################################################################################################################################

################################################################################################################################################
Starting Execution:	[116 out of 134] test cases in the current suite
Test Method:		[unitTests.tests_validations_assertions.assertNull_true_expectedToFail]
###############################################################################################################################################

################################################################################################################################################
Starting Execution:	[117 out of 134] test cases in the current suite
Test Method:		[unitTests.tests_validations_assertions.assertNull_true_expectedToPass]
###############################################################################################################################################
[ReportManager] Successfully loaded the following test data file [src/test/resources/TestDataFiles/testSuite01/TestData.xlsx]. @22-12-2020 15:56:47.0110 PM
[ReportManager] Successfully created attachment [Test Data - Excel] @22-12-2020 15:56:47.0111 P

################################################################################################################################################
Starting Execution:	[118 out of 134] test cases in the current suite
Test Method:		[unitTests.tests_io_excelFileManager.getCellData_rowName_expectedToPass]
################################################################################################################################################
[ReportManager] testRowData. @22-12-2020 15:56:47.0116 P
[ReportManager] File Action [getAbsolutePath] successfully performed. With the following test data [Relative Folder Path: "target/downloadedFiles/"]. @22-12-2020 15:56:47.0117 PM
[ReportManager] Attempting to run remotely on: [Linux-64], [GoogleChrome], [http://localhost:4444/wd/hub], Headless Execution. @22-12-2020 15:56:47.0118 PM
[ReportManager] An Exception Occured with this Message: Unable to create new remote session. desired capabilities = Capabilities {browserName: chrome, loggingPrefs: org.openqa.selenium.logging..., pageLoadStrategy: normal, platformName: LINUX}. @22-12-2020 15:56:47.0217 PM
[ReportManager] Successfully created attachment [Exception Stack Trace - org.openqa.selenium.SessionNotCreatedException] @22-12-2020 15:56:47.0217 PM
[ReportManager] Failed to run remotely on: [Linux-64], [GoogleChrome], [http://localhost:4444/wd/hub]. @22-12-2020 15:56:47.0217 PM
[ReportManager] Browser Factory Action [createNewRemoteDriverInstance] failed. With the following test data [Unhandled Error.]. @22-12-2020 15:56:47.0218 PM
[ReportManager] An Exception Occured with this Message: Unable to create new remote session. desired capabilities = Capabilities {browserName: chrome, loggingPrefs: org.openqa.selenium.logging..., pageLoadStrategy: normal, platformName: LINUX}. @22-12-2020 15:56:47.0218 PM
[ReportManager] Successfully created attachment [Exception Stack Trace - org.openqa.selenium.SessionNotCreatedException] @22-12-2020 15:56:47.0226 P

################################################################################################################################################
Starting Execution:	[119 out of 134] test cases in the current suite
Test Method:		[unitTests.tests_browserActions.fullScreenWindow]
###############################################################################################################################################



################################################################################################################################################
Starting Execution:	[120 out of 134] test cases in the current suite
Test Method:		[unitTests.tests_browserActions.getCurrentURL]
###############################################################################################################################################



################################################################################################################################################
Starting Execution:	[121 out of 134] test cases in the current suite
Test Method:		[unitTests.tests_browserActions.getCurrentWindowTitle]
###############################################################################################################################################



################################################################################################################################################
Starting Execution:	[122 out of 134] test cases in the current suite
Test Method:		[unitTests.tests_browserActions.getPageSource]
###############################################################################################################################################



################################################################################################################################################
Starting Execution:	[123 out of 134] test cases in the current suite
Test Method:		[unitTests.tests_browserActions.getWindowHandle]
###############################################################################################################################################



################################################################################################################################################
Starting Execution:	[124 out of 134] test cases in the current suite
Test Method:		[unitTests.tests_browserActions.getWindowPosition]
###############################################################################################################################################



################################################################################################################################################
Starting Execution:	[125 out of 134] test cases in the current suite
Test Method:		[unitTests.tests_browserActions.getWindowSize]
###############################################################################################################################################



################################################################################################################################################
Starting Execution:	[126 out of 134] test cases in the current suite
Test Method:		[unitTests.tests_browserActions.maximizeWindow]
###############################################################################################################################################



################################################################################################################################################
Starting Execution:	[127 out of 134] test cases in the current suite
Test Method:		[unitTests.tests_browserActions.navigateBack]
###############################################################################################################################################



################################################################################################################################################
Starting Execution:	[128 out of 134] test cases in the current suite
Test Method:		[unitTests.tests_browserActions.navigateForward]
###############################################################################################################################################



################################################################################################################################################
Starting Execution:	[129 out of 134] test cases in the current suite
Test Method:		[unitTests.tests_browserActions.navigateToURL]
###############################################################################################################################################



################################################################################################################################################
Starting Execution:	[130 out of 134] test cases in the current suite
Test Method:		[unitTests.tests_browserActions.navigateToURLWithRedirection]
###############################################################################################################################################



################################################################################################################################################
Starting Execution:	[131 out of 134] test cases in the current suite
Test Method:		[unitTests.tests_browserActions.refreshCurrentPage]
###############################################################################################################################################



################################################################################################################################################
Starting Execution:	[132 out of 134] test cases in the current suite
Test Method:		[unitTests.tests_browserActions.setWindowSize]
###############################################################################################################################################


################################################################################################################################################
Starting Execution:	[133 out of 134] test cases in the current suite
Test Method:		[unitTests.tests_restActions.getPostsAndAssertBodyForSpecificTitle]
################################################################################################################################################
[ReportManager] Response status code: [200], status line: [HTTP/1.1 200 OK] @22-12-2020 15:56:48.0277 PM
[ReportManager] Evaluating the actual response status code against the expected one...... @22-12-2020 15:56:48.0278 PM
[ReportManager] AssertEquals PASSED; Expected [200] and Actual [200]. Comparison Type [EQUALS]. Validation Type [POSITIVE]. @22-12-2020 15:56:48.0278 PM
[ReportManager] API Action [performRequest] successfully performed. With the following test data [Request Type: "GET" | Target Status Code: "200" | Service URL: "https://jsonplaceholder.typicode.com/posts" | Content Type: "*/*" | Response Time: "618ms"]. @22-12-2020 15:56:48.0427 PM
[ReportManager] Successfully created attachment [API Response - JSON Body] @22-12-2020 15:56:48.0427 PM
[ReportManager] API Action [getResponseJSONValueAsList] successfully performed. @22-12-2020 15:56:48.0449 PM
[ReportManager] API Action [getResponseJSONValue] successfully performed. With the following test data [title]. @22-12-2020 15:56:48.0467 PM
[ReportManager] API Action [getResponseJSONValue] successfully performed. With the following test data [title]. @22-12-2020 15:56:48.0483 PM
[ReportManager] API Action [getResponseJSONValue] successfully performed. With the following test data [body]. @22-12-2020 15:56:48.0495 PM
[ReportManager] AssertEquals PASSED; Expected [qui neque nisi nulla] and Actual [est rerum tempore vitae
sequi sint nihil reprehenderit dolor beatae ea dolores neque
fugiat blanditiis voluptate porro vel nihil molestiae ut reiciendis
qui aperiam non debitis possimus qui neque nisi nulla]. Comparison Type [CONTAINS]. Validation Type [POSITIVE]. @22-12-2020 15:56:48.0495 PM
[ReportManager] API Action [getResponseJSONValue] successfully performed. With the following test data [title]. @22-12-2020 15:56:48.0506 PM
[ReportManager] API Action [getResponseJSONValue] successfully performed. With the following test data [title]. @22-12-2020 15:56:48.0519 PM
[ReportManager] API Action [getResponseJSONValue] successfully performed. With the following test data [title]. @22-12-2020 15:56:48.0532 PM
[ReportManager] API Action [getResponseJSONValue] successfully performed. With the following test data [title]. @22-12-2020 15:56:48.0545 PM
[ReportManager] API Action [getResponseJSONValue] successfully performed. With the following test data [title]. @22-12-2020 15:56:48.0556 PM
[ReportManager] API Action [getResponseJSONValue] successfully performed. With the following test data [title]. @22-12-2020 15:56:48.0568 PM
[ReportManager] API Action [getResponseJSONValue] successfully performed. With the following test data [title]. @22-12-2020 15:56:48.0579 PM
[ReportManager] API Action [getResponseJSONValue] successfully performed. With the following test data [title]. @22-12-2020 15:56:48.0589 PM
[ReportManager] API Action [getResponseJSONValue] successfully performed. With the following test data [title]. @22-12-2020 15:56:48.0601 PM
[ReportManager] API Action [getResponseJSONValue] successfully performed. With the following test data [title]. @22-12-2020 15:56:48.0613 PM
[ReportManager] API Action [getResponseJSONValue] successfully performed. With the following test data [title]. @22-12-2020 15:56:48.0633 PM
[ReportManager] API Action [getResponseJSONValue] successfully performed. With the following test data [title]. @22-12-2020 15:56:48.0641 PM
[ReportManager] API Action [getResponseJSONValue] successfully performed. With the following test data [title]. @22-12-2020 15:56:48.0653 PM
[ReportManager] API Action [getResponseJSONValue] successfully performed. With the following test data [title]. @22-12-2020 15:56:48.0702 PM
[ReportManager] API Action [getResponseJSONValue] successfully performed. With the following test data [title]. @22-12-2020 15:56:48.0711 PM
[ReportManager] API Action [getResponseJSONValue] successfully performed. With the following test data [title]. @22-12-2020 15:56:48.0720 PM
[ReportManager] API Action [getResponseJSONValue] successfully performed. With the following test data [title]. @22-12-2020 15:56:48.0733 PM
[ReportManager] API Action [getResponseJSONValue] successfully performed. With the following test data [title]. @22-12-2020 15:56:48.0741 PM
[ReportManager] API Action [getResponseJSONValue] successfully performed. With the following test data [title]. @22-12-2020 15:56:48.0755 PM
[ReportManager] API Action [getResponseJSONValue] successfully performed. With the following test data [title]. @22-12-2020 15:56:48.0762 PM
[ReportManager] API Action [getResponseJSONValue] successfully performed. With the following test data [title]. @22-12-2020 15:56:48.0769 PM
[ReportManager] API Action [getResponseJSONValue] successfully performed. With the following test data [title]. @22-12-2020 15:56:48.0775 PM
[ReportManager] API Action [getResponseJSONValue] successfully performed. With the following test data [title]. @22-12-2020 15:56:48.0781 PM
[ReportManager] API Action [getResponseJSONValue] successfully performed. With the following test data [title]. @22-12-2020 15:56:48.0787 PM
[ReportManager] API Action [getResponseJSONValue] successfully performed. With the following test data [title]. @22-12-2020 15:56:48.0793 PM
[ReportManager] API Action [getResponseJSONValue] successfully performed. With the following test data [title]. @22-12-2020 15:56:48.0799 PM
[ReportManager] API Action [getResponseJSONValue] successfully performed. With the following test data [title]. @22-12-2020 15:56:48.0805 PM
[ReportManager] API Action [getResponseJSONValue] successfully performed. With the following test data [title]. @22-12-2020 15:56:48.0811 PM
[ReportManager] API Action [getResponseJSONValue] successfully performed. With the following test data [title]. @22-12-2020 15:56:48.0816 PM
[ReportManager] API Action [getResponseJSONValue] successfully performed. With the following test data [title]. @22-12-2020 15:56:48.0822 PM
[ReportManager] API Action [getResponseJSONValue] successfully performed. With the following test data [title]. @22-12-2020 15:56:48.0828 PM
[ReportManager] API Action [getResponseJSONValue] successfully performed. With the following test data [title]. @22-12-2020 15:56:48.0833 PM
[ReportManager] API Action [getResponseJSONValue] successfully performed. With the following test data [title]. @22-12-2020 15:56:48.0839 PM
[ReportManager] API Action [getResponseJSONValue] successfully performed. With the following test data [title]. @22-12-2020 15:56:48.0844 PM
[ReportManager] API Action [getResponseJSONValue] successfully performed. With the following test data [title]. @22-12-2020 15:56:48.0851 PM
[ReportManager] API Action [getResponseJSONValue] successfully performed. With the following test data [title]. @22-12-2020 15:56:48.0857 PM
[ReportManager] API Action [getResponseJSONValue] successfully performed. With the following test data [title]. @22-12-2020 15:56:48.0862 PM
[ReportManager] API Action [getResponseJSONValue] successfully performed. With the following test data [title]. @22-12-2020 15:56:48.0868 PM
[ReportManager] API Action [getResponseJSONValue] successfully performed. With the following test data [title]. @22-12-2020 15:56:48.0874 PM
[ReportManager] API Action [getResponseJSONValue] successfully performed. With the following test data [title]. @22-12-2020 15:56:48.0879 PM
[ReportManager] API Action [getResponseJSONValue] successfully performed. With the following test data [title]. @22-12-2020 15:56:48.0885 PM
[ReportManager] API Action [getResponseJSONValue] successfully performed. With the following test data [title]. @22-12-2020 15:56:48.0891 PM
[ReportManager] API Action [getResponseJSONValue] successfully performed. With the following test data [title]. @22-12-2020 15:56:48.0896 PM
[ReportManager] API Action [getResponseJSONValue] successfully performed. With the following test data [title]. @22-12-2020 15:56:48.0902 PM
[ReportManager] API Action [getResponseJSONValue] successfully performed. With the following test data [title]. @22-12-2020 15:56:48.0909 PM
[ReportManager] API Action [getResponseJSONValue] successfully performed. With the following test data [title]. @22-12-2020 15:56:48.0915 PM
[ReportManager] API Action [getResponseJSONValue] successfully performed. With the following test data [title]. @22-12-2020 15:56:48.0921 PM
[ReportManager] API Action [getResponseJSONValue] successfully performed. With the following test data [title]. @22-12-2020 15:56:48.0928 PM
[ReportManager] API Action [getResponseJSONValue] successfully performed. With the following test data [title]. @22-12-2020 15:56:48.0934 PM
[ReportManager] API Action [getResponseJSONValue] successfully performed. With the following test data [title]. @22-12-2020 15:56:48.0939 PM
[ReportManager] API Action [getResponseJSONValue] successfully performed. With the following test data [title]. @22-12-2020 15:56:48.0945 PM
[ReportManager] API Action [getResponseJSONValue] successfully performed. With the following test data [title]. @22-12-2020 15:56:48.0951 PM
[ReportManager] API Action [getResponseJSONValue] successfully performed. With the following test data [title]. @22-12-2020 15:56:48.0957 PM
[ReportManager] API Action [getResponseJSONValue] successfully performed. With the following test data [title]. @22-12-2020 15:56:48.0962 PM
[ReportManager] API Action [getResponseJSONValue] successfully performed. With the following test data [title]. @22-12-2020 15:56:48.0968 PM
[ReportManager] API Action [getResponseJSONValue] successfully performed. With the following test data [title]. @22-12-2020 15:56:48.0974 PM
[ReportManager] API Action [getResponseJSONValue] successfully performed. With the following test data [title]. @22-12-2020 15:56:48.0979 PM
[ReportManager] API Action [getResponseJSONValue] successfully performed. With the following test data [title]. @22-12-2020 15:56:48.0985 PM
[ReportManager] API Action [getResponseJSONValue] successfully performed. With the following test data [title]. @22-12-2020 15:56:49.0006 PM
[ReportManager] API Action [getResponseJSONValue] successfully performed. With the following test data [title]. @22-12-2020 15:56:49.0012 PM
[ReportManager] API Action [getResponseJSONValue] successfully performed. With the following test data [title]. @22-12-2020 15:56:49.0022 PM
[ReportManager] API Action [getResponseJSONValue] successfully performed. With the following test data [title]. @22-12-2020 15:56:49.0029 PM
[ReportManager] API Action [getResponseJSONValue] successfully performed. With the following test data [title]. @22-12-2020 15:56:49.0036 PM
[ReportManager] API Action [getResponseJSONValue] successfully performed. With the following test data [title]. @22-12-2020 15:56:49.0044 PM
[ReportManager] API Action [getResponseJSONValue] successfully performed. With the following test data [title]. @22-12-2020 15:56:49.0055 PM
[ReportManager] API Action [getResponseJSONValue] successfully performed. With the following test data [title]. @22-12-2020 15:56:49.0061 PM
[ReportManager] API Action [getResponseJSONValue] successfully performed. With the following test data [title]. @22-12-2020 15:56:49.0067 PM
[ReportManager] API Action [getResponseJSONValue] successfully performed. With the following test data [title]. @22-12-2020 15:56:49.0073 PM
[ReportManager] API Action [getResponseJSONValue] successfully performed. With the following test data [title]. @22-12-2020 15:56:49.0079 PM
[ReportManager] API Action [getResponseJSONValue] successfully performed. With the following test data [title]. @22-12-2020 15:56:49.0084 PM
[ReportManager] API Action [getResponseJSONValue] successfully performed. With the following test data [title]. @22-12-2020 15:56:49.0090 PM
[ReportManager] API Action [getResponseJSONValue] successfully performed. With the following test data [title]. @22-12-2020 15:56:49.0095 PM
[ReportManager] API Action [getResponseJSONValue] successfully performed. With the following test data [title]. @22-12-2020 15:56:49.0101 PM
[ReportManager] API Action [getResponseJSONValue] successfully performed. With the following test data [title]. @22-12-2020 15:56:49.0106 PM
[ReportManager] API Action [getResponseJSONValue] successfully performed. With the following test data [title]. @22-12-2020 15:56:49.0112 PM
[ReportManager] API Action [getResponseJSONValue] successfully performed. With the following test data [title]. @22-12-2020 15:56:49.0117 PM
[ReportManager] API Action [getResponseJSONValue] successfully performed. With the following test data [title]. @22-12-2020 15:56:49.0122 PM
[ReportManager] API Action [getResponseJSONValue] successfully performed. With the following test data [title]. @22-12-2020 15:56:49.0127 PM
[ReportManager] API Action [getResponseJSONValue] successfully performed. With the following test data [title]. @22-12-2020 15:56:49.0133 PM
[ReportManager] API Action [getResponseJSONValue] successfully performed. With the following test data [title]. @22-12-2020 15:56:49.0138 PM
[ReportManager] API Action [getResponseJSONValue] successfully performed. With the following test data [title]. @22-12-2020 15:56:49.0144 PM
[ReportManager] API Action [getResponseJSONValue] successfully performed. With the following test data [title]. @22-12-2020 15:56:49.0149 PM
[ReportManager] API Action [getResponseJSONValue] successfully performed. With the following test data [title]. @22-12-2020 15:56:49.0155 PM
[ReportManager] API Action [getResponseJSONValue] successfully performed. With the following test data [title]. @22-12-2020 15:56:49.0160 PM
[ReportManager] API Action [getResponseJSONValue] successfully performed. With the following test data [title]. @22-12-2020 15:56:49.0165 PM
[ReportManager] API Action [getResponseJSONValue] successfully performed. With the following test data [title]. @22-12-2020 15:56:49.0170 PM
[ReportManager] API Action [getResponseJSONValue] successfully performed. With the following test data [title]. @22-12-2020 15:56:49.0176 PM
[ReportManager] API Action [getResponseJSONValue] successfully performed. With the following test data [title]. @22-12-2020 15:56:49.0181 PM
[ReportManager] API Action [getResponseJSONValue] successfully performed. With the following test data [title]. @22-12-2020 15:56:49.0186 PM
[ReportManager] API Action [getResponseJSONValue] successfully performed. With the following test data [title]. @22-12-2020 15:56:49.0191 PM
[ReportManager] API Action [getResponseJSONValue] successfully performed. With the following test data [title]. @22-12-2020 15:56:49.0196 PM
[ReportManager] API Action [getResponseJSONValue] successfully performed. With the following test data [title]. @22-12-2020 15:56:49.0202 PM
[ReportManager] API Action [getResponseJSONValue] successfully performed. With the following test data [title]. @22-12-2020 15:56:49.0207 PM
[ReportManager] API Action [getResponseJSONValue] successfully performed. With the following test data [title]. @22-12-2020 15:56:49.0214 PM
[ReportManager] API Action [getResponseJSONValue] successfully performed. With the following test data [title]. @22-12-2020 15:56:49.0221 PM
[ReportManager] API Action [getResponseJSONValue] successfully performed. With the following test data [title]. @22-12-2020 15:56:49.0229 PM
[ReportManager] API Action [getResponseJSONValue] successfully performed. With the following test data [title]. @22-12-2020 15:56:49.0237 PM
[ReportManager] API Action [getResponseJSONValue] successfully performed. With the following test data [title]. @22-12-2020 15:56:49.0249 P

################################################################################################################################################
Starting Execution:	[134 out of 134] test cases in the current suite
Test Method:		[unitTests.tests_restActions.validateUserEmail]
################################################################################################################################################
[ReportManager] Response status code: [200], status line: [HTTP/1.1 200 OK] @22-12-2020 15:56:49.0349 PM
[ReportManager] Evaluating the actual response status code against the expected one...... @22-12-2020 15:56:49.0349 PM
[ReportManager] AssertEquals PASSED; Expected [200] and Actual [200]. Comparison Type [EQUALS]. Validation Type [POSITIVE]. @22-12-2020 15:56:49.0349 PM
[ReportManager] API Action [performRequest] successfully performed. With the following test data [Request Type: "GET" | Target Status Code: "200" | Service URL: "https://jsonplaceholder.typicode.com/users" | Content Type: "*/*" | Response Time: "81ms"]. @22-12-2020 15:56:49.0370 PM
[ReportManager] Successfully created attachment [API Response - JSON Body] @22-12-2020 15:56:49.0370 PM
[ReportManager] AssertEquals PASSED; Expected and Actual values are attached. Comparison Type [CONTAINS]. Validation Type [POSITIVE]. @22-12-2020 15:56:49.0371 PM
[ReportManager] Successfully created attachment [Validation Test Data - Expected Value] @22-12-2020 15:56:49.0371 PM
[ReportManager] Successfully created attachment [Validation Test Data - Actual Value] @22-12-2020 15:56:49.0371 PM
[ReportManager] API Action [getResponseJSONValueAsList] successfully performed. With the following test data [$]. @22-12-2020 15:56:49.0376 PM
[ReportManager] API Action [getResponseJSONValue] successfully performed. With the following test data [name]. @22-12-2020 15:56:49.0389 PM
[ReportManager] API Action [getResponseJSONValue] successfully performed. With the following test data [email]. @22-12-2020 15:56:49.0398 PM
[ReportManager] AssertEquals PASSED; Expected [Sincere@april.biz] and Actual [Sincere@april.biz]. Comparison Type [EQUALS]. Validation Type [POSITIVE]. @22-12-2020 15:56:49.0398 PM
[ReportManager] API Action [getResponseJSONValue] successfully performed. With the following test data [name]. @22-12-2020 15:56:49.0409 PM
[ReportManager] API Action [getResponseJSONValue] successfully performed. With the following test data [name]. @22-12-2020 15:56:49.0417 PM
[ReportManager] API Action [getResponseJSONValue] successfully performed. With the following test data [name]. @22-12-2020 15:56:49.0425 PM
[ReportManager] API Action [getResponseJSONValue] successfully performed. With the following test data [name]. @22-12-2020 15:56:49.0432 PM
[ReportManager] API Action [getResponseJSONValue] successfully performed. With the following test data [name]. @22-12-2020 15:56:49.0439 PM
[ReportManager] API Action [getResponseJSONValue] successfully performed. With the following test data [name]. @22-12-2020 15:56:49.0444 PM
[ReportManager] API Action [getResponseJSONValue] successfully performed. With the following test data [name]. @22-12-2020 15:56:49.0451 PM
[ReportManager] API Action [getResponseJSONValue] successfully performed. With the following test data [name]. @22-12-2020 15:56:49.0456 PM
[ReportManager] API Action [getResponseJSONValue] successfully performed. With the following test data [name]. @22-12-2020 15:56:49.0461 P

################################################################################################################################################
Test Closure Activities
################################################################################################################################################
[ReportManager] Successfully created attachment [SHAFT Engine Logs - Execution log] @22-12-2020 15:56:49.0483 PM

################################################################################################################################################
This test run was powered by SHAFT Engine Version: [SHAFT Engine v4.4]
SHAFT Engine is licensed under the MIT License: [https://github.com/MohabMohie/SHAFT_ENGINE/blob/master/LICENSE].
################################################################################################################################################