{
  "uid" : "51635e6a7d13a4fb",
  "name" : "f21",
  "fullName" : "testPackage01.Test_NewValidationHelper.f21",
  "historyId" : "259a17265cbc92933de3cafb98400a6e",
  "time" : {
    "start" : 1616808413797,
    "stop" : 1616808439434,
    "duration" : 25637
  },
  "status" : "passed",
  "flaky" : false,
  "newFailed" : false,
  "beforeStages" : [ {
    "name" : "openBrowser",
    "time" : {
      "start" : 1616808413005,
      "stop" : 1616808413791,
      "duration" : 786
    },
    "description" : "",
    "status" : "passed",
    "steps" : [ {
      "name" : "Action [104]: Attempting to run remotely on: [Linux-64], [GoogleChrome], [http://localhost:4444/wd/hub], Headless Execution.",
      "time" : {
        "start" : 1616808413006,
        "stop" : 1616808413006,
        "duration" : 0
      },
      "status" : "passed",
      "steps" : [ ],
      "attachments" : [ ],
      "parameters" : [ {
        "name" : "actionCounter",
        "value" : "104"
      }, {
        "name" : "logText",
        "value" : "Attempting to run remotely on: [Linux-64], [GoogleChrome], [http://localhost:4444/wd/hub], Headless Execution."
      } ],
      "stepsCount" : 0,
      "attachmentsCount" : 0,
      "shouldDisplayMessage" : false,
      "hasContent" : true
    }, {
      "name" : "Action [105]: Successfully Opened [GoogleChrome].",
      "time" : {
        "start" : 1616808413266,
        "stop" : 1616808413266,
        "duration" : 0
      },
      "status" : "passed",
      "steps" : [ ],
      "attachments" : [ ],
      "parameters" : [ {
        "name" : "actionCounter",
        "value" : "105"
      }, {
        "name" : "logText",
        "value" : "Successfully Opened [GoogleChrome]."
      } ],
      "stepsCount" : 0,
      "attachmentsCount" : 0,
      "shouldDisplayMessage" : false,
      "hasContent" : true
    }, {
      "name" : "Action [106]: Browser Action [navigateToURL] successfully performed. With the following test data [https://the-internet.herokuapp.com/].",
      "time" : {
        "start" : 1616808413791,
        "stop" : 1616808413791,
        "duration" : 0
      },
      "status" : "passed",
      "steps" : [ ],
      "attachments" : [ ],
      "parameters" : [ {
        "name" : "actionCounter",
        "value" : "106"
      }, {
        "name" : "logText",
        "value" : "Browser Action [navigateToURL] successfully performed. With the following test data [https://the-internet.herokuapp.com/]."
      }, {
        "name" : "attachments",
        "value" : "[null]"
      } ],
      "stepsCount" : 0,
      "attachmentsCount" : 0,
      "shouldDisplayMessage" : false,
      "hasContent" : true
    } ],
    "attachments" : [ ],
    "parameters" : [ ],
    "stepsCount" : 3,
    "attachmentsCount" : 0,
    "shouldDisplayMessage" : false,
    "hasContent" : true
  } ],
  "testStage" : {
    "status" : "passed",
    "steps" : [ {
      "name" : "Action [107]: Element Action [identifyUniqueElement] failed. With the following test data [zero elements found matching this locator \"By.tagName: h3\".].",
      "time" : {
        "start" : 1616808439420,
        "stop" : 1616808439433,
        "duration" : 13
      },
      "status" : "passed",
      "steps" : [ ],
      "attachments" : [ {
        "uid" : "959f2ca62cd77cc9",
        "name" : "Attachment: Screenshot - 1616808439353_f21_identifyUniqueElement_failed",
        "source" : "959f2ca62cd77cc9.png",
        "type" : "image/png",
        "size" : 55570
      } ],
      "parameters" : [ {
        "name" : "actionCounter",
        "value" : "107"
      }, {
        "name" : "logText",
        "value" : "Element Action [identifyUniqueElement] failed. With the following test data [zero elements found matching this locator \"By.tagName: h3\".]."
      }, {
        "name" : "attachments",
        "value" : "[[Screenshot, 1616808439353_f21_identifyUniqueElement_failed, java.io.ByteArrayInputStream@5ac3c6cd]]"
      } ],
      "stepsCount" : 0,
      "attachmentsCount" : 1,
      "shouldDisplayMessage" : false,
      "hasContent" : true
    }, {
      "name" : "Action [108]: AssertElementAttribute FAILED; Expected [Value Should be 'Welcome' for the 'text' attribute, element locator 'By.tagName: h3'] and Actual [Failed to read the desired element attribute]. Comparison Type [CONTAINS]. Validation Type [POSITIVE].",
      "time" : {
        "start" : 1616808439434,
        "stop" : 1616808439434,
        "duration" : 0
      },
      "status" : "passed",
      "steps" : [ ],
      "attachments" : [ ],
      "parameters" : [ {
        "name" : "actionCounter",
        "value" : "108"
      }, {
        "name" : "logText",
        "value" : "AssertElementAttribute FAILED; Expected [Value Should be 'Welcome' for the 'text' attribute, element locator 'By.tagName: h3'] and Actual [Failed to read the desired element attribute]. Comparison Type [CONTAINS]. Validation Type [POSITIVE]."
      } ],
      "stepsCount" : 0,
      "attachmentsCount" : 0,
      "shouldDisplayMessage" : false,
      "hasContent" : true
    } ],
    "attachments" : [ {
      "uid" : "34489b7a7e2c5d18",
      "name" : "Attachment: SHAFT Engine Logs - Current Method log: f21",
      "source" : "34489b7a7e2c5d18.txt",
      "type" : "text/plain",
      "size" : 11020
    } ],
    "parameters" : [ ],
    "stepsCount" : 2,
    "attachmentsCount" : 2,
    "shouldDisplayMessage" : false,
    "hasContent" : true
  },
  "afterStages" : [ {
    "name" : "closeBrowser",
    "time" : {
      "start" : 1616808439435,
      "stop" : 1616808439692,
      "duration" : 257
    },
    "description" : "",
    "status" : "passed",
    "steps" : [ {
      "name" : "Action [109]: Successfully Closed All Browsers.",
      "time" : {
        "start" : 1616808439691,
        "stop" : 1616808439692,
        "duration" : 1
      },
      "status" : "passed",
      "steps" : [ ],
      "attachments" : [ ],
      "parameters" : [ {
        "name" : "actionCounter",
        "value" : "109"
      }, {
        "name" : "logText",
        "value" : "Successfully Closed All Browsers."
      } ],
      "stepsCount" : 0,
      "attachmentsCount" : 0,
      "shouldDisplayMessage" : false,
      "hasContent" : true
    } ],
    "attachments" : [ {
      "uid" : "1f9f3ad143836ba1",
      "name" : "Attachment: Selenium WebDriver Logs - server",
      "source" : "1f9f3ad143836ba1.txt",
      "type" : "text/plain",
      "size" : 1288
    }, {
      "uid" : "2d7240f54b53673f",
      "name" : "Attachment: Selenium WebDriver Logs - performance",
      "source" : "2d7240f54b53673f.txt",
      "type" : "text/plain",
      "size" : 59540
    }, {
      "uid" : "48a743d540733ff6",
      "name" : "Attachment: Selenium WebDriver Logs - browser",
      "source" : "48a743d540733ff6.txt",
      "type" : "text/plain",
      "size" : 759
    }, {
      "uid" : "a55835494b83a5be",
      "name" : "Attachment: Selenium WebDriver Logs - driver",
      "source" : "a55835494b83a5be.txt",
      "type" : "text/plain",
      "size" : 232646
    } ],
    "parameters" : [ ],
    "stepsCount" : 1,
    "attachmentsCount" : 4,
    "shouldDisplayMessage" : false,
    "hasContent" : true
  }, {
    "name" : "closureActivities",
    "time" : {
      "start" : 1616808672033,
      "stop" : 1616808672598,
      "duration" : 565
    },
    "description" : "",
    "status" : "passed",
    "steps" : [ {
      "name" : "Action [522]: Successfully Closed All Browsers.",
      "time" : {
        "start" : 1616808672034,
        "stop" : 1616808672034,
        "duration" : 0
      },
      "status" : "passed",
      "steps" : [ ],
      "attachments" : [ ],
      "parameters" : [ {
        "name" : "actionCounter",
        "value" : "522"
      }, {
        "name" : "logText",
        "value" : "Successfully Closed All Browsers."
      } ],
      "stepsCount" : 0,
      "attachmentsCount" : 0,
      "shouldDisplayMessage" : false,
      "hasContent" : true
    }, {
      "name" : "Action [523]: Issue Summary: Total Issues = 2, New issues for Failed Tests = 0, Open issues for Passed Tests = 2, Open issues for Failed Tests = 0. Kindly check the attached Issue details.",
      "time" : {
        "start" : 1616808672041,
        "stop" : 1616808672041,
        "duration" : 0
      },
      "status" : "passed",
      "steps" : [ ],
      "attachments" : [ {
        "uid" : "968f967af993b05d",
        "name" : "Attachment: SHAFT Engine Logs - Issues log CSV: 20210327-013112",
        "source" : "968f967af993b05d.csv",
        "type" : "text/csv",
        "size" : 228
      } ],
      "parameters" : [ {
        "name" : "actionCounter",
        "value" : "523"
      }, {
        "name" : "logText",
        "value" : "Issue Summary: Total Issues = 2, New issues for Failed Tests = 0, Open issues for Passed Tests = 2, Open issues for Failed Tests = 0. Kindly check the attached Issue details."
      }, {
        "name" : "attachments",
        "value" : "[[SHAFT Engine Logs, Issues log CSV: 20210327-013112, java.io.ByteArrayInputStream@7c95eeac]]"
      } ],
      "stepsCount" : 0,
      "attachmentsCount" : 1,
      "shouldDisplayMessage" : false,
      "hasContent" : true
    } ],
    "attachments" : [ {
      "uid" : "fad07e15de79c41",
      "name" : "Attachment: SHAFT Engine Logs - Execution log: 20210327-013112",
      "source" : "fad07e15de79c41.txt",
      "type" : "text/plain",
      "size" : 385700
    }, {
      "uid" : "937331222021d4ba",
      "name" : "Attachment: HTML - Extent Emailable Execution Report",
      "source" : "937331222021d4ba.html",
      "type" : "text/html",
      "size" : 7208895
    } ],
    "parameters" : [ ],
    "stepsCount" : 2,
    "attachmentsCount" : 3,
    "shouldDisplayMessage" : false,
    "hasContent" : true
  } ],
  "labels" : [ {
    "name" : "package",
    "value" : "testPackage01.Test_NewValidationHelper"
  }, {
    "name" : "testClass",
    "value" : "testPackage01.Test_NewValidationHelper"
  }, {
    "name" : "testMethod",
    "value" : "f21"
  }, {
    "name" : "parentSuite",
    "value" : "SHAFT_Engine: Custom Suite"
  }, {
    "name" : "suite",
    "value" : "SHAFT_Engine: Custom Test"
  }, {
    "name" : "subSuite",
    "value" : "testPackage01.Test_NewValidationHelper"
  }, {
    "name" : "host",
    "value" : "fv-az207-176"
  }, {
    "name" : "thread",
    "value" : "4073@fv-az207-176.main(1)"
  }, {
    "name" : "framework",
    "value" : "testng"
  }, {
    "name" : "language",
    "value" : "java"
  }, {
    "name" : "resultFormat",
    "value" : "allure2"
  } ],
  "parameters" : [ ],
  "links" : [ ],
  "hidden" : false,
  "retry" : false,
  "extra" : {
    "severity" : "normal",
    "retries" : [ ],
    "categories" : [ ],
    "tags" : [ ]
  },
  "source" : "51635e6a7d13a4fb.json",
  "parameterValues" : [ ]
}