{
  "uid" : "763e4a6f62431aea",
  "name" : "beforeMethod",
  "fullName" : "testPackage01.Test_dynamicLoading.beforeMethod",
  "historyId" : "205c8f457ef688cf6d163c40609c62a5",
  "time" : {
    "start" : 1613612050425,
    "stop" : 1613612050427,
    "duration" : 2
  },
  "status" : "failed",
  "statusMessage" : "Browser Factory Action [createNewRemoteDriverInstance] failed. With the following test data [Unhandled Error.].",
  "statusTrace" : "java.lang.AssertionError: Browser Factory Action [createNewRemoteDriverInstance] failed. With the following test data [Unhandled Error.].\n\tat org.testng.Assert.fail(Assert.java:87)\n\tat com.shaft.gui.browser.BrowserFactory.failAction(BrowserFactory.java:213)\n\tat com.shaft.gui.browser.BrowserFactory.createNewRemoteDriverInstance(BrowserFactory.java:591)\n\tat com.shaft.gui.browser.BrowserFactory.getBrowser(BrowserFactory.java:700)\n\tat com.shaft.gui.browser.BrowserFactory.getBrowser(BrowserFactory.java:116)\n\tat testPackage01.Test_dynamicLoading.beforeMethod(Test_dynamicLoading.java:32)\n\tat java.base/jdk.internal.reflect.NativeMethodAccessorImpl.invoke0(Native Method)\n\tat java.base/jdk.internal.reflect.NativeMethodAccessorImpl.invoke(NativeMethodAccessorImpl.java:64)\n\tat java.base/jdk.internal.reflect.DelegatingMethodAccessorImpl.invoke(DelegatingMethodAccessorImpl.java:43)\n\tat java.base/java.lang.reflect.Method.invoke(Method.java:564)\n\tat org.testng.internal.MethodInvocationHelper.invokeMethod(MethodInvocationHelper.java:132)\n\tat org.testng.internal.MethodInvocationHelper.invokeMethodConsideringTimeout(MethodInvocationHelper.java:61)\n\tat org.testng.internal.ConfigInvoker.invokeConfigurationMethod(ConfigInvoker.java:366)\n\tat org.testng.internal.ConfigInvoker.invokeConfigurations(ConfigInvoker.java:320)\n\tat org.testng.internal.TestInvoker.runConfigMethods(TestInvoker.java:701)\n\tat org.testng.internal.TestInvoker.invokeMethod(TestInvoker.java:527)\n\tat org.testng.internal.TestInvoker.invokeTestMethod(TestInvoker.java:174)\n\tat org.testng.internal.MethodRunner.runInSequence(MethodRunner.java:46)\n\tat org.testng.internal.TestInvoker$MethodInvocationAgent.invoke(TestInvoker.java:822)\n\tat org.testng.internal.TestInvoker.invokeTestMethods(TestInvoker.java:147)\n\tat org.testng.internal.TestMethodWorker.invokeTestMethods(TestMethodWorker.java:146)\n\tat org.testng.internal.TestMethodWorker.run(TestMethodWorker.java:128)\n\tat java.base/java.util.ArrayList.forEach(ArrayList.java:1511)\n\tat org.testng.TestRunner.privateRun(TestRunner.java:764)\n\tat org.testng.TestRunner.run(TestRunner.java:585)\n\tat org.testng.SuiteRunner.runTest(SuiteRunner.java:384)\n\tat org.testng.SuiteRunner.runSequentially(SuiteRunner.java:378)\n\tat org.testng.SuiteRunner.privateRun(SuiteRunner.java:337)\n\tat org.testng.SuiteRunner.run(SuiteRunner.java:286)\n\tat org.testng.SuiteRunnerWorker.runSuite(SuiteRunnerWorker.java:53)\n\tat org.testng.SuiteRunnerWorker.run(SuiteRunnerWorker.java:96)\n\tat org.testng.TestNG.runSuitesSequentially(TestNG.java:1218)\n\tat org.testng.TestNG.runSuitesLocally(TestNG.java:1140)\n\tat org.testng.TestNG.runSuites(TestNG.java:1069)\n\tat org.testng.TestNG.run(TestNG.java:1037)\n\tat org.apache.maven.surefire.testng.TestNGExecutor.run(TestNGExecutor.java:136)\n\tat org.apache.maven.surefire.testng.TestNGDirectoryTestSuite.executeMulti(TestNGDirectoryTestSuite.java:193)\n\tat org.apache.maven.surefire.testng.TestNGDirectoryTestSuite.execute(TestNGDirectoryTestSuite.java:94)\n\tat org.apache.maven.surefire.testng.TestNGProvider.invoke(TestNGProvider.java:145)\n\tat org.apache.maven.surefire.booter.ForkedBooter.runSuitesInProcess(ForkedBooter.java:428)\n\tat org.apache.maven.surefire.booter.ForkedBooter.execute(ForkedBooter.java:162)\n\tat org.apache.maven.surefire.booter.ForkedBooter.run(ForkedBooter.java:562)\n\tat org.apache.maven.surefire.booter.ForkedBooter.main(ForkedBooter.java:548)\nCaused by: org.openqa.selenium.WebDriverException: unknown error: Chrome failed to start: exited abnormally.\n  (unknown error: DevToolsActivePort file doesn't exist)\n  (The process started from chrome location /usr/bin/google-chrome is no longer running, so ChromeDriver is assuming that Chrome has crashed.)\n  (Driver info: chromedriver=81.0.4044.138 (8c6c7ba89cc9453625af54f11fd83179e23450fa-refs/branch-heads/4044@{#999}),platform=Linux 5.4.0-1039-azure x86_64) (WARNING: The server did not provide any stacktrace information)\nCommand duration or timeout: 156 milliseconds\nBuild info: version: '3.141.59', revision: 'e82be7d358', time: '2018-11-14T08:25:53'\nSystem info: host: '7774a1e45896', ip: '172.18.0.6', os.name: 'Linux', os.arch: 'amd64', os.version: '5.4.0-1039-azure', java.version: '1.8.0_252'\nDriver info: driver.version: unknown\nCommand duration or timeout: 211 milliseconds\n\tat java.base/jdk.internal.reflect.NativeConstructorAccessorImpl.newInstance0(Native Method)\n\tat java.base/jdk.internal.reflect.NativeConstructorAccessorImpl.newInstance(NativeConstructorAccessorImpl.java:64)\n\tat java.base/jdk.internal.reflect.DelegatingConstructorAccessorImpl.newInstance(DelegatingConstructorAccessorImpl.java:45)\n\tat java.base/java.lang.reflect.Constructor.newInstanceWithCaller(Constructor.java:500)\n\tat java.base/java.lang.reflect.Constructor.newInstance(Constructor.java:481)\n\tat org.openqa.selenium.remote.ErrorHandler.createThrowable(ErrorHandler.java:214)\n\tat org.openqa.selenium.remote.ErrorHandler.throwIfResponseFailed(ErrorHandler.java:166)\n\tat org.openqa.selenium.remote.JsonWireProtocolResponse.lambda$errorHandler$0(JsonWireProtocolResponse.java:54)\n\tat org.openqa.selenium.remote.HandshakeResponse.lambda$getResponseFunction$0(HandshakeResponse.java:30)\n\tat org.openqa.selenium.remote.ProtocolHandshake.lambda$createSession$0(ProtocolHandshake.java:126)\n\tat java.base/java.util.stream.ReferencePipeline$3$1.accept(ReferencePipeline.java:195)\n\tat java.base/java.util.Spliterators$ArraySpliterator.tryAdvance(Spliterators.java:958)\n\tat java.base/java.util.stream.ReferencePipeline.forEachWithCancel(ReferencePipeline.java:127)\n\tat java.base/java.util.stream.AbstractPipeline.copyIntoWithCancel(AbstractPipeline.java:502)\n\tat java.base/java.util.stream.AbstractPipeline.copyInto(AbstractPipeline.java:488)\n\tat java.base/java.util.stream.AbstractPipeline.wrapAndCopyInto(AbstractPipeline.java:474)\n\tat java.base/java.util.stream.FindOps$FindOp.evaluateSequential(FindOps.java:150)\n\tat java.base/java.util.stream.AbstractPipeline.evaluate(AbstractPipeline.java:234)\n\tat java.base/java.util.stream.ReferencePipeline.findFirst(ReferencePipeline.java:543)\n\tat org.openqa.selenium.remote.ProtocolHandshake.createSession(ProtocolHandshake.java:128)\n\tat org.openqa.selenium.remote.ProtocolHandshake.createSession(ProtocolHandshake.java:74)\n\tat org.openqa.selenium.remote.HttpCommandExecutor.execute(HttpCommandExecutor.java:136)\n\tat org.openqa.selenium.remote.RemoteWebDriver.execute(RemoteWebDriver.java:552)\n\tat org.openqa.selenium.remote.RemoteWebDriver.startSession(RemoteWebDriver.java:213)\n\tat org.openqa.selenium.remote.RemoteWebDriver.<init>(RemoteWebDriver.java:131)\n\tat org.openqa.selenium.remote.RemoteWebDriver.<init>(RemoteWebDriver.java:144)\n\tat com.shaft.gui.browser.BrowserFactory.createNewRemoteDriverInstance(BrowserFactory.java:533)\n\t... 40 more\nCaused by: org.openqa.selenium.WebDriverException: unknown error: Chrome failed to start: exited abnormally.\n  (unknown error: DevToolsActivePort file doesn't exist)\n  (The process started from chrome location /usr/bin/google-chrome is no longer running, so ChromeDriver is assuming that Chrome has crashed.)\n  (Driver info: chromedriver=81.0.4044.138 (8c6c7ba89cc9453625af54f11fd83179e23450fa-refs/branch-heads/4044@{#999}),platform=Linux 5.4.0-1039-azure x86_64) (WARNING: The server did not provide any stacktrace information)\nCommand duration or timeout: 156 milliseconds\nBuild info: version: '3.141.59', revision: 'e82be7d358', time: '2018-11-14T08:25:53'\nSystem info: host: '7774a1e45896', ip: '172.18.0.6', os.name: 'Linux', os.arch: 'amd64', os.version: '5.4.0-1039-azure', java.version: '1.8.0_252'\nDriver info: driver.version: unknown\nBuild info: version: '3.141.59', revision: 'e82be7d358', time: '2018-11-14T08:17:03'\nSystem info: host: 'fv-az50-337', ip: '10.1.0.4', os.name: 'Linux', os.arch: 'amd64', os.version: '5.4.0-1039-azure', java.version: '15.0.2'\nDriver info: driver.version: unknown\n\tat sun.reflect.NativeConstructorAccessorImpl.newInstance0(Native Method)\n\tat sun.reflect.NativeConstructorAccessorImpl.newInstance(NativeConstructorAccessorImpl.java:62)\n\tat sun.reflect.DelegatingConstructorAccessorImpl.newInstance(DelegatingConstructorAccessorImpl.java:45)\n\tat java.lang.reflect.Constructor.newInstance(Constructor.java:423)\n\tat org.openqa.selenium.remote.ErrorHandler.createThrowable(ErrorHandler.java:214)\n\tat org.openqa.selenium.remote.ErrorHandler.throwIfResponseFailed(ErrorHandler.java:166)\n\tat org.openqa.selenium.remote.JsonWireProtocolResponse.lambda$errorHandler$0(JsonWireProtocolResponse.java:54)\n\tat org.openqa.selenium.remote.HandshakeResponse.lambda$getResponseFunction$0(HandshakeResponse.java:30)\n\tat org.openqa.selenium.remote.ProtocolHandshake.lambda$createSession$0(ProtocolHandshake.java:126)\n\tat java.util.stream.ReferencePipeline$3$1.accept(ReferencePipeline.java:193)\n\tat java.util.Spliterators$ArraySpliterator.tryAdvance(Spliterators.java:958)\n\tat java.util.stream.ReferencePipeline.forEachWithCancel(ReferencePipeline.java:126)\n\tat java.util.stream.AbstractPipeline.copyIntoWithCancel(AbstractPipeline.java:499)\n\tat java.util.stream.AbstractPipeline.copyInto(AbstractPipeline.java:486)\n\tat java.util.stream.AbstractPipeline.wrapAndCopyInto(AbstractPipeline.java:472)\n\tat java.util.stream.FindOps$FindOp.evaluateSequential(FindOps.java:152)\n\tat java.util.stream.AbstractPipeline.evaluate(AbstractPipeline.java:234)\n\tat java.util.stream.ReferencePipeline.findFirst(ReferencePipeline.java:531)\n\tat org.openqa.selenium.remote.ProtocolHandshake.createSession(ProtocolHandshake.java:128)\n\tat org.openqa.selenium.remote.ProtocolHandshake.createSession(ProtocolHandshake.java:74)\n\tat org.openqa.selenium.grid.session.remote.RemoteSession$Factory.performHandshake(RemoteSession.java:147)\n\tat org.openqa.selenium.grid.session.remote.ServicedSession$Factory.apply(ServicedSession.java:161)\n\tat org.openqa.selenium.remote.server.ActiveSessionFactory.lambda$apply$12(ActiveSessionFactory.java:180)\n\tat java.util.stream.ReferencePipeline$3$1.accept(ReferencePipeline.java:193)\n\tat java.util.stream.ReferencePipeline$11$1.accept(ReferencePipeline.java:440)\n\tat java.util.stream.ReferencePipeline$2$1.accept(ReferencePipeline.java:175)\n\tat java.util.Spliterators$ArraySpliterator.tryAdvance(Spliterators.java:958)\n\tat java.util.stream.ReferencePipeline.forEachWithCancel(ReferencePipeline.java:126)\n\tat java.util.stream.AbstractPipeline.copyIntoWithCancel(AbstractPipeline.java:499)\n\tat java.util.stream.AbstractPipeline.copyInto(AbstractPipeline.java:486)\n\tat java.util.stream.AbstractPipeline.wrapAndCopyInto(AbstractPipeline.java:472)\n\tat java.util.stream.FindOps$FindOp.evaluateSequential(FindOps.java:152)\n\tat java.util.stream.AbstractPipeline.evaluate(AbstractPipeline.java:234)\n\tat java.util.stream.ReferencePipeline.findFirst(ReferencePipeline.java:531)\n\tat org.openqa.selenium.remote.server.ActiveSessionFactory.apply(ActiveSessionFactory.java:183)\n\tat org.openqa.selenium.remote.server.NewSessionPipeline.lambda$null$2(NewSessionPipeline.java:66)\n\tat java.util.stream.ReferencePipeline$3$1.accept(ReferencePipeline.java:193)\n\tat java.util.stream.ReferencePipeline$2$1.accept(ReferencePipeline.java:175)\n\tat java.util.Collections$2.tryAdvance(Collections.java:4719)\n\tat java.util.stream.ReferencePipeline.forEachWithCancel(ReferencePipeline.java:126)\n\tat java.util.stream.AbstractPipeline.copyIntoWithCancel(AbstractPipeline.java:499)\n\tat java.util.stream.AbstractPipeline.copyInto(AbstractPipeline.java:486)\n\tat java.util.stream.AbstractPipeline.wrapAndCopyInto(AbstractPipeline.java:472)\n\tat java.util.stream.FindOps$FindOp.evaluateSequential(FindOps.java:152)\n\tat java.util.stream.AbstractPipeline.evaluate(AbstractPipeline.java:234)\n\tat java.util.stream.ReferencePipeline.findFirst(ReferencePipeline.java:531)\n\tat org.openqa.selenium.remote.server.NewSessionPipeline.lambda$createNewSession$3(NewSessionPipeline.java:69)\n\tat java.util.stream.ReferencePipeline$3$1.accept(ReferencePipeline.java:193)\n\tat java.util.stream.ReferencePipeline$3$1.accept(ReferencePipeline.java:193)\n\tat java.util.stream.ReferencePipeline$3$1.accept(ReferencePipeline.java:193)\n\tat java.util.stream.DistinctOps$1$2.accept(DistinctOps.java:175)\n\tat java.util.stream.ReferencePipeline$2$1.accept(ReferencePipeline.java:175)\n\tat java.util.stream.ReferencePipeline$3$1.accept(ReferencePipeline.java:193)\n\tat java.util.stream.ReferencePipeline$2$1.accept(ReferencePipeline.java:175)\n\tat java.util.stream.Streams$StreamBuilderImpl.tryAdvance(Streams.java:405)\n\tat java.util.stream.Streams$ConcatSpliterator.tryAdvance(Streams.java:728)\n\tat java.util.stream.ReferencePipeline.forEachWithCancel(ReferencePipeline.java:126)\n\tat java.util.stream.AbstractPipeline.copyIntoWithCancel(AbstractPipeline.java:499)\n\tat java.util.stream.AbstractPipeline.copyInto(AbstractPipeline.java:486)\n\tat java.util.stream.AbstractPipeline.wrapAndCopyInto(AbstractPipeline.java:472)\n\tat java.util.stream.FindOps$FindOp.evaluateSequential(FindOps.java:152)\n\tat java.util.stream.AbstractPipeline.evaluate(AbstractPipeline.java:234)\n\tat java.util.stream.ReferencePipeline.findFirst(ReferencePipeline.java:531)\n\tat org.openqa.selenium.remote.server.NewSessionPipeline.createNewSession(NewSessionPipeline.java:72)\n\tat org.openqa.selenium.remote.server.commandhandler.BeginSession.execute(BeginSession.java:65)\n\tat org.openqa.selenium.remote.server.WebDriverServlet.lambda$handle$0(WebDriverServlet.java:235)\n\tat java.util.concurrent.Executors$RunnableAdapter.call(Executors.java:511)\n\tat java.util.concurrent.FutureTask.run(FutureTask.java:266)\n\tat java.util.concurrent.ThreadPoolExecutor.runWorker(ThreadPoolExecutor.java:1149)\n\tat java.util.concurrent.ThreadPoolExecutor$Worker.run(ThreadPoolExecutor.java:624)\n\tat java.lang.Thread.run(Thread.java:748)\n",
  "flaky" : false,
  "newFailed" : false,
  "beforeStages" : [ ],
  "afterStages" : [ ],
  "labels" : [ {
    "name" : "package",
    "value" : "testPackage01.Test_dynamicLoading"
  }, {
    "name" : "testClass",
    "value" : "testPackage01.Test_dynamicLoading"
  }, {
    "name" : "testMethod",
    "value" : "beforeMethod"
  }, {
    "name" : "parentSuite",
    "value" : "SHAFT_Engine: Custom Suite"
  }, {
    "name" : "suite",
    "value" : "SHAFT_Engine: Custom Test"
  }, {
    "name" : "subSuite",
    "value" : "testPackage01.Test_dynamicLoading"
  }, {
    "name" : "host",
    "value" : "fv-az50-337"
  }, {
    "name" : "thread",
    "value" : "5088@fv-az50-337.main(1)"
  }, {
    "name" : "framework",
    "value" : "testng"
  }, {
    "name" : "language",
    "value" : "java"
  }, {
    "name" : "AS_ID",
    "value" : "-1"
  }, {
    "name" : "resultFormat",
    "value" : "allure2"
  } ],
  "parameters" : [ ],
  "links" : [ ],
  "hidden" : false,
  "retry" : false,
  "extra" : {
    "severity" : "normal",
    "retries" : [ ],
    "categories" : [ {
      "name" : "Product defects",
      "matchedStatuses" : [ ],
      "flaky" : false
    } ],
    "tags" : [ ]
  },
  "source" : "763e4a6f62431aea.json",
  "parameterValues" : [ ]
}