{
  "uid" : "14c508067945eb3d",
  "name" : "f22",
  "fullName" : "testPackage01.Test_NewValidationActions.f22",
  "historyId" : "800cd9c8b5d99dd6684a556a70c6b7f1",
  "time" : {
    "start" : 1605245998319,
    "stop" : 1605245998712,
    "duration" : 393
  },
  "status" : "passed",
  "flaky" : false,
  "newFailed" : false,
  "beforeStages" : [ {
    "name" : "openBrowser",
    "time" : {
      "start" : 1605245997462,
      "stop" : 1605245998284,
      "duration" : 822
    },
    "description" : "",
    "status" : "passed",
    "steps" : [ {
      "name" : "Action [69]: Attempting to run remotely on: [Linux-64], [GoogleChrome], [http://localhost:4444/wd/hub], Headless Execution.",
      "time" : {
        "start" : 1605245997462,
        "stop" : 1605245997463,
        "duration" : 1
      },
      "status" : "passed",
      "steps" : [ ],
      "attachments" : [ ],
      "parameters" : [ {
        "name" : "actionCounter",
        "value" : "69"
      }, {
        "name" : "logText",
        "value" : "Attempting to run remotely on: [Linux-64], [GoogleChrome], [http://localhost:4444/wd/hub], Headless Execution."
      } ],
      "stepsCount" : 0,
      "attachmentsCount" : 0,
      "shouldDisplayMessage" : false,
      "hasContent" : true
    }, {
      "name" : "Action [70]: Successfully Opened [GoogleChrome].",
      "time" : {
        "start" : 1605245997705,
        "stop" : 1605245997705,
        "duration" : 0
      },
      "status" : "passed",
      "steps" : [ ],
      "attachments" : [ ],
      "parameters" : [ {
        "name" : "actionCounter",
        "value" : "70"
      }, {
        "name" : "logText",
        "value" : "Successfully Opened [GoogleChrome]."
      } ],
      "stepsCount" : 0,
      "attachmentsCount" : 0,
      "shouldDisplayMessage" : false,
      "hasContent" : true
    }, {
      "name" : "Action [71]: Browser Action [navigateToURL] successfully performed. With the following test data [https://the-internet.herokuapp.com/].",
      "time" : {
        "start" : 1605245998284,
        "stop" : 1605245998284,
        "duration" : 0
      },
      "status" : "passed",
      "steps" : [ ],
      "attachments" : [ ],
      "parameters" : [ {
        "name" : "actionCounter",
        "value" : "71"
      }, {
        "name" : "logText",
        "value" : "Browser Action [navigateToURL] successfully performed. With the following test data [https://the-internet.herokuapp.com/]."
      }, {
        "name" : "attachments",
        "value" : "[null]"
      } ],
      "stepsCount" : 0,
      "attachmentsCount" : 0,
      "shouldDisplayMessage" : false,
      "hasContent" : true
    } ],
    "attachments" : [ {
      "uid" : "dc1c0a7c9e0fb91f",
      "name" : "Attachment: SHAFT Engine Logs - Current Method log: openBrowser",
      "source" : "dc1c0a7c9e0fb91f.txt",
      "type" : "text/plain",
      "size" : 744
    } ],
    "parameters" : [ ],
    "stepsCount" : 3,
    "attachmentsCount" : 1,
    "shouldDisplayMessage" : false,
    "hasContent" : true
  } ],
  "testStage" : {
    "status" : "passed",
    "steps" : [ {
      "name" : "Action [72]: AssertElementAttribute FAILED; Expected [Value Should be 'yyy' for the 'text' attribute, element locator 'By.tagName: h1'] and Actual [Welcome to the-internet]. Comparison Type [CONTAINS]. Validation Type [POSITIVE].",
      "time" : {
        "start" : 1605245998710,
        "stop" : 1605245998711,
        "duration" : 1
      },
      "status" : "passed",
      "steps" : [ ],
      "attachments" : [ {
        "uid" : "c1461fc27d18ad5c",
        "name" : "Attachment: Screenshot - 1605245998630_f22_AssertElementAttribute_failed",
        "source" : "c1461fc27d18ad5c.png",
        "type" : "image/png",
        "size" : 158296
      } ],
      "parameters" : [ {
        "name" : "actionCounter",
        "value" : "72"
      }, {
        "name" : "logText",
        "value" : "AssertElementAttribute FAILED; Expected [Value Should be 'yyy' for the 'text' attribute, element locator 'By.tagName: h1'] and Actual [Welcome to the-internet]. Comparison Type [CONTAINS]. Validation Type [POSITIVE]."
      }, {
        "name" : "attachments",
        "value" : "[[Screenshot, 1605245998630_f22_AssertElementAttribute_failed, java.io.ByteArrayInputStream@54eb2bf6]]"
      } ],
      "stepsCount" : 0,
      "attachmentsCount" : 1,
      "shouldDisplayMessage" : false,
      "hasContent" : true
    } ],
    "attachments" : [ {
      "uid" : "cf304b223534e9fb",
      "name" : "Attachment: SHAFT Engine Logs - Current Method log: f22",
      "source" : "cf304b223534e9fb.txt",
      "type" : "text/plain",
      "size" : 1034
    } ],
    "parameters" : [ ],
    "stepsCount" : 1,
    "attachmentsCount" : 2,
    "shouldDisplayMessage" : false,
    "hasContent" : true
  },
  "afterStages" : [ {
    "name" : "closeBrowser",
    "time" : {
      "start" : 1605245998714,
      "stop" : 1605245998909,
      "duration" : 195
    },
    "description" : "",
    "status" : "passed",
    "steps" : [ {
      "name" : "Action [73]: Successfully Closed All Browsers.",
      "time" : {
        "start" : 1605245998908,
        "stop" : 1605245998908,
        "duration" : 0
      },
      "status" : "passed",
      "steps" : [ ],
      "attachments" : [ ],
      "parameters" : [ {
        "name" : "actionCounter",
        "value" : "73"
      }, {
        "name" : "logText",
        "value" : "Successfully Closed All Browsers."
      } ],
      "stepsCount" : 0,
      "attachmentsCount" : 0,
      "shouldDisplayMessage" : false,
      "hasContent" : true
    } ],
    "attachments" : [ {
      "uid" : "6e02415225abe1e1",
      "name" : "Attachment: Selenium WebDriver Logs - server",
      "source" : "6e02415225abe1e1.txt",
      "type" : "text/plain",
      "size" : 1288
    }, {
      "uid" : "17592f2c85752e86",
      "name" : "Attachment: Selenium WebDriver Logs - performance",
      "source" : "17592f2c85752e86.txt",
      "type" : "text/plain",
      "size" : 60454
    }, {
      "uid" : "8c6ea6f871cc874a",
      "name" : "Attachment: Selenium WebDriver Logs - browser",
      "source" : "8c6ea6f871cc874a.txt",
      "type" : "text/plain",
      "size" : 1078
    }, {
      "uid" : "268faec19eaa72a5",
      "name" : "Attachment: Selenium WebDriver Logs - driver",
      "source" : "268faec19eaa72a5.txt",
      "type" : "text/plain",
      "size" : 198636
    }, {
      "uid" : "4c66bed76384cf61",
      "name" : "Attachment: SHAFT Engine Logs - Current Method log: closeBrowser",
      "source" : "4c66bed76384cf61.txt",
      "type" : "text/plain",
      "size" : 531
    } ],
    "parameters" : [ ],
    "stepsCount" : 1,
    "attachmentsCount" : 5,
    "shouldDisplayMessage" : false,
    "hasContent" : true
  }, {
    "name" : "closureActivities",
    "time" : {
      "start" : 1605246234646,
      "stop" : 1605246234666,
      "duration" : 20
    },
    "description" : "",
    "status" : "passed",
    "steps" : [ {
      "name" : "Action [504]: Successfully Closed All Browsers.",
      "time" : {
        "start" : 1605246234647,
        "stop" : 1605246234647,
        "duration" : 0
      },
      "status" : "passed",
      "steps" : [ ],
      "attachments" : [ ],
      "parameters" : [ {
        "name" : "actionCounter",
        "value" : "504"
      }, {
        "name" : "logText",
        "value" : "Successfully Closed All Browsers."
      } ],
      "stepsCount" : 0,
      "attachmentsCount" : 0,
      "shouldDisplayMessage" : false,
      "hasContent" : true
    }, {
      "name" : "Action [505]: Issue Summary: Total Issues = 2, New issues for Failed Tests = 0, Open issues for Passed Tests = 2, Open issues for Failed Tests = 0. Kindly check the attached Issue details.",
      "time" : {
        "start" : 1605246234653,
        "stop" : 1605246234653,
        "duration" : 0
      },
      "status" : "passed",
      "steps" : [ ],
      "attachments" : [ {
        "uid" : "cf31d6b4489dddc",
        "name" : "Attachment: SHAFT Engine Logs - Issues log CSV: 20201113-054354",
        "source" : "cf31d6b4489dddc.csv",
        "type" : "text/csv",
        "size" : 228
      } ],
      "parameters" : [ {
        "name" : "actionCounter",
        "value" : "505"
      }, {
        "name" : "logText",
        "value" : "Issue Summary: Total Issues = 2, New issues for Failed Tests = 0, Open issues for Passed Tests = 2, Open issues for Failed Tests = 0. Kindly check the attached Issue details."
      }, {
        "name" : "attachments",
        "value" : "[[SHAFT Engine Logs, Issues log CSV: 20201113-054354, java.io.ByteArrayInputStream@70e5ca81]]"
      } ],
      "stepsCount" : 0,
      "attachmentsCount" : 1,
      "shouldDisplayMessage" : false,
      "hasContent" : true
    } ],
    "attachments" : [ {
      "uid" : "7bfd6212f2d2bbb5",
      "name" : "Attachment: SHAFT Engine Logs - Execution log: 20201113-054354",
      "source" : "7bfd6212f2d2bbb5.txt",
      "type" : "text/plain",
      "size" : 358727
    } ],
    "parameters" : [ ],
    "stepsCount" : 2,
    "attachmentsCount" : 2,
    "shouldDisplayMessage" : false,
    "hasContent" : true
  } ],
  "labels" : [ {
    "name" : "package",
    "value" : "testPackage01.Test_NewValidationActions"
  }, {
    "name" : "testClass",
    "value" : "testPackage01.Test_NewValidationActions"
  }, {
    "name" : "testMethod",
    "value" : "f22"
  }, {
    "name" : "parentSuite",
    "value" : "SHAFT_Engine: Custom Suite"
  }, {
    "name" : "suite",
    "value" : "SHAFT_Engine: Custom Test"
  }, {
    "name" : "subSuite",
    "value" : "testPackage01.Test_NewValidationActions"
  }, {
    "name" : "host",
    "value" : "fv-az60-705"
  }, {
    "name" : "thread",
    "value" : "5038@fv-az60-705.main(1)"
  }, {
    "name" : "framework",
    "value" : "testng"
  }, {
    "name" : "language",
    "value" : "java"
  }, {
    "name" : "resultFormat",
    "value" : "allure2"
  } ],
  "parameters" : [ ],
  "links" : [ ],
  "hidden" : false,
  "retry" : false,
  "extra" : {
    "severity" : "normal",
    "retries" : [ ],
    "categories" : [ ],
    "tags" : [ ]
  },
  "source" : "14c508067945eb3d.json",
  "parameterValues" : [ ]
}