{
  "uid" : "a4d96d4245fc7a7b",
  "name" : "f21",
  "fullName" : "testPackage01.Test_NewValidationHelper.f21",
  "historyId" : "259a17265cbc92933de3cafb98400a6e",
  "time" : {
    "start" : 1616031629237,
    "stop" : 1616031654898,
    "duration" : 25661
  },
  "status" : "passed",
  "flaky" : false,
  "newFailed" : false,
  "beforeStages" : [ {
    "name" : "openBrowser",
    "time" : {
      "start" : 1616031628347,
      "stop" : 1616031629198,
      "duration" : 851
    },
    "description" : "",
    "status" : "passed",
    "steps" : [ {
      "name" : "Action [72]: Attempting to run remotely on: [Linux-64], [GoogleChrome], [http://localhost:4444/wd/hub], Headless Execution.",
      "time" : {
        "start" : 1616031628347,
        "stop" : 1616031628347,
        "duration" : 0
      },
      "status" : "passed",
      "steps" : [ ],
      "attachments" : [ ],
      "parameters" : [ {
        "name" : "actionCounter",
        "value" : "72"
      }, {
        "name" : "logText",
        "value" : "Attempting to run remotely on: [Linux-64], [GoogleChrome], [http://localhost:4444/wd/hub], Headless Execution."
      } ],
      "shouldDisplayMessage" : false,
      "hasContent" : true,
      "stepsCount" : 0,
      "attachmentsCount" : 0
    }, {
      "name" : "Action [73]: Successfully Opened [GoogleChrome].",
      "time" : {
        "start" : 1616031628621,
        "stop" : 1616031628626,
        "duration" : 5
      },
      "status" : "passed",
      "steps" : [ ],
      "attachments" : [ ],
      "parameters" : [ {
        "name" : "actionCounter",
        "value" : "73"
      }, {
        "name" : "logText",
        "value" : "Successfully Opened [GoogleChrome]."
      } ],
      "shouldDisplayMessage" : false,
      "hasContent" : true,
      "stepsCount" : 0,
      "attachmentsCount" : 0
    }, {
      "name" : "Action [74]: Browser Action [navigateToURL] successfully performed. With the following test data [https://the-internet.herokuapp.com/].",
      "time" : {
        "start" : 1616031629198,
        "stop" : 1616031629198,
        "duration" : 0
      },
      "status" : "passed",
      "steps" : [ ],
      "attachments" : [ ],
      "parameters" : [ {
        "name" : "actionCounter",
        "value" : "74"
      }, {
        "name" : "logText",
        "value" : "Browser Action [navigateToURL] successfully performed. With the following test data [https://the-internet.herokuapp.com/]."
      }, {
        "name" : "attachments",
        "value" : "[null]"
      } ],
      "shouldDisplayMessage" : false,
      "hasContent" : true,
      "stepsCount" : 0,
      "attachmentsCount" : 0
    } ],
    "attachments" : [ ],
    "parameters" : [ ],
    "shouldDisplayMessage" : false,
    "hasContent" : true,
    "stepsCount" : 3,
    "attachmentsCount" : 0
  } ],
  "testStage" : {
    "status" : "passed",
    "steps" : [ {
      "name" : "Action [75]: Element Action [identifyUniqueElement] failed. With the following test data [zero elements found matching this locator \"By.tagName: h3\".].",
      "time" : {
        "start" : 1616031654895,
        "stop" : 1616031654896,
        "duration" : 1
      },
      "status" : "passed",
      "steps" : [ ],
      "attachments" : [ {
        "uid" : "c477153f0d23c2b6",
        "name" : "Attachment: Screenshot - 1616031654821_f21_identifyUniqueElement_failed",
        "source" : "c477153f0d23c2b6.png",
        "type" : "image/png",
        "size" : 55570
      } ],
      "parameters" : [ {
        "name" : "actionCounter",
        "value" : "75"
      }, {
        "name" : "logText",
        "value" : "Element Action [identifyUniqueElement] failed. With the following test data [zero elements found matching this locator \"By.tagName: h3\".]."
      }, {
        "name" : "attachments",
        "value" : "[[Screenshot, 1616031654821_f21_identifyUniqueElement_failed, java.io.ByteArrayInputStream@47e89fed]]"
      } ],
      "shouldDisplayMessage" : false,
      "hasContent" : true,
      "stepsCount" : 0,
      "attachmentsCount" : 1
    }, {
      "name" : "Action [76]: AssertElementAttribute FAILED; Expected [Value Should be 'Welcome' for the 'text' attribute, element locator 'By.tagName: h3'] and Actual [Failed to read the desired element attribute]. Comparison Type [CONTAINS]. Validation Type [POSITIVE].",
      "time" : {
        "start" : 1616031654897,
        "stop" : 1616031654897,
        "duration" : 0
      },
      "status" : "passed",
      "steps" : [ ],
      "attachments" : [ ],
      "parameters" : [ {
        "name" : "actionCounter",
        "value" : "76"
      }, {
        "name" : "logText",
        "value" : "AssertElementAttribute FAILED; Expected [Value Should be 'Welcome' for the 'text' attribute, element locator 'By.tagName: h3'] and Actual [Failed to read the desired element attribute]. Comparison Type [CONTAINS]. Validation Type [POSITIVE]."
      } ],
      "shouldDisplayMessage" : false,
      "hasContent" : true,
      "stepsCount" : 0,
      "attachmentsCount" : 0
    } ],
    "attachments" : [ {
      "uid" : "632b475466c1459d",
      "name" : "Attachment: SHAFT Engine Logs - Current Method log: f21",
      "source" : "632b475466c1459d.txt",
      "type" : "text/plain",
      "size" : 11020
    } ],
    "parameters" : [ ],
    "shouldDisplayMessage" : false,
    "hasContent" : true,
    "stepsCount" : 2,
    "attachmentsCount" : 2
  },
  "afterStages" : [ {
    "name" : "closeBrowser",
    "time" : {
      "start" : 1616031654899,
      "stop" : 1616031655126,
      "duration" : 227
    },
    "description" : "",
    "status" : "passed",
    "steps" : [ {
      "name" : "Action [77]: Successfully Closed All Browsers.",
      "time" : {
        "start" : 1616031655125,
        "stop" : 1616031655126,
        "duration" : 1
      },
      "status" : "passed",
      "steps" : [ ],
      "attachments" : [ ],
      "parameters" : [ {
        "name" : "actionCounter",
        "value" : "77"
      }, {
        "name" : "logText",
        "value" : "Successfully Closed All Browsers."
      } ],
      "shouldDisplayMessage" : false,
      "hasContent" : true,
      "stepsCount" : 0,
      "attachmentsCount" : 0
    } ],
    "attachments" : [ {
      "uid" : "81f9fe3d1d62a6b2",
      "name" : "Attachment: Selenium WebDriver Logs - server",
      "source" : "81f9fe3d1d62a6b2.txt",
      "type" : "text/plain",
      "size" : 1288
    }, {
      "uid" : "d603791954d1b9d3",
      "name" : "Attachment: Selenium WebDriver Logs - performance",
      "source" : "d603791954d1b9d3.txt",
      "type" : "text/plain",
      "size" : 58861
    }, {
      "uid" : "35ab77690164b34d",
      "name" : "Attachment: Selenium WebDriver Logs - browser",
      "source" : "35ab77690164b34d.txt",
      "type" : "text/plain",
      "size" : 759
    }, {
      "uid" : "7aad8e20dc3cc435",
      "name" : "Attachment: Selenium WebDriver Logs - driver",
      "source" : "7aad8e20dc3cc435.txt",
      "type" : "text/plain",
      "size" : 231880
    } ],
    "parameters" : [ ],
    "shouldDisplayMessage" : false,
    "hasContent" : true,
    "stepsCount" : 1,
    "attachmentsCount" : 4
  }, {
    "name" : "closureActivities",
    "time" : {
      "start" : 1616031892872,
      "stop" : 1616031893738,
      "duration" : 866
    },
    "description" : "",
    "status" : "passed",
    "steps" : [ {
      "name" : "Action [522]: Successfully Closed All Browsers.",
      "time" : {
        "start" : 1616031892873,
        "stop" : 1616031892873,
        "duration" : 0
      },
      "status" : "passed",
      "steps" : [ ],
      "attachments" : [ ],
      "parameters" : [ {
        "name" : "actionCounter",
        "value" : "522"
      }, {
        "name" : "logText",
        "value" : "Successfully Closed All Browsers."
      } ],
      "shouldDisplayMessage" : false,
      "hasContent" : true,
      "stepsCount" : 0,
      "attachmentsCount" : 0
    }, {
      "name" : "Action [523]: Issue Summary: Total Issues = 2, New issues for Failed Tests = 0, Open issues for Passed Tests = 2, Open issues for Failed Tests = 0. Kindly check the attached Issue details.",
      "time" : {
        "start" : 1616031892902,
        "stop" : 1616031892902,
        "duration" : 0
      },
      "status" : "passed",
      "steps" : [ ],
      "attachments" : [ {
        "uid" : "cc785a21f59f42e5",
        "name" : "Attachment: SHAFT Engine Logs - Issues log CSV: 20210318-014452",
        "source" : "cc785a21f59f42e5.csv",
        "type" : "text/csv",
        "size" : 228
      } ],
      "parameters" : [ {
        "name" : "actionCounter",
        "value" : "523"
      }, {
        "name" : "logText",
        "value" : "Issue Summary: Total Issues = 2, New issues for Failed Tests = 0, Open issues for Passed Tests = 2, Open issues for Failed Tests = 0. Kindly check the attached Issue details."
      }, {
        "name" : "attachments",
        "value" : "[[SHAFT Engine Logs, Issues log CSV: 20210318-014452, java.io.ByteArrayInputStream@6233db4a]]"
      } ],
      "shouldDisplayMessage" : false,
      "hasContent" : true,
      "stepsCount" : 0,
      "attachmentsCount" : 1
    } ],
    "attachments" : [ {
      "uid" : "3df830a3ee31d263",
      "name" : "Attachment: SHAFT Engine Logs - Execution log: 20210318-014452",
      "source" : "3df830a3ee31d263.txt",
      "type" : "text/plain",
      "size" : 365640
    }, {
      "uid" : "1ab5acc6789bcde6",
      "name" : "Attachment: HTML - Extent Emailable Execution Report",
      "source" : "1ab5acc6789bcde6.html",
      "type" : "text/html",
      "size" : 8712476
    } ],
    "parameters" : [ ],
    "shouldDisplayMessage" : false,
    "hasContent" : true,
    "stepsCount" : 2,
    "attachmentsCount" : 3
  } ],
  "labels" : [ {
    "name" : "package",
    "value" : "testPackage01.Test_NewValidationHelper"
  }, {
    "name" : "testClass",
    "value" : "testPackage01.Test_NewValidationHelper"
  }, {
    "name" : "testMethod",
    "value" : "f21"
  }, {
    "name" : "parentSuite",
    "value" : "SHAFT_Engine: Custom Suite"
  }, {
    "name" : "suite",
    "value" : "SHAFT_Engine: Custom Test"
  }, {
    "name" : "subSuite",
    "value" : "testPackage01.Test_NewValidationHelper"
  }, {
    "name" : "host",
    "value" : "fv-az186-603"
  }, {
    "name" : "thread",
    "value" : "3976@fv-az186-603.main(1)"
  }, {
    "name" : "framework",
    "value" : "testng"
  }, {
    "name" : "language",
    "value" : "java"
  }, {
    "name" : "resultFormat",
    "value" : "allure2"
  } ],
  "parameters" : [ ],
  "links" : [ ],
  "hidden" : false,
  "retry" : false,
  "extra" : {
    "severity" : "normal",
    "retries" : [ ],
    "categories" : [ ],
    "tags" : [ ]
  },
  "source" : "a4d96d4245fc7a7b.json",
  "parameterValues" : [ ]
}