{
  "uid" : "2e540d6e674e04f1",
  "name" : "f12",
  "fullName" : "testPackage01.Test_NewValidationHelper.f12",
  "historyId" : "8a583f3461f88d7c293779bde04a0e1d",
  "time" : {
    "start" : 1615452211288,
    "stop" : 1615452211712,
    "duration" : 424
  },
  "status" : "passed",
  "flaky" : false,
  "newFailed" : false,
  "beforeStages" : [ {
    "name" : "openBrowser",
    "time" : {
      "start" : 1615452209930,
      "stop" : 1615452211218,
      "duration" : 1288
    },
    "description" : "",
    "status" : "passed",
    "steps" : [ {
      "name" : "Action [23]: Attempting to run remotely on: [Linux-64], [GoogleChrome], [http://localhost:4444/wd/hub], Headless Execution.",
      "time" : {
        "start" : 1615452209930,
        "stop" : 1615452209931,
        "duration" : 1
      },
      "status" : "passed",
      "steps" : [ ],
      "attachments" : [ ],
      "parameters" : [ {
        "name" : "actionCounter",
        "value" : "23"
      }, {
        "name" : "logText",
        "value" : "Attempting to run remotely on: [Linux-64], [GoogleChrome], [http://localhost:4444/wd/hub], Headless Execution."
      } ],
      "stepsCount" : 0,
      "attachmentsCount" : 0,
      "shouldDisplayMessage" : false,
      "hasContent" : true
    }, {
      "name" : "Action [24]: Successfully Opened [GoogleChrome].",
      "time" : {
        "start" : 1615452210626,
        "stop" : 1615452210626,
        "duration" : 0
      },
      "status" : "passed",
      "steps" : [ ],
      "attachments" : [ ],
      "parameters" : [ {
        "name" : "actionCounter",
        "value" : "24"
      }, {
        "name" : "logText",
        "value" : "Successfully Opened [GoogleChrome]."
      } ],
      "stepsCount" : 0,
      "attachmentsCount" : 0,
      "shouldDisplayMessage" : false,
      "hasContent" : true
    }, {
      "name" : "Action [25]: Browser Action [navigateToURL] successfully performed. With the following test data [https://the-internet.herokuapp.com/].",
      "time" : {
        "start" : 1615452211217,
        "stop" : 1615452211217,
        "duration" : 0
      },
      "status" : "passed",
      "steps" : [ ],
      "attachments" : [ ],
      "parameters" : [ {
        "name" : "actionCounter",
        "value" : "25"
      }, {
        "name" : "logText",
        "value" : "Browser Action [navigateToURL] successfully performed. With the following test data [https://the-internet.herokuapp.com/]."
      }, {
        "name" : "attachments",
        "value" : "[null]"
      } ],
      "stepsCount" : 0,
      "attachmentsCount" : 0,
      "shouldDisplayMessage" : false,
      "hasContent" : true
    } ],
    "attachments" : [ {
      "uid" : "c35262d353fd98f4",
      "name" : "Attachment: SHAFT Engine Logs - Current Method log: openBrowser",
      "source" : "c35262d353fd98f4.txt",
      "type" : "text/plain",
      "size" : 744
    } ],
    "parameters" : [ ],
    "stepsCount" : 3,
    "attachmentsCount" : 1,
    "shouldDisplayMessage" : false,
    "hasContent" : true
  } ],
  "testStage" : {
    "status" : "passed",
    "steps" : [ {
      "name" : "Action [26]: AssertElementExists FAILED; Expected [Element Should not Exist, locator 'By.tagName: h1'] and Actual [Element Exists]. Comparison Type [EQUALS]. Validation Type [NEGATIVE].",
      "time" : {
        "start" : 1615452211708,
        "stop" : 1615452211711,
        "duration" : 3
      },
      "status" : "passed",
      "steps" : [ ],
      "attachments" : [ {
        "uid" : "ae369817815f0b6b",
        "name" : "Attachment: Screenshot - 1615452211596_f12_AssertElementExists_failed",
        "source" : "ae369817815f0b6b.png",
        "type" : "image/png",
        "size" : 158296
      } ],
      "parameters" : [ {
        "name" : "actionCounter",
        "value" : "26"
      }, {
        "name" : "logText",
        "value" : "AssertElementExists FAILED; Expected [Element Should not Exist, locator 'By.tagName: h1'] and Actual [Element Exists]. Comparison Type [EQUALS]. Validation Type [NEGATIVE]."
      }, {
        "name" : "attachments",
        "value" : "[[Screenshot, 1615452211596_f12_AssertElementExists_failed, java.io.ByteArrayInputStream@2ec23ec3]]"
      } ],
      "stepsCount" : 0,
      "attachmentsCount" : 1,
      "shouldDisplayMessage" : false,
      "hasContent" : true
    } ],
    "attachments" : [ {
      "uid" : "fb6c573c76655175",
      "name" : "Attachment: SHAFT Engine Logs - Current Method log: f12",
      "source" : "fb6c573c76655175.txt",
      "type" : "text/plain",
      "size" : 836
    } ],
    "parameters" : [ ],
    "stepsCount" : 1,
    "attachmentsCount" : 2,
    "shouldDisplayMessage" : false,
    "hasContent" : true
  },
  "afterStages" : [ {
    "name" : "closeBrowser",
    "time" : {
      "start" : 1615452211713,
      "stop" : 1615452211914,
      "duration" : 201
    },
    "description" : "",
    "status" : "passed",
    "steps" : [ {
      "name" : "Action [27]: Successfully Closed All Browsers.",
      "time" : {
        "start" : 1615452211913,
        "stop" : 1615452211914,
        "duration" : 1
      },
      "status" : "passed",
      "steps" : [ ],
      "attachments" : [ ],
      "parameters" : [ {
        "name" : "actionCounter",
        "value" : "27"
      }, {
        "name" : "logText",
        "value" : "Successfully Closed All Browsers."
      } ],
      "stepsCount" : 0,
      "attachmentsCount" : 0,
      "shouldDisplayMessage" : false,
      "hasContent" : true
    } ],
    "attachments" : [ {
      "uid" : "18c472da6c8c7740",
      "name" : "Attachment: Selenium WebDriver Logs - server",
      "source" : "18c472da6c8c7740.txt",
      "type" : "text/plain",
      "size" : 1288
    }, {
      "uid" : "7fc20d0e9563029f",
      "name" : "Attachment: Selenium WebDriver Logs - performance",
      "source" : "7fc20d0e9563029f.txt",
      "type" : "text/plain",
      "size" : 56620
    }, {
      "uid" : "7e4a3e674af85395",
      "name" : "Attachment: Selenium WebDriver Logs - browser",
      "source" : "7e4a3e674af85395.txt",
      "type" : "text/plain",
      "size" : 757
    }, {
      "uid" : "911019b9bf5fbbd2",
      "name" : "Attachment: Selenium WebDriver Logs - driver",
      "source" : "911019b9bf5fbbd2.txt",
      "type" : "text/plain",
      "size" : 183695
    }, {
      "uid" : "ed8dbeb51fece9b6",
      "name" : "Attachment: SHAFT Engine Logs - Current Method log: closeBrowser",
      "source" : "ed8dbeb51fece9b6.txt",
      "type" : "text/plain",
      "size" : 531
    } ],
    "parameters" : [ ],
    "stepsCount" : 1,
    "attachmentsCount" : 5,
    "shouldDisplayMessage" : false,
    "hasContent" : true
  }, {
    "name" : "closureActivities",
    "time" : {
      "start" : 1615452514520,
      "stop" : 1615452515091,
      "duration" : 571
    },
    "description" : "",
    "status" : "passed",
    "steps" : [ {
      "name" : "Action [522]: Successfully Closed All Browsers.",
      "time" : {
        "start" : 1615452514521,
        "stop" : 1615452514521,
        "duration" : 0
      },
      "status" : "passed",
      "steps" : [ ],
      "attachments" : [ ],
      "parameters" : [ {
        "name" : "actionCounter",
        "value" : "522"
      }, {
        "name" : "logText",
        "value" : "Successfully Closed All Browsers."
      } ],
      "stepsCount" : 0,
      "attachmentsCount" : 0,
      "shouldDisplayMessage" : false,
      "hasContent" : true
    }, {
      "name" : "Action [523]: Issue Summary: Total Issues = 2, New issues for Failed Tests = 0, Open issues for Passed Tests = 2, Open issues for Failed Tests = 0. Kindly check the attached Issue details.",
      "time" : {
        "start" : 1615452514528,
        "stop" : 1615452514528,
        "duration" : 0
      },
      "status" : "passed",
      "steps" : [ ],
      "attachments" : [ {
        "uid" : "9cb0cddb2518a6a",
        "name" : "Attachment: SHAFT Engine Logs - Issues log CSV: 20210311-084834",
        "source" : "9cb0cddb2518a6a.csv",
        "type" : "text/csv",
        "size" : 228
      } ],
      "parameters" : [ {
        "name" : "actionCounter",
        "value" : "523"
      }, {
        "name" : "logText",
        "value" : "Issue Summary: Total Issues = 2, New issues for Failed Tests = 0, Open issues for Passed Tests = 2, Open issues for Failed Tests = 0. Kindly check the attached Issue details."
      }, {
        "name" : "attachments",
        "value" : "[[SHAFT Engine Logs, Issues log CSV: 20210311-084834, java.io.ByteArrayInputStream@73f4a94]]"
      } ],
      "stepsCount" : 0,
      "attachmentsCount" : 1,
      "shouldDisplayMessage" : false,
      "hasContent" : true
    } ],
    "attachments" : [ {
      "uid" : "98fe9f86bdfc6940",
      "name" : "Attachment: SHAFT Engine Logs - Execution log: 20210311-084834",
      "source" : "98fe9f86bdfc6940.txt",
      "type" : "text/plain",
      "size" : 385703
    }, {
      "uid" : "415151963ab3fa32",
      "name" : "Attachment: HTML - Extent Emailable Execution Report",
      "source" : "415151963ab3fa32.html",
      "type" : "text/html",
      "size" : 7154759
    } ],
    "parameters" : [ ],
    "stepsCount" : 2,
    "attachmentsCount" : 3,
    "shouldDisplayMessage" : false,
    "hasContent" : true
  } ],
  "labels" : [ {
    "name" : "package",
    "value" : "testPackage01.Test_NewValidationHelper"
  }, {
    "name" : "testClass",
    "value" : "testPackage01.Test_NewValidationHelper"
  }, {
    "name" : "testMethod",
    "value" : "f12"
  }, {
    "name" : "parentSuite",
    "value" : "SHAFT_Engine: Custom Suite"
  }, {
    "name" : "suite",
    "value" : "SHAFT_Engine: Custom Test"
  }, {
    "name" : "subSuite",
    "value" : "testPackage01.Test_NewValidationHelper"
  }, {
    "name" : "host",
    "value" : "fv-az198-305"
  }, {
    "name" : "thread",
    "value" : "4098@fv-az198-305.main(1)"
  }, {
    "name" : "framework",
    "value" : "testng"
  }, {
    "name" : "language",
    "value" : "java"
  }, {
    "name" : "resultFormat",
    "value" : "allure2"
  } ],
  "parameters" : [ ],
  "links" : [ ],
  "hidden" : false,
  "retry" : false,
  "extra" : {
    "severity" : "normal",
    "retries" : [ ],
    "categories" : [ ],
    "tags" : [ ]
  },
  "source" : "2e540d6e674e04f1.json",
  "parameterValues" : [ ]
}