{
  "uid" : "d961a73144aabf3c",
  "name" : "elementExistsTest",
  "fullName" : "testPackage01.Test_ValidationsBuilder.elementExistsTest",
  "historyId" : "1ee030e8ca9b128cd77797df9829bd04",
  "time" : {
    "start" : 1623502342288,
    "stop" : 1623502344267,
    "duration" : 1979
  },
  "status" : "failed",
  "statusMessage" : "Verification [ValidateElementExists] FAILED. Expected [Element Should not Exist, locator 'By.xpath: //img[@alt='Google']'] and Actual [Element Exists]. Comparison Type [EQUALS]. Validation Type [NEGATIVE].",
  "statusTrace" : "java.lang.AssertionError: Verification [ValidateElementExists] FAILED. Expected [Element Should not Exist, locator 'By.xpath: //img[@alt='Google']'] and Actual [Element Exists]. Comparison Type [EQUALS]. Validation Type [NEGATIVE].\n\tat com.shaft.validation.ValidationHelper.reportValidationState(ValidationHelper.java:822)\n\tat com.shaft.validation.ValidationHelper.fail(ValidationHelper.java:558)\n\tat com.shaft.validation.ValidationHelper.validateElementExists(ValidationHelper.java:164)\n\tat com.shaft.validation.ValidationsAttributesBuilder.perform(ValidationsAttributesBuilder.java:122)\n\tat testPackage01.Test_ValidationsBuilder.elementExistsTest(Test_ValidationsBuilder.java:48)\n\tat java.base/jdk.internal.reflect.NativeMethodAccessorImpl.invoke0(Native Method)\n\tat java.base/jdk.internal.reflect.NativeMethodAccessorImpl.invoke(NativeMethodAccessorImpl.java:64)\n\tat java.base/jdk.internal.reflect.DelegatingMethodAccessorImpl.invoke(DelegatingMethodAccessorImpl.java:43)\n\tat java.base/java.lang.reflect.Method.invoke(Method.java:564)\n\tat org.testng.internal.MethodInvocationHelper.invokeMethod(MethodInvocationHelper.java:133)\n\tat org.testng.internal.TestInvoker.invokeMethod(TestInvoker.java:598)\n\tat org.testng.internal.TestInvoker.invokeTestMethod(TestInvoker.java:173)\n\tat org.testng.internal.MethodRunner.runInSequence(MethodRunner.java:46)\n\tat org.testng.internal.TestInvoker$MethodInvocationAgent.invoke(TestInvoker.java:824)\n\tat org.testng.internal.TestInvoker.invokeTestMethods(TestInvoker.java:146)\n\tat org.testng.internal.TestMethodWorker.invokeTestMethods(TestMethodWorker.java:146)\n\tat org.testng.internal.TestMethodWorker.run(TestMethodWorker.java:128)\n\tat java.base/java.util.ArrayList.forEach(ArrayList.java:1511)\n\tat org.testng.TestRunner.privateRun(TestRunner.java:794)\n\tat org.testng.TestRunner.run(TestRunner.java:596)\n\tat org.testng.SuiteRunner.runTest(SuiteRunner.java:377)\n\tat org.testng.SuiteRunner.runSequentially(SuiteRunner.java:371)\n\tat org.testng.SuiteRunner.privateRun(SuiteRunner.java:332)\n\tat org.testng.SuiteRunner.run(SuiteRunner.java:276)\n\tat org.testng.SuiteRunnerWorker.runSuite(SuiteRunnerWorker.java:53)\n\tat org.testng.SuiteRunnerWorker.run(SuiteRunnerWorker.java:96)\n\tat org.testng.TestNG.runSuitesSequentially(TestNG.java:1212)\n\tat org.testng.TestNG.runSuitesLocally(TestNG.java:1134)\n\tat org.testng.TestNG.runSuites(TestNG.java:1063)\n\tat org.testng.TestNG.run(TestNG.java:1031)\n\tat org.apache.maven.surefire.testng.TestNGExecutor.run(TestNGExecutor.java:136)\n\tat org.apache.maven.surefire.testng.TestNGDirectoryTestSuite.executeMulti(TestNGDirectoryTestSuite.java:193)\n\tat org.apache.maven.surefire.testng.TestNGDirectoryTestSuite.execute(TestNGDirectoryTestSuite.java:94)\n\tat org.apache.maven.surefire.testng.TestNGProvider.invoke(TestNGProvider.java:145)\n\tat org.apache.maven.surefire.booter.ForkedBooter.runSuitesInProcess(ForkedBooter.java:428)\n\tat org.apache.maven.surefire.booter.ForkedBooter.execute(ForkedBooter.java:162)\n\tat org.apache.maven.surefire.booter.ForkedBooter.run(ForkedBooter.java:562)\n\tat org.apache.maven.surefire.booter.ForkedBooter.main(ForkedBooter.java:548)\n",
  "flaky" : false,
  "newFailed" : false,
  "beforeStages" : [ ],
  "testStage" : {
    "status" : "failed",
    "statusMessage" : "Verification [ValidateElementExists] FAILED. Expected [Element Should not Exist, locator 'By.xpath: //img[@alt='Google']'] and Actual [Element Exists]. Comparison Type [EQUALS]. Validation Type [NEGATIVE].",
    "statusTrace" : "java.lang.AssertionError: Verification [ValidateElementExists] FAILED. Expected [Element Should not Exist, locator 'By.xpath: //img[@alt='Google']'] and Actual [Element Exists]. Comparison Type [EQUALS]. Validation Type [NEGATIVE].\n\tat com.shaft.validation.ValidationHelper.reportValidationState(ValidationHelper.java:822)\n\tat com.shaft.validation.ValidationHelper.fail(ValidationHelper.java:558)\n\tat com.shaft.validation.ValidationHelper.validateElementExists(ValidationHelper.java:164)\n\tat com.shaft.validation.ValidationsAttributesBuilder.perform(ValidationsAttributesBuilder.java:122)\n\tat testPackage01.Test_ValidationsBuilder.elementExistsTest(Test_ValidationsBuilder.java:48)\n\tat java.base/jdk.internal.reflect.NativeMethodAccessorImpl.invoke0(Native Method)\n\tat java.base/jdk.internal.reflect.NativeMethodAccessorImpl.invoke(NativeMethodAccessorImpl.java:64)\n\tat java.base/jdk.internal.reflect.DelegatingMethodAccessorImpl.invoke(DelegatingMethodAccessorImpl.java:43)\n\tat java.base/java.lang.reflect.Method.invoke(Method.java:564)\n\tat org.testng.internal.MethodInvocationHelper.invokeMethod(MethodInvocationHelper.java:133)\n\tat org.testng.internal.TestInvoker.invokeMethod(TestInvoker.java:598)\n\tat org.testng.internal.TestInvoker.invokeTestMethod(TestInvoker.java:173)\n\tat org.testng.internal.MethodRunner.runInSequence(MethodRunner.java:46)\n\tat org.testng.internal.TestInvoker$MethodInvocationAgent.invoke(TestInvoker.java:824)\n\tat org.testng.internal.TestInvoker.invokeTestMethods(TestInvoker.java:146)\n\tat org.testng.internal.TestMethodWorker.invokeTestMethods(TestMethodWorker.java:146)\n\tat org.testng.internal.TestMethodWorker.run(TestMethodWorker.java:128)\n\tat java.base/java.util.ArrayList.forEach(ArrayList.java:1511)\n\tat org.testng.TestRunner.privateRun(TestRunner.java:794)\n\tat org.testng.TestRunner.run(TestRunner.java:596)\n\tat org.testng.SuiteRunner.runTest(SuiteRunner.java:377)\n\tat org.testng.SuiteRunner.runSequentially(SuiteRunner.java:371)\n\tat org.testng.SuiteRunner.privateRun(SuiteRunner.java:332)\n\tat org.testng.SuiteRunner.run(SuiteRunner.java:276)\n\tat org.testng.SuiteRunnerWorker.runSuite(SuiteRunnerWorker.java:53)\n\tat org.testng.SuiteRunnerWorker.run(SuiteRunnerWorker.java:96)\n\tat org.testng.TestNG.runSuitesSequentially(TestNG.java:1212)\n\tat org.testng.TestNG.runSuitesLocally(TestNG.java:1134)\n\tat org.testng.TestNG.runSuites(TestNG.java:1063)\n\tat org.testng.TestNG.run(TestNG.java:1031)\n\tat org.apache.maven.surefire.testng.TestNGExecutor.run(TestNGExecutor.java:136)\n\tat org.apache.maven.surefire.testng.TestNGDirectoryTestSuite.executeMulti(TestNGDirectoryTestSuite.java:193)\n\tat org.apache.maven.surefire.testng.TestNGDirectoryTestSuite.execute(TestNGDirectoryTestSuite.java:94)\n\tat org.apache.maven.surefire.testng.TestNGProvider.invoke(TestNGProvider.java:145)\n\tat org.apache.maven.surefire.booter.ForkedBooter.runSuitesInProcess(ForkedBooter.java:428)\n\tat org.apache.maven.surefire.booter.ForkedBooter.execute(ForkedBooter.java:162)\n\tat org.apache.maven.surefire.booter.ForkedBooter.run(ForkedBooter.java:562)\n\tat org.apache.maven.surefire.booter.ForkedBooter.main(ForkedBooter.java:548)\n",
    "steps" : [ {
      "name" : "Attempting to run remotely on: [Linux-64], [GoogleChrome], [http://localhost:4444/wd/hub], Headless Execution.",
      "time" : {
        "start" : 1623502342289,
        "stop" : 1623502342289,
        "duration" : 0
      },
      "status" : "passed",
      "steps" : [ ],
      "attachments" : [ ],
      "parameters" : [ {
        "name" : "actionCounter",
        "value" : "250"
      }, {
        "name" : "logText",
        "value" : "Attempting to run remotely on: [Linux-64], [GoogleChrome], [http://localhost:4444/wd/hub], Headless Execution."
      } ],
      "stepsCount" : 0,
      "attachmentsCount" : 0,
      "shouldDisplayMessage" : false,
      "hasContent" : true
    }, {
      "name" : "Successfully Opened [GoogleChrome].",
      "time" : {
        "start" : 1623502342522,
        "stop" : 1623502342522,
        "duration" : 0
      },
      "status" : "passed",
      "steps" : [ ],
      "attachments" : [ ],
      "parameters" : [ {
        "name" : "actionCounter",
        "value" : "251"
      }, {
        "name" : "logText",
        "value" : "Successfully Opened [GoogleChrome]."
      } ],
      "stepsCount" : 0,
      "attachmentsCount" : 0,
      "shouldDisplayMessage" : false,
      "hasContent" : true
    }, {
      "name" : "Browser Action [navigateToURL] successfully performed. With the following test data [https://www.google.com/ncr].",
      "time" : {
        "start" : 1623502343475,
        "stop" : 1623502343475,
        "duration" : 0
      },
      "status" : "passed",
      "steps" : [ ],
      "attachments" : [ ],
      "parameters" : [ {
        "name" : "actionCounter",
        "value" : "252"
      }, {
        "name" : "logText",
        "value" : "Browser Action [navigateToURL] successfully performed. With the following test data [https://www.google.com/ncr]."
      }, {
        "name" : "attachments",
        "value" : "[null]"
      } ],
      "stepsCount" : 0,
      "attachmentsCount" : 0,
      "shouldDisplayMessage" : false,
      "hasContent" : true
    }, {
      "name" : "Assertion Passed: Checking valid user data",
      "time" : {
        "start" : 1623502343787,
        "stop" : 1623502343788,
        "duration" : 1
      },
      "status" : "passed",
      "steps" : [ ],
      "attachments" : [ {
        "uid" : "9db962692b1ad362",
        "name" : "Attachment: Screenshot - 1623502343706_elementExistsTest_ValidateElementExists_passed",
        "source" : "9db962692b1ad362.png",
        "type" : "image/png",
        "size" : 92241
      } ],
      "parameters" : [ {
        "name" : "actionCounter",
        "value" : "253"
      }, {
        "name" : "customLog",
        "value" : "Assertion Passed: Checking valid user data"
      }, {
        "name" : "stepLog",
        "value" : "Assertion [ValidateElementExists] PASSED. Expected [Element Should Exist, locator 'By.xpath: //img[@alt='Google']'] and Actual [Element Exists]. Comparison Type [EQUALS]. Validation Type [POSITIVE]."
      }, {
        "name" : "attachments",
        "value" : "[[Screenshot, 1623502343706_elementExistsTest_ValidateElementExists_passed, java.io.ByteArrayInputStream@3e28dace]]"
      } ],
      "stepsCount" : 0,
      "attachmentsCount" : 1,
      "shouldDisplayMessage" : false,
      "hasContent" : true
    }, {
      "name" : "Verification Failed: Checking valid user data",
      "time" : {
        "start" : 1623502344061,
        "stop" : 1623502344063,
        "duration" : 2
      },
      "status" : "passed",
      "steps" : [ ],
      "attachments" : [ {
        "uid" : "ef54400d35914feb",
        "name" : "Attachment: Screenshot - 1623502343979_elementExistsTest_ValidateElementExists_failed",
        "source" : "ef54400d35914feb.png",
        "type" : "image/png",
        "size" : 91448
      } ],
      "parameters" : [ {
        "name" : "actionCounter",
        "value" : "254"
      }, {
        "name" : "customLog",
        "value" : "Verification Failed: Checking valid user data"
      }, {
        "name" : "stepLog",
        "value" : "Verification [ValidateElementExists] FAILED. Expected [Element Should not Exist, locator 'By.xpath: //img[@alt='Google']'] and Actual [Element Exists]. Comparison Type [EQUALS]. Validation Type [NEGATIVE]."
      }, {
        "name" : "attachments",
        "value" : "[[Screenshot, 1623502343979_elementExistsTest_ValidateElementExists_failed, java.io.ByteArrayInputStream@5ab85072]]"
      } ],
      "stepsCount" : 0,
      "attachmentsCount" : 1,
      "shouldDisplayMessage" : false,
      "hasContent" : true
    }, {
      "name" : "Successfully Closed All Drivers.",
      "time" : {
        "start" : 1623502344262,
        "stop" : 1623502344262,
        "duration" : 0
      },
      "status" : "passed",
      "steps" : [ ],
      "attachments" : [ ],
      "parameters" : [ {
        "name" : "actionCounter",
        "value" : "255"
      }, {
        "name" : "logText",
        "value" : "Successfully Closed All Drivers."
      } ],
      "stepsCount" : 0,
      "attachmentsCount" : 0,
      "shouldDisplayMessage" : false,
      "hasContent" : true
    } ],
    "attachments" : [ {
      "uid" : "a3cc45895d431016",
      "name" : "Attachment: Selenium WebDriver Logs - server",
      "source" : "a3cc45895d431016.txt",
      "type" : "text/plain",
      "size" : 1288
    }, {
      "uid" : "ffbaeac9199eaf86",
      "name" : "Attachment: Selenium WebDriver Logs - performance",
      "source" : "ffbaeac9199eaf86.txt",
      "type" : "text/plain",
      "size" : 132320
    }, {
      "uid" : "38483a6f0b31d090",
      "name" : "Attachment: Selenium WebDriver Logs - driver",
      "source" : "38483a6f0b31d090.txt",
      "type" : "text/plain",
      "size" : 272398
    }, {
      "uid" : "6c4e6f4438ce741",
      "name" : "Attachment: SHAFT Engine Logs - Current Method log: elementExistsTest",
      "source" : "6c4e6f4438ce741.txt",
      "type" : "text/plain",
      "size" : 2737
    } ],
    "parameters" : [ ],
    "stepsCount" : 6,
    "attachmentsCount" : 6,
    "shouldDisplayMessage" : true,
    "hasContent" : true
  },
  "afterStages" : [ {
    "name" : "closureActivities",
    "time" : {
      "start" : 1623502498384,
      "stop" : 1623502498965,
      "duration" : 581
    },
    "description" : "",
    "status" : "passed",
    "steps" : [ {
      "name" : "Successfully Closed All Drivers.",
      "time" : {
        "start" : 1623502498384,
        "stop" : 1623502498384,
        "duration" : 0
      },
      "status" : "passed",
      "steps" : [ ],
      "attachments" : [ ],
      "parameters" : [ {
        "name" : "actionCounter",
        "value" : "537"
      }, {
        "name" : "logText",
        "value" : "Successfully Closed All Drivers."
      } ],
      "stepsCount" : 0,
      "attachmentsCount" : 0,
      "shouldDisplayMessage" : false,
      "hasContent" : true
    }, {
      "name" : "Issue Summary: Total Issues = 3, New issues for Failed Tests = 1, Open issues for Passed Tests = 2, Open issues for Failed Tests = 0. Kindly check the attached Issue details.",
      "time" : {
        "start" : 1623502498393,
        "stop" : 1623502498394,
        "duration" : 1
      },
      "status" : "passed",
      "steps" : [ ],
      "attachments" : [ {
        "uid" : "419e63dd984ee0c2",
        "name" : "Attachment: SHAFT Engine Logs - Issues log CSV: 20210612-125458",
        "source" : "419e63dd984ee0c2.csv",
        "type" : "text/csv",
        "size" : 360
      } ],
      "parameters" : [ {
        "name" : "actionCounter",
        "value" : "538"
      }, {
        "name" : "logText",
        "value" : "Issue Summary: Total Issues = 3, New issues for Failed Tests = 1, Open issues for Passed Tests = 2, Open issues for Failed Tests = 0. Kindly check the attached Issue details."
      }, {
        "name" : "attachments",
        "value" : "[[SHAFT Engine Logs, Issues log CSV: 20210612-125458, java.io.ByteArrayInputStream@47505eae]]"
      } ],
      "stepsCount" : 0,
      "attachmentsCount" : 1,
      "shouldDisplayMessage" : false,
      "hasContent" : true
    } ],
    "attachments" : [ {
      "uid" : "ae801eed509c2fe",
      "name" : "Attachment: SHAFT Engine Logs - Execution log: 20210612-125458",
      "source" : "ae801eed509c2fe.txt",
      "type" : "text/plain",
      "size" : 269668
    }, {
      "uid" : "9620daaebc9b16f5",
      "name" : "Attachment: HTML - Extent Emailable Execution Report",
      "source" : "9620daaebc9b16f5.html",
      "type" : "text/html",
      "size" : 8272134
    } ],
    "parameters" : [ ],
    "stepsCount" : 2,
    "attachmentsCount" : 3,
    "shouldDisplayMessage" : false,
    "hasContent" : true
  } ],
  "labels" : [ {
    "name" : "package",
    "value" : "testPackage01.Test_ValidationsBuilder"
  }, {
    "name" : "testClass",
    "value" : "testPackage01.Test_ValidationsBuilder"
  }, {
    "name" : "testMethod",
    "value" : "elementExistsTest"
  }, {
    "name" : "parentSuite",
    "value" : "SHAFT: Custom Suite"
  }, {
    "name" : "suite",
    "value" : "SHAFT: Custom Test"
  }, {
    "name" : "subSuite",
    "value" : "testPackage01.Test_ValidationsBuilder"
  }, {
    "name" : "host",
    "value" : "fv-az212-667"
  }, {
    "name" : "thread",
    "value" : "4074@fv-az212-667.main(1)"
  }, {
    "name" : "framework",
    "value" : "testng"
  }, {
    "name" : "language",
    "value" : "java"
  }, {
    "name" : "resultFormat",
    "value" : "allure2"
  } ],
  "parameters" : [ ],
  "links" : [ ],
  "hidden" : false,
  "retry" : false,
  "extra" : {
    "severity" : "normal",
    "retries" : [ ],
    "categories" : [ {
      "name" : "Product defects",
      "matchedStatuses" : [ ],
      "flaky" : false
    } ],
    "tags" : [ ]
  },
  "source" : "d961a73144aabf3c.json",
  "parameterValues" : [ ]
}