{
  "uid" : "e5673090cf0f8c44",
  "name" : "f15",
  "fullName" : "testPackage01.Test_NewValidationActions.f15",
  "historyId" : "8ad0e7501f35925a6444f1e8c5b341c5",
  "time" : {
    "start" : 1612551116300,
    "stop" : 1612551116666,
    "duration" : 366
  },
  "status" : "passed",
  "flaky" : false,
  "newFailed" : false,
  "beforeStages" : [ {
    "name" : "openBrowser",
    "time" : {
      "start" : 1612551115721,
      "stop" : 1612551116298,
      "duration" : 577
    },
    "description" : "",
    "status" : "passed",
    "steps" : [ {
      "name" : "Action [146]: Attempting to run remotely on: [Linux-64], [GoogleChrome], [http://localhost:4444/wd/hub], Headless Execution.",
      "time" : {
        "start" : 1612551115721,
        "stop" : 1612551115721,
        "duration" : 0
      },
      "status" : "passed",
      "steps" : [ ],
      "attachments" : [ ],
      "parameters" : [ {
        "name" : "actionCounter",
        "value" : "146"
      }, {
        "name" : "logText",
        "value" : "Attempting to run remotely on: [Linux-64], [GoogleChrome], [http://localhost:4444/wd/hub], Headless Execution."
      } ],
      "stepsCount" : 0,
      "attachmentsCount" : 0,
      "shouldDisplayMessage" : false,
      "hasContent" : true
    }, {
      "name" : "Action [147]: Successfully Opened [GoogleChrome].",
      "time" : {
        "start" : 1612551115908,
        "stop" : 1612551115908,
        "duration" : 0
      },
      "status" : "passed",
      "steps" : [ ],
      "attachments" : [ ],
      "parameters" : [ {
        "name" : "actionCounter",
        "value" : "147"
      }, {
        "name" : "logText",
        "value" : "Successfully Opened [GoogleChrome]."
      } ],
      "stepsCount" : 0,
      "attachmentsCount" : 0,
      "shouldDisplayMessage" : false,
      "hasContent" : true
    }, {
      "name" : "Action [148]: Browser Action [navigateToURL] successfully performed. With the following test data [https://the-internet.herokuapp.com/].",
      "time" : {
        "start" : 1612551116298,
        "stop" : 1612551116298,
        "duration" : 0
      },
      "status" : "passed",
      "steps" : [ ],
      "attachments" : [ ],
      "parameters" : [ {
        "name" : "actionCounter",
        "value" : "148"
      }, {
        "name" : "logText",
        "value" : "Browser Action [navigateToURL] successfully performed. With the following test data [https://the-internet.herokuapp.com/]."
      }, {
        "name" : "attachments",
        "value" : "[null]"
      } ],
      "stepsCount" : 0,
      "attachmentsCount" : 0,
      "shouldDisplayMessage" : false,
      "hasContent" : true
    } ],
    "attachments" : [ {
      "uid" : "722d4f4fa0da857",
      "name" : "Attachment: SHAFT Engine Logs - Current Method log: openBrowser",
      "source" : "722d4f4fa0da857.txt",
      "type" : "text/plain",
      "size" : 744
    } ],
    "parameters" : [ ],
    "stepsCount" : 3,
    "attachmentsCount" : 1,
    "shouldDisplayMessage" : false,
    "hasContent" : true
  } ],
  "testStage" : {
    "status" : "passed",
    "steps" : [ {
      "name" : "Action [149]: AssertElementAttribute FAILED; Expected [Value Should not be 'Welcome' for the 'text' attribute, element locator 'By.tagName: h1'] and Actual [Welcome to the-internet]. Comparison Type [CONTAINS]. Validation Type [NEGATIVE].",
      "time" : {
        "start" : 1612551116665,
        "stop" : 1612551116665,
        "duration" : 0
      },
      "status" : "passed",
      "steps" : [ ],
      "attachments" : [ {
        "uid" : "712bba4f36f38a4b",
        "name" : "Attachment: Screenshot - 1612551116594_f15_AssertElementAttribute_failed",
        "source" : "712bba4f36f38a4b.png",
        "type" : "image/png",
        "size" : 158296
      } ],
      "parameters" : [ {
        "name" : "actionCounter",
        "value" : "149"
      }, {
        "name" : "logText",
        "value" : "AssertElementAttribute FAILED; Expected [Value Should not be 'Welcome' for the 'text' attribute, element locator 'By.tagName: h1'] and Actual [Welcome to the-internet]. Comparison Type [CONTAINS]. Validation Type [NEGATIVE]."
      }, {
        "name" : "attachments",
        "value" : "[[Screenshot, 1612551116594_f15_AssertElementAttribute_failed, java.io.ByteArrayInputStream@666b7ebe]]"
      } ],
      "stepsCount" : 0,
      "attachmentsCount" : 1,
      "shouldDisplayMessage" : false,
      "hasContent" : true
    } ],
    "attachments" : [ {
      "uid" : "b5187e8762ff163",
      "name" : "Attachment: SHAFT Engine Logs - Current Method log: f15",
      "source" : "b5187e8762ff163.txt",
      "type" : "text/plain",
      "size" : 1043
    } ],
    "parameters" : [ ],
    "stepsCount" : 1,
    "attachmentsCount" : 2,
    "shouldDisplayMessage" : false,
    "hasContent" : true
  },
  "afterStages" : [ {
    "name" : "closeBrowser",
    "time" : {
      "start" : 1612551116668,
      "stop" : 1612551116826,
      "duration" : 158
    },
    "description" : "",
    "status" : "passed",
    "steps" : [ {
      "name" : "Action [150]: Successfully Closed All Browsers.",
      "time" : {
        "start" : 1612551116826,
        "stop" : 1612551116826,
        "duration" : 0
      },
      "status" : "passed",
      "steps" : [ ],
      "attachments" : [ ],
      "parameters" : [ {
        "name" : "actionCounter",
        "value" : "150"
      }, {
        "name" : "logText",
        "value" : "Successfully Closed All Browsers."
      } ],
      "stepsCount" : 0,
      "attachmentsCount" : 0,
      "shouldDisplayMessage" : false,
      "hasContent" : true
    } ],
    "attachments" : [ {
      "uid" : "3083e1c0859c6630",
      "name" : "Attachment: Selenium WebDriver Logs - server",
      "source" : "3083e1c0859c6630.txt",
      "type" : "text/plain",
      "size" : 1288
    }, {
      "uid" : "9b14aee1b278a0a1",
      "name" : "Attachment: Selenium WebDriver Logs - performance",
      "source" : "9b14aee1b278a0a1.txt",
      "type" : "text/plain",
      "size" : 56061
    }, {
      "uid" : "ed417f48de659245",
      "name" : "Attachment: Selenium WebDriver Logs - browser",
      "source" : "ed417f48de659245.txt",
      "type" : "text/plain",
      "size" : 757
    }, {
      "uid" : "fba3f08a0c0b3526",
      "name" : "Attachment: Selenium WebDriver Logs - driver",
      "source" : "fba3f08a0c0b3526.txt",
      "type" : "text/plain",
      "size" : 195543
    }, {
      "uid" : "7d19e4cc9004e78b",
      "name" : "Attachment: SHAFT Engine Logs - Current Method log: closeBrowser",
      "source" : "7d19e4cc9004e78b.txt",
      "type" : "text/plain",
      "size" : 531
    } ],
    "parameters" : [ ],
    "stepsCount" : 1,
    "attachmentsCount" : 5,
    "shouldDisplayMessage" : false,
    "hasContent" : true
  }, {
    "name" : "closureActivities",
    "time" : {
      "start" : 1612551369235,
      "stop" : 1612551369247,
      "duration" : 12
    },
    "description" : "",
    "status" : "passed",
    "steps" : [ {
      "name" : "Action [505]: Successfully Closed All Browsers.",
      "time" : {
        "start" : 1612551369236,
        "stop" : 1612551369236,
        "duration" : 0
      },
      "status" : "passed",
      "steps" : [ ],
      "attachments" : [ ],
      "parameters" : [ {
        "name" : "actionCounter",
        "value" : "505"
      }, {
        "name" : "logText",
        "value" : "Successfully Closed All Browsers."
      } ],
      "stepsCount" : 0,
      "attachmentsCount" : 0,
      "shouldDisplayMessage" : false,
      "hasContent" : true
    }, {
      "name" : "Action [506]: Issue Summary: Total Issues = 3, New issues for Failed Tests = 1, Open issues for Passed Tests = 2, Open issues for Failed Tests = 0. Kindly check the attached Issue details.",
      "time" : {
        "start" : 1612551369244,
        "stop" : 1612551369244,
        "duration" : 0
      },
      "status" : "passed",
      "steps" : [ ],
      "attachments" : [ {
        "uid" : "23efd63028a923ac",
        "name" : "Attachment: SHAFT Engine Logs - Issues log CSV: 20210205-185609",
        "source" : "23efd63028a923ac.csv",
        "type" : "text/csv",
        "size" : 374
      } ],
      "parameters" : [ {
        "name" : "actionCounter",
        "value" : "506"
      }, {
        "name" : "logText",
        "value" : "Issue Summary: Total Issues = 3, New issues for Failed Tests = 1, Open issues for Passed Tests = 2, Open issues for Failed Tests = 0. Kindly check the attached Issue details."
      }, {
        "name" : "attachments",
        "value" : "[[SHAFT Engine Logs, Issues log CSV: 20210205-185609, java.io.ByteArrayInputStream@44de400d]]"
      } ],
      "stepsCount" : 0,
      "attachmentsCount" : 1,
      "shouldDisplayMessage" : false,
      "hasContent" : true
    } ],
    "attachments" : [ {
      "uid" : "756c2f9a8da00079",
      "name" : "Attachment: SHAFT Engine Logs - Execution log: 20210205-185609",
      "source" : "756c2f9a8da00079.txt",
      "type" : "text/plain",
      "size" : 398305
    } ],
    "parameters" : [ ],
    "stepsCount" : 2,
    "attachmentsCount" : 2,
    "shouldDisplayMessage" : false,
    "hasContent" : true
  } ],
  "labels" : [ {
    "name" : "package",
    "value" : "testPackage01.Test_NewValidationActions"
  }, {
    "name" : "testClass",
    "value" : "testPackage01.Test_NewValidationActions"
  }, {
    "name" : "testMethod",
    "value" : "f15"
  }, {
    "name" : "parentSuite",
    "value" : "SHAFT_Engine: Custom Suite"
  }, {
    "name" : "suite",
    "value" : "SHAFT_Engine: Custom Test"
  }, {
    "name" : "subSuite",
    "value" : "testPackage01.Test_NewValidationActions"
  }, {
    "name" : "host",
    "value" : "fv-az54-404"
  }, {
    "name" : "thread",
    "value" : "5304@fv-az54-404.main(1)"
  }, {
    "name" : "framework",
    "value" : "testng"
  }, {
    "name" : "language",
    "value" : "java"
  }, {
    "name" : "resultFormat",
    "value" : "allure2"
  } ],
  "parameters" : [ ],
  "links" : [ ],
  "hidden" : false,
  "retry" : false,
  "extra" : {
    "severity" : "normal",
    "retries" : [ ],
    "categories" : [ ],
    "tags" : [ ]
  },
  "source" : "e5673090cf0f8c44.json",
  "parameterValues" : [ ]
}