{
  "uid" : "22db302c5fb44f20",
  "name" : "assertComparativeRelation_greaterThanOrEquals_true_equals_expectedToFail",
  "fullName" : "unitTests.tests_validations_assertions.assertComparativeRelation_greaterThanOrEquals_true_equals_expectedToFail",
  "historyId" : "6bfdcb3e2066e47f76cdc938949ea3b5",
  "time" : {
    "start" : 1610950300378,
    "stop" : 1610950300379,
    "duration" : 1
  },
  "status" : "passed",
  "flaky" : false,
  "newFailed" : false,
  "beforeStages" : [ ],
  "testStage" : {
    "status" : "passed",
    "steps" : [ {
      "name" : "Action [123]: AssertComparativeRelation FAILED; Expected [1] and Actual [0]. Comparison Type [GREATER_THAN_OR_EQUALS]. Validation Type [POSITIVE].",
      "time" : {
        "start" : 1610950300379,
        "stop" : 1610950300379,
        "duration" : 0
      },
      "status" : "passed",
      "steps" : [ ],
      "attachments" : [ ],
      "parameters" : [ {
        "name" : "actionCounter",
        "value" : "123"
      }, {
        "name" : "logText",
        "value" : "AssertComparativeRelation FAILED; Expected [1] and Actual [0]. Comparison Type [GREATER_THAN_OR_EQUALS]. Validation Type [POSITIVE]."
      } ],
      "attachmentsCount" : 0,
      "shouldDisplayMessage" : false,
      "hasContent" : true,
      "stepsCount" : 0
    } ],
    "attachments" : [ {
      "uid" : "582c2b880665c1d6",
      "name" : "Attachment: SHAFT Engine Logs - Current Method log: assertComparativeRelation_greaterThanOrEquals_true_equals_expectedToFail",
      "source" : "582c2b880665c1d6.txt",
      "type" : "text/plain",
      "size" : 663
    } ],
    "parameters" : [ ],
    "attachmentsCount" : 1,
    "shouldDisplayMessage" : false,
    "hasContent" : true,
    "stepsCount" : 1
  },
  "afterStages" : [ {
    "name" : "closureActivities",
    "time" : {
      "start" : 1610950301497,
      "stop" : 1610950301506,
      "duration" : 9
    },
    "description" : "",
    "status" : "passed",
    "steps" : [ {
      "name" : "Action [136]: Issue Summary: Total Issues = 5, New issues for Failed Tests = 3, Open issues for Passed Tests = 2, Open issues for Failed Tests = 0. Kindly check the attached Issue details.",
      "time" : {
        "start" : 1610950301505,
        "stop" : 1610950301505,
        "duration" : 0
      },
      "status" : "passed",
      "steps" : [ ],
      "attachments" : [ {
        "uid" : "67057c4f2b68fb75",
        "name" : "Attachment: SHAFT Engine Logs - Issues log CSV: 20210118-061141",
        "source" : "67057c4f2b68fb75.csv",
        "type" : "text/csv",
        "size" : 613
      } ],
      "parameters" : [ {
        "name" : "actionCounter",
        "value" : "136"
      }, {
        "name" : "logText",
        "value" : "Issue Summary: Total Issues = 5, New issues for Failed Tests = 3, Open issues for Passed Tests = 2, Open issues for Failed Tests = 0. Kindly check the attached Issue details."
      }, {
        "name" : "attachments",
        "value" : "[[SHAFT Engine Logs, Issues log CSV: 20210118-061141, java.io.ByteArrayInputStream@65263248]]"
      } ],
      "attachmentsCount" : 1,
      "shouldDisplayMessage" : false,
      "hasContent" : true,
      "stepsCount" : 0
    } ],
    "attachments" : [ {
      "uid" : "689ee8afa92e70f7",
      "name" : "Attachment: SHAFT Engine Logs - Execution log: 20210118-061141",
      "source" : "689ee8afa92e70f7.txt",
      "type" : "text/plain",
      "size" : 108551
    } ],
    "parameters" : [ ],
    "attachmentsCount" : 2,
    "shouldDisplayMessage" : false,
    "hasContent" : true,
    "stepsCount" : 1
  } ],
  "labels" : [ {
    "name" : "package",
    "value" : "unitTests.tests_validations_assertions"
  }, {
    "name" : "testClass",
    "value" : "unitTests.tests_validations_assertions"
  }, {
    "name" : "testMethod",
    "value" : "assertComparativeRelation_greaterThanOrEquals_true_equals_expectedToFail"
  }, {
    "name" : "parentSuite",
    "value" : "SHAFT_Engine: Custom Suite"
  }, {
    "name" : "suite",
    "value" : "SHAFT_Engine: Custom Test"
  }, {
    "name" : "subSuite",
    "value" : "unitTests.tests_validations_assertions"
  }, {
    "name" : "host",
    "value" : "fv-az184-381"
  }, {
    "name" : "thread",
    "value" : "5057@fv-az184-381.main(1)"
  }, {
    "name" : "framework",
    "value" : "testng"
  }, {
    "name" : "language",
    "value" : "java"
  }, {
    "name" : "resultFormat",
    "value" : "allure2"
  } ],
  "parameters" : [ ],
  "links" : [ ],
  "hidden" : false,
  "retry" : false,
  "extra" : {
    "severity" : "normal",
    "retries" : [ ],
    "categories" : [ ],
    "tags" : [ ]
  },
  "source" : "22db302c5fb44f20.json",
  "parameterValues" : [ ]
}