{
  "uid" : "a1ab75096d847aad",
  "name" : "assertElementAttribute_true_containsComparison_expectedToFail",
  "fullName" : "unitTests.tests_validations_assertions.assertElementAttribute_true_containsComparison_expectedToFail",
  "historyId" : "f5eb3e0657331ec851f236cbdec9dbc3",
  "time" : {
    "start" : 1617777273820,
    "stop" : 1617777273821,
    "duration" : 1
  },
  "status" : "skipped",
  "statusMessage" : "class com.sun.proxy.$Proxy24 cannot be cast to class org.openqa.selenium.remote.RemoteWebDriver (com.sun.proxy.$Proxy24 and org.openqa.selenium.remote.RemoteWebDriver are in unnamed module of loader 'app')",
  "statusTrace" : "java.lang.ClassCastException: class com.sun.proxy.$Proxy24 cannot be cast to class org.openqa.selenium.remote.RemoteWebDriver (com.sun.proxy.$Proxy24 and org.openqa.selenium.remote.RemoteWebDriver are in unnamed module of loader 'app')\n\tat com.shaft.gui.browser.BrowserFactory.createNewRemoteDriverInstance(BrowserFactory.java:552)\n\tat com.shaft.gui.browser.BrowserFactory.getBrowser(BrowserFactory.java:675)\n\tat com.shaft.gui.browser.BrowserFactory.getBrowser(BrowserFactory.java:105)\n\tat unitTests.tests_validations_assertions.beforeMethod(tests_validations_assertions.java:399)\n\tat java.base/jdk.internal.reflect.NativeMethodAccessorImpl.invoke0(Native Method)\n\tat java.base/jdk.internal.reflect.NativeMethodAccessorImpl.invoke(NativeMethodAccessorImpl.java:64)\n\tat java.base/jdk.internal.reflect.DelegatingMethodAccessorImpl.invoke(DelegatingMethodAccessorImpl.java:43)\n\tat java.base/java.lang.reflect.Method.invoke(Method.java:564)\n\tat org.testng.internal.MethodInvocationHelper.invokeMethod(MethodInvocationHelper.java:133)\n\tat org.testng.internal.MethodInvocationHelper.invokeMethodConsideringTimeout(MethodInvocationHelper.java:62)\n\tat org.testng.internal.ConfigInvoker.invokeConfigurationMethod(ConfigInvoker.java:385)\n\tat org.testng.internal.ConfigInvoker.invokeConfigurations(ConfigInvoker.java:321)\n\tat org.testng.internal.TestInvoker.runConfigMethods(TestInvoker.java:700)\n\tat org.testng.internal.TestInvoker.invokeMethod(TestInvoker.java:527)\n\tat org.testng.internal.TestInvoker.invokeTestMethod(TestInvoker.java:173)\n\tat org.testng.internal.MethodRunner.runInSequence(MethodRunner.java:46)\n\tat org.testng.internal.TestInvoker$MethodInvocationAgent.invoke(TestInvoker.java:824)\n\tat org.testng.internal.TestInvoker.invokeTestMethods(TestInvoker.java:146)\n\tat org.testng.internal.TestMethodWorker.invokeTestMethods(TestMethodWorker.java:146)\n\tat org.testng.internal.TestMethodWorker.run(TestMethodWorker.java:128)\n\tat java.base/java.util.ArrayList.forEach(ArrayList.java:1511)\n\tat org.testng.TestRunner.privateRun(TestRunner.java:794)\n\tat org.testng.TestRunner.run(TestRunner.java:596)\n\tat org.testng.SuiteRunner.runTest(SuiteRunner.java:377)\n\tat org.testng.SuiteRunner.runSequentially(SuiteRunner.java:371)\n\tat org.testng.SuiteRunner.privateRun(SuiteRunner.java:332)\n\tat org.testng.SuiteRunner.run(SuiteRunner.java:276)\n\tat org.testng.SuiteRunnerWorker.runSuite(SuiteRunnerWorker.java:53)\n\tat org.testng.SuiteRunnerWorker.run(SuiteRunnerWorker.java:96)\n\tat org.testng.TestNG.runSuitesSequentially(TestNG.java:1212)\n\tat org.testng.TestNG.runSuitesLocally(TestNG.java:1134)\n\tat org.testng.TestNG.runSuites(TestNG.java:1063)\n\tat org.testng.TestNG.run(TestNG.java:1031)\n\tat org.apache.maven.surefire.testng.TestNGExecutor.run(TestNGExecutor.java:136)\n\tat org.apache.maven.surefire.testng.TestNGDirectoryTestSuite.executeMulti(TestNGDirectoryTestSuite.java:193)\n\tat org.apache.maven.surefire.testng.TestNGDirectoryTestSuite.execute(TestNGDirectoryTestSuite.java:94)\n\tat org.apache.maven.surefire.testng.TestNGProvider.invoke(TestNGProvider.java:145)\n\tat org.apache.maven.surefire.booter.ForkedBooter.runSuitesInProcess(ForkedBooter.java:428)\n\tat org.apache.maven.surefire.booter.ForkedBooter.execute(ForkedBooter.java:162)\n\tat org.apache.maven.surefire.booter.ForkedBooter.run(ForkedBooter.java:562)\n\tat org.apache.maven.surefire.booter.ForkedBooter.main(ForkedBooter.java:548)\n",
  "flaky" : false,
  "newFailed" : false,
  "beforeStages" : [ {
    "name" : "beforeMethod",
    "time" : {
      "start" : 1617777273819,
      "stop" : 1617777273819,
      "duration" : 0
    },
    "description" : "",
    "status" : "broken",
    "steps" : [ ],
    "attachments" : [ ],
    "parameters" : [ ],
    "stepsCount" : 0,
    "attachmentsCount" : 0,
    "shouldDisplayMessage" : false,
    "hasContent" : false
  } ],
  "testStage" : {
    "status" : "skipped",
    "statusMessage" : "class com.sun.proxy.$Proxy24 cannot be cast to class org.openqa.selenium.remote.RemoteWebDriver (com.sun.proxy.$Proxy24 and org.openqa.selenium.remote.RemoteWebDriver are in unnamed module of loader 'app')",
    "statusTrace" : "java.lang.ClassCastException: class com.sun.proxy.$Proxy24 cannot be cast to class org.openqa.selenium.remote.RemoteWebDriver (com.sun.proxy.$Proxy24 and org.openqa.selenium.remote.RemoteWebDriver are in unnamed module of loader 'app')\n\tat com.shaft.gui.browser.BrowserFactory.createNewRemoteDriverInstance(BrowserFactory.java:552)\n\tat com.shaft.gui.browser.BrowserFactory.getBrowser(BrowserFactory.java:675)\n\tat com.shaft.gui.browser.BrowserFactory.getBrowser(BrowserFactory.java:105)\n\tat unitTests.tests_validations_assertions.beforeMethod(tests_validations_assertions.java:399)\n\tat java.base/jdk.internal.reflect.NativeMethodAccessorImpl.invoke0(Native Method)\n\tat java.base/jdk.internal.reflect.NativeMethodAccessorImpl.invoke(NativeMethodAccessorImpl.java:64)\n\tat java.base/jdk.internal.reflect.DelegatingMethodAccessorImpl.invoke(DelegatingMethodAccessorImpl.java:43)\n\tat java.base/java.lang.reflect.Method.invoke(Method.java:564)\n\tat org.testng.internal.MethodInvocationHelper.invokeMethod(MethodInvocationHelper.java:133)\n\tat org.testng.internal.MethodInvocationHelper.invokeMethodConsideringTimeout(MethodInvocationHelper.java:62)\n\tat org.testng.internal.ConfigInvoker.invokeConfigurationMethod(ConfigInvoker.java:385)\n\tat org.testng.internal.ConfigInvoker.invokeConfigurations(ConfigInvoker.java:321)\n\tat org.testng.internal.TestInvoker.runConfigMethods(TestInvoker.java:700)\n\tat org.testng.internal.TestInvoker.invokeMethod(TestInvoker.java:527)\n\tat org.testng.internal.TestInvoker.invokeTestMethod(TestInvoker.java:173)\n\tat org.testng.internal.MethodRunner.runInSequence(MethodRunner.java:46)\n\tat org.testng.internal.TestInvoker$MethodInvocationAgent.invoke(TestInvoker.java:824)\n\tat org.testng.internal.TestInvoker.invokeTestMethods(TestInvoker.java:146)\n\tat org.testng.internal.TestMethodWorker.invokeTestMethods(TestMethodWorker.java:146)\n\tat org.testng.internal.TestMethodWorker.run(TestMethodWorker.java:128)\n\tat java.base/java.util.ArrayList.forEach(ArrayList.java:1511)\n\tat org.testng.TestRunner.privateRun(TestRunner.java:794)\n\tat org.testng.TestRunner.run(TestRunner.java:596)\n\tat org.testng.SuiteRunner.runTest(SuiteRunner.java:377)\n\tat org.testng.SuiteRunner.runSequentially(SuiteRunner.java:371)\n\tat org.testng.SuiteRunner.privateRun(SuiteRunner.java:332)\n\tat org.testng.SuiteRunner.run(SuiteRunner.java:276)\n\tat org.testng.SuiteRunnerWorker.runSuite(SuiteRunnerWorker.java:53)\n\tat org.testng.SuiteRunnerWorker.run(SuiteRunnerWorker.java:96)\n\tat org.testng.TestNG.runSuitesSequentially(TestNG.java:1212)\n\tat org.testng.TestNG.runSuitesLocally(TestNG.java:1134)\n\tat org.testng.TestNG.runSuites(TestNG.java:1063)\n\tat org.testng.TestNG.run(TestNG.java:1031)\n\tat org.apache.maven.surefire.testng.TestNGExecutor.run(TestNGExecutor.java:136)\n\tat org.apache.maven.surefire.testng.TestNGDirectoryTestSuite.executeMulti(TestNGDirectoryTestSuite.java:193)\n\tat org.apache.maven.surefire.testng.TestNGDirectoryTestSuite.execute(TestNGDirectoryTestSuite.java:94)\n\tat org.apache.maven.surefire.testng.TestNGProvider.invoke(TestNGProvider.java:145)\n\tat org.apache.maven.surefire.booter.ForkedBooter.runSuitesInProcess(ForkedBooter.java:428)\n\tat org.apache.maven.surefire.booter.ForkedBooter.execute(ForkedBooter.java:162)\n\tat org.apache.maven.surefire.booter.ForkedBooter.run(ForkedBooter.java:562)\n\tat org.apache.maven.surefire.booter.ForkedBooter.main(ForkedBooter.java:548)\n",
    "steps" : [ ],
    "attachments" : [ {
      "uid" : "c2073454e06ba013",
      "name" : "Attachment: SHAFT Engine Logs - Current Method log: assertElementAttribute_true_containsComparison_expectedToFail",
      "source" : "c2073454e06ba013.txt",
      "type" : "text/plain",
      "size" : 474
    } ],
    "parameters" : [ ],
    "stepsCount" : 0,
    "attachmentsCount" : 1,
    "shouldDisplayMessage" : true,
    "hasContent" : true
  },
  "afterStages" : [ {
    "name" : "afterMethod",
    "time" : {
      "start" : 1617777273822,
      "stop" : 1617777273822,
      "duration" : 0
    },
    "description" : "",
    "status" : "broken",
    "steps" : [ ],
    "attachments" : [ ],
    "parameters" : [ ],
    "stepsCount" : 0,
    "attachmentsCount" : 0,
    "shouldDisplayMessage" : false,
    "hasContent" : false
  }, {
    "name" : "closureActivities",
    "time" : {
      "start" : 1617778194774,
      "stop" : 1617778194774,
      "duration" : 0
    },
    "description" : "",
    "status" : "broken",
    "statusMessage" : "class com.sun.proxy.$Proxy24 cannot be cast to class org.openqa.selenium.remote.RemoteWebDriver (com.sun.proxy.$Proxy24 and org.openqa.selenium.remote.RemoteWebDriver are in unnamed module of loader 'app')",
    "statusTrace" : "java.lang.ClassCastException: class com.sun.proxy.$Proxy24 cannot be cast to class org.openqa.selenium.remote.RemoteWebDriver (com.sun.proxy.$Proxy24 and org.openqa.selenium.remote.RemoteWebDriver are in unnamed module of loader 'app')\n\tat com.shaft.gui.browser.BrowserFactory.closeAllDrivers(BrowserFactory.java:155)\n\tat com.shaft.tools.io.LogsHelper.attachBrowserLogs(LogsHelper.java:32)\n\tat com.shaft.tools.io.LogsHelper.closureActivities(LogsHelper.java:15)\n\tat java.base/jdk.internal.reflect.NativeMethodAccessorImpl.invoke0(Native Method)\n\tat java.base/jdk.internal.reflect.NativeMethodAccessorImpl.invoke(NativeMethodAccessorImpl.java:64)\n\tat java.base/jdk.internal.reflect.DelegatingMethodAccessorImpl.invoke(DelegatingMethodAccessorImpl.java:43)\n\tat java.base/java.lang.reflect.Method.invoke(Method.java:564)\n\tat org.testng.internal.MethodInvocationHelper.invokeMethod(MethodInvocationHelper.java:133)\n\tat org.testng.internal.MethodInvocationHelper.invokeMethodConsideringTimeout(MethodInvocationHelper.java:62)\n\tat org.testng.internal.ConfigInvoker.invokeConfigurationMethod(ConfigInvoker.java:385)\n\tat org.testng.internal.ConfigInvoker.invokeConfigurations(ConfigInvoker.java:321)\n\tat org.testng.SuiteRunner.privateRun(SuiteRunner.java:344)\n\tat org.testng.SuiteRunner.run(SuiteRunner.java:276)\n\tat org.testng.SuiteRunnerWorker.runSuite(SuiteRunnerWorker.java:53)\n\tat org.testng.SuiteRunnerWorker.run(SuiteRunnerWorker.java:96)\n\tat org.testng.TestNG.runSuitesSequentially(TestNG.java:1212)\n\tat org.testng.TestNG.runSuitesLocally(TestNG.java:1134)\n\tat org.testng.TestNG.runSuites(TestNG.java:1063)\n\tat org.testng.TestNG.run(TestNG.java:1031)\n\tat org.apache.maven.surefire.testng.TestNGExecutor.run(TestNGExecutor.java:136)\n\tat org.apache.maven.surefire.testng.TestNGDirectoryTestSuite.executeMulti(TestNGDirectoryTestSuite.java:193)\n\tat org.apache.maven.surefire.testng.TestNGDirectoryTestSuite.execute(TestNGDirectoryTestSuite.java:94)\n\tat org.apache.maven.surefire.testng.TestNGProvider.invoke(TestNGProvider.java:145)\n\tat org.apache.maven.surefire.booter.ForkedBooter.runSuitesInProcess(ForkedBooter.java:428)\n\tat org.apache.maven.surefire.booter.ForkedBooter.execute(ForkedBooter.java:162)\n\tat org.apache.maven.surefire.booter.ForkedBooter.run(ForkedBooter.java:562)\n\tat org.apache.maven.surefire.booter.ForkedBooter.main(ForkedBooter.java:548)\n",
    "steps" : [ ],
    "attachments" : [ ],
    "parameters" : [ ],
    "stepsCount" : 0,
    "attachmentsCount" : 0,
    "shouldDisplayMessage" : true,
    "hasContent" : true
  } ],
  "labels" : [ {
    "name" : "package",
    "value" : "unitTests.tests_validations_assertions"
  }, {
    "name" : "testClass",
    "value" : "unitTests.tests_validations_assertions"
  }, {
    "name" : "testMethod",
    "value" : "assertElementAttribute_true_containsComparison_expectedToFail"
  }, {
    "name" : "parentSuite",
    "value" : "SHAFT_Engine: Custom Suite"
  }, {
    "name" : "suite",
    "value" : "SHAFT_Engine: Custom Test"
  }, {
    "name" : "subSuite",
    "value" : "unitTests.tests_validations_assertions"
  }, {
    "name" : "host",
    "value" : "fv-az266-944"
  }, {
    "name" : "thread",
    "value" : "4234@fv-az266-944.main(1)"
  }, {
    "name" : "framework",
    "value" : "testng"
  }, {
    "name" : "language",
    "value" : "java"
  }, {
    "name" : "resultFormat",
    "value" : "allure2"
  } ],
  "parameters" : [ ],
  "links" : [ ],
  "hidden" : false,
  "retry" : false,
  "extra" : {
    "severity" : "normal",
    "retries" : [ ],
    "categories" : [ ],
    "history" : {
      "statistic" : {
        "failed" : 0,
        "broken" : 0,
        "skipped" : 1,
        "passed" : 18,
        "unknown" : 0,
        "total" : 19
      },
      "items" : [ {
        "uid" : "aa5da8256b31f0c6",
        "reportUrl" : "https://MohabMohie.github.io/SHAFT_ENGINE/allure/365//#testresult/aa5da8256b31f0c6",
        "status" : "passed",
        "time" : {
          "start" : 1617758858307,
          "stop" : 1617758859217,
          "duration" : 910
        }
      }, {
        "uid" : "1861fff6eb18ae46",
        "reportUrl" : "https://MohabMohie.github.io/SHAFT_ENGINE/allure/364//#testresult/1861fff6eb18ae46",
        "status" : "passed",
        "time" : {
          "start" : 1617730648160,
          "stop" : 1617730649034,
          "duration" : 874
        }
      }, {
        "uid" : "c140ba6d21a98ea1",
        "reportUrl" : "https://MohabMohie.github.io/SHAFT_ENGINE/allure/363//#testresult/c140ba6d21a98ea1",
        "status" : "passed",
        "time" : {
          "start" : 1617730105212,
          "stop" : 1617730106184,
          "duration" : 972
        }
      }, {
        "uid" : "adf4d714bcca2818",
        "reportUrl" : "https://MohabMohie.github.io/SHAFT_ENGINE/allure/360//#testresult/adf4d714bcca2818",
        "status" : "passed",
        "time" : {
          "start" : 1617672468852,
          "stop" : 1617672469773,
          "duration" : 921
        }
      }, {
        "uid" : "2dc6b12a3a2ec2af",
        "reportUrl" : "https://MohabMohie.github.io/SHAFT_ENGINE/allure/359//#testresult/2dc6b12a3a2ec2af",
        "status" : "passed",
        "time" : {
          "start" : 1617586065567,
          "stop" : 1617586066400,
          "duration" : 833
        }
      }, {
        "uid" : "1fb70280ab659b9a",
        "reportUrl" : "https://MohabMohie.github.io/SHAFT_ENGINE/allure/358//#testresult/1fb70280ab659b9a",
        "status" : "passed",
        "time" : {
          "start" : 1617499664300,
          "stop" : 1617499665071,
          "duration" : 771
        }
      }, {
        "uid" : "eb005ddb296aa2e7",
        "reportUrl" : "https://MohabMohie.github.io/SHAFT_ENGINE/allure/357//#testresult/eb005ddb296aa2e7",
        "status" : "passed",
        "time" : {
          "start" : 1617413184798,
          "stop" : 1617413185583,
          "duration" : 785
        }
      }, {
        "uid" : "bb4dc8dc98b81a06",
        "reportUrl" : "https://MohabMohie.github.io/SHAFT_ENGINE/allure/356//#testresult/bb4dc8dc98b81a06",
        "status" : "passed",
        "time" : {
          "start" : 1617347684485,
          "stop" : 1617347685461,
          "duration" : 976
        }
      }, {
        "uid" : "2209b909d962f15c",
        "reportUrl" : "https://MohabMohie.github.io/SHAFT_ENGINE/allure/354//#testresult/2209b909d962f15c",
        "status" : "passed",
        "time" : {
          "start" : 1617326969267,
          "stop" : 1617326970247,
          "duration" : 980
        }
      }, {
        "uid" : "d7e9341db4695702",
        "reportUrl" : "https://MohabMohie.github.io/SHAFT_ENGINE/allure/353//#testresult/d7e9341db4695702",
        "status" : "passed",
        "time" : {
          "start" : 1617262977981,
          "stop" : 1617262978809,
          "duration" : 828
        }
      }, {
        "uid" : "f23d7d74cd1fcef",
        "reportUrl" : "https://MohabMohie.github.io/SHAFT_ENGINE/allure/351//#testresult/f23d7d74cd1fcef",
        "status" : "passed",
        "time" : {
          "start" : 1617240661434,
          "stop" : 1617240662383,
          "duration" : 949
        }
      }, {
        "uid" : "91467c49891b3896",
        "reportUrl" : "https://MohabMohie.github.io/SHAFT_ENGINE/allure/350//#testresult/91467c49891b3896",
        "status" : "passed",
        "time" : {
          "start" : 1617154139708,
          "stop" : 1617154140763,
          "duration" : 1055
        }
      }, {
        "uid" : "1e774da6343d9f90",
        "reportUrl" : "https://MohabMohie.github.io/SHAFT_ENGINE/allure/349//#testresult/1e774da6343d9f90",
        "status" : "passed",
        "time" : {
          "start" : 1617098971214,
          "stop" : 1617098972159,
          "duration" : 945
        }
      }, {
        "uid" : "953a4a2ea2dfcbb6",
        "reportUrl" : "https://MohabMohie.github.io/SHAFT_ENGINE/allure/348//#testresult/953a4a2ea2dfcbb6",
        "status" : "passed",
        "time" : {
          "start" : 1617091999646,
          "stop" : 1617092000564,
          "duration" : 918
        }
      }, {
        "uid" : "fdb73cbdb1498bc8",
        "reportUrl" : "https://MohabMohie.github.io/SHAFT_ENGINE/allure/347//#testresult/fdb73cbdb1498bc8",
        "status" : "passed",
        "time" : {
          "start" : 1617089943171,
          "stop" : 1617089944071,
          "duration" : 900
        }
      }, {
        "uid" : "98a6f2eea9ed2138",
        "reportUrl" : "https://MohabMohie.github.io/SHAFT_ENGINE/allure/345//#testresult/98a6f2eea9ed2138",
        "status" : "passed",
        "time" : {
          "start" : 1617088752150,
          "stop" : 1617088753025,
          "duration" : 875
        }
      }, {
        "uid" : "b7ee273b30ff9482",
        "reportUrl" : "https://MohabMohie.github.io/SHAFT_ENGINE/allure/344//#testresult/b7ee273b30ff9482",
        "status" : "passed",
        "time" : {
          "start" : 1617087983489,
          "stop" : 1617087984332,
          "duration" : 843
        }
      }, {
        "uid" : "4cf3bdda08f650df",
        "reportUrl" : "https://MohabMohie.github.io/SHAFT_ENGINE/allure/343//#testresult/4cf3bdda08f650df",
        "status" : "passed",
        "time" : {
          "start" : 1617087313971,
          "stop" : 1617087314860,
          "duration" : 889
        }
      } ]
    },
    "tags" : [ ]
  },
  "source" : "a1ab75096d847aad.json",
  "parameterValues" : [ ]
}