{
  "uid" : "b2557f35914c8369",
  "name" : "assertElementAttribute_false_literalComparison_expectedToFail",
  "fullName" : "unitTests.tests_validations_assertions.assertElementAttribute_false_literalComparison_expectedToFail",
  "historyId" : "1d2f699b44814327bb7ff247318e9c4e",
  "time" : {
    "start" : 1617777273799,
    "stop" : 1617777273800,
    "duration" : 1
  },
  "status" : "skipped",
  "statusMessage" : "class com.sun.proxy.$Proxy24 cannot be cast to class org.openqa.selenium.remote.RemoteWebDriver (com.sun.proxy.$Proxy24 and org.openqa.selenium.remote.RemoteWebDriver are in unnamed module of loader 'app')",
  "statusTrace" : "java.lang.ClassCastException: class com.sun.proxy.$Proxy24 cannot be cast to class org.openqa.selenium.remote.RemoteWebDriver (com.sun.proxy.$Proxy24 and org.openqa.selenium.remote.RemoteWebDriver are in unnamed module of loader 'app')\n\tat com.shaft.gui.browser.BrowserFactory.createNewRemoteDriverInstance(BrowserFactory.java:552)\n\tat com.shaft.gui.browser.BrowserFactory.getBrowser(BrowserFactory.java:675)\n\tat com.shaft.gui.browser.BrowserFactory.getBrowser(BrowserFactory.java:105)\n\tat unitTests.tests_validations_assertions.beforeMethod(tests_validations_assertions.java:399)\n\tat java.base/jdk.internal.reflect.NativeMethodAccessorImpl.invoke0(Native Method)\n\tat java.base/jdk.internal.reflect.NativeMethodAccessorImpl.invoke(NativeMethodAccessorImpl.java:64)\n\tat java.base/jdk.internal.reflect.DelegatingMethodAccessorImpl.invoke(DelegatingMethodAccessorImpl.java:43)\n\tat java.base/java.lang.reflect.Method.invoke(Method.java:564)\n\tat org.testng.internal.MethodInvocationHelper.invokeMethod(MethodInvocationHelper.java:133)\n\tat org.testng.internal.MethodInvocationHelper.invokeMethodConsideringTimeout(MethodInvocationHelper.java:62)\n\tat org.testng.internal.ConfigInvoker.invokeConfigurationMethod(ConfigInvoker.java:385)\n\tat org.testng.internal.ConfigInvoker.invokeConfigurations(ConfigInvoker.java:321)\n\tat org.testng.internal.TestInvoker.runConfigMethods(TestInvoker.java:700)\n\tat org.testng.internal.TestInvoker.invokeMethod(TestInvoker.java:527)\n\tat org.testng.internal.TestInvoker.invokeTestMethod(TestInvoker.java:173)\n\tat org.testng.internal.MethodRunner.runInSequence(MethodRunner.java:46)\n\tat org.testng.internal.TestInvoker$MethodInvocationAgent.invoke(TestInvoker.java:824)\n\tat org.testng.internal.TestInvoker.invokeTestMethods(TestInvoker.java:146)\n\tat org.testng.internal.TestMethodWorker.invokeTestMethods(TestMethodWorker.java:146)\n\tat org.testng.internal.TestMethodWorker.run(TestMethodWorker.java:128)\n\tat java.base/java.util.ArrayList.forEach(ArrayList.java:1511)\n\tat org.testng.TestRunner.privateRun(TestRunner.java:794)\n\tat org.testng.TestRunner.run(TestRunner.java:596)\n\tat org.testng.SuiteRunner.runTest(SuiteRunner.java:377)\n\tat org.testng.SuiteRunner.runSequentially(SuiteRunner.java:371)\n\tat org.testng.SuiteRunner.privateRun(SuiteRunner.java:332)\n\tat org.testng.SuiteRunner.run(SuiteRunner.java:276)\n\tat org.testng.SuiteRunnerWorker.runSuite(SuiteRunnerWorker.java:53)\n\tat org.testng.SuiteRunnerWorker.run(SuiteRunnerWorker.java:96)\n\tat org.testng.TestNG.runSuitesSequentially(TestNG.java:1212)\n\tat org.testng.TestNG.runSuitesLocally(TestNG.java:1134)\n\tat org.testng.TestNG.runSuites(TestNG.java:1063)\n\tat org.testng.TestNG.run(TestNG.java:1031)\n\tat org.apache.maven.surefire.testng.TestNGExecutor.run(TestNGExecutor.java:136)\n\tat org.apache.maven.surefire.testng.TestNGDirectoryTestSuite.executeMulti(TestNGDirectoryTestSuite.java:193)\n\tat org.apache.maven.surefire.testng.TestNGDirectoryTestSuite.execute(TestNGDirectoryTestSuite.java:94)\n\tat org.apache.maven.surefire.testng.TestNGProvider.invoke(TestNGProvider.java:145)\n\tat org.apache.maven.surefire.booter.ForkedBooter.runSuitesInProcess(ForkedBooter.java:428)\n\tat org.apache.maven.surefire.booter.ForkedBooter.execute(ForkedBooter.java:162)\n\tat org.apache.maven.surefire.booter.ForkedBooter.run(ForkedBooter.java:562)\n\tat org.apache.maven.surefire.booter.ForkedBooter.main(ForkedBooter.java:548)\n",
  "flaky" : false,
  "newFailed" : false,
  "beforeStages" : [ {
    "name" : "beforeMethod",
    "time" : {
      "start" : 1617777273797,
      "stop" : 1617777273798,
      "duration" : 1
    },
    "description" : "",
    "status" : "broken",
    "steps" : [ ],
    "attachments" : [ ],
    "parameters" : [ ],
    "stepsCount" : 0,
    "attachmentsCount" : 0,
    "shouldDisplayMessage" : false,
    "hasContent" : false
  } ],
  "testStage" : {
    "status" : "skipped",
    "statusMessage" : "class com.sun.proxy.$Proxy24 cannot be cast to class org.openqa.selenium.remote.RemoteWebDriver (com.sun.proxy.$Proxy24 and org.openqa.selenium.remote.RemoteWebDriver are in unnamed module of loader 'app')",
    "statusTrace" : "java.lang.ClassCastException: class com.sun.proxy.$Proxy24 cannot be cast to class org.openqa.selenium.remote.RemoteWebDriver (com.sun.proxy.$Proxy24 and org.openqa.selenium.remote.RemoteWebDriver are in unnamed module of loader 'app')\n\tat com.shaft.gui.browser.BrowserFactory.createNewRemoteDriverInstance(BrowserFactory.java:552)\n\tat com.shaft.gui.browser.BrowserFactory.getBrowser(BrowserFactory.java:675)\n\tat com.shaft.gui.browser.BrowserFactory.getBrowser(BrowserFactory.java:105)\n\tat unitTests.tests_validations_assertions.beforeMethod(tests_validations_assertions.java:399)\n\tat java.base/jdk.internal.reflect.NativeMethodAccessorImpl.invoke0(Native Method)\n\tat java.base/jdk.internal.reflect.NativeMethodAccessorImpl.invoke(NativeMethodAccessorImpl.java:64)\n\tat java.base/jdk.internal.reflect.DelegatingMethodAccessorImpl.invoke(DelegatingMethodAccessorImpl.java:43)\n\tat java.base/java.lang.reflect.Method.invoke(Method.java:564)\n\tat org.testng.internal.MethodInvocationHelper.invokeMethod(MethodInvocationHelper.java:133)\n\tat org.testng.internal.MethodInvocationHelper.invokeMethodConsideringTimeout(MethodInvocationHelper.java:62)\n\tat org.testng.internal.ConfigInvoker.invokeConfigurationMethod(ConfigInvoker.java:385)\n\tat org.testng.internal.ConfigInvoker.invokeConfigurations(ConfigInvoker.java:321)\n\tat org.testng.internal.TestInvoker.runConfigMethods(TestInvoker.java:700)\n\tat org.testng.internal.TestInvoker.invokeMethod(TestInvoker.java:527)\n\tat org.testng.internal.TestInvoker.invokeTestMethod(TestInvoker.java:173)\n\tat org.testng.internal.MethodRunner.runInSequence(MethodRunner.java:46)\n\tat org.testng.internal.TestInvoker$MethodInvocationAgent.invoke(TestInvoker.java:824)\n\tat org.testng.internal.TestInvoker.invokeTestMethods(TestInvoker.java:146)\n\tat org.testng.internal.TestMethodWorker.invokeTestMethods(TestMethodWorker.java:146)\n\tat org.testng.internal.TestMethodWorker.run(TestMethodWorker.java:128)\n\tat java.base/java.util.ArrayList.forEach(ArrayList.java:1511)\n\tat org.testng.TestRunner.privateRun(TestRunner.java:794)\n\tat org.testng.TestRunner.run(TestRunner.java:596)\n\tat org.testng.SuiteRunner.runTest(SuiteRunner.java:377)\n\tat org.testng.SuiteRunner.runSequentially(SuiteRunner.java:371)\n\tat org.testng.SuiteRunner.privateRun(SuiteRunner.java:332)\n\tat org.testng.SuiteRunner.run(SuiteRunner.java:276)\n\tat org.testng.SuiteRunnerWorker.runSuite(SuiteRunnerWorker.java:53)\n\tat org.testng.SuiteRunnerWorker.run(SuiteRunnerWorker.java:96)\n\tat org.testng.TestNG.runSuitesSequentially(TestNG.java:1212)\n\tat org.testng.TestNG.runSuitesLocally(TestNG.java:1134)\n\tat org.testng.TestNG.runSuites(TestNG.java:1063)\n\tat org.testng.TestNG.run(TestNG.java:1031)\n\tat org.apache.maven.surefire.testng.TestNGExecutor.run(TestNGExecutor.java:136)\n\tat org.apache.maven.surefire.testng.TestNGDirectoryTestSuite.executeMulti(TestNGDirectoryTestSuite.java:193)\n\tat org.apache.maven.surefire.testng.TestNGDirectoryTestSuite.execute(TestNGDirectoryTestSuite.java:94)\n\tat org.apache.maven.surefire.testng.TestNGProvider.invoke(TestNGProvider.java:145)\n\tat org.apache.maven.surefire.booter.ForkedBooter.runSuitesInProcess(ForkedBooter.java:428)\n\tat org.apache.maven.surefire.booter.ForkedBooter.execute(ForkedBooter.java:162)\n\tat org.apache.maven.surefire.booter.ForkedBooter.run(ForkedBooter.java:562)\n\tat org.apache.maven.surefire.booter.ForkedBooter.main(ForkedBooter.java:548)\n",
    "steps" : [ ],
    "attachments" : [ {
      "uid" : "f8a0027ce2ee7f54",
      "name" : "Attachment: SHAFT Engine Logs - Current Method log: assertElementAttribute_false_literalComparison_expectedToFail",
      "source" : "f8a0027ce2ee7f54.txt",
      "type" : "text/plain",
      "size" : 474
    } ],
    "parameters" : [ ],
    "stepsCount" : 0,
    "attachmentsCount" : 1,
    "shouldDisplayMessage" : true,
    "hasContent" : true
  },
  "afterStages" : [ {
    "name" : "afterMethod",
    "time" : {
      "start" : 1617777273800,
      "stop" : 1617777273800,
      "duration" : 0
    },
    "description" : "",
    "status" : "broken",
    "steps" : [ ],
    "attachments" : [ ],
    "parameters" : [ ],
    "stepsCount" : 0,
    "attachmentsCount" : 0,
    "shouldDisplayMessage" : false,
    "hasContent" : false
  }, {
    "name" : "closureActivities",
    "time" : {
      "start" : 1617778194774,
      "stop" : 1617778194774,
      "duration" : 0
    },
    "description" : "",
    "status" : "broken",
    "statusMessage" : "class com.sun.proxy.$Proxy24 cannot be cast to class org.openqa.selenium.remote.RemoteWebDriver (com.sun.proxy.$Proxy24 and org.openqa.selenium.remote.RemoteWebDriver are in unnamed module of loader 'app')",
    "statusTrace" : "java.lang.ClassCastException: class com.sun.proxy.$Proxy24 cannot be cast to class org.openqa.selenium.remote.RemoteWebDriver (com.sun.proxy.$Proxy24 and org.openqa.selenium.remote.RemoteWebDriver are in unnamed module of loader 'app')\n\tat com.shaft.gui.browser.BrowserFactory.closeAllDrivers(BrowserFactory.java:155)\n\tat com.shaft.tools.io.LogsHelper.attachBrowserLogs(LogsHelper.java:32)\n\tat com.shaft.tools.io.LogsHelper.closureActivities(LogsHelper.java:15)\n\tat java.base/jdk.internal.reflect.NativeMethodAccessorImpl.invoke0(Native Method)\n\tat java.base/jdk.internal.reflect.NativeMethodAccessorImpl.invoke(NativeMethodAccessorImpl.java:64)\n\tat java.base/jdk.internal.reflect.DelegatingMethodAccessorImpl.invoke(DelegatingMethodAccessorImpl.java:43)\n\tat java.base/java.lang.reflect.Method.invoke(Method.java:564)\n\tat org.testng.internal.MethodInvocationHelper.invokeMethod(MethodInvocationHelper.java:133)\n\tat org.testng.internal.MethodInvocationHelper.invokeMethodConsideringTimeout(MethodInvocationHelper.java:62)\n\tat org.testng.internal.ConfigInvoker.invokeConfigurationMethod(ConfigInvoker.java:385)\n\tat org.testng.internal.ConfigInvoker.invokeConfigurations(ConfigInvoker.java:321)\n\tat org.testng.SuiteRunner.privateRun(SuiteRunner.java:344)\n\tat org.testng.SuiteRunner.run(SuiteRunner.java:276)\n\tat org.testng.SuiteRunnerWorker.runSuite(SuiteRunnerWorker.java:53)\n\tat org.testng.SuiteRunnerWorker.run(SuiteRunnerWorker.java:96)\n\tat org.testng.TestNG.runSuitesSequentially(TestNG.java:1212)\n\tat org.testng.TestNG.runSuitesLocally(TestNG.java:1134)\n\tat org.testng.TestNG.runSuites(TestNG.java:1063)\n\tat org.testng.TestNG.run(TestNG.java:1031)\n\tat org.apache.maven.surefire.testng.TestNGExecutor.run(TestNGExecutor.java:136)\n\tat org.apache.maven.surefire.testng.TestNGDirectoryTestSuite.executeMulti(TestNGDirectoryTestSuite.java:193)\n\tat org.apache.maven.surefire.testng.TestNGDirectoryTestSuite.execute(TestNGDirectoryTestSuite.java:94)\n\tat org.apache.maven.surefire.testng.TestNGProvider.invoke(TestNGProvider.java:145)\n\tat org.apache.maven.surefire.booter.ForkedBooter.runSuitesInProcess(ForkedBooter.java:428)\n\tat org.apache.maven.surefire.booter.ForkedBooter.execute(ForkedBooter.java:162)\n\tat org.apache.maven.surefire.booter.ForkedBooter.run(ForkedBooter.java:562)\n\tat org.apache.maven.surefire.booter.ForkedBooter.main(ForkedBooter.java:548)\n",
    "steps" : [ ],
    "attachments" : [ ],
    "parameters" : [ ],
    "stepsCount" : 0,
    "attachmentsCount" : 0,
    "shouldDisplayMessage" : true,
    "hasContent" : true
  } ],
  "labels" : [ {
    "name" : "package",
    "value" : "unitTests.tests_validations_assertions"
  }, {
    "name" : "testClass",
    "value" : "unitTests.tests_validations_assertions"
  }, {
    "name" : "testMethod",
    "value" : "assertElementAttribute_false_literalComparison_expectedToFail"
  }, {
    "name" : "parentSuite",
    "value" : "SHAFT_Engine: Custom Suite"
  }, {
    "name" : "suite",
    "value" : "SHAFT_Engine: Custom Test"
  }, {
    "name" : "subSuite",
    "value" : "unitTests.tests_validations_assertions"
  }, {
    "name" : "host",
    "value" : "fv-az266-944"
  }, {
    "name" : "thread",
    "value" : "4234@fv-az266-944.main(1)"
  }, {
    "name" : "framework",
    "value" : "testng"
  }, {
    "name" : "language",
    "value" : "java"
  }, {
    "name" : "resultFormat",
    "value" : "allure2"
  } ],
  "parameters" : [ ],
  "links" : [ ],
  "hidden" : false,
  "retry" : false,
  "extra" : {
    "severity" : "normal",
    "retries" : [ ],
    "categories" : [ ],
    "history" : {
      "statistic" : {
        "failed" : 0,
        "broken" : 0,
        "skipped" : 1,
        "passed" : 18,
        "unknown" : 0,
        "total" : 19
      },
      "items" : [ {
        "uid" : "6f29319f77b56ac",
        "reportUrl" : "https://MohabMohie.github.io/SHAFT_ENGINE/allure/365//#testresult/6f29319f77b56ac",
        "status" : "passed",
        "time" : {
          "start" : 1617758841241,
          "stop" : 1617758842951,
          "duration" : 1710
        }
      }, {
        "uid" : "c4ff94b1cadb6f6b",
        "reportUrl" : "https://MohabMohie.github.io/SHAFT_ENGINE/allure/364//#testresult/c4ff94b1cadb6f6b",
        "status" : "passed",
        "time" : {
          "start" : 1617730632747,
          "stop" : 1617730634481,
          "duration" : 1734
        }
      }, {
        "uid" : "2c260bd3e63df759",
        "reportUrl" : "https://MohabMohie.github.io/SHAFT_ENGINE/allure/363//#testresult/2c260bd3e63df759",
        "status" : "passed",
        "time" : {
          "start" : 1617730087641,
          "stop" : 1617730089444,
          "duration" : 1803
        }
      }, {
        "uid" : "69b27c35326035e1",
        "reportUrl" : "https://MohabMohie.github.io/SHAFT_ENGINE/allure/360//#testresult/69b27c35326035e1",
        "status" : "passed",
        "time" : {
          "start" : 1617672452385,
          "stop" : 1617672453916,
          "duration" : 1531
        }
      }, {
        "uid" : "61f3b30eaaaf6840",
        "reportUrl" : "https://MohabMohie.github.io/SHAFT_ENGINE/allure/359//#testresult/61f3b30eaaaf6840",
        "status" : "passed",
        "time" : {
          "start" : 1617586051383,
          "stop" : 1617586052710,
          "duration" : 1327
        }
      }, {
        "uid" : "47e4d0e5708a41a",
        "reportUrl" : "https://MohabMohie.github.io/SHAFT_ENGINE/allure/358//#testresult/47e4d0e5708a41a",
        "status" : "passed",
        "time" : {
          "start" : 1617499650105,
          "stop" : 1617499651422,
          "duration" : 1317
        }
      }, {
        "uid" : "1f918f84e3138a65",
        "reportUrl" : "https://MohabMohie.github.io/SHAFT_ENGINE/allure/357//#testresult/1f918f84e3138a65",
        "status" : "passed",
        "time" : {
          "start" : 1617413170253,
          "stop" : 1617413171602,
          "duration" : 1349
        }
      }, {
        "uid" : "8220d42132227d5",
        "reportUrl" : "https://MohabMohie.github.io/SHAFT_ENGINE/allure/356//#testresult/8220d42132227d5",
        "status" : "passed",
        "time" : {
          "start" : 1617347666400,
          "stop" : 1617347668230,
          "duration" : 1830
        }
      }, {
        "uid" : "ab8795d0a5beebae",
        "reportUrl" : "https://MohabMohie.github.io/SHAFT_ENGINE/allure/354//#testresult/ab8795d0a5beebae",
        "status" : "passed",
        "time" : {
          "start" : 1617326951134,
          "stop" : 1617326952827,
          "duration" : 1693
        }
      }, {
        "uid" : "fc7907ba8caf0857",
        "reportUrl" : "https://MohabMohie.github.io/SHAFT_ENGINE/allure/353//#testresult/fc7907ba8caf0857",
        "status" : "passed",
        "time" : {
          "start" : 1617262963299,
          "stop" : 1617262964651,
          "duration" : 1352
        }
      }, {
        "uid" : "a152109e3f6ace5c",
        "reportUrl" : "https://MohabMohie.github.io/SHAFT_ENGINE/allure/351//#testresult/a152109e3f6ace5c",
        "status" : "passed",
        "time" : {
          "start" : 1617240644819,
          "stop" : 1617240646631,
          "duration" : 1812
        }
      }, {
        "uid" : "34c27fdd80f36abb",
        "reportUrl" : "https://MohabMohie.github.io/SHAFT_ENGINE/allure/350//#testresult/34c27fdd80f36abb",
        "status" : "passed",
        "time" : {
          "start" : 1617154121156,
          "stop" : 1617154123054,
          "duration" : 1898
        }
      }, {
        "uid" : "c20524915a12a694",
        "reportUrl" : "https://MohabMohie.github.io/SHAFT_ENGINE/allure/349//#testresult/c20524915a12a694",
        "status" : "passed",
        "time" : {
          "start" : 1617098953682,
          "stop" : 1617098955440,
          "duration" : 1758
        }
      }, {
        "uid" : "724a5b60877cd531",
        "reportUrl" : "https://MohabMohie.github.io/SHAFT_ENGINE/allure/348//#testresult/724a5b60877cd531",
        "status" : "passed",
        "time" : {
          "start" : 1617091984138,
          "stop" : 1617091985582,
          "duration" : 1444
        }
      }, {
        "uid" : "5efcb029585a56fb",
        "reportUrl" : "https://MohabMohie.github.io/SHAFT_ENGINE/allure/347//#testresult/5efcb029585a56fb",
        "status" : "passed",
        "time" : {
          "start" : 1617089927915,
          "stop" : 1617089929396,
          "duration" : 1481
        }
      }, {
        "uid" : "8165234d61b8365b",
        "reportUrl" : "https://MohabMohie.github.io/SHAFT_ENGINE/allure/345//#testresult/8165234d61b8365b",
        "status" : "passed",
        "time" : {
          "start" : 1617088736126,
          "stop" : 1617088737721,
          "duration" : 1595
        }
      }, {
        "uid" : "1964cc9719d13479",
        "reportUrl" : "https://MohabMohie.github.io/SHAFT_ENGINE/allure/344//#testresult/1964cc9719d13479",
        "status" : "passed",
        "time" : {
          "start" : 1617087969171,
          "stop" : 1617087970660,
          "duration" : 1489
        }
      }, {
        "uid" : "88a6a5a6f6a3d4f9",
        "reportUrl" : "https://MohabMohie.github.io/SHAFT_ENGINE/allure/343//#testresult/88a6a5a6f6a3d4f9",
        "status" : "passed",
        "time" : {
          "start" : 1617087298033,
          "stop" : 1617087299533,
          "duration" : 1500
        }
      } ]
    },
    "tags" : [ ]
  },
  "source" : "b2557f35914c8369.json",
  "parameterValues" : [ ]
}