{
  "uid" : "d2ba09ef50455174",
  "name" : "assertEquals_longCharacters_Discreet",
  "fullName" : "unitTests.tests_validations_assertions.assertEquals_longCharacters_Discreet",
  "historyId" : "b7fc3abf80e9bbdd5097280c59543cd9",
  "time" : {
    "start" : 1617777273948,
    "stop" : 1617777273949,
    "duration" : 1
  },
  "status" : "skipped",
  "statusMessage" : "class com.sun.proxy.$Proxy24 cannot be cast to class org.openqa.selenium.remote.RemoteWebDriver (com.sun.proxy.$Proxy24 and org.openqa.selenium.remote.RemoteWebDriver are in unnamed module of loader 'app')",
  "statusTrace" : "java.lang.ClassCastException: class com.sun.proxy.$Proxy24 cannot be cast to class org.openqa.selenium.remote.RemoteWebDriver (com.sun.proxy.$Proxy24 and org.openqa.selenium.remote.RemoteWebDriver are in unnamed module of loader 'app')\n\tat com.shaft.gui.browser.BrowserFactory.createNewRemoteDriverInstance(BrowserFactory.java:552)\n\tat com.shaft.gui.browser.BrowserFactory.getBrowser(BrowserFactory.java:675)\n\tat com.shaft.gui.browser.BrowserFactory.getBrowser(BrowserFactory.java:105)\n\tat unitTests.tests_validations_assertions.beforeMethod(tests_validations_assertions.java:399)\n\tat java.base/jdk.internal.reflect.NativeMethodAccessorImpl.invoke0(Native Method)\n\tat java.base/jdk.internal.reflect.NativeMethodAccessorImpl.invoke(NativeMethodAccessorImpl.java:64)\n\tat java.base/jdk.internal.reflect.DelegatingMethodAccessorImpl.invoke(DelegatingMethodAccessorImpl.java:43)\n\tat java.base/java.lang.reflect.Method.invoke(Method.java:564)\n\tat org.testng.internal.MethodInvocationHelper.invokeMethod(MethodInvocationHelper.java:133)\n\tat org.testng.internal.MethodInvocationHelper.invokeMethodConsideringTimeout(MethodInvocationHelper.java:62)\n\tat org.testng.internal.ConfigInvoker.invokeConfigurationMethod(ConfigInvoker.java:385)\n\tat org.testng.internal.ConfigInvoker.invokeConfigurations(ConfigInvoker.java:321)\n\tat org.testng.internal.TestInvoker.runConfigMethods(TestInvoker.java:700)\n\tat org.testng.internal.TestInvoker.invokeMethod(TestInvoker.java:527)\n\tat org.testng.internal.TestInvoker.invokeTestMethod(TestInvoker.java:173)\n\tat org.testng.internal.MethodRunner.runInSequence(MethodRunner.java:46)\n\tat org.testng.internal.TestInvoker$MethodInvocationAgent.invoke(TestInvoker.java:824)\n\tat org.testng.internal.TestInvoker.invokeTestMethods(TestInvoker.java:146)\n\tat org.testng.internal.TestMethodWorker.invokeTestMethods(TestMethodWorker.java:146)\n\tat org.testng.internal.TestMethodWorker.run(TestMethodWorker.java:128)\n\tat java.base/java.util.ArrayList.forEach(ArrayList.java:1511)\n\tat org.testng.TestRunner.privateRun(TestRunner.java:794)\n\tat org.testng.TestRunner.run(TestRunner.java:596)\n\tat org.testng.SuiteRunner.runTest(SuiteRunner.java:377)\n\tat org.testng.SuiteRunner.runSequentially(SuiteRunner.java:371)\n\tat org.testng.SuiteRunner.privateRun(SuiteRunner.java:332)\n\tat org.testng.SuiteRunner.run(SuiteRunner.java:276)\n\tat org.testng.SuiteRunnerWorker.runSuite(SuiteRunnerWorker.java:53)\n\tat org.testng.SuiteRunnerWorker.run(SuiteRunnerWorker.java:96)\n\tat org.testng.TestNG.runSuitesSequentially(TestNG.java:1212)\n\tat org.testng.TestNG.runSuitesLocally(TestNG.java:1134)\n\tat org.testng.TestNG.runSuites(TestNG.java:1063)\n\tat org.testng.TestNG.run(TestNG.java:1031)\n\tat org.apache.maven.surefire.testng.TestNGExecutor.run(TestNGExecutor.java:136)\n\tat org.apache.maven.surefire.testng.TestNGDirectoryTestSuite.executeMulti(TestNGDirectoryTestSuite.java:193)\n\tat org.apache.maven.surefire.testng.TestNGDirectoryTestSuite.execute(TestNGDirectoryTestSuite.java:94)\n\tat org.apache.maven.surefire.testng.TestNGProvider.invoke(TestNGProvider.java:145)\n\tat org.apache.maven.surefire.booter.ForkedBooter.runSuitesInProcess(ForkedBooter.java:428)\n\tat org.apache.maven.surefire.booter.ForkedBooter.execute(ForkedBooter.java:162)\n\tat org.apache.maven.surefire.booter.ForkedBooter.run(ForkedBooter.java:562)\n\tat org.apache.maven.surefire.booter.ForkedBooter.main(ForkedBooter.java:548)\n",
  "flaky" : false,
  "newFailed" : false,
  "beforeStages" : [ ],
  "testStage" : {
    "status" : "skipped",
    "statusMessage" : "class com.sun.proxy.$Proxy24 cannot be cast to class org.openqa.selenium.remote.RemoteWebDriver (com.sun.proxy.$Proxy24 and org.openqa.selenium.remote.RemoteWebDriver are in unnamed module of loader 'app')",
    "statusTrace" : "java.lang.ClassCastException: class com.sun.proxy.$Proxy24 cannot be cast to class org.openqa.selenium.remote.RemoteWebDriver (com.sun.proxy.$Proxy24 and org.openqa.selenium.remote.RemoteWebDriver are in unnamed module of loader 'app')\n\tat com.shaft.gui.browser.BrowserFactory.createNewRemoteDriverInstance(BrowserFactory.java:552)\n\tat com.shaft.gui.browser.BrowserFactory.getBrowser(BrowserFactory.java:675)\n\tat com.shaft.gui.browser.BrowserFactory.getBrowser(BrowserFactory.java:105)\n\tat unitTests.tests_validations_assertions.beforeMethod(tests_validations_assertions.java:399)\n\tat java.base/jdk.internal.reflect.NativeMethodAccessorImpl.invoke0(Native Method)\n\tat java.base/jdk.internal.reflect.NativeMethodAccessorImpl.invoke(NativeMethodAccessorImpl.java:64)\n\tat java.base/jdk.internal.reflect.DelegatingMethodAccessorImpl.invoke(DelegatingMethodAccessorImpl.java:43)\n\tat java.base/java.lang.reflect.Method.invoke(Method.java:564)\n\tat org.testng.internal.MethodInvocationHelper.invokeMethod(MethodInvocationHelper.java:133)\n\tat org.testng.internal.MethodInvocationHelper.invokeMethodConsideringTimeout(MethodInvocationHelper.java:62)\n\tat org.testng.internal.ConfigInvoker.invokeConfigurationMethod(ConfigInvoker.java:385)\n\tat org.testng.internal.ConfigInvoker.invokeConfigurations(ConfigInvoker.java:321)\n\tat org.testng.internal.TestInvoker.runConfigMethods(TestInvoker.java:700)\n\tat org.testng.internal.TestInvoker.invokeMethod(TestInvoker.java:527)\n\tat org.testng.internal.TestInvoker.invokeTestMethod(TestInvoker.java:173)\n\tat org.testng.internal.MethodRunner.runInSequence(MethodRunner.java:46)\n\tat org.testng.internal.TestInvoker$MethodInvocationAgent.invoke(TestInvoker.java:824)\n\tat org.testng.internal.TestInvoker.invokeTestMethods(TestInvoker.java:146)\n\tat org.testng.internal.TestMethodWorker.invokeTestMethods(TestMethodWorker.java:146)\n\tat org.testng.internal.TestMethodWorker.run(TestMethodWorker.java:128)\n\tat java.base/java.util.ArrayList.forEach(ArrayList.java:1511)\n\tat org.testng.TestRunner.privateRun(TestRunner.java:794)\n\tat org.testng.TestRunner.run(TestRunner.java:596)\n\tat org.testng.SuiteRunner.runTest(SuiteRunner.java:377)\n\tat org.testng.SuiteRunner.runSequentially(SuiteRunner.java:371)\n\tat org.testng.SuiteRunner.privateRun(SuiteRunner.java:332)\n\tat org.testng.SuiteRunner.run(SuiteRunner.java:276)\n\tat org.testng.SuiteRunnerWorker.runSuite(SuiteRunnerWorker.java:53)\n\tat org.testng.SuiteRunnerWorker.run(SuiteRunnerWorker.java:96)\n\tat org.testng.TestNG.runSuitesSequentially(TestNG.java:1212)\n\tat org.testng.TestNG.runSuitesLocally(TestNG.java:1134)\n\tat org.testng.TestNG.runSuites(TestNG.java:1063)\n\tat org.testng.TestNG.run(TestNG.java:1031)\n\tat org.apache.maven.surefire.testng.TestNGExecutor.run(TestNGExecutor.java:136)\n\tat org.apache.maven.surefire.testng.TestNGDirectoryTestSuite.executeMulti(TestNGDirectoryTestSuite.java:193)\n\tat org.apache.maven.surefire.testng.TestNGDirectoryTestSuite.execute(TestNGDirectoryTestSuite.java:94)\n\tat org.apache.maven.surefire.testng.TestNGProvider.invoke(TestNGProvider.java:145)\n\tat org.apache.maven.surefire.booter.ForkedBooter.runSuitesInProcess(ForkedBooter.java:428)\n\tat org.apache.maven.surefire.booter.ForkedBooter.execute(ForkedBooter.java:162)\n\tat org.apache.maven.surefire.booter.ForkedBooter.run(ForkedBooter.java:562)\n\tat org.apache.maven.surefire.booter.ForkedBooter.main(ForkedBooter.java:548)\n",
    "steps" : [ ],
    "attachments" : [ {
      "uid" : "aab8b177626d1a7a",
      "name" : "Attachment: SHAFT Engine Logs - Current Method log: assertEquals_longCharacters_Discreet",
      "source" : "aab8b177626d1a7a.txt",
      "type" : "text/plain",
      "size" : 449
    } ],
    "parameters" : [ ],
    "stepsCount" : 0,
    "attachmentsCount" : 1,
    "shouldDisplayMessage" : true,
    "hasContent" : true
  },
  "afterStages" : [ {
    "name" : "closureActivities",
    "time" : {
      "start" : 1617778194774,
      "stop" : 1617778194774,
      "duration" : 0
    },
    "description" : "",
    "status" : "broken",
    "statusMessage" : "class com.sun.proxy.$Proxy24 cannot be cast to class org.openqa.selenium.remote.RemoteWebDriver (com.sun.proxy.$Proxy24 and org.openqa.selenium.remote.RemoteWebDriver are in unnamed module of loader 'app')",
    "statusTrace" : "java.lang.ClassCastException: class com.sun.proxy.$Proxy24 cannot be cast to class org.openqa.selenium.remote.RemoteWebDriver (com.sun.proxy.$Proxy24 and org.openqa.selenium.remote.RemoteWebDriver are in unnamed module of loader 'app')\n\tat com.shaft.gui.browser.BrowserFactory.closeAllDrivers(BrowserFactory.java:155)\n\tat com.shaft.tools.io.LogsHelper.attachBrowserLogs(LogsHelper.java:32)\n\tat com.shaft.tools.io.LogsHelper.closureActivities(LogsHelper.java:15)\n\tat java.base/jdk.internal.reflect.NativeMethodAccessorImpl.invoke0(Native Method)\n\tat java.base/jdk.internal.reflect.NativeMethodAccessorImpl.invoke(NativeMethodAccessorImpl.java:64)\n\tat java.base/jdk.internal.reflect.DelegatingMethodAccessorImpl.invoke(DelegatingMethodAccessorImpl.java:43)\n\tat java.base/java.lang.reflect.Method.invoke(Method.java:564)\n\tat org.testng.internal.MethodInvocationHelper.invokeMethod(MethodInvocationHelper.java:133)\n\tat org.testng.internal.MethodInvocationHelper.invokeMethodConsideringTimeout(MethodInvocationHelper.java:62)\n\tat org.testng.internal.ConfigInvoker.invokeConfigurationMethod(ConfigInvoker.java:385)\n\tat org.testng.internal.ConfigInvoker.invokeConfigurations(ConfigInvoker.java:321)\n\tat org.testng.SuiteRunner.privateRun(SuiteRunner.java:344)\n\tat org.testng.SuiteRunner.run(SuiteRunner.java:276)\n\tat org.testng.SuiteRunnerWorker.runSuite(SuiteRunnerWorker.java:53)\n\tat org.testng.SuiteRunnerWorker.run(SuiteRunnerWorker.java:96)\n\tat org.testng.TestNG.runSuitesSequentially(TestNG.java:1212)\n\tat org.testng.TestNG.runSuitesLocally(TestNG.java:1134)\n\tat org.testng.TestNG.runSuites(TestNG.java:1063)\n\tat org.testng.TestNG.run(TestNG.java:1031)\n\tat org.apache.maven.surefire.testng.TestNGExecutor.run(TestNGExecutor.java:136)\n\tat org.apache.maven.surefire.testng.TestNGDirectoryTestSuite.executeMulti(TestNGDirectoryTestSuite.java:193)\n\tat org.apache.maven.surefire.testng.TestNGDirectoryTestSuite.execute(TestNGDirectoryTestSuite.java:94)\n\tat org.apache.maven.surefire.testng.TestNGProvider.invoke(TestNGProvider.java:145)\n\tat org.apache.maven.surefire.booter.ForkedBooter.runSuitesInProcess(ForkedBooter.java:428)\n\tat org.apache.maven.surefire.booter.ForkedBooter.execute(ForkedBooter.java:162)\n\tat org.apache.maven.surefire.booter.ForkedBooter.run(ForkedBooter.java:562)\n\tat org.apache.maven.surefire.booter.ForkedBooter.main(ForkedBooter.java:548)\n",
    "steps" : [ ],
    "attachments" : [ ],
    "parameters" : [ ],
    "stepsCount" : 0,
    "attachmentsCount" : 0,
    "shouldDisplayMessage" : true,
    "hasContent" : true
  } ],
  "labels" : [ {
    "name" : "package",
    "value" : "unitTests.tests_validations_assertions"
  }, {
    "name" : "testClass",
    "value" : "unitTests.tests_validations_assertions"
  }, {
    "name" : "testMethod",
    "value" : "assertEquals_longCharacters_Discreet"
  }, {
    "name" : "parentSuite",
    "value" : "SHAFT_Engine: Custom Suite"
  }, {
    "name" : "suite",
    "value" : "SHAFT_Engine: Custom Test"
  }, {
    "name" : "subSuite",
    "value" : "unitTests.tests_validations_assertions"
  }, {
    "name" : "host",
    "value" : "fv-az266-944"
  }, {
    "name" : "thread",
    "value" : "4234@fv-az266-944.main(1)"
  }, {
    "name" : "framework",
    "value" : "testng"
  }, {
    "name" : "language",
    "value" : "java"
  }, {
    "name" : "resultFormat",
    "value" : "allure2"
  } ],
  "parameters" : [ ],
  "links" : [ ],
  "hidden" : false,
  "retry" : false,
  "extra" : {
    "severity" : "normal",
    "retries" : [ ],
    "categories" : [ ],
    "history" : {
      "statistic" : {
        "failed" : 0,
        "broken" : 0,
        "skipped" : 1,
        "passed" : 18,
        "unknown" : 0,
        "total" : 19
      },
      "items" : [ {
        "uid" : "74fec823e8fa50ca",
        "reportUrl" : "https://MohabMohie.github.io/SHAFT_ENGINE/allure/365//#testresult/74fec823e8fa50ca",
        "status" : "passed",
        "time" : {
          "start" : 1617758923833,
          "stop" : 1617758923833,
          "duration" : 0
        }
      }, {
        "uid" : "c7c28e567e505d75",
        "reportUrl" : "https://MohabMohie.github.io/SHAFT_ENGINE/allure/364//#testresult/c7c28e567e505d75",
        "status" : "passed",
        "time" : {
          "start" : 1617730711957,
          "stop" : 1617730711958,
          "duration" : 1
        }
      }, {
        "uid" : "a467fa649d88a572",
        "reportUrl" : "https://MohabMohie.github.io/SHAFT_ENGINE/allure/363//#testresult/a467fa649d88a572",
        "status" : "passed",
        "time" : {
          "start" : 1617730172708,
          "stop" : 1617730172709,
          "duration" : 1
        }
      }, {
        "uid" : "674486fd315cff2d",
        "reportUrl" : "https://MohabMohie.github.io/SHAFT_ENGINE/allure/360//#testresult/674486fd315cff2d",
        "status" : "passed",
        "time" : {
          "start" : 1617672544682,
          "stop" : 1617672544698,
          "duration" : 16
        }
      }, {
        "uid" : "be44257bb3531edd",
        "reportUrl" : "https://MohabMohie.github.io/SHAFT_ENGINE/allure/359//#testresult/be44257bb3531edd",
        "status" : "passed",
        "time" : {
          "start" : 1617586138278,
          "stop" : 1617586138279,
          "duration" : 1
        }
      }, {
        "uid" : "98776c252c73caef",
        "reportUrl" : "https://MohabMohie.github.io/SHAFT_ENGINE/allure/358//#testresult/98776c252c73caef",
        "status" : "passed",
        "time" : {
          "start" : 1617499736447,
          "stop" : 1617499736448,
          "duration" : 1
        }
      }, {
        "uid" : "ad53f0517a367082",
        "reportUrl" : "https://MohabMohie.github.io/SHAFT_ENGINE/allure/357//#testresult/ad53f0517a367082",
        "status" : "passed",
        "time" : {
          "start" : 1617413258149,
          "stop" : 1617413258150,
          "duration" : 1
        }
      }, {
        "uid" : "a1d737238329c735",
        "reportUrl" : "https://MohabMohie.github.io/SHAFT_ENGINE/allure/356//#testresult/a1d737238329c735",
        "status" : "passed",
        "time" : {
          "start" : 1617347762844,
          "stop" : 1617347762845,
          "duration" : 1
        }
      }, {
        "uid" : "b82e419d72b8d5f7",
        "reportUrl" : "https://MohabMohie.github.io/SHAFT_ENGINE/allure/354//#testresult/b82e419d72b8d5f7",
        "status" : "passed",
        "time" : {
          "start" : 1617327046311,
          "stop" : 1617327046312,
          "duration" : 1
        }
      }, {
        "uid" : "d0f0c7840294ec06",
        "reportUrl" : "https://MohabMohie.github.io/SHAFT_ENGINE/allure/353//#testresult/d0f0c7840294ec06",
        "status" : "passed",
        "time" : {
          "start" : 1617263052074,
          "stop" : 1617263052075,
          "duration" : 1
        }
      }, {
        "uid" : "bbf96d8c0fbcedb0",
        "reportUrl" : "https://MohabMohie.github.io/SHAFT_ENGINE/allure/351//#testresult/bbf96d8c0fbcedb0",
        "status" : "passed",
        "time" : {
          "start" : 1617240736417,
          "stop" : 1617240736418,
          "duration" : 1
        }
      }, {
        "uid" : "df16fdebd30587b4",
        "reportUrl" : "https://MohabMohie.github.io/SHAFT_ENGINE/allure/350//#testresult/df16fdebd30587b4",
        "status" : "passed",
        "time" : {
          "start" : 1617154219152,
          "stop" : 1617154219153,
          "duration" : 1
        }
      }, {
        "uid" : "1a7aed6a2c21df96",
        "reportUrl" : "https://MohabMohie.github.io/SHAFT_ENGINE/allure/349//#testresult/1a7aed6a2c21df96",
        "status" : "passed",
        "time" : {
          "start" : 1617099047424,
          "stop" : 1617099047425,
          "duration" : 1
        }
      }, {
        "uid" : "e9363dc0cfb26775",
        "reportUrl" : "https://MohabMohie.github.io/SHAFT_ENGINE/allure/348//#testresult/e9363dc0cfb26775",
        "status" : "passed",
        "time" : {
          "start" : 1617092074858,
          "stop" : 1617092074860,
          "duration" : 2
        }
      }, {
        "uid" : "7f30ef43984c6dde",
        "reportUrl" : "https://MohabMohie.github.io/SHAFT_ENGINE/allure/347//#testresult/7f30ef43984c6dde",
        "status" : "passed",
        "time" : {
          "start" : 1617090017730,
          "stop" : 1617090017731,
          "duration" : 1
        }
      }, {
        "uid" : "757d5d6dda6400ef",
        "reportUrl" : "https://MohabMohie.github.io/SHAFT_ENGINE/allure/345//#testresult/757d5d6dda6400ef",
        "status" : "passed",
        "time" : {
          "start" : 1617088827176,
          "stop" : 1617088827177,
          "duration" : 1
        }
      }, {
        "uid" : "80d3070060ec2e9e",
        "reportUrl" : "https://MohabMohie.github.io/SHAFT_ENGINE/allure/344//#testresult/80d3070060ec2e9e",
        "status" : "passed",
        "time" : {
          "start" : 1617088056216,
          "stop" : 1617088056217,
          "duration" : 1
        }
      }, {
        "uid" : "6a92f3dab9d01d09",
        "reportUrl" : "https://MohabMohie.github.io/SHAFT_ENGINE/allure/343//#testresult/6a92f3dab9d01d09",
        "status" : "passed",
        "time" : {
          "start" : 1617087389374,
          "stop" : 1617087389374,
          "duration" : 0
        }
      } ]
    },
    "tags" : [ ]
  },
  "source" : "d2ba09ef50455174.json",
  "parameterValues" : [ ]
}