{
  "uid" : "d77c39f4c7662f05",
  "name" : "assertElementExists_false_multipleElementsFound_expectedToFail",
  "fullName" : "unitTests.tests_validations_assertions.assertElementExists_false_multipleElementsFound_expectedToFail",
  "historyId" : "5aeeb05dac2ac013bdebccaa0aaf698e",
  "time" : {
    "start" : 1617777273884,
    "stop" : 1617777273887,
    "duration" : 3
  },
  "status" : "skipped",
  "statusMessage" : "class com.sun.proxy.$Proxy24 cannot be cast to class org.openqa.selenium.remote.RemoteWebDriver (com.sun.proxy.$Proxy24 and org.openqa.selenium.remote.RemoteWebDriver are in unnamed module of loader 'app')",
  "statusTrace" : "java.lang.ClassCastException: class com.sun.proxy.$Proxy24 cannot be cast to class org.openqa.selenium.remote.RemoteWebDriver (com.sun.proxy.$Proxy24 and org.openqa.selenium.remote.RemoteWebDriver are in unnamed module of loader 'app')\n\tat com.shaft.gui.browser.BrowserFactory.createNewRemoteDriverInstance(BrowserFactory.java:552)\n\tat com.shaft.gui.browser.BrowserFactory.getBrowser(BrowserFactory.java:675)\n\tat com.shaft.gui.browser.BrowserFactory.getBrowser(BrowserFactory.java:105)\n\tat unitTests.tests_validations_assertions.beforeMethod(tests_validations_assertions.java:399)\n\tat java.base/jdk.internal.reflect.NativeMethodAccessorImpl.invoke0(Native Method)\n\tat java.base/jdk.internal.reflect.NativeMethodAccessorImpl.invoke(NativeMethodAccessorImpl.java:64)\n\tat java.base/jdk.internal.reflect.DelegatingMethodAccessorImpl.invoke(DelegatingMethodAccessorImpl.java:43)\n\tat java.base/java.lang.reflect.Method.invoke(Method.java:564)\n\tat org.testng.internal.MethodInvocationHelper.invokeMethod(MethodInvocationHelper.java:133)\n\tat org.testng.internal.MethodInvocationHelper.invokeMethodConsideringTimeout(MethodInvocationHelper.java:62)\n\tat org.testng.internal.ConfigInvoker.invokeConfigurationMethod(ConfigInvoker.java:385)\n\tat org.testng.internal.ConfigInvoker.invokeConfigurations(ConfigInvoker.java:321)\n\tat org.testng.internal.TestInvoker.runConfigMethods(TestInvoker.java:700)\n\tat org.testng.internal.TestInvoker.invokeMethod(TestInvoker.java:527)\n\tat org.testng.internal.TestInvoker.invokeTestMethod(TestInvoker.java:173)\n\tat org.testng.internal.MethodRunner.runInSequence(MethodRunner.java:46)\n\tat org.testng.internal.TestInvoker$MethodInvocationAgent.invoke(TestInvoker.java:824)\n\tat org.testng.internal.TestInvoker.invokeTestMethods(TestInvoker.java:146)\n\tat org.testng.internal.TestMethodWorker.invokeTestMethods(TestMethodWorker.java:146)\n\tat org.testng.internal.TestMethodWorker.run(TestMethodWorker.java:128)\n\tat java.base/java.util.ArrayList.forEach(ArrayList.java:1511)\n\tat org.testng.TestRunner.privateRun(TestRunner.java:794)\n\tat org.testng.TestRunner.run(TestRunner.java:596)\n\tat org.testng.SuiteRunner.runTest(SuiteRunner.java:377)\n\tat org.testng.SuiteRunner.runSequentially(SuiteRunner.java:371)\n\tat org.testng.SuiteRunner.privateRun(SuiteRunner.java:332)\n\tat org.testng.SuiteRunner.run(SuiteRunner.java:276)\n\tat org.testng.SuiteRunnerWorker.runSuite(SuiteRunnerWorker.java:53)\n\tat org.testng.SuiteRunnerWorker.run(SuiteRunnerWorker.java:96)\n\tat org.testng.TestNG.runSuitesSequentially(TestNG.java:1212)\n\tat org.testng.TestNG.runSuitesLocally(TestNG.java:1134)\n\tat org.testng.TestNG.runSuites(TestNG.java:1063)\n\tat org.testng.TestNG.run(TestNG.java:1031)\n\tat org.apache.maven.surefire.testng.TestNGExecutor.run(TestNGExecutor.java:136)\n\tat org.apache.maven.surefire.testng.TestNGDirectoryTestSuite.executeMulti(TestNGDirectoryTestSuite.java:193)\n\tat org.apache.maven.surefire.testng.TestNGDirectoryTestSuite.execute(TestNGDirectoryTestSuite.java:94)\n\tat org.apache.maven.surefire.testng.TestNGProvider.invoke(TestNGProvider.java:145)\n\tat org.apache.maven.surefire.booter.ForkedBooter.runSuitesInProcess(ForkedBooter.java:428)\n\tat org.apache.maven.surefire.booter.ForkedBooter.execute(ForkedBooter.java:162)\n\tat org.apache.maven.surefire.booter.ForkedBooter.run(ForkedBooter.java:562)\n\tat org.apache.maven.surefire.booter.ForkedBooter.main(ForkedBooter.java:548)\n",
  "flaky" : false,
  "newFailed" : false,
  "beforeStages" : [ {
    "name" : "beforeMethod",
    "time" : {
      "start" : 1617777273882,
      "stop" : 1617777273882,
      "duration" : 0
    },
    "description" : "",
    "status" : "broken",
    "steps" : [ ],
    "attachments" : [ ],
    "parameters" : [ ],
    "stepsCount" : 0,
    "attachmentsCount" : 0,
    "shouldDisplayMessage" : false,
    "hasContent" : false
  } ],
  "testStage" : {
    "status" : "skipped",
    "statusMessage" : "class com.sun.proxy.$Proxy24 cannot be cast to class org.openqa.selenium.remote.RemoteWebDriver (com.sun.proxy.$Proxy24 and org.openqa.selenium.remote.RemoteWebDriver are in unnamed module of loader 'app')",
    "statusTrace" : "java.lang.ClassCastException: class com.sun.proxy.$Proxy24 cannot be cast to class org.openqa.selenium.remote.RemoteWebDriver (com.sun.proxy.$Proxy24 and org.openqa.selenium.remote.RemoteWebDriver are in unnamed module of loader 'app')\n\tat com.shaft.gui.browser.BrowserFactory.createNewRemoteDriverInstance(BrowserFactory.java:552)\n\tat com.shaft.gui.browser.BrowserFactory.getBrowser(BrowserFactory.java:675)\n\tat com.shaft.gui.browser.BrowserFactory.getBrowser(BrowserFactory.java:105)\n\tat unitTests.tests_validations_assertions.beforeMethod(tests_validations_assertions.java:399)\n\tat java.base/jdk.internal.reflect.NativeMethodAccessorImpl.invoke0(Native Method)\n\tat java.base/jdk.internal.reflect.NativeMethodAccessorImpl.invoke(NativeMethodAccessorImpl.java:64)\n\tat java.base/jdk.internal.reflect.DelegatingMethodAccessorImpl.invoke(DelegatingMethodAccessorImpl.java:43)\n\tat java.base/java.lang.reflect.Method.invoke(Method.java:564)\n\tat org.testng.internal.MethodInvocationHelper.invokeMethod(MethodInvocationHelper.java:133)\n\tat org.testng.internal.MethodInvocationHelper.invokeMethodConsideringTimeout(MethodInvocationHelper.java:62)\n\tat org.testng.internal.ConfigInvoker.invokeConfigurationMethod(ConfigInvoker.java:385)\n\tat org.testng.internal.ConfigInvoker.invokeConfigurations(ConfigInvoker.java:321)\n\tat org.testng.internal.TestInvoker.runConfigMethods(TestInvoker.java:700)\n\tat org.testng.internal.TestInvoker.invokeMethod(TestInvoker.java:527)\n\tat org.testng.internal.TestInvoker.invokeTestMethod(TestInvoker.java:173)\n\tat org.testng.internal.MethodRunner.runInSequence(MethodRunner.java:46)\n\tat org.testng.internal.TestInvoker$MethodInvocationAgent.invoke(TestInvoker.java:824)\n\tat org.testng.internal.TestInvoker.invokeTestMethods(TestInvoker.java:146)\n\tat org.testng.internal.TestMethodWorker.invokeTestMethods(TestMethodWorker.java:146)\n\tat org.testng.internal.TestMethodWorker.run(TestMethodWorker.java:128)\n\tat java.base/java.util.ArrayList.forEach(ArrayList.java:1511)\n\tat org.testng.TestRunner.privateRun(TestRunner.java:794)\n\tat org.testng.TestRunner.run(TestRunner.java:596)\n\tat org.testng.SuiteRunner.runTest(SuiteRunner.java:377)\n\tat org.testng.SuiteRunner.runSequentially(SuiteRunner.java:371)\n\tat org.testng.SuiteRunner.privateRun(SuiteRunner.java:332)\n\tat org.testng.SuiteRunner.run(SuiteRunner.java:276)\n\tat org.testng.SuiteRunnerWorker.runSuite(SuiteRunnerWorker.java:53)\n\tat org.testng.SuiteRunnerWorker.run(SuiteRunnerWorker.java:96)\n\tat org.testng.TestNG.runSuitesSequentially(TestNG.java:1212)\n\tat org.testng.TestNG.runSuitesLocally(TestNG.java:1134)\n\tat org.testng.TestNG.runSuites(TestNG.java:1063)\n\tat org.testng.TestNG.run(TestNG.java:1031)\n\tat org.apache.maven.surefire.testng.TestNGExecutor.run(TestNGExecutor.java:136)\n\tat org.apache.maven.surefire.testng.TestNGDirectoryTestSuite.executeMulti(TestNGDirectoryTestSuite.java:193)\n\tat org.apache.maven.surefire.testng.TestNGDirectoryTestSuite.execute(TestNGDirectoryTestSuite.java:94)\n\tat org.apache.maven.surefire.testng.TestNGProvider.invoke(TestNGProvider.java:145)\n\tat org.apache.maven.surefire.booter.ForkedBooter.runSuitesInProcess(ForkedBooter.java:428)\n\tat org.apache.maven.surefire.booter.ForkedBooter.execute(ForkedBooter.java:162)\n\tat org.apache.maven.surefire.booter.ForkedBooter.run(ForkedBooter.java:562)\n\tat org.apache.maven.surefire.booter.ForkedBooter.main(ForkedBooter.java:548)\n",
    "steps" : [ ],
    "attachments" : [ {
      "uid" : "971d8acd01dd839a",
      "name" : "Attachment: SHAFT Engine Logs - Current Method log: assertElementExists_false_multipleElementsFound_expectedToFail",
      "source" : "971d8acd01dd839a.txt",
      "type" : "text/plain",
      "size" : 475
    } ],
    "parameters" : [ ],
    "stepsCount" : 0,
    "attachmentsCount" : 1,
    "shouldDisplayMessage" : true,
    "hasContent" : true
  },
  "afterStages" : [ {
    "name" : "afterMethod",
    "time" : {
      "start" : 1617777273889,
      "stop" : 1617777273889,
      "duration" : 0
    },
    "description" : "",
    "status" : "broken",
    "steps" : [ ],
    "attachments" : [ ],
    "parameters" : [ ],
    "stepsCount" : 0,
    "attachmentsCount" : 0,
    "shouldDisplayMessage" : false,
    "hasContent" : false
  }, {
    "name" : "closureActivities",
    "time" : {
      "start" : 1617778194774,
      "stop" : 1617778194774,
      "duration" : 0
    },
    "description" : "",
    "status" : "broken",
    "statusMessage" : "class com.sun.proxy.$Proxy24 cannot be cast to class org.openqa.selenium.remote.RemoteWebDriver (com.sun.proxy.$Proxy24 and org.openqa.selenium.remote.RemoteWebDriver are in unnamed module of loader 'app')",
    "statusTrace" : "java.lang.ClassCastException: class com.sun.proxy.$Proxy24 cannot be cast to class org.openqa.selenium.remote.RemoteWebDriver (com.sun.proxy.$Proxy24 and org.openqa.selenium.remote.RemoteWebDriver are in unnamed module of loader 'app')\n\tat com.shaft.gui.browser.BrowserFactory.closeAllDrivers(BrowserFactory.java:155)\n\tat com.shaft.tools.io.LogsHelper.attachBrowserLogs(LogsHelper.java:32)\n\tat com.shaft.tools.io.LogsHelper.closureActivities(LogsHelper.java:15)\n\tat java.base/jdk.internal.reflect.NativeMethodAccessorImpl.invoke0(Native Method)\n\tat java.base/jdk.internal.reflect.NativeMethodAccessorImpl.invoke(NativeMethodAccessorImpl.java:64)\n\tat java.base/jdk.internal.reflect.DelegatingMethodAccessorImpl.invoke(DelegatingMethodAccessorImpl.java:43)\n\tat java.base/java.lang.reflect.Method.invoke(Method.java:564)\n\tat org.testng.internal.MethodInvocationHelper.invokeMethod(MethodInvocationHelper.java:133)\n\tat org.testng.internal.MethodInvocationHelper.invokeMethodConsideringTimeout(MethodInvocationHelper.java:62)\n\tat org.testng.internal.ConfigInvoker.invokeConfigurationMethod(ConfigInvoker.java:385)\n\tat org.testng.internal.ConfigInvoker.invokeConfigurations(ConfigInvoker.java:321)\n\tat org.testng.SuiteRunner.privateRun(SuiteRunner.java:344)\n\tat org.testng.SuiteRunner.run(SuiteRunner.java:276)\n\tat org.testng.SuiteRunnerWorker.runSuite(SuiteRunnerWorker.java:53)\n\tat org.testng.SuiteRunnerWorker.run(SuiteRunnerWorker.java:96)\n\tat org.testng.TestNG.runSuitesSequentially(TestNG.java:1212)\n\tat org.testng.TestNG.runSuitesLocally(TestNG.java:1134)\n\tat org.testng.TestNG.runSuites(TestNG.java:1063)\n\tat org.testng.TestNG.run(TestNG.java:1031)\n\tat org.apache.maven.surefire.testng.TestNGExecutor.run(TestNGExecutor.java:136)\n\tat org.apache.maven.surefire.testng.TestNGDirectoryTestSuite.executeMulti(TestNGDirectoryTestSuite.java:193)\n\tat org.apache.maven.surefire.testng.TestNGDirectoryTestSuite.execute(TestNGDirectoryTestSuite.java:94)\n\tat org.apache.maven.surefire.testng.TestNGProvider.invoke(TestNGProvider.java:145)\n\tat org.apache.maven.surefire.booter.ForkedBooter.runSuitesInProcess(ForkedBooter.java:428)\n\tat org.apache.maven.surefire.booter.ForkedBooter.execute(ForkedBooter.java:162)\n\tat org.apache.maven.surefire.booter.ForkedBooter.run(ForkedBooter.java:562)\n\tat org.apache.maven.surefire.booter.ForkedBooter.main(ForkedBooter.java:548)\n",
    "steps" : [ ],
    "attachments" : [ ],
    "parameters" : [ ],
    "stepsCount" : 0,
    "attachmentsCount" : 0,
    "shouldDisplayMessage" : true,
    "hasContent" : true
  } ],
  "labels" : [ {
    "name" : "package",
    "value" : "unitTests.tests_validations_assertions"
  }, {
    "name" : "testClass",
    "value" : "unitTests.tests_validations_assertions"
  }, {
    "name" : "testMethod",
    "value" : "assertElementExists_false_multipleElementsFound_expectedToFail"
  }, {
    "name" : "parentSuite",
    "value" : "SHAFT_Engine: Custom Suite"
  }, {
    "name" : "suite",
    "value" : "SHAFT_Engine: Custom Test"
  }, {
    "name" : "subSuite",
    "value" : "unitTests.tests_validations_assertions"
  }, {
    "name" : "host",
    "value" : "fv-az266-944"
  }, {
    "name" : "thread",
    "value" : "4234@fv-az266-944.main(1)"
  }, {
    "name" : "framework",
    "value" : "testng"
  }, {
    "name" : "language",
    "value" : "java"
  }, {
    "name" : "resultFormat",
    "value" : "allure2"
  } ],
  "parameters" : [ ],
  "links" : [ ],
  "hidden" : false,
  "retry" : false,
  "extra" : {
    "severity" : "normal",
    "retries" : [ ],
    "categories" : [ ],
    "history" : {
      "statistic" : {
        "failed" : 0,
        "broken" : 0,
        "skipped" : 1,
        "passed" : 18,
        "unknown" : 0,
        "total" : 19
      },
      "items" : [ {
        "uid" : "2c810e8f3dd30105",
        "reportUrl" : "https://MohabMohie.github.io/SHAFT_ENGINE/allure/365//#testresult/2c810e8f3dd30105",
        "status" : "passed",
        "time" : {
          "start" : 1617758887884,
          "stop" : 1617758888164,
          "duration" : 280
        }
      }, {
        "uid" : "caf23b916e30304e",
        "reportUrl" : "https://MohabMohie.github.io/SHAFT_ENGINE/allure/364//#testresult/caf23b916e30304e",
        "status" : "passed",
        "time" : {
          "start" : 1617730676573,
          "stop" : 1617730676797,
          "duration" : 224
        }
      }, {
        "uid" : "410b342b90e350a5",
        "reportUrl" : "https://MohabMohie.github.io/SHAFT_ENGINE/allure/363//#testresult/410b342b90e350a5",
        "status" : "passed",
        "time" : {
          "start" : 1617730136370,
          "stop" : 1617730136662,
          "duration" : 292
        }
      }, {
        "uid" : "72480bc7303ec345",
        "reportUrl" : "https://MohabMohie.github.io/SHAFT_ENGINE/allure/360//#testresult/72480bc7303ec345",
        "status" : "passed",
        "time" : {
          "start" : 1617672508558,
          "stop" : 1617672508829,
          "duration" : 271
        }
      }, {
        "uid" : "89a9bd3eeb8ffda3",
        "reportUrl" : "https://MohabMohie.github.io/SHAFT_ENGINE/allure/359//#testresult/89a9bd3eeb8ffda3",
        "status" : "passed",
        "time" : {
          "start" : 1617586102839,
          "stop" : 1617586103067,
          "duration" : 228
        }
      }, {
        "uid" : "d82a9a93013fa639",
        "reportUrl" : "https://MohabMohie.github.io/SHAFT_ENGINE/allure/358//#testresult/d82a9a93013fa639",
        "status" : "passed",
        "time" : {
          "start" : 1617499701096,
          "stop" : 1617499701300,
          "duration" : 204
        }
      }, {
        "uid" : "33d46f6ff2e884b3",
        "reportUrl" : "https://MohabMohie.github.io/SHAFT_ENGINE/allure/357//#testresult/33d46f6ff2e884b3",
        "status" : "passed",
        "time" : {
          "start" : 1617413222586,
          "stop" : 1617413222820,
          "duration" : 234
        }
      }, {
        "uid" : "e0493d51a5d081f2",
        "reportUrl" : "https://MohabMohie.github.io/SHAFT_ENGINE/allure/356//#testresult/e0493d51a5d081f2",
        "status" : "passed",
        "time" : {
          "start" : 1617347726564,
          "stop" : 1617347726835,
          "duration" : 271
        }
      }, {
        "uid" : "420cfd1f6672171e",
        "reportUrl" : "https://MohabMohie.github.io/SHAFT_ENGINE/allure/354//#testresult/420cfd1f6672171e",
        "status" : "passed",
        "time" : {
          "start" : 1617327010159,
          "stop" : 1617327010429,
          "duration" : 270
        }
      }, {
        "uid" : "efa0dd0c882700fb",
        "reportUrl" : "https://MohabMohie.github.io/SHAFT_ENGINE/allure/353//#testresult/efa0dd0c882700fb",
        "status" : "passed",
        "time" : {
          "start" : 1617263016552,
          "stop" : 1617263016761,
          "duration" : 209
        }
      }, {
        "uid" : "938582f1e2fc46c3",
        "reportUrl" : "https://MohabMohie.github.io/SHAFT_ENGINE/allure/351//#testresult/938582f1e2fc46c3",
        "status" : "passed",
        "time" : {
          "start" : 1617240700728,
          "stop" : 1617240700955,
          "duration" : 227
        }
      }, {
        "uid" : "924f1f6ed1299c6b",
        "reportUrl" : "https://MohabMohie.github.io/SHAFT_ENGINE/allure/350//#testresult/924f1f6ed1299c6b",
        "status" : "passed",
        "time" : {
          "start" : 1617154182421,
          "stop" : 1617154182683,
          "duration" : 262
        }
      }, {
        "uid" : "906fc81683e57b4f",
        "reportUrl" : "https://MohabMohie.github.io/SHAFT_ENGINE/allure/349//#testresult/906fc81683e57b4f",
        "status" : "passed",
        "time" : {
          "start" : 1617099011375,
          "stop" : 1617099011619,
          "duration" : 244
        }
      }, {
        "uid" : "acb9dc7c79cf03c5",
        "reportUrl" : "https://MohabMohie.github.io/SHAFT_ENGINE/allure/348//#testresult/acb9dc7c79cf03c5",
        "status" : "passed",
        "time" : {
          "start" : 1617092039176,
          "stop" : 1617092039398,
          "duration" : 222
        }
      }, {
        "uid" : "c620370c629e0bc3",
        "reportUrl" : "https://MohabMohie.github.io/SHAFT_ENGINE/allure/347//#testresult/c620370c629e0bc3",
        "status" : "passed",
        "time" : {
          "start" : 1617089982068,
          "stop" : 1617089982310,
          "duration" : 242
        }
      }, {
        "uid" : "f9d02a1193ea6d75",
        "reportUrl" : "https://MohabMohie.github.io/SHAFT_ENGINE/allure/345//#testresult/f9d02a1193ea6d75",
        "status" : "passed",
        "time" : {
          "start" : 1617088791449,
          "stop" : 1617088791709,
          "duration" : 260
        }
      }, {
        "uid" : "ac5ced0619d86ccb",
        "reportUrl" : "https://MohabMohie.github.io/SHAFT_ENGINE/allure/344//#testresult/ac5ced0619d86ccb",
        "status" : "passed",
        "time" : {
          "start" : 1617088021139,
          "stop" : 1617088021354,
          "duration" : 215
        }
      }, {
        "uid" : "f2d09c5af22e3364",
        "reportUrl" : "https://MohabMohie.github.io/SHAFT_ENGINE/allure/343//#testresult/f2d09c5af22e3364",
        "status" : "passed",
        "time" : {
          "start" : 1617087353311,
          "stop" : 1617087353541,
          "duration" : 230
        }
      } ]
    },
    "tags" : [ ]
  },
  "source" : "d77c39f4c7662f05.json",
  "parameterValues" : [ ]
}