{
  "uid" : "db436b88228aac6d",
  "name" : "closureActivities",
  "fullName" : "com.shaft.tools.io.LogsHelper.closureActivities",
  "historyId" : "6ffd340cd70cec2b6f2ff834a2c3c74f",
  "time" : {
    "start" : 1617778194779,
    "stop" : 1617778194782,
    "duration" : 3
  },
  "status" : "broken",
  "statusMessage" : "class com.sun.proxy.$Proxy24 cannot be cast to class org.openqa.selenium.remote.RemoteWebDriver (com.sun.proxy.$Proxy24 and org.openqa.selenium.remote.RemoteWebDriver are in unnamed module of loader 'app')",
  "statusTrace" : "java.lang.ClassCastException: class com.sun.proxy.$Proxy24 cannot be cast to class org.openqa.selenium.remote.RemoteWebDriver (com.sun.proxy.$Proxy24 and org.openqa.selenium.remote.RemoteWebDriver are in unnamed module of loader 'app')\n\tat com.shaft.gui.browser.BrowserFactory.closeAllDrivers(BrowserFactory.java:155)\n\tat com.shaft.tools.io.LogsHelper.attachBrowserLogs(LogsHelper.java:32)\n\tat com.shaft.tools.io.LogsHelper.closureActivities(LogsHelper.java:15)\n\tat java.base/jdk.internal.reflect.NativeMethodAccessorImpl.invoke0(Native Method)\n\tat java.base/jdk.internal.reflect.NativeMethodAccessorImpl.invoke(NativeMethodAccessorImpl.java:64)\n\tat java.base/jdk.internal.reflect.DelegatingMethodAccessorImpl.invoke(DelegatingMethodAccessorImpl.java:43)\n\tat java.base/java.lang.reflect.Method.invoke(Method.java:564)\n\tat org.testng.internal.MethodInvocationHelper.invokeMethod(MethodInvocationHelper.java:133)\n\tat org.testng.internal.MethodInvocationHelper.invokeMethodConsideringTimeout(MethodInvocationHelper.java:62)\n\tat org.testng.internal.ConfigInvoker.invokeConfigurationMethod(ConfigInvoker.java:385)\n\tat org.testng.internal.ConfigInvoker.invokeConfigurations(ConfigInvoker.java:321)\n\tat org.testng.SuiteRunner.privateRun(SuiteRunner.java:344)\n\tat org.testng.SuiteRunner.run(SuiteRunner.java:276)\n\tat org.testng.SuiteRunnerWorker.runSuite(SuiteRunnerWorker.java:53)\n\tat org.testng.SuiteRunnerWorker.run(SuiteRunnerWorker.java:96)\n\tat org.testng.TestNG.runSuitesSequentially(TestNG.java:1212)\n\tat org.testng.TestNG.runSuitesLocally(TestNG.java:1134)\n\tat org.testng.TestNG.runSuites(TestNG.java:1063)\n\tat org.testng.TestNG.run(TestNG.java:1031)\n\tat org.apache.maven.surefire.testng.TestNGExecutor.run(TestNGExecutor.java:136)\n\tat org.apache.maven.surefire.testng.TestNGDirectoryTestSuite.executeMulti(TestNGDirectoryTestSuite.java:193)\n\tat org.apache.maven.surefire.testng.TestNGDirectoryTestSuite.execute(TestNGDirectoryTestSuite.java:94)\n\tat org.apache.maven.surefire.testng.TestNGProvider.invoke(TestNGProvider.java:145)\n\tat org.apache.maven.surefire.booter.ForkedBooter.runSuitesInProcess(ForkedBooter.java:428)\n\tat org.apache.maven.surefire.booter.ForkedBooter.execute(ForkedBooter.java:162)\n\tat org.apache.maven.surefire.booter.ForkedBooter.run(ForkedBooter.java:562)\n\tat org.apache.maven.surefire.booter.ForkedBooter.main(ForkedBooter.java:548)\n",
  "flaky" : false,
  "newFailed" : false,
  "beforeStages" : [ ],
  "afterStages" : [ {
    "name" : "closureActivities",
    "time" : {
      "start" : 1617778194774,
      "stop" : 1617778194774,
      "duration" : 0
    },
    "description" : "",
    "status" : "broken",
    "statusMessage" : "class com.sun.proxy.$Proxy24 cannot be cast to class org.openqa.selenium.remote.RemoteWebDriver (com.sun.proxy.$Proxy24 and org.openqa.selenium.remote.RemoteWebDriver are in unnamed module of loader 'app')",
    "statusTrace" : "java.lang.ClassCastException: class com.sun.proxy.$Proxy24 cannot be cast to class org.openqa.selenium.remote.RemoteWebDriver (com.sun.proxy.$Proxy24 and org.openqa.selenium.remote.RemoteWebDriver are in unnamed module of loader 'app')\n\tat com.shaft.gui.browser.BrowserFactory.closeAllDrivers(BrowserFactory.java:155)\n\tat com.shaft.tools.io.LogsHelper.attachBrowserLogs(LogsHelper.java:32)\n\tat com.shaft.tools.io.LogsHelper.closureActivities(LogsHelper.java:15)\n\tat java.base/jdk.internal.reflect.NativeMethodAccessorImpl.invoke0(Native Method)\n\tat java.base/jdk.internal.reflect.NativeMethodAccessorImpl.invoke(NativeMethodAccessorImpl.java:64)\n\tat java.base/jdk.internal.reflect.DelegatingMethodAccessorImpl.invoke(DelegatingMethodAccessorImpl.java:43)\n\tat java.base/java.lang.reflect.Method.invoke(Method.java:564)\n\tat org.testng.internal.MethodInvocationHelper.invokeMethod(MethodInvocationHelper.java:133)\n\tat org.testng.internal.MethodInvocationHelper.invokeMethodConsideringTimeout(MethodInvocationHelper.java:62)\n\tat org.testng.internal.ConfigInvoker.invokeConfigurationMethod(ConfigInvoker.java:385)\n\tat org.testng.internal.ConfigInvoker.invokeConfigurations(ConfigInvoker.java:321)\n\tat org.testng.SuiteRunner.privateRun(SuiteRunner.java:344)\n\tat org.testng.SuiteRunner.run(SuiteRunner.java:276)\n\tat org.testng.SuiteRunnerWorker.runSuite(SuiteRunnerWorker.java:53)\n\tat org.testng.SuiteRunnerWorker.run(SuiteRunnerWorker.java:96)\n\tat org.testng.TestNG.runSuitesSequentially(TestNG.java:1212)\n\tat org.testng.TestNG.runSuitesLocally(TestNG.java:1134)\n\tat org.testng.TestNG.runSuites(TestNG.java:1063)\n\tat org.testng.TestNG.run(TestNG.java:1031)\n\tat org.apache.maven.surefire.testng.TestNGExecutor.run(TestNGExecutor.java:136)\n\tat org.apache.maven.surefire.testng.TestNGDirectoryTestSuite.executeMulti(TestNGDirectoryTestSuite.java:193)\n\tat org.apache.maven.surefire.testng.TestNGDirectoryTestSuite.execute(TestNGDirectoryTestSuite.java:94)\n\tat org.apache.maven.surefire.testng.TestNGProvider.invoke(TestNGProvider.java:145)\n\tat org.apache.maven.surefire.booter.ForkedBooter.runSuitesInProcess(ForkedBooter.java:428)\n\tat org.apache.maven.surefire.booter.ForkedBooter.execute(ForkedBooter.java:162)\n\tat org.apache.maven.surefire.booter.ForkedBooter.run(ForkedBooter.java:562)\n\tat org.apache.maven.surefire.booter.ForkedBooter.main(ForkedBooter.java:548)\n",
    "steps" : [ ],
    "attachments" : [ ],
    "parameters" : [ ],
    "stepsCount" : 0,
    "attachmentsCount" : 0,
    "shouldDisplayMessage" : true,
    "hasContent" : true
  } ],
  "labels" : [ {
    "name" : "package",
    "value" : "com.shaft.tools.io.LogsHelper"
  }, {
    "name" : "testClass",
    "value" : "com.shaft.tools.io.LogsHelper"
  }, {
    "name" : "testMethod",
    "value" : "closureActivities"
  }, {
    "name" : "parentSuite",
    "value" : "SHAFT_Engine: Custom Suite"
  }, {
    "name" : "suite",
    "value" : "SHAFT_Engine: Custom Test"
  }, {
    "name" : "subSuite",
    "value" : "com.shaft.tools.io.LogsHelper"
  }, {
    "name" : "host",
    "value" : "fv-az266-944"
  }, {
    "name" : "thread",
    "value" : "4234@fv-az266-944.main(1)"
  }, {
    "name" : "framework",
    "value" : "testng"
  }, {
    "name" : "language",
    "value" : "java"
  }, {
    "name" : "AS_ID",
    "value" : "-1"
  }, {
    "name" : "resultFormat",
    "value" : "allure2"
  } ],
  "parameters" : [ ],
  "links" : [ ],
  "hidden" : false,
  "retry" : false,
  "extra" : {
    "severity" : "normal",
    "retries" : [ ],
    "categories" : [ {
      "name" : "Test defects",
      "matchedStatuses" : [ ],
      "flaky" : false
    } ],
    "tags" : [ ]
  },
  "source" : "db436b88228aac6d.json",
  "parameterValues" : [ ]
}