{
  "uid" : "fb8eb3b6eaae705a",
  "name" : "assertNull_true_expectedToFail",
  "fullName" : "unitTests.tests_validations_assertions.assertNull_true_expectedToFail",
  "historyId" : "45dcfe76f1bd97f7cb03c724bcc68eb8",
  "time" : {
    "start" : 1617777274012,
    "stop" : 1617777274024,
    "duration" : 12
  },
  "status" : "skipped",
  "statusMessage" : "class com.sun.proxy.$Proxy24 cannot be cast to class org.openqa.selenium.remote.RemoteWebDriver (com.sun.proxy.$Proxy24 and org.openqa.selenium.remote.RemoteWebDriver are in unnamed module of loader 'app')",
  "statusTrace" : "java.lang.ClassCastException: class com.sun.proxy.$Proxy24 cannot be cast to class org.openqa.selenium.remote.RemoteWebDriver (com.sun.proxy.$Proxy24 and org.openqa.selenium.remote.RemoteWebDriver are in unnamed module of loader 'app')\n\tat com.shaft.gui.browser.BrowserFactory.createNewRemoteDriverInstance(BrowserFactory.java:552)\n\tat com.shaft.gui.browser.BrowserFactory.getBrowser(BrowserFactory.java:675)\n\tat com.shaft.gui.browser.BrowserFactory.getBrowser(BrowserFactory.java:105)\n\tat unitTests.tests_validations_assertions.beforeMethod(tests_validations_assertions.java:399)\n\tat java.base/jdk.internal.reflect.NativeMethodAccessorImpl.invoke0(Native Method)\n\tat java.base/jdk.internal.reflect.NativeMethodAccessorImpl.invoke(NativeMethodAccessorImpl.java:64)\n\tat java.base/jdk.internal.reflect.DelegatingMethodAccessorImpl.invoke(DelegatingMethodAccessorImpl.java:43)\n\tat java.base/java.lang.reflect.Method.invoke(Method.java:564)\n\tat org.testng.internal.MethodInvocationHelper.invokeMethod(MethodInvocationHelper.java:133)\n\tat org.testng.internal.MethodInvocationHelper.invokeMethodConsideringTimeout(MethodInvocationHelper.java:62)\n\tat org.testng.internal.ConfigInvoker.invokeConfigurationMethod(ConfigInvoker.java:385)\n\tat org.testng.internal.ConfigInvoker.invokeConfigurations(ConfigInvoker.java:321)\n\tat org.testng.internal.TestInvoker.runConfigMethods(TestInvoker.java:700)\n\tat org.testng.internal.TestInvoker.invokeMethod(TestInvoker.java:527)\n\tat org.testng.internal.TestInvoker.invokeTestMethod(TestInvoker.java:173)\n\tat org.testng.internal.MethodRunner.runInSequence(MethodRunner.java:46)\n\tat org.testng.internal.TestInvoker$MethodInvocationAgent.invoke(TestInvoker.java:824)\n\tat org.testng.internal.TestInvoker.invokeTestMethods(TestInvoker.java:146)\n\tat org.testng.internal.TestMethodWorker.invokeTestMethods(TestMethodWorker.java:146)\n\tat org.testng.internal.TestMethodWorker.run(TestMethodWorker.java:128)\n\tat java.base/java.util.ArrayList.forEach(ArrayList.java:1511)\n\tat org.testng.TestRunner.privateRun(TestRunner.java:794)\n\tat org.testng.TestRunner.run(TestRunner.java:596)\n\tat org.testng.SuiteRunner.runTest(SuiteRunner.java:377)\n\tat org.testng.SuiteRunner.runSequentially(SuiteRunner.java:371)\n\tat org.testng.SuiteRunner.privateRun(SuiteRunner.java:332)\n\tat org.testng.SuiteRunner.run(SuiteRunner.java:276)\n\tat org.testng.SuiteRunnerWorker.runSuite(SuiteRunnerWorker.java:53)\n\tat org.testng.SuiteRunnerWorker.run(SuiteRunnerWorker.java:96)\n\tat org.testng.TestNG.runSuitesSequentially(TestNG.java:1212)\n\tat org.testng.TestNG.runSuitesLocally(TestNG.java:1134)\n\tat org.testng.TestNG.runSuites(TestNG.java:1063)\n\tat org.testng.TestNG.run(TestNG.java:1031)\n\tat org.apache.maven.surefire.testng.TestNGExecutor.run(TestNGExecutor.java:136)\n\tat org.apache.maven.surefire.testng.TestNGDirectoryTestSuite.executeMulti(TestNGDirectoryTestSuite.java:193)\n\tat org.apache.maven.surefire.testng.TestNGDirectoryTestSuite.execute(TestNGDirectoryTestSuite.java:94)\n\tat org.apache.maven.surefire.testng.TestNGProvider.invoke(TestNGProvider.java:145)\n\tat org.apache.maven.surefire.booter.ForkedBooter.runSuitesInProcess(ForkedBooter.java:428)\n\tat org.apache.maven.surefire.booter.ForkedBooter.execute(ForkedBooter.java:162)\n\tat org.apache.maven.surefire.booter.ForkedBooter.run(ForkedBooter.java:562)\n\tat org.apache.maven.surefire.booter.ForkedBooter.main(ForkedBooter.java:548)\n",
  "flaky" : false,
  "newFailed" : false,
  "beforeStages" : [ ],
  "testStage" : {
    "status" : "skipped",
    "statusMessage" : "class com.sun.proxy.$Proxy24 cannot be cast to class org.openqa.selenium.remote.RemoteWebDriver (com.sun.proxy.$Proxy24 and org.openqa.selenium.remote.RemoteWebDriver are in unnamed module of loader 'app')",
    "statusTrace" : "java.lang.ClassCastException: class com.sun.proxy.$Proxy24 cannot be cast to class org.openqa.selenium.remote.RemoteWebDriver (com.sun.proxy.$Proxy24 and org.openqa.selenium.remote.RemoteWebDriver are in unnamed module of loader 'app')\n\tat com.shaft.gui.browser.BrowserFactory.createNewRemoteDriverInstance(BrowserFactory.java:552)\n\tat com.shaft.gui.browser.BrowserFactory.getBrowser(BrowserFactory.java:675)\n\tat com.shaft.gui.browser.BrowserFactory.getBrowser(BrowserFactory.java:105)\n\tat unitTests.tests_validations_assertions.beforeMethod(tests_validations_assertions.java:399)\n\tat java.base/jdk.internal.reflect.NativeMethodAccessorImpl.invoke0(Native Method)\n\tat java.base/jdk.internal.reflect.NativeMethodAccessorImpl.invoke(NativeMethodAccessorImpl.java:64)\n\tat java.base/jdk.internal.reflect.DelegatingMethodAccessorImpl.invoke(DelegatingMethodAccessorImpl.java:43)\n\tat java.base/java.lang.reflect.Method.invoke(Method.java:564)\n\tat org.testng.internal.MethodInvocationHelper.invokeMethod(MethodInvocationHelper.java:133)\n\tat org.testng.internal.MethodInvocationHelper.invokeMethodConsideringTimeout(MethodInvocationHelper.java:62)\n\tat org.testng.internal.ConfigInvoker.invokeConfigurationMethod(ConfigInvoker.java:385)\n\tat org.testng.internal.ConfigInvoker.invokeConfigurations(ConfigInvoker.java:321)\n\tat org.testng.internal.TestInvoker.runConfigMethods(TestInvoker.java:700)\n\tat org.testng.internal.TestInvoker.invokeMethod(TestInvoker.java:527)\n\tat org.testng.internal.TestInvoker.invokeTestMethod(TestInvoker.java:173)\n\tat org.testng.internal.MethodRunner.runInSequence(MethodRunner.java:46)\n\tat org.testng.internal.TestInvoker$MethodInvocationAgent.invoke(TestInvoker.java:824)\n\tat org.testng.internal.TestInvoker.invokeTestMethods(TestInvoker.java:146)\n\tat org.testng.internal.TestMethodWorker.invokeTestMethods(TestMethodWorker.java:146)\n\tat org.testng.internal.TestMethodWorker.run(TestMethodWorker.java:128)\n\tat java.base/java.util.ArrayList.forEach(ArrayList.java:1511)\n\tat org.testng.TestRunner.privateRun(TestRunner.java:794)\n\tat org.testng.TestRunner.run(TestRunner.java:596)\n\tat org.testng.SuiteRunner.runTest(SuiteRunner.java:377)\n\tat org.testng.SuiteRunner.runSequentially(SuiteRunner.java:371)\n\tat org.testng.SuiteRunner.privateRun(SuiteRunner.java:332)\n\tat org.testng.SuiteRunner.run(SuiteRunner.java:276)\n\tat org.testng.SuiteRunnerWorker.runSuite(SuiteRunnerWorker.java:53)\n\tat org.testng.SuiteRunnerWorker.run(SuiteRunnerWorker.java:96)\n\tat org.testng.TestNG.runSuitesSequentially(TestNG.java:1212)\n\tat org.testng.TestNG.runSuitesLocally(TestNG.java:1134)\n\tat org.testng.TestNG.runSuites(TestNG.java:1063)\n\tat org.testng.TestNG.run(TestNG.java:1031)\n\tat org.apache.maven.surefire.testng.TestNGExecutor.run(TestNGExecutor.java:136)\n\tat org.apache.maven.surefire.testng.TestNGDirectoryTestSuite.executeMulti(TestNGDirectoryTestSuite.java:193)\n\tat org.apache.maven.surefire.testng.TestNGDirectoryTestSuite.execute(TestNGDirectoryTestSuite.java:94)\n\tat org.apache.maven.surefire.testng.TestNGProvider.invoke(TestNGProvider.java:145)\n\tat org.apache.maven.surefire.booter.ForkedBooter.runSuitesInProcess(ForkedBooter.java:428)\n\tat org.apache.maven.surefire.booter.ForkedBooter.execute(ForkedBooter.java:162)\n\tat org.apache.maven.surefire.booter.ForkedBooter.run(ForkedBooter.java:562)\n\tat org.apache.maven.surefire.booter.ForkedBooter.main(ForkedBooter.java:548)\n",
    "steps" : [ ],
    "attachments" : [ {
      "uid" : "1b055aaa24566084",
      "name" : "Attachment: SHAFT Engine Logs - Current Method log: assertNull_true_expectedToFail",
      "source" : "1b055aaa24566084.txt",
      "type" : "text/plain",
      "size" : 443
    } ],
    "parameters" : [ ],
    "stepsCount" : 0,
    "attachmentsCount" : 1,
    "shouldDisplayMessage" : true,
    "hasContent" : true
  },
  "afterStages" : [ {
    "name" : "closureActivities",
    "time" : {
      "start" : 1617778194774,
      "stop" : 1617778194774,
      "duration" : 0
    },
    "description" : "",
    "status" : "broken",
    "statusMessage" : "class com.sun.proxy.$Proxy24 cannot be cast to class org.openqa.selenium.remote.RemoteWebDriver (com.sun.proxy.$Proxy24 and org.openqa.selenium.remote.RemoteWebDriver are in unnamed module of loader 'app')",
    "statusTrace" : "java.lang.ClassCastException: class com.sun.proxy.$Proxy24 cannot be cast to class org.openqa.selenium.remote.RemoteWebDriver (com.sun.proxy.$Proxy24 and org.openqa.selenium.remote.RemoteWebDriver are in unnamed module of loader 'app')\n\tat com.shaft.gui.browser.BrowserFactory.closeAllDrivers(BrowserFactory.java:155)\n\tat com.shaft.tools.io.LogsHelper.attachBrowserLogs(LogsHelper.java:32)\n\tat com.shaft.tools.io.LogsHelper.closureActivities(LogsHelper.java:15)\n\tat java.base/jdk.internal.reflect.NativeMethodAccessorImpl.invoke0(Native Method)\n\tat java.base/jdk.internal.reflect.NativeMethodAccessorImpl.invoke(NativeMethodAccessorImpl.java:64)\n\tat java.base/jdk.internal.reflect.DelegatingMethodAccessorImpl.invoke(DelegatingMethodAccessorImpl.java:43)\n\tat java.base/java.lang.reflect.Method.invoke(Method.java:564)\n\tat org.testng.internal.MethodInvocationHelper.invokeMethod(MethodInvocationHelper.java:133)\n\tat org.testng.internal.MethodInvocationHelper.invokeMethodConsideringTimeout(MethodInvocationHelper.java:62)\n\tat org.testng.internal.ConfigInvoker.invokeConfigurationMethod(ConfigInvoker.java:385)\n\tat org.testng.internal.ConfigInvoker.invokeConfigurations(ConfigInvoker.java:321)\n\tat org.testng.SuiteRunner.privateRun(SuiteRunner.java:344)\n\tat org.testng.SuiteRunner.run(SuiteRunner.java:276)\n\tat org.testng.SuiteRunnerWorker.runSuite(SuiteRunnerWorker.java:53)\n\tat org.testng.SuiteRunnerWorker.run(SuiteRunnerWorker.java:96)\n\tat org.testng.TestNG.runSuitesSequentially(TestNG.java:1212)\n\tat org.testng.TestNG.runSuitesLocally(TestNG.java:1134)\n\tat org.testng.TestNG.runSuites(TestNG.java:1063)\n\tat org.testng.TestNG.run(TestNG.java:1031)\n\tat org.apache.maven.surefire.testng.TestNGExecutor.run(TestNGExecutor.java:136)\n\tat org.apache.maven.surefire.testng.TestNGDirectoryTestSuite.executeMulti(TestNGDirectoryTestSuite.java:193)\n\tat org.apache.maven.surefire.testng.TestNGDirectoryTestSuite.execute(TestNGDirectoryTestSuite.java:94)\n\tat org.apache.maven.surefire.testng.TestNGProvider.invoke(TestNGProvider.java:145)\n\tat org.apache.maven.surefire.booter.ForkedBooter.runSuitesInProcess(ForkedBooter.java:428)\n\tat org.apache.maven.surefire.booter.ForkedBooter.execute(ForkedBooter.java:162)\n\tat org.apache.maven.surefire.booter.ForkedBooter.run(ForkedBooter.java:562)\n\tat org.apache.maven.surefire.booter.ForkedBooter.main(ForkedBooter.java:548)\n",
    "steps" : [ ],
    "attachments" : [ ],
    "parameters" : [ ],
    "stepsCount" : 0,
    "attachmentsCount" : 0,
    "shouldDisplayMessage" : true,
    "hasContent" : true
  } ],
  "labels" : [ {
    "name" : "package",
    "value" : "unitTests.tests_validations_assertions"
  }, {
    "name" : "testClass",
    "value" : "unitTests.tests_validations_assertions"
  }, {
    "name" : "testMethod",
    "value" : "assertNull_true_expectedToFail"
  }, {
    "name" : "parentSuite",
    "value" : "SHAFT_Engine: Custom Suite"
  }, {
    "name" : "suite",
    "value" : "SHAFT_Engine: Custom Test"
  }, {
    "name" : "subSuite",
    "value" : "unitTests.tests_validations_assertions"
  }, {
    "name" : "host",
    "value" : "fv-az266-944"
  }, {
    "name" : "thread",
    "value" : "4234@fv-az266-944.main(1)"
  }, {
    "name" : "framework",
    "value" : "testng"
  }, {
    "name" : "language",
    "value" : "java"
  }, {
    "name" : "resultFormat",
    "value" : "allure2"
  } ],
  "parameters" : [ ],
  "links" : [ ],
  "hidden" : false,
  "retry" : false,
  "extra" : {
    "severity" : "normal",
    "retries" : [ ],
    "categories" : [ ],
    "history" : {
      "statistic" : {
        "failed" : 0,
        "broken" : 0,
        "skipped" : 1,
        "passed" : 18,
        "unknown" : 0,
        "total" : 19
      },
      "items" : [ {
        "uid" : "9ad0bfc50e63ddbb",
        "reportUrl" : "https://MohabMohie.github.io/SHAFT_ENGINE/allure/365//#testresult/9ad0bfc50e63ddbb",
        "status" : "passed",
        "time" : {
          "start" : 1617758924893,
          "stop" : 1617758924893,
          "duration" : 0
        }
      }, {
        "uid" : "e27e93fb9781cef",
        "reportUrl" : "https://MohabMohie.github.io/SHAFT_ENGINE/allure/364//#testresult/e27e93fb9781cef",
        "status" : "passed",
        "time" : {
          "start" : 1617730713003,
          "stop" : 1617730713004,
          "duration" : 1
        }
      }, {
        "uid" : "d8a7f19c3a5dba24",
        "reportUrl" : "https://MohabMohie.github.io/SHAFT_ENGINE/allure/363//#testresult/d8a7f19c3a5dba24",
        "status" : "passed",
        "time" : {
          "start" : 1617730173771,
          "stop" : 1617730173772,
          "duration" : 1
        }
      }, {
        "uid" : "db93d91aa46d14ef",
        "reportUrl" : "https://MohabMohie.github.io/SHAFT_ENGINE/allure/360//#testresult/db93d91aa46d14ef",
        "status" : "passed",
        "time" : {
          "start" : 1617672545771,
          "stop" : 1617672545773,
          "duration" : 2
        }
      }, {
        "uid" : "bf37f42b5765b88a",
        "reportUrl" : "https://MohabMohie.github.io/SHAFT_ENGINE/allure/359//#testresult/bf37f42b5765b88a",
        "status" : "passed",
        "time" : {
          "start" : 1617586139325,
          "stop" : 1617586139328,
          "duration" : 3
        }
      }, {
        "uid" : "a428d7dd4b960c6c",
        "reportUrl" : "https://MohabMohie.github.io/SHAFT_ENGINE/allure/358//#testresult/a428d7dd4b960c6c",
        "status" : "passed",
        "time" : {
          "start" : 1617499737502,
          "stop" : 1617499737503,
          "duration" : 1
        }
      }, {
        "uid" : "4d451046baa00c1d",
        "reportUrl" : "https://MohabMohie.github.io/SHAFT_ENGINE/allure/357//#testresult/4d451046baa00c1d",
        "status" : "passed",
        "time" : {
          "start" : 1617413259200,
          "stop" : 1617413259201,
          "duration" : 1
        }
      }, {
        "uid" : "6c4e2f9b784aa0f6",
        "reportUrl" : "https://MohabMohie.github.io/SHAFT_ENGINE/allure/356//#testresult/6c4e2f9b784aa0f6",
        "status" : "passed",
        "time" : {
          "start" : 1617347763911,
          "stop" : 1617347763911,
          "duration" : 0
        }
      }, {
        "uid" : "25f9f94b363f3736",
        "reportUrl" : "https://MohabMohie.github.io/SHAFT_ENGINE/allure/354//#testresult/25f9f94b363f3736",
        "status" : "passed",
        "time" : {
          "start" : 1617327047371,
          "stop" : 1617327047372,
          "duration" : 1
        }
      }, {
        "uid" : "24d9c9e30a42eb75",
        "reportUrl" : "https://MohabMohie.github.io/SHAFT_ENGINE/allure/353//#testresult/24d9c9e30a42eb75",
        "status" : "passed",
        "time" : {
          "start" : 1617263053119,
          "stop" : 1617263053120,
          "duration" : 1
        }
      }, {
        "uid" : "97c5f1c3690f582e",
        "reportUrl" : "https://MohabMohie.github.io/SHAFT_ENGINE/allure/351//#testresult/97c5f1c3690f582e",
        "status" : "passed",
        "time" : {
          "start" : 1617240737462,
          "stop" : 1617240737463,
          "duration" : 1
        }
      }, {
        "uid" : "d941761dbb3dd07a",
        "reportUrl" : "https://MohabMohie.github.io/SHAFT_ENGINE/allure/350//#testresult/d941761dbb3dd07a",
        "status" : "passed",
        "time" : {
          "start" : 1617154220205,
          "stop" : 1617154220206,
          "duration" : 1
        }
      }, {
        "uid" : "bc7e999cd9d6deca",
        "reportUrl" : "https://MohabMohie.github.io/SHAFT_ENGINE/allure/349//#testresult/bc7e999cd9d6deca",
        "status" : "passed",
        "time" : {
          "start" : 1617099048453,
          "stop" : 1617099048454,
          "duration" : 1
        }
      }, {
        "uid" : "ce4168cf9e774962",
        "reportUrl" : "https://MohabMohie.github.io/SHAFT_ENGINE/allure/348//#testresult/ce4168cf9e774962",
        "status" : "passed",
        "time" : {
          "start" : 1617092075896,
          "stop" : 1617092075897,
          "duration" : 1
        }
      }, {
        "uid" : "5ddef653c43b93e6",
        "reportUrl" : "https://MohabMohie.github.io/SHAFT_ENGINE/allure/347//#testresult/5ddef653c43b93e6",
        "status" : "passed",
        "time" : {
          "start" : 1617090018762,
          "stop" : 1617090018764,
          "duration" : 2
        }
      }, {
        "uid" : "dc0f048dbac3524d",
        "reportUrl" : "https://MohabMohie.github.io/SHAFT_ENGINE/allure/345//#testresult/dc0f048dbac3524d",
        "status" : "passed",
        "time" : {
          "start" : 1617088828222,
          "stop" : 1617088828223,
          "duration" : 1
        }
      }, {
        "uid" : "905278d6e6e68c15",
        "reportUrl" : "https://MohabMohie.github.io/SHAFT_ENGINE/allure/344//#testresult/905278d6e6e68c15",
        "status" : "passed",
        "time" : {
          "start" : 1617088057249,
          "stop" : 1617088057250,
          "duration" : 1
        }
      }, {
        "uid" : "fbebbb784828f9a7",
        "reportUrl" : "https://MohabMohie.github.io/SHAFT_ENGINE/allure/343//#testresult/fbebbb784828f9a7",
        "status" : "passed",
        "time" : {
          "start" : 1617087390415,
          "stop" : 1617087390416,
          "duration" : 1
        }
      } ]
    },
    "tags" : [ ]
  },
  "source" : "fb8eb3b6eaae705a.json",
  "parameterValues" : [ ]
}