{
  "uid" : "132a228c56df88e0",
  "name" : "multipleSelect",
  "fullName" : "testPackage01.Test_SelectedValue.multipleSelect",
  "historyId" : "81dccf0fa5dda2c07b8a2e38642301d4",
  "time" : {
    "start" : 1619642178689,
    "stop" : 1619642178694,
    "duration" : 5
  },
  "status" : "failed",
  "statusMessage" : "Unhandled Exception with Driver Type [GoogleChrome].",
  "statusTrace" : "java.lang.AssertionError: Unhandled Exception with Driver Type [GoogleChrome].\n\tat org.testng.Assert.fail(Assert.java:87)\n\tat com.shaft.driver.DriverFactoryHelper.getDriver(DriverFactoryHelper.java:789)\n\tat com.shaft.driver.DriverFactoryHelper.getDriver(DriverFactoryHelper.java:150)\n\tat com.shaft.gui.browser.BrowserFactory.getBrowser(BrowserFactory.java:30)\n\tat testPackage01.Test_SelectedValue.multipleSelect(Test_SelectedValue.java:27)\n\tat java.base/jdk.internal.reflect.NativeMethodAccessorImpl.invoke0(Native Method)\n\tat java.base/jdk.internal.reflect.NativeMethodAccessorImpl.invoke(NativeMethodAccessorImpl.java:64)\n\tat java.base/jdk.internal.reflect.DelegatingMethodAccessorImpl.invoke(DelegatingMethodAccessorImpl.java:43)\n\tat java.base/java.lang.reflect.Method.invoke(Method.java:564)\n\tat org.testng.internal.MethodInvocationHelper.invokeMethod(MethodInvocationHelper.java:133)\n\tat org.testng.internal.TestInvoker.invokeMethod(TestInvoker.java:598)\n\tat org.testng.internal.TestInvoker.invokeTestMethod(TestInvoker.java:173)\n\tat org.testng.internal.MethodRunner.runInSequence(MethodRunner.java:46)\n\tat org.testng.internal.TestInvoker$MethodInvocationAgent.invoke(TestInvoker.java:824)\n\tat org.testng.internal.TestInvoker.invokeTestMethods(TestInvoker.java:146)\n\tat org.testng.internal.TestMethodWorker.invokeTestMethods(TestMethodWorker.java:146)\n\tat org.testng.internal.TestMethodWorker.run(TestMethodWorker.java:128)\n\tat java.base/java.util.ArrayList.forEach(ArrayList.java:1511)\n\tat org.testng.TestRunner.privateRun(TestRunner.java:794)\n\tat org.testng.TestRunner.run(TestRunner.java:596)\n\tat org.testng.SuiteRunner.runTest(SuiteRunner.java:377)\n\tat org.testng.SuiteRunner.runSequentially(SuiteRunner.java:371)\n\tat org.testng.SuiteRunner.privateRun(SuiteRunner.java:332)\n\tat org.testng.SuiteRunner.run(SuiteRunner.java:276)\n\tat org.testng.SuiteRunnerWorker.runSuite(SuiteRunnerWorker.java:53)\n\tat org.testng.SuiteRunnerWorker.run(SuiteRunnerWorker.java:96)\n\tat org.testng.TestNG.runSuitesSequentially(TestNG.java:1212)\n\tat org.testng.TestNG.runSuitesLocally(TestNG.java:1134)\n\tat org.testng.TestNG.runSuites(TestNG.java:1063)\n\tat org.testng.TestNG.run(TestNG.java:1031)\n\tat org.apache.maven.surefire.testng.TestNGExecutor.run(TestNGExecutor.java:136)\n\tat org.apache.maven.surefire.testng.TestNGDirectoryTestSuite.executeMulti(TestNGDirectoryTestSuite.java:193)\n\tat org.apache.maven.surefire.testng.TestNGDirectoryTestSuite.execute(TestNGDirectoryTestSuite.java:94)\n\tat org.apache.maven.surefire.testng.TestNGProvider.invoke(TestNGProvider.java:145)\n\tat org.apache.maven.surefire.booter.ForkedBooter.runSuitesInProcess(ForkedBooter.java:428)\n\tat org.apache.maven.surefire.booter.ForkedBooter.execute(ForkedBooter.java:162)\n\tat org.apache.maven.surefire.booter.ForkedBooter.run(ForkedBooter.java:562)\n\tat org.apache.maven.surefire.booter.ForkedBooter.main(ForkedBooter.java:548)\nCaused by: java.lang.NullPointerException: null value in entry: desiredCapabilities=null\n\tat com.google.common.collect.CollectPreconditions.checkEntryNotNull(CollectPreconditions.java:32)\n\tat com.google.common.collect.SingletonImmutableBiMap.<init>(SingletonImmutableBiMap.java:42)\n\tat com.google.common.collect.ImmutableBiMap.of(ImmutableBiMap.java:72)\n\tat com.google.common.collect.ImmutableMap.of(ImmutableMap.java:119)\n\tat org.openqa.selenium.remote.RemoteWebDriver.startSession(RemoteWebDriver.java:211)\n\tat org.openqa.selenium.remote.RemoteWebDriver.<init>(RemoteWebDriver.java:131)\n\tat org.openqa.selenium.remote.RemoteWebDriver.<init>(RemoteWebDriver.java:144)\n\tat com.shaft.driver.DriverFactoryHelper.createNewRemoteDriverInstance(DriverFactoryHelper.java:605)\n\tat com.shaft.driver.DriverFactoryHelper.getDriver(DriverFactoryHelper.java:771)\n\t... 36 more\n",
  "flaky" : false,
  "newFailed" : true,
  "beforeStages" : [ ],
  "testStage" : {
    "status" : "failed",
    "statusMessage" : "Unhandled Exception with Driver Type [GoogleChrome].",
    "statusTrace" : "java.lang.AssertionError: Unhandled Exception with Driver Type [GoogleChrome].\n\tat org.testng.Assert.fail(Assert.java:87)\n\tat com.shaft.driver.DriverFactoryHelper.getDriver(DriverFactoryHelper.java:789)\n\tat com.shaft.driver.DriverFactoryHelper.getDriver(DriverFactoryHelper.java:150)\n\tat com.shaft.gui.browser.BrowserFactory.getBrowser(BrowserFactory.java:30)\n\tat testPackage01.Test_SelectedValue.multipleSelect(Test_SelectedValue.java:27)\n\tat java.base/jdk.internal.reflect.NativeMethodAccessorImpl.invoke0(Native Method)\n\tat java.base/jdk.internal.reflect.NativeMethodAccessorImpl.invoke(NativeMethodAccessorImpl.java:64)\n\tat java.base/jdk.internal.reflect.DelegatingMethodAccessorImpl.invoke(DelegatingMethodAccessorImpl.java:43)\n\tat java.base/java.lang.reflect.Method.invoke(Method.java:564)\n\tat org.testng.internal.MethodInvocationHelper.invokeMethod(MethodInvocationHelper.java:133)\n\tat org.testng.internal.TestInvoker.invokeMethod(TestInvoker.java:598)\n\tat org.testng.internal.TestInvoker.invokeTestMethod(TestInvoker.java:173)\n\tat org.testng.internal.MethodRunner.runInSequence(MethodRunner.java:46)\n\tat org.testng.internal.TestInvoker$MethodInvocationAgent.invoke(TestInvoker.java:824)\n\tat org.testng.internal.TestInvoker.invokeTestMethods(TestInvoker.java:146)\n\tat org.testng.internal.TestMethodWorker.invokeTestMethods(TestMethodWorker.java:146)\n\tat org.testng.internal.TestMethodWorker.run(TestMethodWorker.java:128)\n\tat java.base/java.util.ArrayList.forEach(ArrayList.java:1511)\n\tat org.testng.TestRunner.privateRun(TestRunner.java:794)\n\tat org.testng.TestRunner.run(TestRunner.java:596)\n\tat org.testng.SuiteRunner.runTest(SuiteRunner.java:377)\n\tat org.testng.SuiteRunner.runSequentially(SuiteRunner.java:371)\n\tat org.testng.SuiteRunner.privateRun(SuiteRunner.java:332)\n\tat org.testng.SuiteRunner.run(SuiteRunner.java:276)\n\tat org.testng.SuiteRunnerWorker.runSuite(SuiteRunnerWorker.java:53)\n\tat org.testng.SuiteRunnerWorker.run(SuiteRunnerWorker.java:96)\n\tat org.testng.TestNG.runSuitesSequentially(TestNG.java:1212)\n\tat org.testng.TestNG.runSuitesLocally(TestNG.java:1134)\n\tat org.testng.TestNG.runSuites(TestNG.java:1063)\n\tat org.testng.TestNG.run(TestNG.java:1031)\n\tat org.apache.maven.surefire.testng.TestNGExecutor.run(TestNGExecutor.java:136)\n\tat org.apache.maven.surefire.testng.TestNGDirectoryTestSuite.executeMulti(TestNGDirectoryTestSuite.java:193)\n\tat org.apache.maven.surefire.testng.TestNGDirectoryTestSuite.execute(TestNGDirectoryTestSuite.java:94)\n\tat org.apache.maven.surefire.testng.TestNGProvider.invoke(TestNGProvider.java:145)\n\tat org.apache.maven.surefire.booter.ForkedBooter.runSuitesInProcess(ForkedBooter.java:428)\n\tat org.apache.maven.surefire.booter.ForkedBooter.execute(ForkedBooter.java:162)\n\tat org.apache.maven.surefire.booter.ForkedBooter.run(ForkedBooter.java:562)\n\tat org.apache.maven.surefire.booter.ForkedBooter.main(ForkedBooter.java:548)\nCaused by: java.lang.NullPointerException: null value in entry: desiredCapabilities=null\n\tat com.google.common.collect.CollectPreconditions.checkEntryNotNull(CollectPreconditions.java:32)\n\tat com.google.common.collect.SingletonImmutableBiMap.<init>(SingletonImmutableBiMap.java:42)\n\tat com.google.common.collect.ImmutableBiMap.of(ImmutableBiMap.java:72)\n\tat com.google.common.collect.ImmutableMap.of(ImmutableMap.java:119)\n\tat org.openqa.selenium.remote.RemoteWebDriver.startSession(RemoteWebDriver.java:211)\n\tat org.openqa.selenium.remote.RemoteWebDriver.<init>(RemoteWebDriver.java:131)\n\tat org.openqa.selenium.remote.RemoteWebDriver.<init>(RemoteWebDriver.java:144)\n\tat com.shaft.driver.DriverFactoryHelper.createNewRemoteDriverInstance(DriverFactoryHelper.java:605)\n\tat com.shaft.driver.DriverFactoryHelper.getDriver(DriverFactoryHelper.java:771)\n\t... 36 more\n",
    "steps" : [ {
      "name" : "Action [10]: Attempting to run remotely on: [Linux-64], [GoogleChrome], [http://localhost:4444/wd/hub], Headless Execution.",
      "time" : {
        "start" : 1619642178689,
        "stop" : 1619642178689,
        "duration" : 0
      },
      "status" : "passed",
      "steps" : [ ],
      "attachments" : [ ],
      "parameters" : [ {
        "name" : "actionCounter",
        "value" : "10"
      }, {
        "name" : "logText",
        "value" : "Attempting to run remotely on: [Linux-64], [GoogleChrome], [http://localhost:4444/wd/hub], Headless Execution."
      } ],
      "attachmentsCount" : 0,
      "shouldDisplayMessage" : false,
      "hasContent" : true,
      "stepsCount" : 0
    }, {
      "name" : "Action [11]: An Exception Occured with this Message: null value in entry: desiredCapabilities=null.",
      "time" : {
        "start" : 1619642178690,
        "stop" : 1619642178691,
        "duration" : 1
      },
      "status" : "passed",
      "steps" : [ ],
      "attachments" : [ {
        "uid" : "b07ddd5b3bd170ee",
        "name" : "Attachment: Exception Stack Trace - java.lang.NullPointerException",
        "source" : "b07ddd5b3bd170ee.txt",
        "type" : "text/plain",
        "size" : 3346
      } ],
      "parameters" : [ {
        "name" : "actionCounter",
        "value" : "11"
      }, {
        "name" : "logText",
        "value" : "An Exception Occured with this Message: null value in entry: desiredCapabilities=null."
      }, {
        "name" : "attachments",
        "value" : "[[Exception Stack Trace, java.lang.NullPointerException, java.lang.NullPointerException:\nnull value in entry: desiredCapabilities=null\ncom.google.common.collect.CollectPreconditions.checkEntryNotNull(CollectPreconditions.java:32)\ncom.google.common.collect.SingletonImmutableBiMap.<init>(SingletonImmutableBiMap.java:42)\ncom.google.common.collect.ImmutableBiMap.of(ImmutableBiMap.java:72)\ncom.google.common.collect.ImmutableMap.of(ImmutableMap.java:119)\norg.openqa.selenium.remote.RemoteWebDriver.startSession(RemoteWebDriver.java:211)\norg.openqa.selenium.remote.RemoteWebDriver.<init>(RemoteWebDriver.java:131)\norg.openqa.selenium.remote.RemoteWebDriver.<init>(RemoteWebDriver.java:144)\ncom.shaft.driver.DriverFactoryHelper.createNewRemoteDriverInstance(DriverFactoryHelper.java:605)\ncom.shaft.driver.DriverFactoryHelper.getDriver(DriverFactoryHelper.java:771)\ncom.shaft.driver.DriverFactoryHelper.getDriver(DriverFactoryHelper.java:150)\ncom.shaft.gui.browser.BrowserFactory.getBrowser(BrowserFactory.java:30)\ntestPackage01.Test_SelectedValue.multipleSelect(Test_SelectedValue.java:27)\njava.base/jdk.internal.reflect.NativeMethodAccessorImpl.invoke0(Native Method)\njava.base/jdk.internal.reflect.NativeMethodAccessorImpl.invoke(NativeMethodAccessorImpl.java:64)\njava.base/jdk.internal.reflect.DelegatingMethodAccessorImpl.invoke(DelegatingMethodAccessorImpl.java:43)\njava.base/java.lang.reflect.Method.invoke(Method.java:564)\norg.testng.internal.MethodInvocationHelper.invokeMethod(MethodInvocationHelper.java:133)\norg.testng.internal.TestInvoker.invokeMethod(TestInvoker.java:598)\norg.testng.internal.TestInvoker.invokeTestMethod(TestInvoker.java:173)\norg.testng.internal.MethodRunner.runInSequence(MethodRunner.java:46)\norg.testng.internal.TestInvoker$MethodInvocationAgent.invoke(TestInvoker.java:824)\norg.testng.internal.TestInvoker.invokeTestMethods(TestInvoker.java:146)\norg.testng.internal.TestMethodWorker.invokeTestMethods(TestMethodWorker.java:146)\norg.testng.internal.TestMethodWorker.run(TestMethodWorker.java:128)\njava.base/java.util.ArrayList.forEach(ArrayList.java:1511)\norg.testng.TestRunner.privateRun(TestRunner.java:794)\norg.testng.TestRunner.run(TestRunner.java:596)\norg.testng.SuiteRunner.runTest(SuiteRunner.java:377)\norg.testng.SuiteRunner.runSequentially(SuiteRunner.java:371)\norg.testng.SuiteRunner.privateRun(SuiteRunner.java:332)\norg.testng.SuiteRunner.run(SuiteRunner.java:276)\norg.testng.SuiteRunnerWorker.runSuite(SuiteRunnerWorker.java:53)\norg.testng.SuiteRunnerWorker.run(SuiteRunnerWorker.java:96)\norg.testng.TestNG.runSuitesSequentially(TestNG.java:1212)\norg.testng.TestNG.runSuitesLocally(TestNG.java:1134)\norg.testng.TestNG.runSuites(TestNG.java:1063)\norg.testng.TestNG.run(TestNG.java:1031)\norg.apache.maven.surefire.testng.TestNGExecutor.run(TestNGExecutor.java:136)\norg.apache.maven.surefire.testng.TestNGDirectoryTestSuite.executeMulti(TestNGDirectoryTestSuite.java:193)\norg.apache.maven.surefire.testng.TestNGDirectoryTestSuite.execute(TestNGDirectoryTestSuite.java:94)\norg.apache.maven.surefire.testng.TestNGProvider.invoke(TestNGProvider.java:145)\norg.apache.maven.surefire.booter.ForkedBooter.runSuitesInProcess(ForkedBooter.java:428)\norg.apache.maven.surefire.booter.ForkedBooter.execute(ForkedBooter.java:162)\norg.apache.maven.surefire.booter.ForkedBooter.run(ForkedBooter.java:562)\norg.apache.maven.surefire.booter.ForkedBooter.main(ForkedBooter.java:548)\n]]"
      } ],
      "attachmentsCount" : 1,
      "shouldDisplayMessage" : false,
      "hasContent" : true,
      "stepsCount" : 0
    }, {
      "name" : "Action [13]: Unhandled Exception with Driver Type [GoogleChrome].",
      "time" : {
        "start" : 1619642178691,
        "stop" : 1619642178691,
        "duration" : 0
      },
      "status" : "passed",
      "steps" : [ ],
      "attachments" : [ ],
      "parameters" : [ {
        "name" : "actionCounter",
        "value" : "13"
      }, {
        "name" : "logText",
        "value" : "Unhandled Exception with Driver Type [GoogleChrome]."
      } ],
      "attachmentsCount" : 0,
      "shouldDisplayMessage" : false,
      "hasContent" : true,
      "stepsCount" : 0
    } ],
    "attachments" : [ {
      "uid" : "66c4f092d558d0e7",
      "name" : "Attachment: SHAFT Engine Logs - Current Method log: multipleSelect",
      "source" : "66c4f092d558d0e7.txt",
      "type" : "text/plain",
      "size" : 940
    } ],
    "parameters" : [ ],
    "attachmentsCount" : 2,
    "shouldDisplayMessage" : true,
    "hasContent" : true,
    "stepsCount" : 3
  },
  "afterStages" : [ {
    "name" : "closureActivities",
    "time" : {
      "start" : 1619642185174,
      "stop" : 1619642185404,
      "duration" : 230
    },
    "description" : "",
    "status" : "passed",
    "steps" : [ {
      "name" : "Action [96]: Issue Summary: Total Issues = 5, New issues for Failed Tests = 3, Open issues for Passed Tests = 2, Open issues for Failed Tests = 0. Kindly check the attached Issue details.",
      "time" : {
        "start" : 1619642185182,
        "stop" : 1619642185185,
        "duration" : 3
      },
      "status" : "passed",
      "steps" : [ ],
      "attachments" : [ {
        "uid" : "a60ca940925630f",
        "name" : "Attachment: SHAFT Engine Logs - Issues log CSV: 20210428-203625",
        "source" : "a60ca940925630f.csv",
        "type" : "text/csv",
        "size" : 613
      } ],
      "parameters" : [ {
        "name" : "actionCounter",
        "value" : "96"
      }, {
        "name" : "logText",
        "value" : "Issue Summary: Total Issues = 5, New issues for Failed Tests = 3, Open issues for Passed Tests = 2, Open issues for Failed Tests = 0. Kindly check the attached Issue details."
      }, {
        "name" : "attachments",
        "value" : "[[SHAFT Engine Logs, Issues log CSV: 20210428-203625, java.io.ByteArrayInputStream@6b7a96e1]]"
      } ],
      "attachmentsCount" : 1,
      "shouldDisplayMessage" : false,
      "hasContent" : true,
      "stepsCount" : 0
    } ],
    "attachments" : [ {
      "uid" : "86fb27bd8b5dd9f",
      "name" : "Attachment: SHAFT Engine Logs - Execution log: 20210428-203625",
      "source" : "86fb27bd8b5dd9f.txt",
      "type" : "text/plain",
      "size" : 96133
    }, {
      "uid" : "fca0978644c09f6e",
      "name" : "Attachment: HTML - Extent Emailable Execution Report",
      "source" : "fca0978644c09f6e.html",
      "type" : "text/html",
      "size" : 851849
    } ],
    "parameters" : [ ],
    "attachmentsCount" : 3,
    "shouldDisplayMessage" : false,
    "hasContent" : true,
    "stepsCount" : 1
  } ],
  "labels" : [ {
    "name" : "package",
    "value" : "testPackage01.Test_SelectedValue"
  }, {
    "name" : "testClass",
    "value" : "testPackage01.Test_SelectedValue"
  }, {
    "name" : "testMethod",
    "value" : "multipleSelect"
  }, {
    "name" : "parentSuite",
    "value" : "SHAFT: Custom Suite"
  }, {
    "name" : "suite",
    "value" : "SHAFT: Custom Test"
  }, {
    "name" : "subSuite",
    "value" : "testPackage01.Test_SelectedValue"
  }, {
    "name" : "host",
    "value" : "fv-az201-958"
  }, {
    "name" : "thread",
    "value" : "3883@fv-az201-958.main(1)"
  }, {
    "name" : "framework",
    "value" : "testng"
  }, {
    "name" : "language",
    "value" : "java"
  }, {
    "name" : "resultFormat",
    "value" : "allure2"
  } ],
  "parameters" : [ ],
  "links" : [ ],
  "hidden" : false,
  "retry" : false,
  "extra" : {
    "severity" : "normal",
    "retries" : [ ],
    "categories" : [ {
      "name" : "Product defects",
      "matchedStatuses" : [ ],
      "flaky" : false
    } ],
    "history" : {
      "statistic" : {
        "failed" : 1,
        "broken" : 0,
        "skipped" : 0,
        "passed" : 26,
        "unknown" : 0,
        "total" : 27
      },
      "items" : [ {
        "uid" : "22f550b299b29ec7",
        "reportUrl" : "https://MohabMohie.github.io/SHAFT_ENGINE/allure/421//#testresult/22f550b299b29ec7",
        "status" : "passed",
        "time" : {
          "start" : 1619611770163,
          "stop" : 1619611772556,
          "duration" : 2393
        }
      }, {
        "uid" : "cda2b94ad254a13",
        "reportUrl" : "https://MohabMohie.github.io/SHAFT_ENGINE/allure/419//#testresult/cda2b94ad254a13",
        "status" : "passed",
        "time" : {
          "start" : 1619610875239,
          "stop" : 1619610878209,
          "duration" : 2970
        }
      }, {
        "uid" : "2d8c5a5e4c857070",
        "reportUrl" : "https://MohabMohie.github.io/SHAFT_ENGINE/allure/418//#testresult/2d8c5a5e4c857070",
        "status" : "passed",
        "time" : {
          "start" : 1619573227978,
          "stop" : 1619573231003,
          "duration" : 3025
        }
      }, {
        "uid" : "85a1f41e81e8463",
        "reportUrl" : "https://MohabMohie.github.io/SHAFT_ENGINE/allure/417//#testresult/85a1f41e81e8463",
        "status" : "passed",
        "time" : {
          "start" : 1619522639198,
          "stop" : 1619522642250,
          "duration" : 3052
        }
      }, {
        "uid" : "16976e498abd6676",
        "reportUrl" : "https://MohabMohie.github.io/SHAFT_ENGINE/allure/416//#testresult/16976e498abd6676",
        "status" : "passed",
        "time" : {
          "start" : 1619519266879,
          "stop" : 1619519269793,
          "duration" : 2914
        }
      }, {
        "uid" : "f4d84fd969cd4483",
        "reportUrl" : "https://MohabMohie.github.io/SHAFT_ENGINE/allure/415//#testresult/f4d84fd969cd4483",
        "status" : "passed",
        "time" : {
          "start" : 1619518901245,
          "stop" : 1619518904180,
          "duration" : 2935
        }
      }, {
        "uid" : "f279c524c7199fbc",
        "reportUrl" : "https://MohabMohie.github.io/SHAFT_ENGINE/allure/414//#testresult/f279c524c7199fbc",
        "status" : "passed",
        "time" : {
          "start" : 1619514316145,
          "stop" : 1619514318761,
          "duration" : 2616
        }
      }, {
        "uid" : "67fd9fe6141b30cf",
        "reportUrl" : "https://MohabMohie.github.io/SHAFT_ENGINE/allure/413//#testresult/67fd9fe6141b30cf",
        "status" : "passed",
        "time" : {
          "start" : 1619513662653,
          "stop" : 1619513665641,
          "duration" : 2988
        }
      }, {
        "uid" : "1134af4a62d29716",
        "reportUrl" : "https://MohabMohie.github.io/SHAFT_ENGINE/allure/412//#testresult/1134af4a62d29716",
        "status" : "passed",
        "time" : {
          "start" : 1619486793677,
          "stop" : 1619486796688,
          "duration" : 3011
        }
      }, {
        "uid" : "3c243799653f4ea4",
        "reportUrl" : "https://MohabMohie.github.io/SHAFT_ENGINE/allure/411//#testresult/3c243799653f4ea4",
        "status" : "passed",
        "time" : {
          "start" : 1619400491719,
          "stop" : 1619400494339,
          "duration" : 2620
        }
      }, {
        "uid" : "e1b277974f11e59",
        "reportUrl" : "https://MohabMohie.github.io/SHAFT_ENGINE/allure/410//#testresult/e1b277974f11e59",
        "status" : "passed",
        "time" : {
          "start" : 1619314151741,
          "stop" : 1619314154805,
          "duration" : 3064
        }
      }, {
        "uid" : "5152c653e316b2a7",
        "reportUrl" : "https://MohabMohie.github.io/SHAFT_ENGINE/allure/409//#testresult/5152c653e316b2a7",
        "status" : "passed",
        "time" : {
          "start" : 1619286001603,
          "stop" : 1619286004578,
          "duration" : 2975
        }
      }, {
        "uid" : "453695bb8db792bc",
        "reportUrl" : "https://MohabMohie.github.io/SHAFT_ENGINE/allure/408//#testresult/453695bb8db792bc",
        "status" : "passed",
        "time" : {
          "start" : 1619285806665,
          "stop" : 1619285809053,
          "duration" : 2388
        }
      }, {
        "uid" : "ae33a9ee784245b6",
        "reportUrl" : "https://MohabMohie.github.io/SHAFT_ENGINE/allure/404//#testresult/ae33a9ee784245b6",
        "status" : "passed",
        "time" : {
          "start" : 1619275150713,
          "stop" : 1619275153096,
          "duration" : 2383
        }
      }, {
        "uid" : "5a427966d65eaaa6",
        "reportUrl" : "https://MohabMohie.github.io/SHAFT_ENGINE/allure/402//#testresult/5a427966d65eaaa6",
        "status" : "passed",
        "time" : {
          "start" : 1619227617248,
          "stop" : 1619227620795,
          "duration" : 3547
        }
      }, {
        "uid" : "d3f6c1b6953d65da",
        "reportUrl" : "https://MohabMohie.github.io/SHAFT_ENGINE/allure/400//#testresult/d3f6c1b6953d65da",
        "status" : "passed",
        "time" : {
          "start" : 1619141281731,
          "stop" : 1619141285278,
          "duration" : 3547
        }
      }, {
        "uid" : "a0ea6b865577950c",
        "reportUrl" : "https://MohabMohie.github.io/SHAFT_ENGINE/allure/399//#testresult/a0ea6b865577950c",
        "status" : "passed",
        "time" : {
          "start" : 1619055139600,
          "stop" : 1619055141711,
          "duration" : 2111
        }
      }, {
        "uid" : "f0937ef407f87953",
        "reportUrl" : "https://MohabMohie.github.io/SHAFT_ENGINE/allure/398//#testresult/f0937ef407f87953",
        "status" : "passed",
        "time" : {
          "start" : 1618968760889,
          "stop" : 1618968762737,
          "duration" : 1848
        }
      }, {
        "uid" : "8fb90760bdb08039",
        "reportUrl" : "https://MohabMohie.github.io/SHAFT_ENGINE/allure/396//#testresult/8fb90760bdb08039",
        "status" : "passed",
        "time" : {
          "start" : 1618882330153,
          "stop" : 1618882332238,
          "duration" : 2085
        }
      }, {
        "uid" : "11e3a30682e75b60",
        "reportUrl" : "https://MohabMohie.github.io/SHAFT_ENGINE/allure/395//#testresult/11e3a30682e75b60",
        "status" : "passed",
        "time" : {
          "start" : 1618795886719,
          "stop" : 1618795888302,
          "duration" : 1583
        }
      } ]
    },
    "tags" : [ ]
  },
  "source" : "132a228c56df88e0.json",
  "parameterValues" : [ ]
}