{
  "uid" : "342aabde99961697",
  "name" : "waitForElementToBePresent_true_expectedToPass",
  "fullName" : "unitTests.tests_element_elementActions.waitForElementToBePresent_true_expectedToPass",
  "historyId" : "1f0fafbcfcffce619645851c43df5ae4",
  "time" : {
    "start" : 1619642182430,
    "stop" : 1619642182432,
    "duration" : 2
  },
  "status" : "skipped",
  "statusMessage" : "Unhandled Exception with Driver Type [GoogleChrome].",
  "statusTrace" : "java.lang.AssertionError: Unhandled Exception with Driver Type [GoogleChrome].\n\tat org.testng.Assert.fail(Assert.java:87)\n\tat com.shaft.driver.DriverFactoryHelper.getDriver(DriverFactoryHelper.java:789)\n\tat com.shaft.driver.DriverFactoryHelper.getDriver(DriverFactoryHelper.java:140)\n\tat com.shaft.gui.browser.BrowserFactory.getBrowser(BrowserFactory.java:20)\n\tat unitTests.tests_element_elementActions.beforeMethod(tests_element_elementActions.java:73)\n\tat java.base/jdk.internal.reflect.NativeMethodAccessorImpl.invoke0(Native Method)\n\tat java.base/jdk.internal.reflect.NativeMethodAccessorImpl.invoke(NativeMethodAccessorImpl.java:64)\n\tat java.base/jdk.internal.reflect.DelegatingMethodAccessorImpl.invoke(DelegatingMethodAccessorImpl.java:43)\n\tat java.base/java.lang.reflect.Method.invoke(Method.java:564)\n\tat org.testng.internal.MethodInvocationHelper.invokeMethod(MethodInvocationHelper.java:133)\n\tat org.testng.internal.MethodInvocationHelper.invokeMethodConsideringTimeout(MethodInvocationHelper.java:62)\n\tat org.testng.internal.ConfigInvoker.invokeConfigurationMethod(ConfigInvoker.java:385)\n\tat org.testng.internal.ConfigInvoker.invokeConfigurations(ConfigInvoker.java:321)\n\tat org.testng.internal.TestInvoker.runConfigMethods(TestInvoker.java:700)\n\tat org.testng.internal.TestInvoker.invokeMethod(TestInvoker.java:527)\n\tat org.testng.internal.TestInvoker.invokeTestMethod(TestInvoker.java:173)\n\tat org.testng.internal.MethodRunner.runInSequence(MethodRunner.java:46)\n\tat org.testng.internal.TestInvoker$MethodInvocationAgent.invoke(TestInvoker.java:824)\n\tat org.testng.internal.TestInvoker.invokeTestMethods(TestInvoker.java:146)\n\tat org.testng.internal.TestMethodWorker.invokeTestMethods(TestMethodWorker.java:146)\n\tat org.testng.internal.TestMethodWorker.run(TestMethodWorker.java:128)\n\tat java.base/java.util.ArrayList.forEach(ArrayList.java:1511)\n\tat org.testng.TestRunner.privateRun(TestRunner.java:794)\n\tat org.testng.TestRunner.run(TestRunner.java:596)\n\tat org.testng.SuiteRunner.runTest(SuiteRunner.java:377)\n\tat org.testng.SuiteRunner.runSequentially(SuiteRunner.java:371)\n\tat org.testng.SuiteRunner.privateRun(SuiteRunner.java:332)\n\tat org.testng.SuiteRunner.run(SuiteRunner.java:276)\n\tat org.testng.SuiteRunnerWorker.runSuite(SuiteRunnerWorker.java:53)\n\tat org.testng.SuiteRunnerWorker.run(SuiteRunnerWorker.java:96)\n\tat org.testng.TestNG.runSuitesSequentially(TestNG.java:1212)\n\tat org.testng.TestNG.runSuitesLocally(TestNG.java:1134)\n\tat org.testng.TestNG.runSuites(TestNG.java:1063)\n\tat org.testng.TestNG.run(TestNG.java:1031)\n\tat org.apache.maven.surefire.testng.TestNGExecutor.run(TestNGExecutor.java:136)\n\tat org.apache.maven.surefire.testng.TestNGDirectoryTestSuite.executeMulti(TestNGDirectoryTestSuite.java:193)\n\tat org.apache.maven.surefire.testng.TestNGDirectoryTestSuite.execute(TestNGDirectoryTestSuite.java:94)\n\tat org.apache.maven.surefire.testng.TestNGProvider.invoke(TestNGProvider.java:145)\n\tat org.apache.maven.surefire.booter.ForkedBooter.runSuitesInProcess(ForkedBooter.java:428)\n\tat org.apache.maven.surefire.booter.ForkedBooter.execute(ForkedBooter.java:162)\n\tat org.apache.maven.surefire.booter.ForkedBooter.run(ForkedBooter.java:562)\n\tat org.apache.maven.surefire.booter.ForkedBooter.main(ForkedBooter.java:548)\nCaused by: java.lang.NullPointerException: null value in entry: desiredCapabilities=null\n\tat com.google.common.collect.CollectPreconditions.checkEntryNotNull(CollectPreconditions.java:32)\n\tat com.google.common.collect.SingletonImmutableBiMap.<init>(SingletonImmutableBiMap.java:42)\n\tat com.google.common.collect.ImmutableBiMap.of(ImmutableBiMap.java:72)\n\tat com.google.common.collect.ImmutableMap.of(ImmutableMap.java:119)\n\tat org.openqa.selenium.remote.RemoteWebDriver.startSession(RemoteWebDriver.java:211)\n\tat org.openqa.selenium.remote.RemoteWebDriver.<init>(RemoteWebDriver.java:131)\n\tat org.openqa.selenium.remote.RemoteWebDriver.<init>(RemoteWebDriver.java:144)\n\tat com.shaft.driver.DriverFactoryHelper.createNewRemoteDriverInstance(DriverFactoryHelper.java:605)\n\tat com.shaft.driver.DriverFactoryHelper.getDriver(DriverFactoryHelper.java:771)\n\t... 40 more\n",
  "flaky" : false,
  "newFailed" : false,
  "beforeStages" : [ {
    "name" : "beforeMethod",
    "time" : {
      "start" : 1619642182428,
      "stop" : 1619642182428,
      "duration" : 0
    },
    "description" : "",
    "status" : "broken",
    "steps" : [ ],
    "attachments" : [ ],
    "parameters" : [ ],
    "attachmentsCount" : 0,
    "shouldDisplayMessage" : false,
    "hasContent" : false,
    "stepsCount" : 0
  } ],
  "testStage" : {
    "status" : "skipped",
    "statusMessage" : "Unhandled Exception with Driver Type [GoogleChrome].",
    "statusTrace" : "java.lang.AssertionError: Unhandled Exception with Driver Type [GoogleChrome].\n\tat org.testng.Assert.fail(Assert.java:87)\n\tat com.shaft.driver.DriverFactoryHelper.getDriver(DriverFactoryHelper.java:789)\n\tat com.shaft.driver.DriverFactoryHelper.getDriver(DriverFactoryHelper.java:140)\n\tat com.shaft.gui.browser.BrowserFactory.getBrowser(BrowserFactory.java:20)\n\tat unitTests.tests_element_elementActions.beforeMethod(tests_element_elementActions.java:73)\n\tat java.base/jdk.internal.reflect.NativeMethodAccessorImpl.invoke0(Native Method)\n\tat java.base/jdk.internal.reflect.NativeMethodAccessorImpl.invoke(NativeMethodAccessorImpl.java:64)\n\tat java.base/jdk.internal.reflect.DelegatingMethodAccessorImpl.invoke(DelegatingMethodAccessorImpl.java:43)\n\tat java.base/java.lang.reflect.Method.invoke(Method.java:564)\n\tat org.testng.internal.MethodInvocationHelper.invokeMethod(MethodInvocationHelper.java:133)\n\tat org.testng.internal.MethodInvocationHelper.invokeMethodConsideringTimeout(MethodInvocationHelper.java:62)\n\tat org.testng.internal.ConfigInvoker.invokeConfigurationMethod(ConfigInvoker.java:385)\n\tat org.testng.internal.ConfigInvoker.invokeConfigurations(ConfigInvoker.java:321)\n\tat org.testng.internal.TestInvoker.runConfigMethods(TestInvoker.java:700)\n\tat org.testng.internal.TestInvoker.invokeMethod(TestInvoker.java:527)\n\tat org.testng.internal.TestInvoker.invokeTestMethod(TestInvoker.java:173)\n\tat org.testng.internal.MethodRunner.runInSequence(MethodRunner.java:46)\n\tat org.testng.internal.TestInvoker$MethodInvocationAgent.invoke(TestInvoker.java:824)\n\tat org.testng.internal.TestInvoker.invokeTestMethods(TestInvoker.java:146)\n\tat org.testng.internal.TestMethodWorker.invokeTestMethods(TestMethodWorker.java:146)\n\tat org.testng.internal.TestMethodWorker.run(TestMethodWorker.java:128)\n\tat java.base/java.util.ArrayList.forEach(ArrayList.java:1511)\n\tat org.testng.TestRunner.privateRun(TestRunner.java:794)\n\tat org.testng.TestRunner.run(TestRunner.java:596)\n\tat org.testng.SuiteRunner.runTest(SuiteRunner.java:377)\n\tat org.testng.SuiteRunner.runSequentially(SuiteRunner.java:371)\n\tat org.testng.SuiteRunner.privateRun(SuiteRunner.java:332)\n\tat org.testng.SuiteRunner.run(SuiteRunner.java:276)\n\tat org.testng.SuiteRunnerWorker.runSuite(SuiteRunnerWorker.java:53)\n\tat org.testng.SuiteRunnerWorker.run(SuiteRunnerWorker.java:96)\n\tat org.testng.TestNG.runSuitesSequentially(TestNG.java:1212)\n\tat org.testng.TestNG.runSuitesLocally(TestNG.java:1134)\n\tat org.testng.TestNG.runSuites(TestNG.java:1063)\n\tat org.testng.TestNG.run(TestNG.java:1031)\n\tat org.apache.maven.surefire.testng.TestNGExecutor.run(TestNGExecutor.java:136)\n\tat org.apache.maven.surefire.testng.TestNGDirectoryTestSuite.executeMulti(TestNGDirectoryTestSuite.java:193)\n\tat org.apache.maven.surefire.testng.TestNGDirectoryTestSuite.execute(TestNGDirectoryTestSuite.java:94)\n\tat org.apache.maven.surefire.testng.TestNGProvider.invoke(TestNGProvider.java:145)\n\tat org.apache.maven.surefire.booter.ForkedBooter.runSuitesInProcess(ForkedBooter.java:428)\n\tat org.apache.maven.surefire.booter.ForkedBooter.execute(ForkedBooter.java:162)\n\tat org.apache.maven.surefire.booter.ForkedBooter.run(ForkedBooter.java:562)\n\tat org.apache.maven.surefire.booter.ForkedBooter.main(ForkedBooter.java:548)\nCaused by: java.lang.NullPointerException: null value in entry: desiredCapabilities=null\n\tat com.google.common.collect.CollectPreconditions.checkEntryNotNull(CollectPreconditions.java:32)\n\tat com.google.common.collect.SingletonImmutableBiMap.<init>(SingletonImmutableBiMap.java:42)\n\tat com.google.common.collect.ImmutableBiMap.of(ImmutableBiMap.java:72)\n\tat com.google.common.collect.ImmutableMap.of(ImmutableMap.java:119)\n\tat org.openqa.selenium.remote.RemoteWebDriver.startSession(RemoteWebDriver.java:211)\n\tat org.openqa.selenium.remote.RemoteWebDriver.<init>(RemoteWebDriver.java:131)\n\tat org.openqa.selenium.remote.RemoteWebDriver.<init>(RemoteWebDriver.java:144)\n\tat com.shaft.driver.DriverFactoryHelper.createNewRemoteDriverInstance(DriverFactoryHelper.java:605)\n\tat com.shaft.driver.DriverFactoryHelper.getDriver(DriverFactoryHelper.java:771)\n\t... 40 more\n",
    "steps" : [ ],
    "attachments" : [ {
      "uid" : "5aa612445b7d539",
      "name" : "Attachment: SHAFT Engine Logs - Current Method log: waitForElementToBePresent_true_expectedToPass",
      "source" : "5aa612445b7d539.txt",
      "type" : "text/plain",
      "size" : 459
    } ],
    "parameters" : [ ],
    "attachmentsCount" : 1,
    "shouldDisplayMessage" : true,
    "hasContent" : true,
    "stepsCount" : 0
  },
  "afterStages" : [ {
    "name" : "afterMethod",
    "time" : {
      "start" : 1619642182432,
      "stop" : 1619642182432,
      "duration" : 0
    },
    "description" : "",
    "status" : "broken",
    "steps" : [ ],
    "attachments" : [ ],
    "parameters" : [ ],
    "attachmentsCount" : 0,
    "shouldDisplayMessage" : false,
    "hasContent" : false,
    "stepsCount" : 0
  }, {
    "name" : "closureActivities",
    "time" : {
      "start" : 1619642185174,
      "stop" : 1619642185404,
      "duration" : 230
    },
    "description" : "",
    "status" : "passed",
    "steps" : [ {
      "name" : "Action [96]: Issue Summary: Total Issues = 5, New issues for Failed Tests = 3, Open issues for Passed Tests = 2, Open issues for Failed Tests = 0. Kindly check the attached Issue details.",
      "time" : {
        "start" : 1619642185182,
        "stop" : 1619642185185,
        "duration" : 3
      },
      "status" : "passed",
      "steps" : [ ],
      "attachments" : [ {
        "uid" : "a60ca940925630f",
        "name" : "Attachment: SHAFT Engine Logs - Issues log CSV: 20210428-203625",
        "source" : "a60ca940925630f.csv",
        "type" : "text/csv",
        "size" : 613
      } ],
      "parameters" : [ {
        "name" : "actionCounter",
        "value" : "96"
      }, {
        "name" : "logText",
        "value" : "Issue Summary: Total Issues = 5, New issues for Failed Tests = 3, Open issues for Passed Tests = 2, Open issues for Failed Tests = 0. Kindly check the attached Issue details."
      }, {
        "name" : "attachments",
        "value" : "[[SHAFT Engine Logs, Issues log CSV: 20210428-203625, java.io.ByteArrayInputStream@6b7a96e1]]"
      } ],
      "attachmentsCount" : 1,
      "shouldDisplayMessage" : false,
      "hasContent" : true,
      "stepsCount" : 0
    } ],
    "attachments" : [ {
      "uid" : "86fb27bd8b5dd9f",
      "name" : "Attachment: SHAFT Engine Logs - Execution log: 20210428-203625",
      "source" : "86fb27bd8b5dd9f.txt",
      "type" : "text/plain",
      "size" : 96133
    }, {
      "uid" : "fca0978644c09f6e",
      "name" : "Attachment: HTML - Extent Emailable Execution Report",
      "source" : "fca0978644c09f6e.html",
      "type" : "text/html",
      "size" : 851849
    } ],
    "parameters" : [ ],
    "attachmentsCount" : 3,
    "shouldDisplayMessage" : false,
    "hasContent" : true,
    "stepsCount" : 1
  } ],
  "labels" : [ {
    "name" : "package",
    "value" : "unitTests.tests_element_elementActions"
  }, {
    "name" : "testClass",
    "value" : "unitTests.tests_element_elementActions"
  }, {
    "name" : "testMethod",
    "value" : "waitForElementToBePresent_true_expectedToPass"
  }, {
    "name" : "parentSuite",
    "value" : "SHAFT: Custom Suite"
  }, {
    "name" : "suite",
    "value" : "SHAFT: Custom Test"
  }, {
    "name" : "subSuite",
    "value" : "unitTests.tests_element_elementActions"
  }, {
    "name" : "host",
    "value" : "fv-az201-958"
  }, {
    "name" : "thread",
    "value" : "3883@fv-az201-958.main(1)"
  }, {
    "name" : "framework",
    "value" : "testng"
  }, {
    "name" : "language",
    "value" : "java"
  }, {
    "name" : "resultFormat",
    "value" : "allure2"
  } ],
  "parameters" : [ ],
  "links" : [ ],
  "hidden" : false,
  "retry" : false,
  "extra" : {
    "severity" : "normal",
    "retries" : [ ],
    "categories" : [ ],
    "history" : {
      "statistic" : {
        "failed" : 2,
        "broken" : 0,
        "skipped" : 1,
        "passed" : 24,
        "unknown" : 0,
        "total" : 27
      },
      "items" : [ {
        "uid" : "ab22d131ea18de33",
        "reportUrl" : "https://MohabMohie.github.io/SHAFT_ENGINE/allure/421//#testresult/ab22d131ea18de33",
        "status" : "passed",
        "time" : {
          "start" : 1619612057455,
          "stop" : 1619612058421,
          "duration" : 966
        }
      }, {
        "uid" : "c954fdb06e24fbef",
        "reportUrl" : "https://MohabMohie.github.io/SHAFT_ENGINE/allure/419//#testresult/c954fdb06e24fbef",
        "status" : "passed",
        "time" : {
          "start" : 1619611237385,
          "stop" : 1619611238524,
          "duration" : 1139
        }
      }, {
        "uid" : "d793ed3f62d033d0",
        "reportUrl" : "https://MohabMohie.github.io/SHAFT_ENGINE/allure/418//#testresult/d793ed3f62d033d0",
        "status" : "passed",
        "time" : {
          "start" : 1619573608100,
          "stop" : 1619573609153,
          "duration" : 1053
        }
      }, {
        "uid" : "bbffb8dae2092f34",
        "reportUrl" : "https://MohabMohie.github.io/SHAFT_ENGINE/allure/417//#testresult/bbffb8dae2092f34",
        "status" : "passed",
        "time" : {
          "start" : 1619523026248,
          "stop" : 1619523027460,
          "duration" : 1212
        }
      }, {
        "uid" : "9543f7cb469acc59",
        "reportUrl" : "https://MohabMohie.github.io/SHAFT_ENGINE/allure/416//#testresult/9543f7cb469acc59",
        "status" : "passed",
        "time" : {
          "start" : 1619519581777,
          "stop" : 1619519583044,
          "duration" : 1267
        }
      }, {
        "uid" : "cba307065703badb",
        "reportUrl" : "https://MohabMohie.github.io/SHAFT_ENGINE/allure/415//#testresult/cba307065703badb",
        "status" : "passed",
        "time" : {
          "start" : 1619519210470,
          "stop" : 1619519211581,
          "duration" : 1111
        }
      }, {
        "uid" : "edfe333f64ae169d",
        "reportUrl" : "https://MohabMohie.github.io/SHAFT_ENGINE/allure/414//#testresult/edfe333f64ae169d",
        "status" : "passed",
        "time" : {
          "start" : 1619514635900,
          "stop" : 1619514637027,
          "duration" : 1127
        }
      }, {
        "uid" : "3d5b7f7d655f55e9",
        "reportUrl" : "https://MohabMohie.github.io/SHAFT_ENGINE/allure/413//#testresult/3d5b7f7d655f55e9",
        "status" : "passed",
        "time" : {
          "start" : 1619513963154,
          "stop" : 1619513964194,
          "duration" : 1040
        }
      }, {
        "uid" : "39342a81d0afd3a5",
        "reportUrl" : "https://MohabMohie.github.io/SHAFT_ENGINE/allure/412//#testresult/39342a81d0afd3a5",
        "status" : "passed",
        "time" : {
          "start" : 1619487086325,
          "stop" : 1619487087455,
          "duration" : 1130
        }
      }, {
        "uid" : "d681ded4f25d72f3",
        "reportUrl" : "https://MohabMohie.github.io/SHAFT_ENGINE/allure/411//#testresult/d681ded4f25d72f3",
        "status" : "passed",
        "time" : {
          "start" : 1619400829677,
          "stop" : 1619400830787,
          "duration" : 1110
        }
      }, {
        "uid" : "e0f7bddf2b84c7b4",
        "reportUrl" : "https://MohabMohie.github.io/SHAFT_ENGINE/allure/410//#testresult/e0f7bddf2b84c7b4",
        "status" : "passed",
        "time" : {
          "start" : 1619314456695,
          "stop" : 1619314457766,
          "duration" : 1071
        }
      }, {
        "uid" : "75e986c557925073",
        "reportUrl" : "https://MohabMohie.github.io/SHAFT_ENGINE/allure/409//#testresult/75e986c557925073",
        "status" : "passed",
        "time" : {
          "start" : 1619286327770,
          "stop" : 1619286329006,
          "duration" : 1236
        }
      }, {
        "uid" : "d92a275162d8382a",
        "reportUrl" : "https://MohabMohie.github.io/SHAFT_ENGINE/allure/408//#testresult/d92a275162d8382a",
        "status" : "passed",
        "time" : {
          "start" : 1619286093345,
          "stop" : 1619286094314,
          "duration" : 969
        }
      }, {
        "uid" : "ba6992a607e11c28",
        "reportUrl" : "https://MohabMohie.github.io/SHAFT_ENGINE/allure/404//#testresult/ba6992a607e11c28",
        "status" : "passed",
        "time" : {
          "start" : 1619275428485,
          "stop" : 1619275429375,
          "duration" : 890
        }
      }, {
        "uid" : "9e54e79582b06b97",
        "reportUrl" : "https://MohabMohie.github.io/SHAFT_ENGINE/allure/402//#testresult/9e54e79582b06b97",
        "status" : "passed",
        "time" : {
          "start" : 1619227908829,
          "stop" : 1619227909965,
          "duration" : 1136
        }
      }, {
        "uid" : "227dd6ee132b9298",
        "reportUrl" : "https://MohabMohie.github.io/SHAFT_ENGINE/allure/400//#testresult/227dd6ee132b9298",
        "status" : "failed",
        "statusDetails" : "Element Action [waitForElementToBePresent] failed. With the following test data [waited for the element's state of presence to be (true). Element locator (By.xpath: //img[@id='hplogo' or @alt='Google'])].",
        "time" : {
          "start" : 1619141660799,
          "stop" : 1619141667197,
          "duration" : 6398
        }
      }, {
        "uid" : "c7927fd9a6530354",
        "reportUrl" : "https://MohabMohie.github.io/SHAFT_ENGINE/allure/399//#testresult/c7927fd9a6530354",
        "status" : "passed",
        "time" : {
          "start" : 1619054988872,
          "stop" : 1619054990046,
          "duration" : 1174
        }
      }, {
        "uid" : "4166b03baa22762e",
        "reportUrl" : "https://MohabMohie.github.io/SHAFT_ENGINE/allure/398//#testresult/4166b03baa22762e",
        "status" : "failed",
        "statusDetails" : "Element Action [waitForElementToBePresent] failed. With the following test data [waited for the element's state of presence to be (true). Element locator (By.xpath: //img[@id='hplogo' or @alt='Google'])].",
        "time" : {
          "start" : 1618968598768,
          "stop" : 1618968604946,
          "duration" : 6178
        }
      }, {
        "uid" : "d84fe9b2cf678695",
        "reportUrl" : "https://MohabMohie.github.io/SHAFT_ENGINE/allure/396//#testresult/d84fe9b2cf678695",
        "status" : "passed",
        "time" : {
          "start" : 1618882159648,
          "stop" : 1618882160875,
          "duration" : 1227
        }
      }, {
        "uid" : "57d1882ea042f00",
        "reportUrl" : "https://MohabMohie.github.io/SHAFT_ENGINE/allure/395//#testresult/57d1882ea042f00",
        "status" : "passed",
        "time" : {
          "start" : 1618795742267,
          "stop" : 1618795743261,
          "duration" : 994
        }
      } ]
    },
    "tags" : [ ]
  },
  "source" : "342aabde99961697.json",
  "parameterValues" : [ ]
}