{
  "uid" : "51330d2e4329e7a5",
  "name" : "typeTextAndCopyPaste",
  "fullName" : "testPackage01.Test_clipboardActions.typeTextAndCopyPaste",
  "historyId" : "50bcdd7464e6ba911e244a1b1a36da44",
  "time" : {
    "start" : 1619642178770,
    "stop" : 1619642178771,
    "duration" : 1
  },
  "status" : "skipped",
  "statusMessage" : "Unhandled Exception with Driver Type [GoogleChrome].",
  "statusTrace" : "java.lang.AssertionError: Unhandled Exception with Driver Type [GoogleChrome].\n\tat org.testng.Assert.fail(Assert.java:87)\n\tat com.shaft.driver.DriverFactoryHelper.getDriver(DriverFactoryHelper.java:789)\n\tat com.shaft.driver.DriverFactoryHelper.getDriver(DriverFactoryHelper.java:140)\n\tat com.shaft.gui.browser.BrowserFactory.getBrowser(BrowserFactory.java:20)\n\tat testPackage01.Test_clipboardActions.beforeClass(Test_clipboardActions.java:37)\n\tat java.base/jdk.internal.reflect.NativeMethodAccessorImpl.invoke0(Native Method)\n\tat java.base/jdk.internal.reflect.NativeMethodAccessorImpl.invoke(NativeMethodAccessorImpl.java:64)\n\tat java.base/jdk.internal.reflect.DelegatingMethodAccessorImpl.invoke(DelegatingMethodAccessorImpl.java:43)\n\tat java.base/java.lang.reflect.Method.invoke(Method.java:564)\n\tat org.testng.internal.MethodInvocationHelper.invokeMethod(MethodInvocationHelper.java:133)\n\tat org.testng.internal.MethodInvocationHelper.invokeMethodConsideringTimeout(MethodInvocationHelper.java:62)\n\tat org.testng.internal.ConfigInvoker.invokeConfigurationMethod(ConfigInvoker.java:385)\n\tat org.testng.internal.ConfigInvoker.invokeConfigurations(ConfigInvoker.java:321)\n\tat org.testng.internal.TestMethodWorker.invokeBeforeClassMethods(TestMethodWorker.java:176)\n\tat org.testng.internal.TestMethodWorker.run(TestMethodWorker.java:122)\n\tat java.base/java.util.ArrayList.forEach(ArrayList.java:1511)\n\tat org.testng.TestRunner.privateRun(TestRunner.java:794)\n\tat org.testng.TestRunner.run(TestRunner.java:596)\n\tat org.testng.SuiteRunner.runTest(SuiteRunner.java:377)\n\tat org.testng.SuiteRunner.runSequentially(SuiteRunner.java:371)\n\tat org.testng.SuiteRunner.privateRun(SuiteRunner.java:332)\n\tat org.testng.SuiteRunner.run(SuiteRunner.java:276)\n\tat org.testng.SuiteRunnerWorker.runSuite(SuiteRunnerWorker.java:53)\n\tat org.testng.SuiteRunnerWorker.run(SuiteRunnerWorker.java:96)\n\tat org.testng.TestNG.runSuitesSequentially(TestNG.java:1212)\n\tat org.testng.TestNG.runSuitesLocally(TestNG.java:1134)\n\tat org.testng.TestNG.runSuites(TestNG.java:1063)\n\tat org.testng.TestNG.run(TestNG.java:1031)\n\tat org.apache.maven.surefire.testng.TestNGExecutor.run(TestNGExecutor.java:136)\n\tat org.apache.maven.surefire.testng.TestNGDirectoryTestSuite.executeMulti(TestNGDirectoryTestSuite.java:193)\n\tat org.apache.maven.surefire.testng.TestNGDirectoryTestSuite.execute(TestNGDirectoryTestSuite.java:94)\n\tat org.apache.maven.surefire.testng.TestNGProvider.invoke(TestNGProvider.java:145)\n\tat org.apache.maven.surefire.booter.ForkedBooter.runSuitesInProcess(ForkedBooter.java:428)\n\tat org.apache.maven.surefire.booter.ForkedBooter.execute(ForkedBooter.java:162)\n\tat org.apache.maven.surefire.booter.ForkedBooter.run(ForkedBooter.java:562)\n\tat org.apache.maven.surefire.booter.ForkedBooter.main(ForkedBooter.java:548)\nCaused by: java.lang.NullPointerException: null value in entry: desiredCapabilities=null\n\tat com.google.common.collect.CollectPreconditions.checkEntryNotNull(CollectPreconditions.java:32)\n\tat com.google.common.collect.SingletonImmutableBiMap.<init>(SingletonImmutableBiMap.java:42)\n\tat com.google.common.collect.ImmutableBiMap.of(ImmutableBiMap.java:72)\n\tat com.google.common.collect.ImmutableMap.of(ImmutableMap.java:119)\n\tat org.openqa.selenium.remote.RemoteWebDriver.startSession(RemoteWebDriver.java:211)\n\tat org.openqa.selenium.remote.RemoteWebDriver.<init>(RemoteWebDriver.java:131)\n\tat org.openqa.selenium.remote.RemoteWebDriver.<init>(RemoteWebDriver.java:144)\n\tat com.shaft.driver.DriverFactoryHelper.createNewRemoteDriverInstance(DriverFactoryHelper.java:605)\n\tat com.shaft.driver.DriverFactoryHelper.getDriver(DriverFactoryHelper.java:771)\n\t... 34 more\n",
  "flaky" : false,
  "newFailed" : false,
  "beforeStages" : [ {
    "name" : "beforeClass",
    "time" : {
      "start" : 1619642178764,
      "stop" : 1619642178766,
      "duration" : 2
    },
    "description" : "",
    "status" : "failed",
    "statusMessage" : "Unhandled Exception with Driver Type [GoogleChrome].",
    "statusTrace" : "java.lang.AssertionError: Unhandled Exception with Driver Type [GoogleChrome].\n\tat org.testng.Assert.fail(Assert.java:87)\n\tat com.shaft.driver.DriverFactoryHelper.getDriver(DriverFactoryHelper.java:789)\n\tat com.shaft.driver.DriverFactoryHelper.getDriver(DriverFactoryHelper.java:140)\n\tat com.shaft.gui.browser.BrowserFactory.getBrowser(BrowserFactory.java:20)\n\tat testPackage01.Test_clipboardActions.beforeClass(Test_clipboardActions.java:37)\n\tat java.base/jdk.internal.reflect.NativeMethodAccessorImpl.invoke0(Native Method)\n\tat java.base/jdk.internal.reflect.NativeMethodAccessorImpl.invoke(NativeMethodAccessorImpl.java:64)\n\tat java.base/jdk.internal.reflect.DelegatingMethodAccessorImpl.invoke(DelegatingMethodAccessorImpl.java:43)\n\tat java.base/java.lang.reflect.Method.invoke(Method.java:564)\n\tat org.testng.internal.MethodInvocationHelper.invokeMethod(MethodInvocationHelper.java:133)\n\tat org.testng.internal.MethodInvocationHelper.invokeMethodConsideringTimeout(MethodInvocationHelper.java:62)\n\tat org.testng.internal.ConfigInvoker.invokeConfigurationMethod(ConfigInvoker.java:385)\n\tat org.testng.internal.ConfigInvoker.invokeConfigurations(ConfigInvoker.java:321)\n\tat org.testng.internal.TestMethodWorker.invokeBeforeClassMethods(TestMethodWorker.java:176)\n\tat org.testng.internal.TestMethodWorker.run(TestMethodWorker.java:122)\n\tat java.base/java.util.ArrayList.forEach(ArrayList.java:1511)\n\tat org.testng.TestRunner.privateRun(TestRunner.java:794)\n\tat org.testng.TestRunner.run(TestRunner.java:596)\n\tat org.testng.SuiteRunner.runTest(SuiteRunner.java:377)\n\tat org.testng.SuiteRunner.runSequentially(SuiteRunner.java:371)\n\tat org.testng.SuiteRunner.privateRun(SuiteRunner.java:332)\n\tat org.testng.SuiteRunner.run(SuiteRunner.java:276)\n\tat org.testng.SuiteRunnerWorker.runSuite(SuiteRunnerWorker.java:53)\n\tat org.testng.SuiteRunnerWorker.run(SuiteRunnerWorker.java:96)\n\tat org.testng.TestNG.runSuitesSequentially(TestNG.java:1212)\n\tat org.testng.TestNG.runSuitesLocally(TestNG.java:1134)\n\tat org.testng.TestNG.runSuites(TestNG.java:1063)\n\tat org.testng.TestNG.run(TestNG.java:1031)\n\tat org.apache.maven.surefire.testng.TestNGExecutor.run(TestNGExecutor.java:136)\n\tat org.apache.maven.surefire.testng.TestNGDirectoryTestSuite.executeMulti(TestNGDirectoryTestSuite.java:193)\n\tat org.apache.maven.surefire.testng.TestNGDirectoryTestSuite.execute(TestNGDirectoryTestSuite.java:94)\n\tat org.apache.maven.surefire.testng.TestNGProvider.invoke(TestNGProvider.java:145)\n\tat org.apache.maven.surefire.booter.ForkedBooter.runSuitesInProcess(ForkedBooter.java:428)\n\tat org.apache.maven.surefire.booter.ForkedBooter.execute(ForkedBooter.java:162)\n\tat org.apache.maven.surefire.booter.ForkedBooter.run(ForkedBooter.java:562)\n\tat org.apache.maven.surefire.booter.ForkedBooter.main(ForkedBooter.java:548)\nCaused by: java.lang.NullPointerException: null value in entry: desiredCapabilities=null\n\tat com.google.common.collect.CollectPreconditions.checkEntryNotNull(CollectPreconditions.java:32)\n\tat com.google.common.collect.SingletonImmutableBiMap.<init>(SingletonImmutableBiMap.java:42)\n\tat com.google.common.collect.ImmutableBiMap.of(ImmutableBiMap.java:72)\n\tat com.google.common.collect.ImmutableMap.of(ImmutableMap.java:119)\n\tat org.openqa.selenium.remote.RemoteWebDriver.startSession(RemoteWebDriver.java:211)\n\tat org.openqa.selenium.remote.RemoteWebDriver.<init>(RemoteWebDriver.java:131)\n\tat org.openqa.selenium.remote.RemoteWebDriver.<init>(RemoteWebDriver.java:144)\n\tat com.shaft.driver.DriverFactoryHelper.createNewRemoteDriverInstance(DriverFactoryHelper.java:605)\n\tat com.shaft.driver.DriverFactoryHelper.getDriver(DriverFactoryHelper.java:771)\n\t... 34 more\n",
    "steps" : [ {
      "name" : "Action [33]: Attempting to run remotely on: [Linux-64], [GoogleChrome], [http://localhost:4444/wd/hub], Headless Execution.",
      "time" : {
        "start" : 1619642178765,
        "stop" : 1619642178765,
        "duration" : 0
      },
      "status" : "passed",
      "steps" : [ ],
      "attachments" : [ ],
      "parameters" : [ {
        "name" : "actionCounter",
        "value" : "33"
      }, {
        "name" : "logText",
        "value" : "Attempting to run remotely on: [Linux-64], [GoogleChrome], [http://localhost:4444/wd/hub], Headless Execution."
      } ],
      "attachmentsCount" : 0,
      "shouldDisplayMessage" : false,
      "hasContent" : true,
      "stepsCount" : 0
    }, {
      "name" : "Action [34]: An Exception Occured with this Message: null value in entry: desiredCapabilities=null.",
      "time" : {
        "start" : 1619642178765,
        "stop" : 1619642178766,
        "duration" : 1
      },
      "status" : "passed",
      "steps" : [ ],
      "attachments" : [ {
        "uid" : "ca3db6ae5b1b51ed",
        "name" : "Attachment: Exception Stack Trace - java.lang.NullPointerException",
        "source" : "ca3db6ae5b1b51ed.txt",
        "type" : "text/plain",
        "size" : 3263
      } ],
      "parameters" : [ {
        "name" : "actionCounter",
        "value" : "34"
      }, {
        "name" : "logText",
        "value" : "An Exception Occured with this Message: null value in entry: desiredCapabilities=null."
      }, {
        "name" : "attachments",
        "value" : "[[Exception Stack Trace, java.lang.NullPointerException, java.lang.NullPointerException:\nnull value in entry: desiredCapabilities=null\ncom.google.common.collect.CollectPreconditions.checkEntryNotNull(CollectPreconditions.java:32)\ncom.google.common.collect.SingletonImmutableBiMap.<init>(SingletonImmutableBiMap.java:42)\ncom.google.common.collect.ImmutableBiMap.of(ImmutableBiMap.java:72)\ncom.google.common.collect.ImmutableMap.of(ImmutableMap.java:119)\norg.openqa.selenium.remote.RemoteWebDriver.startSession(RemoteWebDriver.java:211)\norg.openqa.selenium.remote.RemoteWebDriver.<init>(RemoteWebDriver.java:131)\norg.openqa.selenium.remote.RemoteWebDriver.<init>(RemoteWebDriver.java:144)\ncom.shaft.driver.DriverFactoryHelper.createNewRemoteDriverInstance(DriverFactoryHelper.java:605)\ncom.shaft.driver.DriverFactoryHelper.getDriver(DriverFactoryHelper.java:771)\ncom.shaft.driver.DriverFactoryHelper.getDriver(DriverFactoryHelper.java:140)\ncom.shaft.gui.browser.BrowserFactory.getBrowser(BrowserFactory.java:20)\ntestPackage01.Test_clipboardActions.beforeClass(Test_clipboardActions.java:37)\njava.base/jdk.internal.reflect.NativeMethodAccessorImpl.invoke0(Native Method)\njava.base/jdk.internal.reflect.NativeMethodAccessorImpl.invoke(NativeMethodAccessorImpl.java:64)\njava.base/jdk.internal.reflect.DelegatingMethodAccessorImpl.invoke(DelegatingMethodAccessorImpl.java:43)\njava.base/java.lang.reflect.Method.invoke(Method.java:564)\norg.testng.internal.MethodInvocationHelper.invokeMethod(MethodInvocationHelper.java:133)\norg.testng.internal.MethodInvocationHelper.invokeMethodConsideringTimeout(MethodInvocationHelper.java:62)\norg.testng.internal.ConfigInvoker.invokeConfigurationMethod(ConfigInvoker.java:385)\norg.testng.internal.ConfigInvoker.invokeConfigurations(ConfigInvoker.java:321)\norg.testng.internal.TestMethodWorker.invokeBeforeClassMethods(TestMethodWorker.java:176)\norg.testng.internal.TestMethodWorker.run(TestMethodWorker.java:122)\njava.base/java.util.ArrayList.forEach(ArrayList.java:1511)\norg.testng.TestRunner.privateRun(TestRunner.java:794)\norg.testng.TestRunner.run(TestRunner.java:596)\norg.testng.SuiteRunner.runTest(SuiteRunner.java:377)\norg.testng.SuiteRunner.runSequentially(SuiteRunner.java:371)\norg.testng.SuiteRunner.privateRun(SuiteRunner.java:332)\norg.testng.SuiteRunner.run(SuiteRunner.java:276)\norg.testng.SuiteRunnerWorker.runSuite(SuiteRunnerWorker.java:53)\norg.testng.SuiteRunnerWorker.run(SuiteRunnerWorker.java:96)\norg.testng.TestNG.runSuitesSequentially(TestNG.java:1212)\norg.testng.TestNG.runSuitesLocally(TestNG.java:1134)\norg.testng.TestNG.runSuites(TestNG.java:1063)\norg.testng.TestNG.run(TestNG.java:1031)\norg.apache.maven.surefire.testng.TestNGExecutor.run(TestNGExecutor.java:136)\norg.apache.maven.surefire.testng.TestNGDirectoryTestSuite.executeMulti(TestNGDirectoryTestSuite.java:193)\norg.apache.maven.surefire.testng.TestNGDirectoryTestSuite.execute(TestNGDirectoryTestSuite.java:94)\norg.apache.maven.surefire.testng.TestNGProvider.invoke(TestNGProvider.java:145)\norg.apache.maven.surefire.booter.ForkedBooter.runSuitesInProcess(ForkedBooter.java:428)\norg.apache.maven.surefire.booter.ForkedBooter.execute(ForkedBooter.java:162)\norg.apache.maven.surefire.booter.ForkedBooter.run(ForkedBooter.java:562)\norg.apache.maven.surefire.booter.ForkedBooter.main(ForkedBooter.java:548)\n]]"
      } ],
      "attachmentsCount" : 1,
      "shouldDisplayMessage" : false,
      "hasContent" : true,
      "stepsCount" : 0
    }, {
      "name" : "Action [36]: Unhandled Exception with Driver Type [GoogleChrome].",
      "time" : {
        "start" : 1619642178766,
        "stop" : 1619642178766,
        "duration" : 0
      },
      "status" : "passed",
      "steps" : [ ],
      "attachments" : [ ],
      "parameters" : [ {
        "name" : "actionCounter",
        "value" : "36"
      }, {
        "name" : "logText",
        "value" : "Unhandled Exception with Driver Type [GoogleChrome]."
      } ],
      "attachmentsCount" : 0,
      "shouldDisplayMessage" : false,
      "hasContent" : true,
      "stepsCount" : 0
    } ],
    "attachments" : [ ],
    "parameters" : [ ],
    "attachmentsCount" : 1,
    "shouldDisplayMessage" : true,
    "hasContent" : true,
    "stepsCount" : 3
  } ],
  "testStage" : {
    "status" : "skipped",
    "statusMessage" : "Unhandled Exception with Driver Type [GoogleChrome].",
    "statusTrace" : "java.lang.AssertionError: Unhandled Exception with Driver Type [GoogleChrome].\n\tat org.testng.Assert.fail(Assert.java:87)\n\tat com.shaft.driver.DriverFactoryHelper.getDriver(DriverFactoryHelper.java:789)\n\tat com.shaft.driver.DriverFactoryHelper.getDriver(DriverFactoryHelper.java:140)\n\tat com.shaft.gui.browser.BrowserFactory.getBrowser(BrowserFactory.java:20)\n\tat testPackage01.Test_clipboardActions.beforeClass(Test_clipboardActions.java:37)\n\tat java.base/jdk.internal.reflect.NativeMethodAccessorImpl.invoke0(Native Method)\n\tat java.base/jdk.internal.reflect.NativeMethodAccessorImpl.invoke(NativeMethodAccessorImpl.java:64)\n\tat java.base/jdk.internal.reflect.DelegatingMethodAccessorImpl.invoke(DelegatingMethodAccessorImpl.java:43)\n\tat java.base/java.lang.reflect.Method.invoke(Method.java:564)\n\tat org.testng.internal.MethodInvocationHelper.invokeMethod(MethodInvocationHelper.java:133)\n\tat org.testng.internal.MethodInvocationHelper.invokeMethodConsideringTimeout(MethodInvocationHelper.java:62)\n\tat org.testng.internal.ConfigInvoker.invokeConfigurationMethod(ConfigInvoker.java:385)\n\tat org.testng.internal.ConfigInvoker.invokeConfigurations(ConfigInvoker.java:321)\n\tat org.testng.internal.TestMethodWorker.invokeBeforeClassMethods(TestMethodWorker.java:176)\n\tat org.testng.internal.TestMethodWorker.run(TestMethodWorker.java:122)\n\tat java.base/java.util.ArrayList.forEach(ArrayList.java:1511)\n\tat org.testng.TestRunner.privateRun(TestRunner.java:794)\n\tat org.testng.TestRunner.run(TestRunner.java:596)\n\tat org.testng.SuiteRunner.runTest(SuiteRunner.java:377)\n\tat org.testng.SuiteRunner.runSequentially(SuiteRunner.java:371)\n\tat org.testng.SuiteRunner.privateRun(SuiteRunner.java:332)\n\tat org.testng.SuiteRunner.run(SuiteRunner.java:276)\n\tat org.testng.SuiteRunnerWorker.runSuite(SuiteRunnerWorker.java:53)\n\tat org.testng.SuiteRunnerWorker.run(SuiteRunnerWorker.java:96)\n\tat org.testng.TestNG.runSuitesSequentially(TestNG.java:1212)\n\tat org.testng.TestNG.runSuitesLocally(TestNG.java:1134)\n\tat org.testng.TestNG.runSuites(TestNG.java:1063)\n\tat org.testng.TestNG.run(TestNG.java:1031)\n\tat org.apache.maven.surefire.testng.TestNGExecutor.run(TestNGExecutor.java:136)\n\tat org.apache.maven.surefire.testng.TestNGDirectoryTestSuite.executeMulti(TestNGDirectoryTestSuite.java:193)\n\tat org.apache.maven.surefire.testng.TestNGDirectoryTestSuite.execute(TestNGDirectoryTestSuite.java:94)\n\tat org.apache.maven.surefire.testng.TestNGProvider.invoke(TestNGProvider.java:145)\n\tat org.apache.maven.surefire.booter.ForkedBooter.runSuitesInProcess(ForkedBooter.java:428)\n\tat org.apache.maven.surefire.booter.ForkedBooter.execute(ForkedBooter.java:162)\n\tat org.apache.maven.surefire.booter.ForkedBooter.run(ForkedBooter.java:562)\n\tat org.apache.maven.surefire.booter.ForkedBooter.main(ForkedBooter.java:548)\nCaused by: java.lang.NullPointerException: null value in entry: desiredCapabilities=null\n\tat com.google.common.collect.CollectPreconditions.checkEntryNotNull(CollectPreconditions.java:32)\n\tat com.google.common.collect.SingletonImmutableBiMap.<init>(SingletonImmutableBiMap.java:42)\n\tat com.google.common.collect.ImmutableBiMap.of(ImmutableBiMap.java:72)\n\tat com.google.common.collect.ImmutableMap.of(ImmutableMap.java:119)\n\tat org.openqa.selenium.remote.RemoteWebDriver.startSession(RemoteWebDriver.java:211)\n\tat org.openqa.selenium.remote.RemoteWebDriver.<init>(RemoteWebDriver.java:131)\n\tat org.openqa.selenium.remote.RemoteWebDriver.<init>(RemoteWebDriver.java:144)\n\tat com.shaft.driver.DriverFactoryHelper.createNewRemoteDriverInstance(DriverFactoryHelper.java:605)\n\tat com.shaft.driver.DriverFactoryHelper.getDriver(DriverFactoryHelper.java:771)\n\t... 34 more\n",
    "steps" : [ ],
    "attachments" : [ {
      "uid" : "b3f0793005394006",
      "name" : "Attachment: SHAFT Engine Logs - Current Method log: typeTextAndCopyPaste",
      "source" : "b3f0793005394006.txt",
      "type" : "text/plain",
      "size" : 430
    } ],
    "parameters" : [ ],
    "attachmentsCount" : 1,
    "shouldDisplayMessage" : true,
    "hasContent" : true,
    "stepsCount" : 0
  },
  "afterStages" : [ {
    "name" : "afterClass",
    "time" : {
      "start" : 1619642178772,
      "stop" : 1619642178772,
      "duration" : 0
    },
    "description" : "",
    "status" : "broken",
    "steps" : [ ],
    "attachments" : [ ],
    "parameters" : [ ],
    "attachmentsCount" : 0,
    "shouldDisplayMessage" : false,
    "hasContent" : false,
    "stepsCount" : 0
  }, {
    "name" : "closureActivities",
    "time" : {
      "start" : 1619642185174,
      "stop" : 1619642185404,
      "duration" : 230
    },
    "description" : "",
    "status" : "passed",
    "steps" : [ {
      "name" : "Action [96]: Issue Summary: Total Issues = 5, New issues for Failed Tests = 3, Open issues for Passed Tests = 2, Open issues for Failed Tests = 0. Kindly check the attached Issue details.",
      "time" : {
        "start" : 1619642185182,
        "stop" : 1619642185185,
        "duration" : 3
      },
      "status" : "passed",
      "steps" : [ ],
      "attachments" : [ {
        "uid" : "a60ca940925630f",
        "name" : "Attachment: SHAFT Engine Logs - Issues log CSV: 20210428-203625",
        "source" : "a60ca940925630f.csv",
        "type" : "text/csv",
        "size" : 613
      } ],
      "parameters" : [ {
        "name" : "actionCounter",
        "value" : "96"
      }, {
        "name" : "logText",
        "value" : "Issue Summary: Total Issues = 5, New issues for Failed Tests = 3, Open issues for Passed Tests = 2, Open issues for Failed Tests = 0. Kindly check the attached Issue details."
      }, {
        "name" : "attachments",
        "value" : "[[SHAFT Engine Logs, Issues log CSV: 20210428-203625, java.io.ByteArrayInputStream@6b7a96e1]]"
      } ],
      "attachmentsCount" : 1,
      "shouldDisplayMessage" : false,
      "hasContent" : true,
      "stepsCount" : 0
    } ],
    "attachments" : [ {
      "uid" : "86fb27bd8b5dd9f",
      "name" : "Attachment: SHAFT Engine Logs - Execution log: 20210428-203625",
      "source" : "86fb27bd8b5dd9f.txt",
      "type" : "text/plain",
      "size" : 96133
    }, {
      "uid" : "fca0978644c09f6e",
      "name" : "Attachment: HTML - Extent Emailable Execution Report",
      "source" : "fca0978644c09f6e.html",
      "type" : "text/html",
      "size" : 851849
    } ],
    "parameters" : [ ],
    "attachmentsCount" : 3,
    "shouldDisplayMessage" : false,
    "hasContent" : true,
    "stepsCount" : 1
  } ],
  "labels" : [ {
    "name" : "package",
    "value" : "testPackage01.Test_clipboardActions"
  }, {
    "name" : "testClass",
    "value" : "testPackage01.Test_clipboardActions"
  }, {
    "name" : "testMethod",
    "value" : "typeTextAndCopyPaste"
  }, {
    "name" : "parentSuite",
    "value" : "SHAFT: Custom Suite"
  }, {
    "name" : "suite",
    "value" : "SHAFT: Custom Test"
  }, {
    "name" : "subSuite",
    "value" : "testPackage01.Test_clipboardActions"
  }, {
    "name" : "host",
    "value" : "fv-az201-958"
  }, {
    "name" : "thread",
    "value" : "3883@fv-az201-958.main(1)"
  }, {
    "name" : "framework",
    "value" : "testng"
  }, {
    "name" : "language",
    "value" : "java"
  }, {
    "name" : "resultFormat",
    "value" : "allure2"
  } ],
  "parameters" : [ ],
  "links" : [ ],
  "hidden" : false,
  "retry" : false,
  "extra" : {
    "severity" : "normal",
    "retries" : [ ],
    "categories" : [ ],
    "history" : {
      "statistic" : {
        "failed" : 0,
        "broken" : 0,
        "skipped" : 1,
        "passed" : 26,
        "unknown" : 0,
        "total" : 27
      },
      "items" : [ {
        "uid" : "87271a33f9cfa217",
        "reportUrl" : "https://MohabMohie.github.io/SHAFT_ENGINE/allure/421//#testresult/87271a33f9cfa217",
        "status" : "passed",
        "time" : {
          "start" : 1619611784805,
          "stop" : 1619611786805,
          "duration" : 2000
        }
      }, {
        "uid" : "e78d78777e503a71",
        "reportUrl" : "https://MohabMohie.github.io/SHAFT_ENGINE/allure/419//#testresult/e78d78777e503a71",
        "status" : "passed",
        "time" : {
          "start" : 1619610894543,
          "stop" : 1619610896682,
          "duration" : 2139
        }
      }, {
        "uid" : "78d188a3585c1209",
        "reportUrl" : "https://MohabMohie.github.io/SHAFT_ENGINE/allure/418//#testresult/78d188a3585c1209",
        "status" : "passed",
        "time" : {
          "start" : 1619573246986,
          "stop" : 1619573249148,
          "duration" : 2162
        }
      }, {
        "uid" : "c989273bb4eb5f2f",
        "reportUrl" : "https://MohabMohie.github.io/SHAFT_ENGINE/allure/417//#testresult/c989273bb4eb5f2f",
        "status" : "passed",
        "time" : {
          "start" : 1619522658663,
          "stop" : 1619522660922,
          "duration" : 2259
        }
      }, {
        "uid" : "d2bf9d091f4b2d64",
        "reportUrl" : "https://MohabMohie.github.io/SHAFT_ENGINE/allure/416//#testresult/d2bf9d091f4b2d64",
        "status" : "passed",
        "time" : {
          "start" : 1619519283771,
          "stop" : 1619519285950,
          "duration" : 2179
        }
      }, {
        "uid" : "62d08b76bb37b0bb",
        "reportUrl" : "https://MohabMohie.github.io/SHAFT_ENGINE/allure/415//#testresult/62d08b76bb37b0bb",
        "status" : "passed",
        "time" : {
          "start" : 1619518917569,
          "stop" : 1619518919843,
          "duration" : 2274
        }
      }, {
        "uid" : "210ee9e8d831514a",
        "reportUrl" : "https://MohabMohie.github.io/SHAFT_ENGINE/allure/414//#testresult/210ee9e8d831514a",
        "status" : "passed",
        "time" : {
          "start" : 1619514331134,
          "stop" : 1619514333235,
          "duration" : 2101
        }
      }, {
        "uid" : "dd32cc31a0eab670",
        "reportUrl" : "https://MohabMohie.github.io/SHAFT_ENGINE/allure/413//#testresult/dd32cc31a0eab670",
        "status" : "passed",
        "time" : {
          "start" : 1619513678453,
          "stop" : 1619513680626,
          "duration" : 2173
        }
      }, {
        "uid" : "9a31cac5bb853b30",
        "reportUrl" : "https://MohabMohie.github.io/SHAFT_ENGINE/allure/412//#testresult/9a31cac5bb853b30",
        "status" : "passed",
        "time" : {
          "start" : 1619486810027,
          "stop" : 1619486812297,
          "duration" : 2270
        }
      }, {
        "uid" : "c2a7c27afdd08e6e",
        "reportUrl" : "https://MohabMohie.github.io/SHAFT_ENGINE/allure/411//#testresult/c2a7c27afdd08e6e",
        "status" : "passed",
        "time" : {
          "start" : 1619400510677,
          "stop" : 1619400512792,
          "duration" : 2115
        }
      }, {
        "uid" : "68bee0fd10d6009d",
        "reportUrl" : "https://MohabMohie.github.io/SHAFT_ENGINE/allure/410//#testresult/68bee0fd10d6009d",
        "status" : "passed",
        "time" : {
          "start" : 1619314168406,
          "stop" : 1619314170647,
          "duration" : 2241
        }
      }, {
        "uid" : "2818f8158daf17a",
        "reportUrl" : "https://MohabMohie.github.io/SHAFT_ENGINE/allure/409//#testresult/2818f8158daf17a",
        "status" : "passed",
        "time" : {
          "start" : 1619286019599,
          "stop" : 1619286021928,
          "duration" : 2329
        }
      }, {
        "uid" : "4a99ccf5752dc358",
        "reportUrl" : "https://MohabMohie.github.io/SHAFT_ENGINE/allure/408//#testresult/4a99ccf5752dc358",
        "status" : "passed",
        "time" : {
          "start" : 1619285821181,
          "stop" : 1619285823055,
          "duration" : 1874
        }
      }, {
        "uid" : "ff41a87ada3eb84e",
        "reportUrl" : "https://MohabMohie.github.io/SHAFT_ENGINE/allure/404//#testresult/ff41a87ada3eb84e",
        "status" : "passed",
        "time" : {
          "start" : 1619275164306,
          "stop" : 1619275166152,
          "duration" : 1846
        }
      }, {
        "uid" : "6814527d92107889",
        "reportUrl" : "https://MohabMohie.github.io/SHAFT_ENGINE/allure/402//#testresult/6814527d92107889",
        "status" : "passed",
        "time" : {
          "start" : 1619227634836,
          "stop" : 1619227636964,
          "duration" : 2128
        }
      }, {
        "uid" : "86eacba4b70a8ebf",
        "reportUrl" : "https://MohabMohie.github.io/SHAFT_ENGINE/allure/400//#testresult/86eacba4b70a8ebf",
        "status" : "passed",
        "time" : {
          "start" : 1619141300980,
          "stop" : 1619141303611,
          "duration" : 2631
        }
      }, {
        "uid" : "48719175f1d9ea8b",
        "reportUrl" : "https://MohabMohie.github.io/SHAFT_ENGINE/allure/399//#testresult/48719175f1d9ea8b",
        "status" : "passed",
        "time" : {
          "start" : 1619055137043,
          "stop" : 1619055139174,
          "duration" : 2131
        }
      }, {
        "uid" : "c881fdeb73de82de",
        "reportUrl" : "https://MohabMohie.github.io/SHAFT_ENGINE/allure/398//#testresult/c881fdeb73de82de",
        "status" : "passed",
        "time" : {
          "start" : 1618968758249,
          "stop" : 1618968760426,
          "duration" : 2177
        }
      }, {
        "uid" : "d29f1410b1899184",
        "reportUrl" : "https://MohabMohie.github.io/SHAFT_ENGINE/allure/396//#testresult/d29f1410b1899184",
        "status" : "passed",
        "time" : {
          "start" : 1618882327653,
          "stop" : 1618882329698,
          "duration" : 2045
        }
      }, {
        "uid" : "69576dde2ad70cde",
        "reportUrl" : "https://MohabMohie.github.io/SHAFT_ENGINE/allure/395//#testresult/69576dde2ad70cde",
        "status" : "passed",
        "time" : {
          "start" : 1618795884739,
          "stop" : 1618795886369,
          "duration" : 1630
        }
      } ]
    },
    "tags" : [ ]
  },
  "source" : "51330d2e4329e7a5.json",
  "parameterValues" : [ ]
}