{
  "uid" : "a301b65d068d6492",
  "name" : "beforeMethod",
  "fullName" : "unitTests.tests_validations_assertions.beforeMethod",
  "historyId" : "d559bced8169d88c5be9f05e55e1d81b",
  "time" : {
    "start" : 1619642182035,
    "stop" : 1619642182035,
    "duration" : 0
  },
  "status" : "failed",
  "statusMessage" : "Unhandled Exception with Driver Type [GoogleChrome].",
  "statusTrace" : "java.lang.AssertionError: Unhandled Exception with Driver Type [GoogleChrome].\n\tat org.testng.Assert.fail(Assert.java:87)\n\tat com.shaft.driver.DriverFactoryHelper.getDriver(DriverFactoryHelper.java:789)\n\tat com.shaft.driver.DriverFactoryHelper.getDriver(DriverFactoryHelper.java:140)\n\tat com.shaft.gui.browser.BrowserFactory.getBrowser(BrowserFactory.java:20)\n\tat unitTests.tests_validations_assertions.beforeMethod(tests_validations_assertions.java:406)\n\tat java.base/jdk.internal.reflect.NativeMethodAccessorImpl.invoke0(Native Method)\n\tat java.base/jdk.internal.reflect.NativeMethodAccessorImpl.invoke(NativeMethodAccessorImpl.java:64)\n\tat java.base/jdk.internal.reflect.DelegatingMethodAccessorImpl.invoke(DelegatingMethodAccessorImpl.java:43)\n\tat java.base/java.lang.reflect.Method.invoke(Method.java:564)\n\tat org.testng.internal.MethodInvocationHelper.invokeMethod(MethodInvocationHelper.java:133)\n\tat org.testng.internal.MethodInvocationHelper.invokeMethodConsideringTimeout(MethodInvocationHelper.java:62)\n\tat org.testng.internal.ConfigInvoker.invokeConfigurationMethod(ConfigInvoker.java:385)\n\tat org.testng.internal.ConfigInvoker.invokeConfigurations(ConfigInvoker.java:321)\n\tat org.testng.internal.TestInvoker.runConfigMethods(TestInvoker.java:700)\n\tat org.testng.internal.TestInvoker.invokeMethod(TestInvoker.java:527)\n\tat org.testng.internal.TestInvoker.invokeTestMethod(TestInvoker.java:173)\n\tat org.testng.internal.MethodRunner.runInSequence(MethodRunner.java:46)\n\tat org.testng.internal.TestInvoker$MethodInvocationAgent.invoke(TestInvoker.java:824)\n\tat org.testng.internal.TestInvoker.invokeTestMethods(TestInvoker.java:146)\n\tat org.testng.internal.TestMethodWorker.invokeTestMethods(TestMethodWorker.java:146)\n\tat org.testng.internal.TestMethodWorker.run(TestMethodWorker.java:128)\n\tat java.base/java.util.ArrayList.forEach(ArrayList.java:1511)\n\tat org.testng.TestRunner.privateRun(TestRunner.java:794)\n\tat org.testng.TestRunner.run(TestRunner.java:596)\n\tat org.testng.SuiteRunner.runTest(SuiteRunner.java:377)\n\tat org.testng.SuiteRunner.runSequentially(SuiteRunner.java:371)\n\tat org.testng.SuiteRunner.privateRun(SuiteRunner.java:332)\n\tat org.testng.SuiteRunner.run(SuiteRunner.java:276)\n\tat org.testng.SuiteRunnerWorker.runSuite(SuiteRunnerWorker.java:53)\n\tat org.testng.SuiteRunnerWorker.run(SuiteRunnerWorker.java:96)\n\tat org.testng.TestNG.runSuitesSequentially(TestNG.java:1212)\n\tat org.testng.TestNG.runSuitesLocally(TestNG.java:1134)\n\tat org.testng.TestNG.runSuites(TestNG.java:1063)\n\tat org.testng.TestNG.run(TestNG.java:1031)\n\tat org.apache.maven.surefire.testng.TestNGExecutor.run(TestNGExecutor.java:136)\n\tat org.apache.maven.surefire.testng.TestNGDirectoryTestSuite.executeMulti(TestNGDirectoryTestSuite.java:193)\n\tat org.apache.maven.surefire.testng.TestNGDirectoryTestSuite.execute(TestNGDirectoryTestSuite.java:94)\n\tat org.apache.maven.surefire.testng.TestNGProvider.invoke(TestNGProvider.java:145)\n\tat org.apache.maven.surefire.booter.ForkedBooter.runSuitesInProcess(ForkedBooter.java:428)\n\tat org.apache.maven.surefire.booter.ForkedBooter.execute(ForkedBooter.java:162)\n\tat org.apache.maven.surefire.booter.ForkedBooter.run(ForkedBooter.java:562)\n\tat org.apache.maven.surefire.booter.ForkedBooter.main(ForkedBooter.java:548)\nCaused by: java.lang.NullPointerException: null value in entry: desiredCapabilities=null\n\tat com.google.common.collect.CollectPreconditions.checkEntryNotNull(CollectPreconditions.java:32)\n\tat com.google.common.collect.SingletonImmutableBiMap.<init>(SingletonImmutableBiMap.java:42)\n\tat com.google.common.collect.ImmutableBiMap.of(ImmutableBiMap.java:72)\n\tat com.google.common.collect.ImmutableMap.of(ImmutableMap.java:119)\n\tat org.openqa.selenium.remote.RemoteWebDriver.startSession(RemoteWebDriver.java:211)\n\tat org.openqa.selenium.remote.RemoteWebDriver.<init>(RemoteWebDriver.java:131)\n\tat org.openqa.selenium.remote.RemoteWebDriver.<init>(RemoteWebDriver.java:144)\n\tat com.shaft.driver.DriverFactoryHelper.createNewRemoteDriverInstance(DriverFactoryHelper.java:605)\n\tat com.shaft.driver.DriverFactoryHelper.getDriver(DriverFactoryHelper.java:771)\n\t... 40 more\n",
  "flaky" : false,
  "newFailed" : false,
  "beforeStages" : [ ],
  "afterStages" : [ {
    "name" : "closureActivities",
    "time" : {
      "start" : 1619642185174,
      "stop" : 1619642185404,
      "duration" : 230
    },
    "description" : "",
    "status" : "passed",
    "steps" : [ {
      "name" : "Action [96]: Issue Summary: Total Issues = 5, New issues for Failed Tests = 3, Open issues for Passed Tests = 2, Open issues for Failed Tests = 0. Kindly check the attached Issue details.",
      "time" : {
        "start" : 1619642185182,
        "stop" : 1619642185185,
        "duration" : 3
      },
      "status" : "passed",
      "steps" : [ ],
      "attachments" : [ {
        "uid" : "a60ca940925630f",
        "name" : "Attachment: SHAFT Engine Logs - Issues log CSV: 20210428-203625",
        "source" : "a60ca940925630f.csv",
        "type" : "text/csv",
        "size" : 613
      } ],
      "parameters" : [ {
        "name" : "actionCounter",
        "value" : "96"
      }, {
        "name" : "logText",
        "value" : "Issue Summary: Total Issues = 5, New issues for Failed Tests = 3, Open issues for Passed Tests = 2, Open issues for Failed Tests = 0. Kindly check the attached Issue details."
      }, {
        "name" : "attachments",
        "value" : "[[SHAFT Engine Logs, Issues log CSV: 20210428-203625, java.io.ByteArrayInputStream@6b7a96e1]]"
      } ],
      "attachmentsCount" : 1,
      "shouldDisplayMessage" : false,
      "hasContent" : true,
      "stepsCount" : 0
    } ],
    "attachments" : [ {
      "uid" : "86fb27bd8b5dd9f",
      "name" : "Attachment: SHAFT Engine Logs - Execution log: 20210428-203625",
      "source" : "86fb27bd8b5dd9f.txt",
      "type" : "text/plain",
      "size" : 96133
    }, {
      "uid" : "fca0978644c09f6e",
      "name" : "Attachment: HTML - Extent Emailable Execution Report",
      "source" : "fca0978644c09f6e.html",
      "type" : "text/html",
      "size" : 851849
    } ],
    "parameters" : [ ],
    "attachmentsCount" : 3,
    "shouldDisplayMessage" : false,
    "hasContent" : true,
    "stepsCount" : 1
  }, {
    "name" : "closureActivities",
    "time" : {
      "start" : 1619642185174,
      "stop" : 1619642185404,
      "duration" : 230
    },
    "description" : "",
    "status" : "passed",
    "steps" : [ {
      "name" : "Action [96]: Issue Summary: Total Issues = 5, New issues for Failed Tests = 3, Open issues for Passed Tests = 2, Open issues for Failed Tests = 0. Kindly check the attached Issue details.",
      "time" : {
        "start" : 1619642185182,
        "stop" : 1619642185185,
        "duration" : 3
      },
      "status" : "passed",
      "steps" : [ ],
      "attachments" : [ {
        "uid" : "a60ca940925630f",
        "name" : "Attachment: SHAFT Engine Logs - Issues log CSV: 20210428-203625",
        "source" : "a60ca940925630f.csv",
        "type" : "text/csv",
        "size" : 613
      } ],
      "parameters" : [ {
        "name" : "actionCounter",
        "value" : "96"
      }, {
        "name" : "logText",
        "value" : "Issue Summary: Total Issues = 5, New issues for Failed Tests = 3, Open issues for Passed Tests = 2, Open issues for Failed Tests = 0. Kindly check the attached Issue details."
      }, {
        "name" : "attachments",
        "value" : "[[SHAFT Engine Logs, Issues log CSV: 20210428-203625, java.io.ByteArrayInputStream@6b7a96e1]]"
      } ],
      "attachmentsCount" : 1,
      "shouldDisplayMessage" : false,
      "hasContent" : true,
      "stepsCount" : 0
    } ],
    "attachments" : [ {
      "uid" : "86fb27bd8b5dd9f",
      "name" : "Attachment: SHAFT Engine Logs - Execution log: 20210428-203625",
      "source" : "86fb27bd8b5dd9f.txt",
      "type" : "text/plain",
      "size" : 96133
    }, {
      "uid" : "fca0978644c09f6e",
      "name" : "Attachment: HTML - Extent Emailable Execution Report",
      "source" : "fca0978644c09f6e.html",
      "type" : "text/html",
      "size" : 851849
    } ],
    "parameters" : [ ],
    "attachmentsCount" : 3,
    "shouldDisplayMessage" : false,
    "hasContent" : true,
    "stepsCount" : 1
  } ],
  "labels" : [ {
    "name" : "package",
    "value" : "unitTests.tests_validations_assertions"
  }, {
    "name" : "testClass",
    "value" : "unitTests.tests_validations_assertions"
  }, {
    "name" : "testMethod",
    "value" : "beforeMethod"
  }, {
    "name" : "parentSuite",
    "value" : "SHAFT: Custom Suite"
  }, {
    "name" : "suite",
    "value" : "SHAFT: Custom Test"
  }, {
    "name" : "subSuite",
    "value" : "unitTests.tests_validations_assertions"
  }, {
    "name" : "host",
    "value" : "fv-az201-958"
  }, {
    "name" : "thread",
    "value" : "3883@fv-az201-958.main(1)"
  }, {
    "name" : "framework",
    "value" : "testng"
  }, {
    "name" : "language",
    "value" : "java"
  }, {
    "name" : "AS_ID",
    "value" : "-1"
  }, {
    "name" : "resultFormat",
    "value" : "allure2"
  } ],
  "parameters" : [ ],
  "links" : [ ],
  "hidden" : false,
  "retry" : false,
  "extra" : {
    "severity" : "normal",
    "retries" : [ ],
    "categories" : [ {
      "name" : "Product defects",
      "matchedStatuses" : [ ],
      "flaky" : false
    } ],
    "tags" : [ ]
  },
  "source" : "a301b65d068d6492.json",
  "parameterValues" : [ ]
}