{
  "uid" : "a54c90ac3e22cf9b",
  "name" : "uploadFile_invisibleUploadInput",
  "fullName" : "testPackage01.Test_uploadFile.uploadFile_invisibleUploadInput",
  "historyId" : "83e3cd745c904b39ba98498d793686ca",
  "time" : {
    "start" : 1619642180476,
    "stop" : 1619642180479,
    "duration" : 3
  },
  "status" : "skipped",
  "statusMessage" : "Unhandled Exception with Driver Type [GoogleChrome].",
  "statusTrace" : "java.lang.AssertionError: Unhandled Exception with Driver Type [GoogleChrome].\n\tat org.testng.Assert.fail(Assert.java:87)\n\tat com.shaft.driver.DriverFactoryHelper.getDriver(DriverFactoryHelper.java:789)\n\tat com.shaft.driver.DriverFactoryHelper.getDriver(DriverFactoryHelper.java:140)\n\tat com.shaft.gui.browser.BrowserFactory.getBrowser(BrowserFactory.java:20)\n\tat testPackage01.Test_uploadFile.beforeMethod(Test_uploadFile.java:34)\n\tat java.base/jdk.internal.reflect.NativeMethodAccessorImpl.invoke0(Native Method)\n\tat java.base/jdk.internal.reflect.NativeMethodAccessorImpl.invoke(NativeMethodAccessorImpl.java:64)\n\tat java.base/jdk.internal.reflect.DelegatingMethodAccessorImpl.invoke(DelegatingMethodAccessorImpl.java:43)\n\tat java.base/java.lang.reflect.Method.invoke(Method.java:564)\n\tat org.testng.internal.MethodInvocationHelper.invokeMethod(MethodInvocationHelper.java:133)\n\tat org.testng.internal.MethodInvocationHelper.invokeMethodConsideringTimeout(MethodInvocationHelper.java:62)\n\tat org.testng.internal.ConfigInvoker.invokeConfigurationMethod(ConfigInvoker.java:385)\n\tat org.testng.internal.ConfigInvoker.invokeConfigurations(ConfigInvoker.java:321)\n\tat org.testng.internal.TestInvoker.runConfigMethods(TestInvoker.java:700)\n\tat org.testng.internal.TestInvoker.invokeMethod(TestInvoker.java:527)\n\tat org.testng.internal.TestInvoker.invokeTestMethod(TestInvoker.java:173)\n\tat org.testng.internal.MethodRunner.runInSequence(MethodRunner.java:46)\n\tat org.testng.internal.TestInvoker$MethodInvocationAgent.invoke(TestInvoker.java:824)\n\tat org.testng.internal.TestInvoker.invokeTestMethods(TestInvoker.java:146)\n\tat org.testng.internal.TestMethodWorker.invokeTestMethods(TestMethodWorker.java:146)\n\tat org.testng.internal.TestMethodWorker.run(TestMethodWorker.java:128)\n\tat java.base/java.util.ArrayList.forEach(ArrayList.java:1511)\n\tat org.testng.TestRunner.privateRun(TestRunner.java:794)\n\tat org.testng.TestRunner.run(TestRunner.java:596)\n\tat org.testng.SuiteRunner.runTest(SuiteRunner.java:377)\n\tat org.testng.SuiteRunner.runSequentially(SuiteRunner.java:371)\n\tat org.testng.SuiteRunner.privateRun(SuiteRunner.java:332)\n\tat org.testng.SuiteRunner.run(SuiteRunner.java:276)\n\tat org.testng.SuiteRunnerWorker.runSuite(SuiteRunnerWorker.java:53)\n\tat org.testng.SuiteRunnerWorker.run(SuiteRunnerWorker.java:96)\n\tat org.testng.TestNG.runSuitesSequentially(TestNG.java:1212)\n\tat org.testng.TestNG.runSuitesLocally(TestNG.java:1134)\n\tat org.testng.TestNG.runSuites(TestNG.java:1063)\n\tat org.testng.TestNG.run(TestNG.java:1031)\n\tat org.apache.maven.surefire.testng.TestNGExecutor.run(TestNGExecutor.java:136)\n\tat org.apache.maven.surefire.testng.TestNGDirectoryTestSuite.executeMulti(TestNGDirectoryTestSuite.java:193)\n\tat org.apache.maven.surefire.testng.TestNGDirectoryTestSuite.execute(TestNGDirectoryTestSuite.java:94)\n\tat org.apache.maven.surefire.testng.TestNGProvider.invoke(TestNGProvider.java:145)\n\tat org.apache.maven.surefire.booter.ForkedBooter.runSuitesInProcess(ForkedBooter.java:428)\n\tat org.apache.maven.surefire.booter.ForkedBooter.execute(ForkedBooter.java:162)\n\tat org.apache.maven.surefire.booter.ForkedBooter.run(ForkedBooter.java:562)\n\tat org.apache.maven.surefire.booter.ForkedBooter.main(ForkedBooter.java:548)\nCaused by: java.lang.NullPointerException: null value in entry: desiredCapabilities=null\n\tat com.google.common.collect.CollectPreconditions.checkEntryNotNull(CollectPreconditions.java:32)\n\tat com.google.common.collect.SingletonImmutableBiMap.<init>(SingletonImmutableBiMap.java:42)\n\tat com.google.common.collect.ImmutableBiMap.of(ImmutableBiMap.java:72)\n\tat com.google.common.collect.ImmutableMap.of(ImmutableMap.java:119)\n\tat org.openqa.selenium.remote.RemoteWebDriver.startSession(RemoteWebDriver.java:211)\n\tat org.openqa.selenium.remote.RemoteWebDriver.<init>(RemoteWebDriver.java:131)\n\tat org.openqa.selenium.remote.RemoteWebDriver.<init>(RemoteWebDriver.java:144)\n\tat com.shaft.driver.DriverFactoryHelper.createNewRemoteDriverInstance(DriverFactoryHelper.java:605)\n\tat com.shaft.driver.DriverFactoryHelper.getDriver(DriverFactoryHelper.java:771)\n\t... 40 more\n",
  "flaky" : false,
  "newFailed" : false,
  "beforeStages" : [ {
    "name" : "beforeMethod",
    "time" : {
      "start" : 1619642180457,
      "stop" : 1619642180465,
      "duration" : 8
    },
    "description" : "",
    "status" : "failed",
    "statusMessage" : "Unhandled Exception with Driver Type [GoogleChrome].",
    "statusTrace" : "java.lang.AssertionError: Unhandled Exception with Driver Type [GoogleChrome].\n\tat org.testng.Assert.fail(Assert.java:87)\n\tat com.shaft.driver.DriverFactoryHelper.getDriver(DriverFactoryHelper.java:789)\n\tat com.shaft.driver.DriverFactoryHelper.getDriver(DriverFactoryHelper.java:140)\n\tat com.shaft.gui.browser.BrowserFactory.getBrowser(BrowserFactory.java:20)\n\tat testPackage01.Test_uploadFile.beforeMethod(Test_uploadFile.java:34)\n\tat java.base/jdk.internal.reflect.NativeMethodAccessorImpl.invoke0(Native Method)\n\tat java.base/jdk.internal.reflect.NativeMethodAccessorImpl.invoke(NativeMethodAccessorImpl.java:64)\n\tat java.base/jdk.internal.reflect.DelegatingMethodAccessorImpl.invoke(DelegatingMethodAccessorImpl.java:43)\n\tat java.base/java.lang.reflect.Method.invoke(Method.java:564)\n\tat org.testng.internal.MethodInvocationHelper.invokeMethod(MethodInvocationHelper.java:133)\n\tat org.testng.internal.MethodInvocationHelper.invokeMethodConsideringTimeout(MethodInvocationHelper.java:62)\n\tat org.testng.internal.ConfigInvoker.invokeConfigurationMethod(ConfigInvoker.java:385)\n\tat org.testng.internal.ConfigInvoker.invokeConfigurations(ConfigInvoker.java:321)\n\tat org.testng.internal.TestInvoker.runConfigMethods(TestInvoker.java:700)\n\tat org.testng.internal.TestInvoker.invokeMethod(TestInvoker.java:527)\n\tat org.testng.internal.TestInvoker.invokeTestMethod(TestInvoker.java:173)\n\tat org.testng.internal.MethodRunner.runInSequence(MethodRunner.java:46)\n\tat org.testng.internal.TestInvoker$MethodInvocationAgent.invoke(TestInvoker.java:824)\n\tat org.testng.internal.TestInvoker.invokeTestMethods(TestInvoker.java:146)\n\tat org.testng.internal.TestMethodWorker.invokeTestMethods(TestMethodWorker.java:146)\n\tat org.testng.internal.TestMethodWorker.run(TestMethodWorker.java:128)\n\tat java.base/java.util.ArrayList.forEach(ArrayList.java:1511)\n\tat org.testng.TestRunner.privateRun(TestRunner.java:794)\n\tat org.testng.TestRunner.run(TestRunner.java:596)\n\tat org.testng.SuiteRunner.runTest(SuiteRunner.java:377)\n\tat org.testng.SuiteRunner.runSequentially(SuiteRunner.java:371)\n\tat org.testng.SuiteRunner.privateRun(SuiteRunner.java:332)\n\tat org.testng.SuiteRunner.run(SuiteRunner.java:276)\n\tat org.testng.SuiteRunnerWorker.runSuite(SuiteRunnerWorker.java:53)\n\tat org.testng.SuiteRunnerWorker.run(SuiteRunnerWorker.java:96)\n\tat org.testng.TestNG.runSuitesSequentially(TestNG.java:1212)\n\tat org.testng.TestNG.runSuitesLocally(TestNG.java:1134)\n\tat org.testng.TestNG.runSuites(TestNG.java:1063)\n\tat org.testng.TestNG.run(TestNG.java:1031)\n\tat org.apache.maven.surefire.testng.TestNGExecutor.run(TestNGExecutor.java:136)\n\tat org.apache.maven.surefire.testng.TestNGDirectoryTestSuite.executeMulti(TestNGDirectoryTestSuite.java:193)\n\tat org.apache.maven.surefire.testng.TestNGDirectoryTestSuite.execute(TestNGDirectoryTestSuite.java:94)\n\tat org.apache.maven.surefire.testng.TestNGProvider.invoke(TestNGProvider.java:145)\n\tat org.apache.maven.surefire.booter.ForkedBooter.runSuitesInProcess(ForkedBooter.java:428)\n\tat org.apache.maven.surefire.booter.ForkedBooter.execute(ForkedBooter.java:162)\n\tat org.apache.maven.surefire.booter.ForkedBooter.run(ForkedBooter.java:562)\n\tat org.apache.maven.surefire.booter.ForkedBooter.main(ForkedBooter.java:548)\nCaused by: java.lang.NullPointerException: null value in entry: desiredCapabilities=null\n\tat com.google.common.collect.CollectPreconditions.checkEntryNotNull(CollectPreconditions.java:32)\n\tat com.google.common.collect.SingletonImmutableBiMap.<init>(SingletonImmutableBiMap.java:42)\n\tat com.google.common.collect.ImmutableBiMap.of(ImmutableBiMap.java:72)\n\tat com.google.common.collect.ImmutableMap.of(ImmutableMap.java:119)\n\tat org.openqa.selenium.remote.RemoteWebDriver.startSession(RemoteWebDriver.java:211)\n\tat org.openqa.selenium.remote.RemoteWebDriver.<init>(RemoteWebDriver.java:131)\n\tat org.openqa.selenium.remote.RemoteWebDriver.<init>(RemoteWebDriver.java:144)\n\tat com.shaft.driver.DriverFactoryHelper.createNewRemoteDriverInstance(DriverFactoryHelper.java:605)\n\tat com.shaft.driver.DriverFactoryHelper.getDriver(DriverFactoryHelper.java:771)\n\t... 40 more\n",
    "steps" : [ {
      "name" : "Action [43]: Attempting to run remotely on: [Linux-64], [GoogleChrome], [http://localhost:4444/wd/hub], Headless Execution.",
      "time" : {
        "start" : 1619642180458,
        "stop" : 1619642180458,
        "duration" : 0
      },
      "status" : "passed",
      "steps" : [ ],
      "attachments" : [ ],
      "parameters" : [ {
        "name" : "actionCounter",
        "value" : "43"
      }, {
        "name" : "logText",
        "value" : "Attempting to run remotely on: [Linux-64], [GoogleChrome], [http://localhost:4444/wd/hub], Headless Execution."
      } ],
      "attachmentsCount" : 0,
      "shouldDisplayMessage" : false,
      "hasContent" : true,
      "stepsCount" : 0
    }, {
      "name" : "Action [44]: An Exception Occured with this Message: null value in entry: desiredCapabilities=null.",
      "time" : {
        "start" : 1619642180464,
        "stop" : 1619642180465,
        "duration" : 1
      },
      "status" : "passed",
      "steps" : [ ],
      "attachments" : [ {
        "uid" : "da159bc97909268c",
        "name" : "Attachment: Exception Stack Trace - java.lang.NullPointerException",
        "source" : "da159bc97909268c.txt",
        "type" : "text/plain",
        "size" : 3678
      } ],
      "parameters" : [ {
        "name" : "actionCounter",
        "value" : "44"
      }, {
        "name" : "logText",
        "value" : "An Exception Occured with this Message: null value in entry: desiredCapabilities=null."
      }, {
        "name" : "attachments",
        "value" : "[[Exception Stack Trace, java.lang.NullPointerException, java.lang.NullPointerException:\nnull value in entry: desiredCapabilities=null\ncom.google.common.collect.CollectPreconditions.checkEntryNotNull(CollectPreconditions.java:32)\ncom.google.common.collect.SingletonImmutableBiMap.<init>(SingletonImmutableBiMap.java:42)\ncom.google.common.collect.ImmutableBiMap.of(ImmutableBiMap.java:72)\ncom.google.common.collect.ImmutableMap.of(ImmutableMap.java:119)\norg.openqa.selenium.remote.RemoteWebDriver.startSession(RemoteWebDriver.java:211)\norg.openqa.selenium.remote.RemoteWebDriver.<init>(RemoteWebDriver.java:131)\norg.openqa.selenium.remote.RemoteWebDriver.<init>(RemoteWebDriver.java:144)\ncom.shaft.driver.DriverFactoryHelper.createNewRemoteDriverInstance(DriverFactoryHelper.java:605)\ncom.shaft.driver.DriverFactoryHelper.getDriver(DriverFactoryHelper.java:771)\ncom.shaft.driver.DriverFactoryHelper.getDriver(DriverFactoryHelper.java:140)\ncom.shaft.gui.browser.BrowserFactory.getBrowser(BrowserFactory.java:20)\ntestPackage01.Test_uploadFile.beforeMethod(Test_uploadFile.java:34)\njava.base/jdk.internal.reflect.NativeMethodAccessorImpl.invoke0(Native Method)\njava.base/jdk.internal.reflect.NativeMethodAccessorImpl.invoke(NativeMethodAccessorImpl.java:64)\njava.base/jdk.internal.reflect.DelegatingMethodAccessorImpl.invoke(DelegatingMethodAccessorImpl.java:43)\njava.base/java.lang.reflect.Method.invoke(Method.java:564)\norg.testng.internal.MethodInvocationHelper.invokeMethod(MethodInvocationHelper.java:133)\norg.testng.internal.MethodInvocationHelper.invokeMethodConsideringTimeout(MethodInvocationHelper.java:62)\norg.testng.internal.ConfigInvoker.invokeConfigurationMethod(ConfigInvoker.java:385)\norg.testng.internal.ConfigInvoker.invokeConfigurations(ConfigInvoker.java:321)\norg.testng.internal.TestInvoker.runConfigMethods(TestInvoker.java:700)\norg.testng.internal.TestInvoker.invokeMethod(TestInvoker.java:527)\norg.testng.internal.TestInvoker.invokeTestMethod(TestInvoker.java:173)\norg.testng.internal.MethodRunner.runInSequence(MethodRunner.java:46)\norg.testng.internal.TestInvoker$MethodInvocationAgent.invoke(TestInvoker.java:824)\norg.testng.internal.TestInvoker.invokeTestMethods(TestInvoker.java:146)\norg.testng.internal.TestMethodWorker.invokeTestMethods(TestMethodWorker.java:146)\norg.testng.internal.TestMethodWorker.run(TestMethodWorker.java:128)\njava.base/java.util.ArrayList.forEach(ArrayList.java:1511)\norg.testng.TestRunner.privateRun(TestRunner.java:794)\norg.testng.TestRunner.run(TestRunner.java:596)\norg.testng.SuiteRunner.runTest(SuiteRunner.java:377)\norg.testng.SuiteRunner.runSequentially(SuiteRunner.java:371)\norg.testng.SuiteRunner.privateRun(SuiteRunner.java:332)\norg.testng.SuiteRunner.run(SuiteRunner.java:276)\norg.testng.SuiteRunnerWorker.runSuite(SuiteRunnerWorker.java:53)\norg.testng.SuiteRunnerWorker.run(SuiteRunnerWorker.java:96)\norg.testng.TestNG.runSuitesSequentially(TestNG.java:1212)\norg.testng.TestNG.runSuitesLocally(TestNG.java:1134)\norg.testng.TestNG.runSuites(TestNG.java:1063)\norg.testng.TestNG.run(TestNG.java:1031)\norg.apache.maven.surefire.testng.TestNGExecutor.run(TestNGExecutor.java:136)\norg.apache.maven.surefire.testng.TestNGDirectoryTestSuite.executeMulti(TestNGDirectoryTestSuite.java:193)\norg.apache.maven.surefire.testng.TestNGDirectoryTestSuite.execute(TestNGDirectoryTestSuite.java:94)\norg.apache.maven.surefire.testng.TestNGProvider.invoke(TestNGProvider.java:145)\norg.apache.maven.surefire.booter.ForkedBooter.runSuitesInProcess(ForkedBooter.java:428)\norg.apache.maven.surefire.booter.ForkedBooter.execute(ForkedBooter.java:162)\norg.apache.maven.surefire.booter.ForkedBooter.run(ForkedBooter.java:562)\norg.apache.maven.surefire.booter.ForkedBooter.main(ForkedBooter.java:548)\n]]"
      } ],
      "attachmentsCount" : 1,
      "shouldDisplayMessage" : false,
      "hasContent" : true,
      "stepsCount" : 0
    }, {
      "name" : "Action [46]: Unhandled Exception with Driver Type [GoogleChrome].",
      "time" : {
        "start" : 1619642180465,
        "stop" : 1619642180465,
        "duration" : 0
      },
      "status" : "passed",
      "steps" : [ ],
      "attachments" : [ ],
      "parameters" : [ {
        "name" : "actionCounter",
        "value" : "46"
      }, {
        "name" : "logText",
        "value" : "Unhandled Exception with Driver Type [GoogleChrome]."
      } ],
      "attachmentsCount" : 0,
      "shouldDisplayMessage" : false,
      "hasContent" : true,
      "stepsCount" : 0
    } ],
    "attachments" : [ ],
    "parameters" : [ ],
    "attachmentsCount" : 1,
    "shouldDisplayMessage" : true,
    "hasContent" : true,
    "stepsCount" : 3
  } ],
  "testStage" : {
    "status" : "skipped",
    "statusMessage" : "Unhandled Exception with Driver Type [GoogleChrome].",
    "statusTrace" : "java.lang.AssertionError: Unhandled Exception with Driver Type [GoogleChrome].\n\tat org.testng.Assert.fail(Assert.java:87)\n\tat com.shaft.driver.DriverFactoryHelper.getDriver(DriverFactoryHelper.java:789)\n\tat com.shaft.driver.DriverFactoryHelper.getDriver(DriverFactoryHelper.java:140)\n\tat com.shaft.gui.browser.BrowserFactory.getBrowser(BrowserFactory.java:20)\n\tat testPackage01.Test_uploadFile.beforeMethod(Test_uploadFile.java:34)\n\tat java.base/jdk.internal.reflect.NativeMethodAccessorImpl.invoke0(Native Method)\n\tat java.base/jdk.internal.reflect.NativeMethodAccessorImpl.invoke(NativeMethodAccessorImpl.java:64)\n\tat java.base/jdk.internal.reflect.DelegatingMethodAccessorImpl.invoke(DelegatingMethodAccessorImpl.java:43)\n\tat java.base/java.lang.reflect.Method.invoke(Method.java:564)\n\tat org.testng.internal.MethodInvocationHelper.invokeMethod(MethodInvocationHelper.java:133)\n\tat org.testng.internal.MethodInvocationHelper.invokeMethodConsideringTimeout(MethodInvocationHelper.java:62)\n\tat org.testng.internal.ConfigInvoker.invokeConfigurationMethod(ConfigInvoker.java:385)\n\tat org.testng.internal.ConfigInvoker.invokeConfigurations(ConfigInvoker.java:321)\n\tat org.testng.internal.TestInvoker.runConfigMethods(TestInvoker.java:700)\n\tat org.testng.internal.TestInvoker.invokeMethod(TestInvoker.java:527)\n\tat org.testng.internal.TestInvoker.invokeTestMethod(TestInvoker.java:173)\n\tat org.testng.internal.MethodRunner.runInSequence(MethodRunner.java:46)\n\tat org.testng.internal.TestInvoker$MethodInvocationAgent.invoke(TestInvoker.java:824)\n\tat org.testng.internal.TestInvoker.invokeTestMethods(TestInvoker.java:146)\n\tat org.testng.internal.TestMethodWorker.invokeTestMethods(TestMethodWorker.java:146)\n\tat org.testng.internal.TestMethodWorker.run(TestMethodWorker.java:128)\n\tat java.base/java.util.ArrayList.forEach(ArrayList.java:1511)\n\tat org.testng.TestRunner.privateRun(TestRunner.java:794)\n\tat org.testng.TestRunner.run(TestRunner.java:596)\n\tat org.testng.SuiteRunner.runTest(SuiteRunner.java:377)\n\tat org.testng.SuiteRunner.runSequentially(SuiteRunner.java:371)\n\tat org.testng.SuiteRunner.privateRun(SuiteRunner.java:332)\n\tat org.testng.SuiteRunner.run(SuiteRunner.java:276)\n\tat org.testng.SuiteRunnerWorker.runSuite(SuiteRunnerWorker.java:53)\n\tat org.testng.SuiteRunnerWorker.run(SuiteRunnerWorker.java:96)\n\tat org.testng.TestNG.runSuitesSequentially(TestNG.java:1212)\n\tat org.testng.TestNG.runSuitesLocally(TestNG.java:1134)\n\tat org.testng.TestNG.runSuites(TestNG.java:1063)\n\tat org.testng.TestNG.run(TestNG.java:1031)\n\tat org.apache.maven.surefire.testng.TestNGExecutor.run(TestNGExecutor.java:136)\n\tat org.apache.maven.surefire.testng.TestNGDirectoryTestSuite.executeMulti(TestNGDirectoryTestSuite.java:193)\n\tat org.apache.maven.surefire.testng.TestNGDirectoryTestSuite.execute(TestNGDirectoryTestSuite.java:94)\n\tat org.apache.maven.surefire.testng.TestNGProvider.invoke(TestNGProvider.java:145)\n\tat org.apache.maven.surefire.booter.ForkedBooter.runSuitesInProcess(ForkedBooter.java:428)\n\tat org.apache.maven.surefire.booter.ForkedBooter.execute(ForkedBooter.java:162)\n\tat org.apache.maven.surefire.booter.ForkedBooter.run(ForkedBooter.java:562)\n\tat org.apache.maven.surefire.booter.ForkedBooter.main(ForkedBooter.java:548)\nCaused by: java.lang.NullPointerException: null value in entry: desiredCapabilities=null\n\tat com.google.common.collect.CollectPreconditions.checkEntryNotNull(CollectPreconditions.java:32)\n\tat com.google.common.collect.SingletonImmutableBiMap.<init>(SingletonImmutableBiMap.java:42)\n\tat com.google.common.collect.ImmutableBiMap.of(ImmutableBiMap.java:72)\n\tat com.google.common.collect.ImmutableMap.of(ImmutableMap.java:119)\n\tat org.openqa.selenium.remote.RemoteWebDriver.startSession(RemoteWebDriver.java:211)\n\tat org.openqa.selenium.remote.RemoteWebDriver.<init>(RemoteWebDriver.java:131)\n\tat org.openqa.selenium.remote.RemoteWebDriver.<init>(RemoteWebDriver.java:144)\n\tat com.shaft.driver.DriverFactoryHelper.createNewRemoteDriverInstance(DriverFactoryHelper.java:605)\n\tat com.shaft.driver.DriverFactoryHelper.getDriver(DriverFactoryHelper.java:771)\n\t... 40 more\n",
    "steps" : [ ],
    "attachments" : [ {
      "uid" : "834bb56744180",
      "name" : "Attachment: SHAFT Engine Logs - Current Method log: uploadFile_invisibleUploadInput",
      "source" : "834bb56744180.txt",
      "type" : "text/plain",
      "size" : 435
    } ],
    "parameters" : [ ],
    "attachmentsCount" : 1,
    "shouldDisplayMessage" : true,
    "hasContent" : true,
    "stepsCount" : 0
  },
  "afterStages" : [ {
    "name" : "afterMethod",
    "time" : {
      "start" : 1619642180480,
      "stop" : 1619642180482,
      "duration" : 2
    },
    "description" : "",
    "status" : "broken",
    "steps" : [ ],
    "attachments" : [ ],
    "parameters" : [ ],
    "attachmentsCount" : 0,
    "shouldDisplayMessage" : false,
    "hasContent" : false,
    "stepsCount" : 0
  }, {
    "name" : "closureActivities",
    "time" : {
      "start" : 1619642185174,
      "stop" : 1619642185404,
      "duration" : 230
    },
    "description" : "",
    "status" : "passed",
    "steps" : [ {
      "name" : "Action [96]: Issue Summary: Total Issues = 5, New issues for Failed Tests = 3, Open issues for Passed Tests = 2, Open issues for Failed Tests = 0. Kindly check the attached Issue details.",
      "time" : {
        "start" : 1619642185182,
        "stop" : 1619642185185,
        "duration" : 3
      },
      "status" : "passed",
      "steps" : [ ],
      "attachments" : [ {
        "uid" : "a60ca940925630f",
        "name" : "Attachment: SHAFT Engine Logs - Issues log CSV: 20210428-203625",
        "source" : "a60ca940925630f.csv",
        "type" : "text/csv",
        "size" : 613
      } ],
      "parameters" : [ {
        "name" : "actionCounter",
        "value" : "96"
      }, {
        "name" : "logText",
        "value" : "Issue Summary: Total Issues = 5, New issues for Failed Tests = 3, Open issues for Passed Tests = 2, Open issues for Failed Tests = 0. Kindly check the attached Issue details."
      }, {
        "name" : "attachments",
        "value" : "[[SHAFT Engine Logs, Issues log CSV: 20210428-203625, java.io.ByteArrayInputStream@6b7a96e1]]"
      } ],
      "attachmentsCount" : 1,
      "shouldDisplayMessage" : false,
      "hasContent" : true,
      "stepsCount" : 0
    } ],
    "attachments" : [ {
      "uid" : "86fb27bd8b5dd9f",
      "name" : "Attachment: SHAFT Engine Logs - Execution log: 20210428-203625",
      "source" : "86fb27bd8b5dd9f.txt",
      "type" : "text/plain",
      "size" : 96133
    }, {
      "uid" : "fca0978644c09f6e",
      "name" : "Attachment: HTML - Extent Emailable Execution Report",
      "source" : "fca0978644c09f6e.html",
      "type" : "text/html",
      "size" : 851849
    } ],
    "parameters" : [ ],
    "attachmentsCount" : 3,
    "shouldDisplayMessage" : false,
    "hasContent" : true,
    "stepsCount" : 1
  } ],
  "labels" : [ {
    "name" : "package",
    "value" : "testPackage01.Test_uploadFile"
  }, {
    "name" : "testClass",
    "value" : "testPackage01.Test_uploadFile"
  }, {
    "name" : "testMethod",
    "value" : "uploadFile_invisibleUploadInput"
  }, {
    "name" : "parentSuite",
    "value" : "SHAFT: Custom Suite"
  }, {
    "name" : "suite",
    "value" : "SHAFT: Custom Test"
  }, {
    "name" : "subSuite",
    "value" : "testPackage01.Test_uploadFile"
  }, {
    "name" : "host",
    "value" : "fv-az201-958"
  }, {
    "name" : "thread",
    "value" : "3883@fv-az201-958.main(1)"
  }, {
    "name" : "framework",
    "value" : "testng"
  }, {
    "name" : "language",
    "value" : "java"
  }, {
    "name" : "resultFormat",
    "value" : "allure2"
  } ],
  "parameters" : [ ],
  "links" : [ ],
  "hidden" : false,
  "retry" : false,
  "extra" : {
    "severity" : "normal",
    "retries" : [ ],
    "categories" : [ ],
    "history" : {
      "statistic" : {
        "failed" : 0,
        "broken" : 0,
        "skipped" : 1,
        "passed" : 26,
        "unknown" : 0,
        "total" : 27
      },
      "items" : [ {
        "uid" : "f2fc8f7ce8d606cb",
        "reportUrl" : "https://MohabMohie.github.io/SHAFT_ENGINE/allure/421//#testresult/f2fc8f7ce8d606cb",
        "status" : "passed",
        "time" : {
          "start" : 1619611793281,
          "stop" : 1619611796020,
          "duration" : 2739
        }
      }, {
        "uid" : "e0dce1e04783b0aa",
        "reportUrl" : "https://MohabMohie.github.io/SHAFT_ENGINE/allure/419//#testresult/e0dce1e04783b0aa",
        "status" : "passed",
        "time" : {
          "start" : 1619610904050,
          "stop" : 1619610906844,
          "duration" : 2794
        }
      }, {
        "uid" : "bd29408864bec0c0",
        "reportUrl" : "https://MohabMohie.github.io/SHAFT_ENGINE/allure/418//#testresult/bd29408864bec0c0",
        "status" : "passed",
        "time" : {
          "start" : 1619573256805,
          "stop" : 1619573259634,
          "duration" : 2829
        }
      }, {
        "uid" : "84a390349e3b2581",
        "reportUrl" : "https://MohabMohie.github.io/SHAFT_ENGINE/allure/417//#testresult/84a390349e3b2581",
        "status" : "passed",
        "time" : {
          "start" : 1619522668621,
          "stop" : 1619522671276,
          "duration" : 2655
        }
      }, {
        "uid" : "ab4ff4f79bdc8002",
        "reportUrl" : "https://MohabMohie.github.io/SHAFT_ENGINE/allure/416//#testresult/ab4ff4f79bdc8002",
        "status" : "passed",
        "time" : {
          "start" : 1619519293257,
          "stop" : 1619519295684,
          "duration" : 2427
        }
      }, {
        "uid" : "24a26a0dc05444db",
        "reportUrl" : "https://MohabMohie.github.io/SHAFT_ENGINE/allure/415//#testresult/24a26a0dc05444db",
        "status" : "passed",
        "time" : {
          "start" : 1619518927550,
          "stop" : 1619518930121,
          "duration" : 2571
        }
      }, {
        "uid" : "cfe525af1cac9de6",
        "reportUrl" : "https://MohabMohie.github.io/SHAFT_ENGINE/allure/414//#testresult/cfe525af1cac9de6",
        "status" : "passed",
        "time" : {
          "start" : 1619514339888,
          "stop" : 1619514342073,
          "duration" : 2185
        }
      }, {
        "uid" : "bdcdfcad68d5a277",
        "reportUrl" : "https://MohabMohie.github.io/SHAFT_ENGINE/allure/413//#testresult/bdcdfcad68d5a277",
        "status" : "passed",
        "time" : {
          "start" : 1619513688284,
          "stop" : 1619513690669,
          "duration" : 2385
        }
      }, {
        "uid" : "400d2d449dfcbd2",
        "reportUrl" : "https://MohabMohie.github.io/SHAFT_ENGINE/allure/412//#testresult/400d2d449dfcbd2",
        "status" : "passed",
        "time" : {
          "start" : 1619486819748,
          "stop" : 1619486822134,
          "duration" : 2386
        }
      }, {
        "uid" : "710b24fb81385ab6",
        "reportUrl" : "https://MohabMohie.github.io/SHAFT_ENGINE/allure/411//#testresult/710b24fb81385ab6",
        "status" : "passed",
        "time" : {
          "start" : 1619400519951,
          "stop" : 1619400523487,
          "duration" : 3536
        }
      }, {
        "uid" : "3fa26a258eea3066",
        "reportUrl" : "https://MohabMohie.github.io/SHAFT_ENGINE/allure/410//#testresult/3fa26a258eea3066",
        "status" : "passed",
        "time" : {
          "start" : 1619314178650,
          "stop" : 1619314180879,
          "duration" : 2229
        }
      }, {
        "uid" : "86f0ce205b382ada",
        "reportUrl" : "https://MohabMohie.github.io/SHAFT_ENGINE/allure/409//#testresult/86f0ce205b382ada",
        "status" : "passed",
        "time" : {
          "start" : 1619286029456,
          "stop" : 1619286032515,
          "duration" : 3059
        }
      }, {
        "uid" : "6dbf219459e6d2db",
        "reportUrl" : "https://MohabMohie.github.io/SHAFT_ENGINE/allure/408//#testresult/6dbf219459e6d2db",
        "status" : "passed",
        "time" : {
          "start" : 1619285829516,
          "stop" : 1619285831879,
          "duration" : 2363
        }
      }, {
        "uid" : "88f06576312321f2",
        "reportUrl" : "https://MohabMohie.github.io/SHAFT_ENGINE/allure/404//#testresult/88f06576312321f2",
        "status" : "passed",
        "time" : {
          "start" : 1619275172207,
          "stop" : 1619275174121,
          "duration" : 1914
        }
      }, {
        "uid" : "22e0dd9032a16ebd",
        "reportUrl" : "https://MohabMohie.github.io/SHAFT_ENGINE/allure/402//#testresult/22e0dd9032a16ebd",
        "status" : "passed",
        "time" : {
          "start" : 1619227644830,
          "stop" : 1619227647451,
          "duration" : 2621
        }
      }, {
        "uid" : "9dc0139bb13558a8",
        "reportUrl" : "https://MohabMohie.github.io/SHAFT_ENGINE/allure/400//#testresult/9dc0139bb13558a8",
        "status" : "passed",
        "time" : {
          "start" : 1619141313542,
          "stop" : 1619141316296,
          "duration" : 2754
        }
      }, {
        "uid" : "e3412146740cca41",
        "reportUrl" : "https://MohabMohie.github.io/SHAFT_ENGINE/allure/399//#testresult/e3412146740cca41",
        "status" : "passed",
        "time" : {
          "start" : 1619054999670,
          "stop" : 1619055002324,
          "duration" : 2654
        }
      }, {
        "uid" : "9a7201cbd3580b82",
        "reportUrl" : "https://MohabMohie.github.io/SHAFT_ENGINE/allure/398//#testresult/9a7201cbd3580b82",
        "status" : "passed",
        "time" : {
          "start" : 1618968614074,
          "stop" : 1618968616449,
          "duration" : 2375
        }
      }, {
        "uid" : "fd72c831bda6ade4",
        "reportUrl" : "https://MohabMohie.github.io/SHAFT_ENGINE/allure/396//#testresult/fd72c831bda6ade4",
        "status" : "passed",
        "time" : {
          "start" : 1618882170009,
          "stop" : 1618882172863,
          "duration" : 2854
        }
      }, {
        "uid" : "aa83afa6d58ee4aa",
        "reportUrl" : "https://MohabMohie.github.io/SHAFT_ENGINE/allure/395//#testresult/aa83afa6d58ee4aa",
        "status" : "passed",
        "time" : {
          "start" : 1618795750964,
          "stop" : 1618795753157,
          "duration" : 2193
        }
      } ]
    },
    "tags" : [ ]
  },
  "source" : "a54c90ac3e22cf9b.json",
  "parameterValues" : [ ]
}