{
  "uid" : "a62bf412de63d2f5",
  "name" : "assertFileExists_false_expectedToFail",
  "fullName" : "unitTests.tests_validations_assertions.assertFileExists_false_expectedToFail",
  "historyId" : "bef677b60015e2d35d5030f6c3bfcf99",
  "time" : {
    "start" : 1619642182274,
    "stop" : 1619642182276,
    "duration" : 2
  },
  "status" : "skipped",
  "statusMessage" : "Unhandled Exception with Driver Type [GoogleChrome].",
  "statusTrace" : "java.lang.AssertionError: Unhandled Exception with Driver Type [GoogleChrome].\n\tat org.testng.Assert.fail(Assert.java:87)\n\tat com.shaft.driver.DriverFactoryHelper.getDriver(DriverFactoryHelper.java:789)\n\tat com.shaft.driver.DriverFactoryHelper.getDriver(DriverFactoryHelper.java:140)\n\tat com.shaft.gui.browser.BrowserFactory.getBrowser(BrowserFactory.java:20)\n\tat unitTests.tests_validations_assertions.beforeMethod(tests_validations_assertions.java:406)\n\tat java.base/jdk.internal.reflect.NativeMethodAccessorImpl.invoke0(Native Method)\n\tat java.base/jdk.internal.reflect.NativeMethodAccessorImpl.invoke(NativeMethodAccessorImpl.java:64)\n\tat java.base/jdk.internal.reflect.DelegatingMethodAccessorImpl.invoke(DelegatingMethodAccessorImpl.java:43)\n\tat java.base/java.lang.reflect.Method.invoke(Method.java:564)\n\tat org.testng.internal.MethodInvocationHelper.invokeMethod(MethodInvocationHelper.java:133)\n\tat org.testng.internal.MethodInvocationHelper.invokeMethodConsideringTimeout(MethodInvocationHelper.java:62)\n\tat org.testng.internal.ConfigInvoker.invokeConfigurationMethod(ConfigInvoker.java:385)\n\tat org.testng.internal.ConfigInvoker.invokeConfigurations(ConfigInvoker.java:321)\n\tat org.testng.internal.TestInvoker.runConfigMethods(TestInvoker.java:700)\n\tat org.testng.internal.TestInvoker.invokeMethod(TestInvoker.java:527)\n\tat org.testng.internal.TestInvoker.invokeTestMethod(TestInvoker.java:173)\n\tat org.testng.internal.MethodRunner.runInSequence(MethodRunner.java:46)\n\tat org.testng.internal.TestInvoker$MethodInvocationAgent.invoke(TestInvoker.java:824)\n\tat org.testng.internal.TestInvoker.invokeTestMethods(TestInvoker.java:146)\n\tat org.testng.internal.TestMethodWorker.invokeTestMethods(TestMethodWorker.java:146)\n\tat org.testng.internal.TestMethodWorker.run(TestMethodWorker.java:128)\n\tat java.base/java.util.ArrayList.forEach(ArrayList.java:1511)\n\tat org.testng.TestRunner.privateRun(TestRunner.java:794)\n\tat org.testng.TestRunner.run(TestRunner.java:596)\n\tat org.testng.SuiteRunner.runTest(SuiteRunner.java:377)\n\tat org.testng.SuiteRunner.runSequentially(SuiteRunner.java:371)\n\tat org.testng.SuiteRunner.privateRun(SuiteRunner.java:332)\n\tat org.testng.SuiteRunner.run(SuiteRunner.java:276)\n\tat org.testng.SuiteRunnerWorker.runSuite(SuiteRunnerWorker.java:53)\n\tat org.testng.SuiteRunnerWorker.run(SuiteRunnerWorker.java:96)\n\tat org.testng.TestNG.runSuitesSequentially(TestNG.java:1212)\n\tat org.testng.TestNG.runSuitesLocally(TestNG.java:1134)\n\tat org.testng.TestNG.runSuites(TestNG.java:1063)\n\tat org.testng.TestNG.run(TestNG.java:1031)\n\tat org.apache.maven.surefire.testng.TestNGExecutor.run(TestNGExecutor.java:136)\n\tat org.apache.maven.surefire.testng.TestNGDirectoryTestSuite.executeMulti(TestNGDirectoryTestSuite.java:193)\n\tat org.apache.maven.surefire.testng.TestNGDirectoryTestSuite.execute(TestNGDirectoryTestSuite.java:94)\n\tat org.apache.maven.surefire.testng.TestNGProvider.invoke(TestNGProvider.java:145)\n\tat org.apache.maven.surefire.booter.ForkedBooter.runSuitesInProcess(ForkedBooter.java:428)\n\tat org.apache.maven.surefire.booter.ForkedBooter.execute(ForkedBooter.java:162)\n\tat org.apache.maven.surefire.booter.ForkedBooter.run(ForkedBooter.java:562)\n\tat org.apache.maven.surefire.booter.ForkedBooter.main(ForkedBooter.java:548)\nCaused by: java.lang.NullPointerException: null value in entry: desiredCapabilities=null\n\tat com.google.common.collect.CollectPreconditions.checkEntryNotNull(CollectPreconditions.java:32)\n\tat com.google.common.collect.SingletonImmutableBiMap.<init>(SingletonImmutableBiMap.java:42)\n\tat com.google.common.collect.ImmutableBiMap.of(ImmutableBiMap.java:72)\n\tat com.google.common.collect.ImmutableMap.of(ImmutableMap.java:119)\n\tat org.openqa.selenium.remote.RemoteWebDriver.startSession(RemoteWebDriver.java:211)\n\tat org.openqa.selenium.remote.RemoteWebDriver.<init>(RemoteWebDriver.java:131)\n\tat org.openqa.selenium.remote.RemoteWebDriver.<init>(RemoteWebDriver.java:144)\n\tat com.shaft.driver.DriverFactoryHelper.createNewRemoteDriverInstance(DriverFactoryHelper.java:605)\n\tat com.shaft.driver.DriverFactoryHelper.getDriver(DriverFactoryHelper.java:771)\n\t... 40 more\n",
  "flaky" : false,
  "newFailed" : false,
  "beforeStages" : [ ],
  "testStage" : {
    "status" : "skipped",
    "statusMessage" : "Unhandled Exception with Driver Type [GoogleChrome].",
    "statusTrace" : "java.lang.AssertionError: Unhandled Exception with Driver Type [GoogleChrome].\n\tat org.testng.Assert.fail(Assert.java:87)\n\tat com.shaft.driver.DriverFactoryHelper.getDriver(DriverFactoryHelper.java:789)\n\tat com.shaft.driver.DriverFactoryHelper.getDriver(DriverFactoryHelper.java:140)\n\tat com.shaft.gui.browser.BrowserFactory.getBrowser(BrowserFactory.java:20)\n\tat unitTests.tests_validations_assertions.beforeMethod(tests_validations_assertions.java:406)\n\tat java.base/jdk.internal.reflect.NativeMethodAccessorImpl.invoke0(Native Method)\n\tat java.base/jdk.internal.reflect.NativeMethodAccessorImpl.invoke(NativeMethodAccessorImpl.java:64)\n\tat java.base/jdk.internal.reflect.DelegatingMethodAccessorImpl.invoke(DelegatingMethodAccessorImpl.java:43)\n\tat java.base/java.lang.reflect.Method.invoke(Method.java:564)\n\tat org.testng.internal.MethodInvocationHelper.invokeMethod(MethodInvocationHelper.java:133)\n\tat org.testng.internal.MethodInvocationHelper.invokeMethodConsideringTimeout(MethodInvocationHelper.java:62)\n\tat org.testng.internal.ConfigInvoker.invokeConfigurationMethod(ConfigInvoker.java:385)\n\tat org.testng.internal.ConfigInvoker.invokeConfigurations(ConfigInvoker.java:321)\n\tat org.testng.internal.TestInvoker.runConfigMethods(TestInvoker.java:700)\n\tat org.testng.internal.TestInvoker.invokeMethod(TestInvoker.java:527)\n\tat org.testng.internal.TestInvoker.invokeTestMethod(TestInvoker.java:173)\n\tat org.testng.internal.MethodRunner.runInSequence(MethodRunner.java:46)\n\tat org.testng.internal.TestInvoker$MethodInvocationAgent.invoke(TestInvoker.java:824)\n\tat org.testng.internal.TestInvoker.invokeTestMethods(TestInvoker.java:146)\n\tat org.testng.internal.TestMethodWorker.invokeTestMethods(TestMethodWorker.java:146)\n\tat org.testng.internal.TestMethodWorker.run(TestMethodWorker.java:128)\n\tat java.base/java.util.ArrayList.forEach(ArrayList.java:1511)\n\tat org.testng.TestRunner.privateRun(TestRunner.java:794)\n\tat org.testng.TestRunner.run(TestRunner.java:596)\n\tat org.testng.SuiteRunner.runTest(SuiteRunner.java:377)\n\tat org.testng.SuiteRunner.runSequentially(SuiteRunner.java:371)\n\tat org.testng.SuiteRunner.privateRun(SuiteRunner.java:332)\n\tat org.testng.SuiteRunner.run(SuiteRunner.java:276)\n\tat org.testng.SuiteRunnerWorker.runSuite(SuiteRunnerWorker.java:53)\n\tat org.testng.SuiteRunnerWorker.run(SuiteRunnerWorker.java:96)\n\tat org.testng.TestNG.runSuitesSequentially(TestNG.java:1212)\n\tat org.testng.TestNG.runSuitesLocally(TestNG.java:1134)\n\tat org.testng.TestNG.runSuites(TestNG.java:1063)\n\tat org.testng.TestNG.run(TestNG.java:1031)\n\tat org.apache.maven.surefire.testng.TestNGExecutor.run(TestNGExecutor.java:136)\n\tat org.apache.maven.surefire.testng.TestNGDirectoryTestSuite.executeMulti(TestNGDirectoryTestSuite.java:193)\n\tat org.apache.maven.surefire.testng.TestNGDirectoryTestSuite.execute(TestNGDirectoryTestSuite.java:94)\n\tat org.apache.maven.surefire.testng.TestNGProvider.invoke(TestNGProvider.java:145)\n\tat org.apache.maven.surefire.booter.ForkedBooter.runSuitesInProcess(ForkedBooter.java:428)\n\tat org.apache.maven.surefire.booter.ForkedBooter.execute(ForkedBooter.java:162)\n\tat org.apache.maven.surefire.booter.ForkedBooter.run(ForkedBooter.java:562)\n\tat org.apache.maven.surefire.booter.ForkedBooter.main(ForkedBooter.java:548)\nCaused by: java.lang.NullPointerException: null value in entry: desiredCapabilities=null\n\tat com.google.common.collect.CollectPreconditions.checkEntryNotNull(CollectPreconditions.java:32)\n\tat com.google.common.collect.SingletonImmutableBiMap.<init>(SingletonImmutableBiMap.java:42)\n\tat com.google.common.collect.ImmutableBiMap.of(ImmutableBiMap.java:72)\n\tat com.google.common.collect.ImmutableMap.of(ImmutableMap.java:119)\n\tat org.openqa.selenium.remote.RemoteWebDriver.startSession(RemoteWebDriver.java:211)\n\tat org.openqa.selenium.remote.RemoteWebDriver.<init>(RemoteWebDriver.java:131)\n\tat org.openqa.selenium.remote.RemoteWebDriver.<init>(RemoteWebDriver.java:144)\n\tat com.shaft.driver.DriverFactoryHelper.createNewRemoteDriverInstance(DriverFactoryHelper.java:605)\n\tat com.shaft.driver.DriverFactoryHelper.getDriver(DriverFactoryHelper.java:771)\n\t... 40 more\n",
    "steps" : [ ],
    "attachments" : [ {
      "uid" : "73f4aac746de3d4b",
      "name" : "Attachment: SHAFT Engine Logs - Current Method log: assertFileExists_false_expectedToFail",
      "source" : "73f4aac746de3d4b.txt",
      "type" : "text/plain",
      "size" : 451
    } ],
    "parameters" : [ ],
    "attachmentsCount" : 1,
    "shouldDisplayMessage" : true,
    "hasContent" : true,
    "stepsCount" : 0
  },
  "afterStages" : [ {
    "name" : "closureActivities",
    "time" : {
      "start" : 1619642185174,
      "stop" : 1619642185404,
      "duration" : 230
    },
    "description" : "",
    "status" : "passed",
    "steps" : [ {
      "name" : "Action [96]: Issue Summary: Total Issues = 5, New issues for Failed Tests = 3, Open issues for Passed Tests = 2, Open issues for Failed Tests = 0. Kindly check the attached Issue details.",
      "time" : {
        "start" : 1619642185182,
        "stop" : 1619642185185,
        "duration" : 3
      },
      "status" : "passed",
      "steps" : [ ],
      "attachments" : [ {
        "uid" : "a60ca940925630f",
        "name" : "Attachment: SHAFT Engine Logs - Issues log CSV: 20210428-203625",
        "source" : "a60ca940925630f.csv",
        "type" : "text/csv",
        "size" : 613
      } ],
      "parameters" : [ {
        "name" : "actionCounter",
        "value" : "96"
      }, {
        "name" : "logText",
        "value" : "Issue Summary: Total Issues = 5, New issues for Failed Tests = 3, Open issues for Passed Tests = 2, Open issues for Failed Tests = 0. Kindly check the attached Issue details."
      }, {
        "name" : "attachments",
        "value" : "[[SHAFT Engine Logs, Issues log CSV: 20210428-203625, java.io.ByteArrayInputStream@6b7a96e1]]"
      } ],
      "attachmentsCount" : 1,
      "shouldDisplayMessage" : false,
      "hasContent" : true,
      "stepsCount" : 0
    } ],
    "attachments" : [ {
      "uid" : "86fb27bd8b5dd9f",
      "name" : "Attachment: SHAFT Engine Logs - Execution log: 20210428-203625",
      "source" : "86fb27bd8b5dd9f.txt",
      "type" : "text/plain",
      "size" : 96133
    }, {
      "uid" : "fca0978644c09f6e",
      "name" : "Attachment: HTML - Extent Emailable Execution Report",
      "source" : "fca0978644c09f6e.html",
      "type" : "text/html",
      "size" : 851849
    } ],
    "parameters" : [ ],
    "attachmentsCount" : 3,
    "shouldDisplayMessage" : false,
    "hasContent" : true,
    "stepsCount" : 1
  } ],
  "labels" : [ {
    "name" : "package",
    "value" : "unitTests.tests_validations_assertions"
  }, {
    "name" : "testClass",
    "value" : "unitTests.tests_validations_assertions"
  }, {
    "name" : "testMethod",
    "value" : "assertFileExists_false_expectedToFail"
  }, {
    "name" : "parentSuite",
    "value" : "SHAFT: Custom Suite"
  }, {
    "name" : "suite",
    "value" : "SHAFT: Custom Test"
  }, {
    "name" : "subSuite",
    "value" : "unitTests.tests_validations_assertions"
  }, {
    "name" : "host",
    "value" : "fv-az201-958"
  }, {
    "name" : "thread",
    "value" : "3883@fv-az201-958.main(1)"
  }, {
    "name" : "framework",
    "value" : "testng"
  }, {
    "name" : "language",
    "value" : "java"
  }, {
    "name" : "resultFormat",
    "value" : "allure2"
  } ],
  "parameters" : [ ],
  "links" : [ ],
  "hidden" : false,
  "retry" : false,
  "extra" : {
    "severity" : "normal",
    "retries" : [ ],
    "categories" : [ ],
    "history" : {
      "statistic" : {
        "failed" : 0,
        "broken" : 0,
        "skipped" : 1,
        "passed" : 26,
        "unknown" : 0,
        "total" : 27
      },
      "items" : [ {
        "uid" : "61a7458cc589a44e",
        "reportUrl" : "https://MohabMohie.github.io/SHAFT_ENGINE/allure/421//#testresult/61a7458cc589a44e",
        "status" : "passed",
        "time" : {
          "start" : 1619612014869,
          "stop" : 1619612014870,
          "duration" : 1
        }
      }, {
        "uid" : "a7736ffb86c4ad23",
        "reportUrl" : "https://MohabMohie.github.io/SHAFT_ENGINE/allure/419//#testresult/a7736ffb86c4ad23",
        "status" : "passed",
        "time" : {
          "start" : 1619611166437,
          "stop" : 1619611166438,
          "duration" : 1
        }
      }, {
        "uid" : "8109cd7e775c8ced",
        "reportUrl" : "https://MohabMohie.github.io/SHAFT_ENGINE/allure/418//#testresult/8109cd7e775c8ced",
        "status" : "passed",
        "time" : {
          "start" : 1619573538561,
          "stop" : 1619573538562,
          "duration" : 1
        }
      }, {
        "uid" : "2688142717a2e4d0",
        "reportUrl" : "https://MohabMohie.github.io/SHAFT_ENGINE/allure/417//#testresult/2688142717a2e4d0",
        "status" : "passed",
        "time" : {
          "start" : 1619522953127,
          "stop" : 1619522953127,
          "duration" : 0
        }
      }, {
        "uid" : "a4255b3b1414f9e9",
        "reportUrl" : "https://MohabMohie.github.io/SHAFT_ENGINE/allure/416//#testresult/a4255b3b1414f9e9",
        "status" : "passed",
        "time" : {
          "start" : 1619519535100,
          "stop" : 1619519535101,
          "duration" : 1
        }
      }, {
        "uid" : "b4ef4e156edb988",
        "reportUrl" : "https://MohabMohie.github.io/SHAFT_ENGINE/allure/415//#testresult/b4ef4e156edb988",
        "status" : "passed",
        "time" : {
          "start" : 1619519163083,
          "stop" : 1619519163087,
          "duration" : 4
        }
      }, {
        "uid" : "e187158c8deff4c4",
        "reportUrl" : "https://MohabMohie.github.io/SHAFT_ENGINE/allure/414//#testresult/e187158c8deff4c4",
        "status" : "passed",
        "time" : {
          "start" : 1619514590953,
          "stop" : 1619514590955,
          "duration" : 2
        }
      }, {
        "uid" : "22969790227a9419",
        "reportUrl" : "https://MohabMohie.github.io/SHAFT_ENGINE/allure/413//#testresult/22969790227a9419",
        "status" : "passed",
        "time" : {
          "start" : 1619513916943,
          "stop" : 1619513916944,
          "duration" : 1
        }
      }, {
        "uid" : "94015b195796f61d",
        "reportUrl" : "https://MohabMohie.github.io/SHAFT_ENGINE/allure/412//#testresult/94015b195796f61d",
        "status" : "passed",
        "time" : {
          "start" : 1619487039662,
          "stop" : 1619487039665,
          "duration" : 3
        }
      }, {
        "uid" : "b67766db336a4c7e",
        "reportUrl" : "https://MohabMohie.github.io/SHAFT_ENGINE/allure/411//#testresult/b67766db336a4c7e",
        "status" : "passed",
        "time" : {
          "start" : 1619400782302,
          "stop" : 1619400782303,
          "duration" : 1
        }
      }, {
        "uid" : "104f0a2df9150b75",
        "reportUrl" : "https://MohabMohie.github.io/SHAFT_ENGINE/allure/410//#testresult/104f0a2df9150b75",
        "status" : "passed",
        "time" : {
          "start" : 1619314409752,
          "stop" : 1619314409760,
          "duration" : 8
        }
      }, {
        "uid" : "f3dd0da775548a4d",
        "reportUrl" : "https://MohabMohie.github.io/SHAFT_ENGINE/allure/409//#testresult/f3dd0da775548a4d",
        "status" : "passed",
        "time" : {
          "start" : 1619286278781,
          "stop" : 1619286278782,
          "duration" : 1
        }
      }, {
        "uid" : "8ffe29af2b4345eb",
        "reportUrl" : "https://MohabMohie.github.io/SHAFT_ENGINE/allure/408//#testresult/8ffe29af2b4345eb",
        "status" : "passed",
        "time" : {
          "start" : 1619286051309,
          "stop" : 1619286051311,
          "duration" : 2
        }
      }, {
        "uid" : "6f0cc3caa9a11b54",
        "reportUrl" : "https://MohabMohie.github.io/SHAFT_ENGINE/allure/404//#testresult/6f0cc3caa9a11b54",
        "status" : "passed",
        "time" : {
          "start" : 1619275388036,
          "stop" : 1619275388037,
          "duration" : 1
        }
      }, {
        "uid" : "e32c9ca771ecc6e",
        "reportUrl" : "https://MohabMohie.github.io/SHAFT_ENGINE/allure/402//#testresult/e32c9ca771ecc6e",
        "status" : "passed",
        "time" : {
          "start" : 1619227862069,
          "stop" : 1619227862070,
          "duration" : 1
        }
      }, {
        "uid" : "309f2c9f590b8ce2",
        "reportUrl" : "https://MohabMohie.github.io/SHAFT_ENGINE/allure/400//#testresult/309f2c9f590b8ce2",
        "status" : "passed",
        "time" : {
          "start" : 1619141604060,
          "stop" : 1619141604062,
          "duration" : 2
        }
      }, {
        "uid" : "983b451f447f64ba",
        "reportUrl" : "https://MohabMohie.github.io/SHAFT_ENGINE/allure/399//#testresult/983b451f447f64ba",
        "status" : "passed",
        "time" : {
          "start" : 1619054970985,
          "stop" : 1619054970990,
          "duration" : 5
        }
      }, {
        "uid" : "748834c636ca3fe0",
        "reportUrl" : "https://MohabMohie.github.io/SHAFT_ENGINE/allure/398//#testresult/748834c636ca3fe0",
        "status" : "passed",
        "time" : {
          "start" : 1618968575807,
          "stop" : 1618968575812,
          "duration" : 5
        }
      }, {
        "uid" : "db8fa149f235c1a2",
        "reportUrl" : "https://MohabMohie.github.io/SHAFT_ENGINE/allure/396//#testresult/db8fa149f235c1a2",
        "status" : "passed",
        "time" : {
          "start" : 1618882141485,
          "stop" : 1618882141491,
          "duration" : 6
        }
      }, {
        "uid" : "bb1d9d703b724d0",
        "reportUrl" : "https://MohabMohie.github.io/SHAFT_ENGINE/allure/395//#testresult/bb1d9d703b724d0",
        "status" : "passed",
        "time" : {
          "start" : 1618795725769,
          "stop" : 1618795725773,
          "duration" : 4
        }
      } ]
    },
    "tags" : [ ]
  },
  "source" : "a62bf412de63d2f5.json",
  "parameterValues" : [ ]
}