{
  "uid" : "eafad2c6db7e68da",
  "name" : "f21",
  "fullName" : "testPackage01.Test_NewValidationHelper.f21",
  "historyId" : "259a17265cbc92933de3cafb98400a6e",
  "time" : {
    "start" : 1615300603546,
    "stop" : 1615300629156,
    "duration" : 25610
  },
  "status" : "passed",
  "flaky" : false,
  "newFailed" : false,
  "beforeStages" : [ {
    "name" : "openBrowser",
    "time" : {
      "start" : 1615300602778,
      "stop" : 1615300603509,
      "duration" : 731
    },
    "description" : "",
    "status" : "passed",
    "steps" : [ {
      "name" : "Action [72]: Attempting to run remotely on: [Linux-64], [GoogleChrome], [http://localhost:4444/wd/hub], Headless Execution.",
      "time" : {
        "start" : 1615300602778,
        "stop" : 1615300602778,
        "duration" : 0
      },
      "status" : "passed",
      "steps" : [ ],
      "attachments" : [ ],
      "parameters" : [ {
        "name" : "actionCounter",
        "value" : "72"
      }, {
        "name" : "logText",
        "value" : "Attempting to run remotely on: [Linux-64], [GoogleChrome], [http://localhost:4444/wd/hub], Headless Execution."
      } ],
      "stepsCount" : 0,
      "attachmentsCount" : 0,
      "shouldDisplayMessage" : false,
      "hasContent" : true
    }, {
      "name" : "Action [73]: Successfully Opened [GoogleChrome].",
      "time" : {
        "start" : 1615300603011,
        "stop" : 1615300603011,
        "duration" : 0
      },
      "status" : "passed",
      "steps" : [ ],
      "attachments" : [ ],
      "parameters" : [ {
        "name" : "actionCounter",
        "value" : "73"
      }, {
        "name" : "logText",
        "value" : "Successfully Opened [GoogleChrome]."
      } ],
      "stepsCount" : 0,
      "attachmentsCount" : 0,
      "shouldDisplayMessage" : false,
      "hasContent" : true
    }, {
      "name" : "Action [74]: Browser Action [navigateToURL] successfully performed. With the following test data [https://the-internet.herokuapp.com/].",
      "time" : {
        "start" : 1615300603508,
        "stop" : 1615300603509,
        "duration" : 1
      },
      "status" : "passed",
      "steps" : [ ],
      "attachments" : [ ],
      "parameters" : [ {
        "name" : "actionCounter",
        "value" : "74"
      }, {
        "name" : "logText",
        "value" : "Browser Action [navigateToURL] successfully performed. With the following test data [https://the-internet.herokuapp.com/]."
      }, {
        "name" : "attachments",
        "value" : "[null]"
      } ],
      "stepsCount" : 0,
      "attachmentsCount" : 0,
      "shouldDisplayMessage" : false,
      "hasContent" : true
    } ],
    "attachments" : [ ],
    "parameters" : [ ],
    "stepsCount" : 3,
    "attachmentsCount" : 0,
    "shouldDisplayMessage" : false,
    "hasContent" : true
  } ],
  "testStage" : {
    "status" : "passed",
    "steps" : [ {
      "name" : "Action [75]: Element Action [identifyUniqueElement] failed. With the following test data [zero elements found matching this locator \"By.tagName: h3\".].",
      "time" : {
        "start" : 1615300629154,
        "stop" : 1615300629155,
        "duration" : 1
      },
      "status" : "passed",
      "steps" : [ ],
      "attachments" : [ {
        "uid" : "7d1e7290ae38e443",
        "name" : "Attachment: Screenshot - 1615300629094_f21_identifyUniqueElement_failed",
        "source" : "7d1e7290ae38e443.png",
        "type" : "image/png",
        "size" : 55570
      } ],
      "parameters" : [ {
        "name" : "actionCounter",
        "value" : "75"
      }, {
        "name" : "logText",
        "value" : "Element Action [identifyUniqueElement] failed. With the following test data [zero elements found matching this locator \"By.tagName: h3\".]."
      }, {
        "name" : "attachments",
        "value" : "[[Screenshot, 1615300629094_f21_identifyUniqueElement_failed, java.io.ByteArrayInputStream@7d44e3c7]]"
      } ],
      "stepsCount" : 0,
      "attachmentsCount" : 1,
      "shouldDisplayMessage" : false,
      "hasContent" : true
    }, {
      "name" : "Action [76]: AssertElementAttribute FAILED; Expected [Value Should be 'Welcome' for the 'text' attribute, element locator 'By.tagName: h3'] and Actual [Failed to read the desired element attribute]. Comparison Type [CONTAINS]. Validation Type [POSITIVE].",
      "time" : {
        "start" : 1615300629155,
        "stop" : 1615300629155,
        "duration" : 0
      },
      "status" : "passed",
      "steps" : [ ],
      "attachments" : [ ],
      "parameters" : [ {
        "name" : "actionCounter",
        "value" : "76"
      }, {
        "name" : "logText",
        "value" : "AssertElementAttribute FAILED; Expected [Value Should be 'Welcome' for the 'text' attribute, element locator 'By.tagName: h3'] and Actual [Failed to read the desired element attribute]. Comparison Type [CONTAINS]. Validation Type [POSITIVE]."
      } ],
      "stepsCount" : 0,
      "attachmentsCount" : 0,
      "shouldDisplayMessage" : false,
      "hasContent" : true
    } ],
    "attachments" : [ {
      "uid" : "34daf696cd750ce3",
      "name" : "Attachment: SHAFT Engine Logs - Current Method log: f21",
      "source" : "34daf696cd750ce3.txt",
      "type" : "text/plain",
      "size" : 11019
    } ],
    "parameters" : [ ],
    "stepsCount" : 2,
    "attachmentsCount" : 2,
    "shouldDisplayMessage" : false,
    "hasContent" : true
  },
  "afterStages" : [ {
    "name" : "closeBrowser",
    "time" : {
      "start" : 1615300629164,
      "stop" : 1615300629361,
      "duration" : 197
    },
    "description" : "",
    "status" : "passed",
    "steps" : [ {
      "name" : "Action [77]: Successfully Closed All Browsers.",
      "time" : {
        "start" : 1615300629361,
        "stop" : 1615300629361,
        "duration" : 0
      },
      "status" : "passed",
      "steps" : [ ],
      "attachments" : [ ],
      "parameters" : [ {
        "name" : "actionCounter",
        "value" : "77"
      }, {
        "name" : "logText",
        "value" : "Successfully Closed All Browsers."
      } ],
      "stepsCount" : 0,
      "attachmentsCount" : 0,
      "shouldDisplayMessage" : false,
      "hasContent" : true
    } ],
    "attachments" : [ {
      "uid" : "b43c99960b238dec",
      "name" : "Attachment: Selenium WebDriver Logs - server",
      "source" : "b43c99960b238dec.txt",
      "type" : "text/plain",
      "size" : 1288
    }, {
      "uid" : "ab0cc4acad82ca0f",
      "name" : "Attachment: Selenium WebDriver Logs - performance",
      "source" : "ab0cc4acad82ca0f.txt",
      "type" : "text/plain",
      "size" : 56210
    }, {
      "uid" : "9b5abe08d18c4fa1",
      "name" : "Attachment: Selenium WebDriver Logs - browser",
      "source" : "9b5abe08d18c4fa1.txt",
      "type" : "text/plain",
      "size" : 757
    }, {
      "uid" : "7eed604ead55c432",
      "name" : "Attachment: Selenium WebDriver Logs - driver",
      "source" : "7eed604ead55c432.txt",
      "type" : "text/plain",
      "size" : 228863
    } ],
    "parameters" : [ ],
    "stepsCount" : 1,
    "attachmentsCount" : 4,
    "shouldDisplayMessage" : false,
    "hasContent" : true
  }, {
    "name" : "closureActivities",
    "time" : {
      "start" : 1615300862722,
      "stop" : 1615300863315,
      "duration" : 593
    },
    "description" : "",
    "status" : "passed",
    "steps" : [ {
      "name" : "Action [522]: Successfully Closed All Browsers.",
      "time" : {
        "start" : 1615300862722,
        "stop" : 1615300862722,
        "duration" : 0
      },
      "status" : "passed",
      "steps" : [ ],
      "attachments" : [ ],
      "parameters" : [ {
        "name" : "actionCounter",
        "value" : "522"
      }, {
        "name" : "logText",
        "value" : "Successfully Closed All Browsers."
      } ],
      "stepsCount" : 0,
      "attachmentsCount" : 0,
      "shouldDisplayMessage" : false,
      "hasContent" : true
    }, {
      "name" : "Action [523]: Issue Summary: Total Issues = 2, New issues for Failed Tests = 0, Open issues for Passed Tests = 2, Open issues for Failed Tests = 0. Kindly check the attached Issue details.",
      "time" : {
        "start" : 1615300862730,
        "stop" : 1615300862730,
        "duration" : 0
      },
      "status" : "passed",
      "steps" : [ ],
      "attachments" : [ {
        "uid" : "83048516e954b4d0",
        "name" : "Attachment: SHAFT Engine Logs - Issues log CSV: 20210309-144102",
        "source" : "83048516e954b4d0.csv",
        "type" : "text/csv",
        "size" : 228
      } ],
      "parameters" : [ {
        "name" : "actionCounter",
        "value" : "523"
      }, {
        "name" : "logText",
        "value" : "Issue Summary: Total Issues = 2, New issues for Failed Tests = 0, Open issues for Passed Tests = 2, Open issues for Failed Tests = 0. Kindly check the attached Issue details."
      }, {
        "name" : "attachments",
        "value" : "[[SHAFT Engine Logs, Issues log CSV: 20210309-144102, java.io.ByteArrayInputStream@f5c707b]]"
      } ],
      "stepsCount" : 0,
      "attachmentsCount" : 1,
      "shouldDisplayMessage" : false,
      "hasContent" : true
    } ],
    "attachments" : [ {
      "uid" : "63144786e4698ccd",
      "name" : "Attachment: SHAFT Engine Logs - Execution log: 20210309-144102",
      "source" : "63144786e4698ccd.txt",
      "type" : "text/plain",
      "size" : 385688
    }, {
      "uid" : "9244ec1e5d0872cb",
      "name" : "Attachment: HTML - Extent Emailable Execution Report",
      "source" : "9244ec1e5d0872cb.html",
      "type" : "text/html",
      "size" : 7167908
    } ],
    "parameters" : [ ],
    "stepsCount" : 2,
    "attachmentsCount" : 3,
    "shouldDisplayMessage" : false,
    "hasContent" : true
  } ],
  "labels" : [ {
    "name" : "package",
    "value" : "testPackage01.Test_NewValidationHelper"
  }, {
    "name" : "testClass",
    "value" : "testPackage01.Test_NewValidationHelper"
  }, {
    "name" : "testMethod",
    "value" : "f21"
  }, {
    "name" : "parentSuite",
    "value" : "SHAFT_Engine: Custom Suite"
  }, {
    "name" : "suite",
    "value" : "SHAFT_Engine: Custom Test"
  }, {
    "name" : "subSuite",
    "value" : "testPackage01.Test_NewValidationHelper"
  }, {
    "name" : "host",
    "value" : "fv-az63-589"
  }, {
    "name" : "thread",
    "value" : "4019@fv-az63-589.main(1)"
  }, {
    "name" : "framework",
    "value" : "testng"
  }, {
    "name" : "language",
    "value" : "java"
  }, {
    "name" : "resultFormat",
    "value" : "allure2"
  } ],
  "parameters" : [ ],
  "links" : [ ],
  "hidden" : false,
  "retry" : false,
  "extra" : {
    "severity" : "normal",
    "retries" : [ ],
    "categories" : [ ],
    "tags" : [ ]
  },
  "source" : "eafad2c6db7e68da.json",
  "parameterValues" : [ ]
}