{
  "uid" : "9af7969788365641",
  "name" : "assertComparativeRelation_greaterThanOrEquals_false_greaterThan_expectedToFail",
  "fullName" : "unitTests.tests_validations_assertions.assertComparativeRelation_greaterThanOrEquals_false_greaterThan_expectedToFail",
  "historyId" : "b9150818268b7ec2c8e5485db15d9400",
  "time" : {
    "start" : 1608652606777,
    "stop" : 1608652606778,
    "duration" : 1
  },
  "status" : "passed",
  "flaky" : false,
  "newFailed" : false,
  "beforeStages" : [ ],
  "testStage" : {
    "status" : "passed",
    "steps" : [ {
      "name" : "Action [109]: AssertComparativeRelation FAILED; Expected [1] and Actual [2]. Comparison Type [GREATER_THAN_OR_EQUALS]. Validation Type [NEGATIVE].",
      "time" : {
        "start" : 1608652606777,
        "stop" : 1608652606777,
        "duration" : 0
      },
      "status" : "passed",
      "steps" : [ ],
      "attachments" : [ ],
      "parameters" : [ {
        "name" : "actionCounter",
        "value" : "109"
      }, {
        "name" : "logText",
        "value" : "AssertComparativeRelation FAILED; Expected [1] and Actual [2]. Comparison Type [GREATER_THAN_OR_EQUALS]. Validation Type [NEGATIVE]."
      } ],
      "stepsCount" : 0,
      "attachmentsCount" : 0,
      "shouldDisplayMessage" : false,
      "hasContent" : true
    } ],
    "attachments" : [ {
      "uid" : "124befdec7596976",
      "name" : "Attachment: SHAFT Engine Logs - Current Method log: assertComparativeRelation_greaterThanOrEquals_false_greaterThan_expectedToFail",
      "source" : "124befdec7596976.txt",
      "type" : "text/plain",
      "size" : 669
    } ],
    "parameters" : [ ],
    "stepsCount" : 1,
    "attachmentsCount" : 1,
    "shouldDisplayMessage" : false,
    "hasContent" : true
  },
  "afterStages" : [ {
    "name" : "closureActivities",
    "time" : {
      "start" : 1608652609471,
      "stop" : 1608652609483,
      "duration" : 12
    },
    "description" : "",
    "status" : "passed",
    "steps" : [ {
      "name" : "Action [136]: Issue Summary: Total Issues = 5, New issues for Failed Tests = 3, Open issues for Passed Tests = 2, Open issues for Failed Tests = 0. Kindly check the attached Issue details.",
      "time" : {
        "start" : 1608652609482,
        "stop" : 1608652609483,
        "duration" : 1
      },
      "status" : "passed",
      "steps" : [ ],
      "attachments" : [ {
        "uid" : "a48c87b6a8c5fece",
        "name" : "Attachment: SHAFT Engine Logs - Issues log CSV: 20201222-155649",
        "source" : "a48c87b6a8c5fece.csv",
        "type" : "text/csv",
        "size" : 613
      } ],
      "parameters" : [ {
        "name" : "actionCounter",
        "value" : "136"
      }, {
        "name" : "logText",
        "value" : "Issue Summary: Total Issues = 5, New issues for Failed Tests = 3, Open issues for Passed Tests = 2, Open issues for Failed Tests = 0. Kindly check the attached Issue details."
      }, {
        "name" : "attachments",
        "value" : "[[SHAFT Engine Logs, Issues log CSV: 20201222-155649, java.io.ByteArrayInputStream@6ff879e5]]"
      } ],
      "stepsCount" : 0,
      "attachmentsCount" : 1,
      "shouldDisplayMessage" : false,
      "hasContent" : true
    } ],
    "attachments" : [ {
      "uid" : "ce111045e1dc725c",
      "name" : "Attachment: SHAFT Engine Logs - Execution log: 20201222-155649",
      "source" : "ce111045e1dc725c.txt",
      "type" : "text/plain",
      "size" : 108550
    } ],
    "parameters" : [ ],
    "stepsCount" : 1,
    "attachmentsCount" : 2,
    "shouldDisplayMessage" : false,
    "hasContent" : true
  } ],
  "labels" : [ {
    "name" : "package",
    "value" : "unitTests.tests_validations_assertions"
  }, {
    "name" : "testClass",
    "value" : "unitTests.tests_validations_assertions"
  }, {
    "name" : "testMethod",
    "value" : "assertComparativeRelation_greaterThanOrEquals_false_greaterThan_expectedToFail"
  }, {
    "name" : "parentSuite",
    "value" : "SHAFT_Engine: Custom Suite"
  }, {
    "name" : "suite",
    "value" : "SHAFT_Engine: Custom Test"
  }, {
    "name" : "subSuite",
    "value" : "unitTests.tests_validations_assertions"
  }, {
    "name" : "host",
    "value" : "fv-az60-573"
  }, {
    "name" : "thread",
    "value" : "4967@fv-az60-573.main(1)"
  }, {
    "name" : "framework",
    "value" : "testng"
  }, {
    "name" : "language",
    "value" : "java"
  }, {
    "name" : "resultFormat",
    "value" : "allure2"
  } ],
  "parameters" : [ ],
  "links" : [ ],
  "hidden" : false,
  "retry" : false,
  "extra" : {
    "severity" : "normal",
    "retries" : [ ],
    "categories" : [ ],
    "tags" : [ ]
  },
  "source" : "9af7969788365641.json",
  "parameterValues" : [ ]
}