{
  "uid" : "1173a6ca4f4a87aa",
  "name" : "multipleSelect",
  "fullName" : "testPackage01.Test_SelectedValue.multipleSelect",
  "historyId" : "81dccf0fa5dda2c07b8a2e38642301d4",
  "time" : {
    "start" : 1626054879016,
    "stop" : 1626054905152,
    "duration" : 26136
  },
  "status" : "failed",
  "statusMessage" : "Element Action [IdentifyUniqueElement] failed. With the following test data [zero elements found matching this locator \"By.tagName: select\".].",
  "statusTrace" : "java.lang.AssertionError: Element Action [IdentifyUniqueElement] failed. With the following test data [zero elements found matching this locator \"By.tagName: select\".].\n\tat org.testng.Assert.fail(Assert.java:99)\n\tat com.shaft.gui.element.WebDriverElementActions.failAction(WebDriverElementActions.java:1442)\n\tat com.shaft.gui.element.WebDriverElementActions.failAction(WebDriverElementActions.java:1296)\n\tat com.shaft.gui.element.WebDriverElementActions.identifyUniqueElement(WebDriverElementActions.java:1511)\n\tat com.shaft.gui.element.WebDriverElementActions.identifyUniqueElement(WebDriverElementActions.java:1305)\n\tat com.shaft.gui.element.WebDriverElementActions.select(WebDriverElementActions.java:943)\n\tat com.shaft.gui.element.ElementActions.select(ElementActions.java:459)\n\tat testPackage01.Test_SelectedValue.multipleSelect(Test_SelectedValue.java:30)\n\tat java.base/jdk.internal.reflect.NativeMethodAccessorImpl.invoke0(Native Method)\n\tat java.base/jdk.internal.reflect.NativeMethodAccessorImpl.invoke(NativeMethodAccessorImpl.java:64)\n\tat java.base/jdk.internal.reflect.DelegatingMethodAccessorImpl.invoke(DelegatingMethodAccessorImpl.java:43)\n\tat java.base/java.lang.reflect.Method.invoke(Method.java:564)\n\tat org.testng.internal.MethodInvocationHelper.invokeMethod(MethodInvocationHelper.java:133)\n\tat org.testng.internal.TestInvoker.invokeMethod(TestInvoker.java:598)\n\tat org.testng.internal.TestInvoker.invokeTestMethod(TestInvoker.java:173)\n\tat org.testng.internal.MethodRunner.runInSequence(MethodRunner.java:46)\n\tat org.testng.internal.TestInvoker$MethodInvocationAgent.invoke(TestInvoker.java:824)\n\tat org.testng.internal.TestInvoker.invokeTestMethods(TestInvoker.java:146)\n\tat org.testng.internal.TestMethodWorker.invokeTestMethods(TestMethodWorker.java:146)\n\tat org.testng.internal.TestMethodWorker.run(TestMethodWorker.java:128)\n\tat java.base/java.util.ArrayList.forEach(ArrayList.java:1511)\n\tat org.testng.TestRunner.privateRun(TestRunner.java:794)\n\tat org.testng.TestRunner.run(TestRunner.java:596)\n\tat org.testng.SuiteRunner.runTest(SuiteRunner.java:377)\n\tat org.testng.SuiteRunner.runSequentially(SuiteRunner.java:371)\n\tat org.testng.SuiteRunner.privateRun(SuiteRunner.java:332)\n\tat org.testng.SuiteRunner.run(SuiteRunner.java:276)\n\tat org.testng.SuiteRunnerWorker.runSuite(SuiteRunnerWorker.java:53)\n\tat org.testng.SuiteRunnerWorker.run(SuiteRunnerWorker.java:96)\n\tat org.testng.TestNG.runSuitesSequentially(TestNG.java:1212)\n\tat org.testng.TestNG.runSuitesLocally(TestNG.java:1134)\n\tat org.testng.TestNG.runSuites(TestNG.java:1063)\n\tat org.testng.TestNG.run(TestNG.java:1031)\n\tat org.apache.maven.surefire.testng.TestNGExecutor.run(TestNGExecutor.java:136)\n\tat org.apache.maven.surefire.testng.TestNGDirectoryTestSuite.executeMulti(TestNGDirectoryTestSuite.java:193)\n\tat org.apache.maven.surefire.testng.TestNGDirectoryTestSuite.execute(TestNGDirectoryTestSuite.java:94)\n\tat org.apache.maven.surefire.testng.TestNGProvider.invoke(TestNGProvider.java:145)\n\tat org.apache.maven.surefire.booter.ForkedBooter.runSuitesInProcess(ForkedBooter.java:428)\n\tat org.apache.maven.surefire.booter.ForkedBooter.execute(ForkedBooter.java:162)\n\tat org.apache.maven.surefire.booter.ForkedBooter.run(ForkedBooter.java:562)\n\tat org.apache.maven.surefire.booter.ForkedBooter.main(ForkedBooter.java:548)\n",
  "flaky" : false,
  "newFailed" : false,
  "beforeStages" : [ ],
  "testStage" : {
    "status" : "failed",
    "statusMessage" : "Element Action [IdentifyUniqueElement] failed. With the following test data [zero elements found matching this locator \"By.tagName: select\".].",
    "statusTrace" : "java.lang.AssertionError: Element Action [IdentifyUniqueElement] failed. With the following test data [zero elements found matching this locator \"By.tagName: select\".].\n\tat org.testng.Assert.fail(Assert.java:99)\n\tat com.shaft.gui.element.WebDriverElementActions.failAction(WebDriverElementActions.java:1442)\n\tat com.shaft.gui.element.WebDriverElementActions.failAction(WebDriverElementActions.java:1296)\n\tat com.shaft.gui.element.WebDriverElementActions.identifyUniqueElement(WebDriverElementActions.java:1511)\n\tat com.shaft.gui.element.WebDriverElementActions.identifyUniqueElement(WebDriverElementActions.java:1305)\n\tat com.shaft.gui.element.WebDriverElementActions.select(WebDriverElementActions.java:943)\n\tat com.shaft.gui.element.ElementActions.select(ElementActions.java:459)\n\tat testPackage01.Test_SelectedValue.multipleSelect(Test_SelectedValue.java:30)\n\tat java.base/jdk.internal.reflect.NativeMethodAccessorImpl.invoke0(Native Method)\n\tat java.base/jdk.internal.reflect.NativeMethodAccessorImpl.invoke(NativeMethodAccessorImpl.java:64)\n\tat java.base/jdk.internal.reflect.DelegatingMethodAccessorImpl.invoke(DelegatingMethodAccessorImpl.java:43)\n\tat java.base/java.lang.reflect.Method.invoke(Method.java:564)\n\tat org.testng.internal.MethodInvocationHelper.invokeMethod(MethodInvocationHelper.java:133)\n\tat org.testng.internal.TestInvoker.invokeMethod(TestInvoker.java:598)\n\tat org.testng.internal.TestInvoker.invokeTestMethod(TestInvoker.java:173)\n\tat org.testng.internal.MethodRunner.runInSequence(MethodRunner.java:46)\n\tat org.testng.internal.TestInvoker$MethodInvocationAgent.invoke(TestInvoker.java:824)\n\tat org.testng.internal.TestInvoker.invokeTestMethods(TestInvoker.java:146)\n\tat org.testng.internal.TestMethodWorker.invokeTestMethods(TestMethodWorker.java:146)\n\tat org.testng.internal.TestMethodWorker.run(TestMethodWorker.java:128)\n\tat java.base/java.util.ArrayList.forEach(ArrayList.java:1511)\n\tat org.testng.TestRunner.privateRun(TestRunner.java:794)\n\tat org.testng.TestRunner.run(TestRunner.java:596)\n\tat org.testng.SuiteRunner.runTest(SuiteRunner.java:377)\n\tat org.testng.SuiteRunner.runSequentially(SuiteRunner.java:371)\n\tat org.testng.SuiteRunner.privateRun(SuiteRunner.java:332)\n\tat org.testng.SuiteRunner.run(SuiteRunner.java:276)\n\tat org.testng.SuiteRunnerWorker.runSuite(SuiteRunnerWorker.java:53)\n\tat org.testng.SuiteRunnerWorker.run(SuiteRunnerWorker.java:96)\n\tat org.testng.TestNG.runSuitesSequentially(TestNG.java:1212)\n\tat org.testng.TestNG.runSuitesLocally(TestNG.java:1134)\n\tat org.testng.TestNG.runSuites(TestNG.java:1063)\n\tat org.testng.TestNG.run(TestNG.java:1031)\n\tat org.apache.maven.surefire.testng.TestNGExecutor.run(TestNGExecutor.java:136)\n\tat org.apache.maven.surefire.testng.TestNGDirectoryTestSuite.executeMulti(TestNGDirectoryTestSuite.java:193)\n\tat org.apache.maven.surefire.testng.TestNGDirectoryTestSuite.execute(TestNGDirectoryTestSuite.java:94)\n\tat org.apache.maven.surefire.testng.TestNGProvider.invoke(TestNGProvider.java:145)\n\tat org.apache.maven.surefire.booter.ForkedBooter.runSuitesInProcess(ForkedBooter.java:428)\n\tat org.apache.maven.surefire.booter.ForkedBooter.execute(ForkedBooter.java:162)\n\tat org.apache.maven.surefire.booter.ForkedBooter.run(ForkedBooter.java:562)\n\tat org.apache.maven.surefire.booter.ForkedBooter.main(ForkedBooter.java:548)\n",
    "steps" : [ {
      "name" : "Attempting to run remotely on: [Linux-64], [GoogleChrome], [http://localhost:4444/wd/hub], Headless Execution.",
      "time" : {
        "start" : 1626054879019,
        "stop" : 1626054879019,
        "duration" : 0
      },
      "status" : "passed",
      "steps" : [ ],
      "attachments" : [ ],
      "parameters" : [ {
        "name" : "actionCounter",
        "value" : "465"
      }, {
        "name" : "logText",
        "value" : "Attempting to run remotely on: [Linux-64], [GoogleChrome], [http://localhost:4444/wd/hub], Headless Execution."
      } ],
      "stepsCount" : 0,
      "attachmentsCount" : 0,
      "shouldDisplayMessage" : false,
      "hasContent" : true
    }, {
      "name" : "Successfully Opened [GoogleChrome].",
      "time" : {
        "start" : 1626054879256,
        "stop" : 1626054879257,
        "duration" : 1
      },
      "status" : "passed",
      "steps" : [ ],
      "attachments" : [ ],
      "parameters" : [ {
        "name" : "actionCounter",
        "value" : "466"
      }, {
        "name" : "logText",
        "value" : "Successfully Opened [GoogleChrome]."
      } ],
      "stepsCount" : 0,
      "attachmentsCount" : 0,
      "shouldDisplayMessage" : false,
      "hasContent" : true
    }, {
      "name" : "Browser Action [NavigateToURL] successfully performed. With the following test data [https://mdn.mozillademos.org/en-US/docs/Web/HTML/Element/select$samples/Advanced_select_with_multiple_features?revision=1612304].",
      "time" : {
        "start" : 1626054879771,
        "stop" : 1626054879771,
        "duration" : 0
      },
      "status" : "passed",
      "steps" : [ ],
      "attachments" : [ ],
      "parameters" : [ {
        "name" : "actionCounter",
        "value" : "467"
      }, {
        "name" : "logText",
        "value" : "Browser Action [NavigateToURL] successfully performed. With the following test data [https://mdn.mozillademos.org/en-US/docs/Web/HTML/Element/select$samples/Advanced_select_with_multiple_features?revision=1612304]."
      }, {
        "name" : "attachments",
        "value" : "[null]"
      } ],
      "stepsCount" : 0,
      "attachmentsCount" : 0,
      "shouldDisplayMessage" : false,
      "hasContent" : true
    }, {
      "name" : "Element Action [IdentifyUniqueElement] failed. With the following test data [zero elements found matching this locator \"By.tagName: select\".].",
      "time" : {
        "start" : 1626054905147,
        "stop" : 1626054905147,
        "duration" : 0
      },
      "status" : "passed",
      "steps" : [ ],
      "attachments" : [ ],
      "parameters" : [ {
        "name" : "actionCounter",
        "value" : "468"
      }, {
        "name" : "logText",
        "value" : "Element Action [IdentifyUniqueElement] failed. With the following test data [zero elements found matching this locator \"By.tagName: select\".]."
      } ],
      "stepsCount" : 0,
      "attachmentsCount" : 0,
      "shouldDisplayMessage" : false,
      "hasContent" : true
    } ],
    "attachments" : [ {
      "uid" : "75e6fee028517761",
      "name" : "Attachment: SHAFT Engine Logs - Current Method log: multipleSelect",
      "source" : "75e6fee028517761.txt",
      "type" : "text/plain",
      "size" : 1540
    } ],
    "parameters" : [ ],
    "stepsCount" : 4,
    "attachmentsCount" : 1,
    "shouldDisplayMessage" : true,
    "hasContent" : true
  },
  "afterStages" : [ {
    "name" : "closureActivities",
    "time" : {
      "start" : 1626054951017,
      "stop" : 1626054951767,
      "duration" : 750
    },
    "description" : "",
    "status" : "passed",
    "steps" : [ {
      "name" : "Successfully Closed All Drivers.",
      "time" : {
        "start" : 1626054951288,
        "stop" : 1626054951288,
        "duration" : 0
      },
      "status" : "passed",
      "steps" : [ ],
      "attachments" : [ ],
      "parameters" : [ {
        "name" : "actionCounter",
        "value" : "522"
      }, {
        "name" : "logText",
        "value" : "Successfully Closed All Drivers."
      } ],
      "stepsCount" : 0,
      "attachmentsCount" : 0,
      "shouldDisplayMessage" : false,
      "hasContent" : true
    }, {
      "name" : "Issue Summary: Total Issues = 4, New issues for Failed Tests = 2, Open issues for Passed Tests = 2, Open issues for Failed Tests = 0. Kindly check the attached Issue details.",
      "time" : {
        "start" : 1626054951296,
        "stop" : 1626054951296,
        "duration" : 0
      },
      "status" : "passed",
      "steps" : [ ],
      "attachments" : [ {
        "uid" : "7f1f2c70a6ebe304",
        "name" : "Attachment: SHAFT Engine Logs - Issues log CSV: 20210712-015551",
        "source" : "7f1f2c70a6ebe304.csv",
        "type" : "text/csv",
        "size" : 474
      } ],
      "parameters" : [ {
        "name" : "actionCounter",
        "value" : "523"
      }, {
        "name" : "logText",
        "value" : "Issue Summary: Total Issues = 4, New issues for Failed Tests = 2, Open issues for Passed Tests = 2, Open issues for Failed Tests = 0. Kindly check the attached Issue details."
      }, {
        "name" : "attachments",
        "value" : "[[SHAFT Engine Logs, Issues log CSV: 20210712-015551, java.io.ByteArrayInputStream@51670993]]"
      } ],
      "stepsCount" : 0,
      "attachmentsCount" : 1,
      "shouldDisplayMessage" : false,
      "hasContent" : true
    } ],
    "attachments" : [ {
      "uid" : "af1de0a48203232a",
      "name" : "Attachment: Selenium WebDriver Logs - server",
      "source" : "af1de0a48203232a.txt",
      "type" : "text/plain",
      "size" : 1288
    }, {
      "uid" : "99b6a4d54cce1cef",
      "name" : "Attachment: Selenium WebDriver Logs - performance",
      "source" : "99b6a4d54cce1cef.txt",
      "type" : "text/plain",
      "size" : 7648
    }, {
      "uid" : "2eb16f9e257f20b2",
      "name" : "Attachment: Selenium WebDriver Logs - driver",
      "source" : "2eb16f9e257f20b2.txt",
      "type" : "text/plain",
      "size" : 147992
    }, {
      "uid" : "65263b5365f8757a",
      "name" : "Attachment: Selenium WebDriver Logs - server",
      "source" : "65263b5365f8757a.txt",
      "type" : "text/plain",
      "size" : 1288
    }, {
      "uid" : "326c04ade2b447a9",
      "name" : "Attachment: Selenium WebDriver Logs - performance",
      "source" : "326c04ade2b447a9.txt",
      "type" : "text/plain",
      "size" : 7812
    }, {
      "uid" : "5100f7b6ee61d667",
      "name" : "Attachment: Selenium WebDriver Logs - driver",
      "source" : "5100f7b6ee61d667.txt",
      "type" : "text/plain",
      "size" : 148026
    }, {
      "uid" : "794f6d442518bae0",
      "name" : "Attachment: SHAFT Engine Logs - Execution log: 20210712-015551",
      "source" : "794f6d442518bae0.txt",
      "type" : "text/plain",
      "size" : 255532
    }, {
      "uid" : "f06fcbef96eeee88",
      "name" : "Attachment: HTML - Extent Emailable Execution Report",
      "source" : "f06fcbef96eeee88.html",
      "type" : "text/html",
      "size" : 7949968
    } ],
    "parameters" : [ ],
    "stepsCount" : 2,
    "attachmentsCount" : 9,
    "shouldDisplayMessage" : false,
    "hasContent" : true
  } ],
  "labels" : [ {
    "name" : "package",
    "value" : "testPackage01.Test_SelectedValue"
  }, {
    "name" : "testClass",
    "value" : "testPackage01.Test_SelectedValue"
  }, {
    "name" : "testMethod",
    "value" : "multipleSelect"
  }, {
    "name" : "parentSuite",
    "value" : "SHAFT: Custom Suite"
  }, {
    "name" : "suite",
    "value" : "SHAFT: Custom Test"
  }, {
    "name" : "subSuite",
    "value" : "testPackage01.Test_SelectedValue"
  }, {
    "name" : "host",
    "value" : "fv-az201-546"
  }, {
    "name" : "thread",
    "value" : "3848@fv-az201-546.main(1)"
  }, {
    "name" : "framework",
    "value" : "testng"
  }, {
    "name" : "language",
    "value" : "java"
  }, {
    "name" : "resultFormat",
    "value" : "allure2"
  } ],
  "parameters" : [ ],
  "links" : [ ],
  "hidden" : false,
  "retry" : false,
  "extra" : {
    "severity" : "normal",
    "retries" : [ ],
    "categories" : [ {
      "name" : "Product defects",
      "matchedStatuses" : [ ],
      "flaky" : false
    } ],
    "history" : {
      "statistic" : {
        "failed" : 2,
        "broken" : 1,
        "skipped" : 0,
        "passed" : 82,
        "unknown" : 0,
        "total" : 85
      },
      "items" : [ {
        "uid" : "d8fc0fc8c87a117e",
        "reportUrl" : "https://MohabMohie.github.io/SHAFT_ENGINE/allure/579//#testresult/d8fc0fc8c87a117e",
        "status" : "failed",
        "statusDetails" : "Element Action [IdentifyUniqueElement] failed. With the following test data [zero elements found matching this locator \"By.tagName: select\".].",
        "time" : {
          "start" : 1625968766799,
          "stop" : 1625968793013,
          "duration" : 26214
        }
      }, {
        "uid" : "63494bc19b4f1582",
        "reportUrl" : "https://MohabMohie.github.io/SHAFT_ENGINE/allure/578//#testresult/63494bc19b4f1582",
        "status" : "passed",
        "time" : {
          "start" : 1625881869531,
          "stop" : 1625881871125,
          "duration" : 1594
        }
      }, {
        "uid" : "50a6b4d288af8aea",
        "reportUrl" : "https://MohabMohie.github.io/SHAFT_ENGINE/allure/577//#testresult/50a6b4d288af8aea",
        "status" : "passed",
        "time" : {
          "start" : 1625795878339,
          "stop" : 1625795880261,
          "duration" : 1922
        }
      }, {
        "uid" : "93d655221025ac1",
        "reportUrl" : "https://MohabMohie.github.io/SHAFT_ENGINE/allure/576//#testresult/93d655221025ac1",
        "status" : "passed",
        "time" : {
          "start" : 1625709444548,
          "stop" : 1625709446178,
          "duration" : 1630
        }
      }, {
        "uid" : "b4834df37e618a5a",
        "reportUrl" : "https://MohabMohie.github.io/SHAFT_ENGINE/allure/575//#testresult/b4834df37e618a5a",
        "status" : "passed",
        "time" : {
          "start" : 1625622971078,
          "stop" : 1625622972922,
          "duration" : 1844
        }
      }, {
        "uid" : "656a19d9c3e7da20",
        "reportUrl" : "https://MohabMohie.github.io/SHAFT_ENGINE/allure/574//#testresult/656a19d9c3e7da20",
        "status" : "passed",
        "time" : {
          "start" : 1625536693633,
          "stop" : 1625536695645,
          "duration" : 2012
        }
      }, {
        "uid" : "957f217efbfa9966",
        "reportUrl" : "https://MohabMohie.github.io/SHAFT_ENGINE/allure/573//#testresult/957f217efbfa9966",
        "status" : "passed",
        "time" : {
          "start" : 1625450042645,
          "stop" : 1625450044733,
          "duration" : 2088
        }
      }, {
        "uid" : "cc5e460ccc094f38",
        "reportUrl" : "https://MohabMohie.github.io/SHAFT_ENGINE/allure/572//#testresult/cc5e460ccc094f38",
        "status" : "passed",
        "time" : {
          "start" : 1625363703479,
          "stop" : 1625363706016,
          "duration" : 2537
        }
      }, {
        "uid" : "13454b542d92d2d9",
        "reportUrl" : "https://MohabMohie.github.io/SHAFT_ENGINE/allure/571//#testresult/13454b542d92d2d9",
        "status" : "passed",
        "time" : {
          "start" : 1625277046727,
          "stop" : 1625277048977,
          "duration" : 2250
        }
      }, {
        "uid" : "d50b816f92a6975d",
        "reportUrl" : "https://MohabMohie.github.io/SHAFT_ENGINE/allure/570//#testresult/d50b816f92a6975d",
        "status" : "passed",
        "time" : {
          "start" : 1625191184584,
          "stop" : 1625191186983,
          "duration" : 2399
        }
      }, {
        "uid" : "700a12154da33dba",
        "reportUrl" : "https://MohabMohie.github.io/SHAFT_ENGINE/allure/569//#testresult/700a12154da33dba",
        "status" : "passed",
        "time" : {
          "start" : 1625104834545,
          "stop" : 1625104836838,
          "duration" : 2293
        }
      }, {
        "uid" : "49d8dee48d798ae9",
        "reportUrl" : "https://MohabMohie.github.io/SHAFT_ENGINE/allure/568//#testresult/49d8dee48d798ae9",
        "status" : "passed",
        "time" : {
          "start" : 1625018323882,
          "stop" : 1625018326341,
          "duration" : 2459
        }
      }, {
        "uid" : "bc2c85bfb59e9f55",
        "reportUrl" : "https://MohabMohie.github.io/SHAFT_ENGINE/allure/567//#testresult/bc2c85bfb59e9f55",
        "status" : "passed",
        "time" : {
          "start" : 1624931499608,
          "stop" : 1624931501372,
          "duration" : 1764
        }
      }, {
        "uid" : "e4d7de41a40456f0",
        "reportUrl" : "https://MohabMohie.github.io/SHAFT_ENGINE/allure/566//#testresult/e4d7de41a40456f0",
        "status" : "passed",
        "time" : {
          "start" : 1624845293388,
          "stop" : 1624845295540,
          "duration" : 2152
        }
      }, {
        "uid" : "7fb939fd5d52ac19",
        "reportUrl" : "https://MohabMohie.github.io/SHAFT_ENGINE/allure/565//#testresult/7fb939fd5d52ac19",
        "status" : "passed",
        "time" : {
          "start" : 1624759214020,
          "stop" : 1624759216069,
          "duration" : 2049
        }
      }, {
        "uid" : "6278d858f5a35fd7",
        "reportUrl" : "https://MohabMohie.github.io/SHAFT_ENGINE/allure/564//#testresult/6278d858f5a35fd7",
        "status" : "passed",
        "time" : {
          "start" : 1624672145264,
          "stop" : 1624672147292,
          "duration" : 2028
        }
      }, {
        "uid" : "d0c33b269fad19bf",
        "reportUrl" : "https://MohabMohie.github.io/SHAFT_ENGINE/allure/562//#testresult/d0c33b269fad19bf",
        "status" : "passed",
        "time" : {
          "start" : 1624586412777,
          "stop" : 1624586414951,
          "duration" : 2174
        }
      }, {
        "uid" : "71efd7eb06953865",
        "reportUrl" : "https://MohabMohie.github.io/SHAFT_ENGINE/allure/561//#testresult/71efd7eb06953865",
        "status" : "passed",
        "time" : {
          "start" : 1624543172572,
          "stop" : 1624543174524,
          "duration" : 1952
        }
      }, {
        "uid" : "7b82d31148671a5f",
        "reportUrl" : "https://MohabMohie.github.io/SHAFT_ENGINE/allure/560//#testresult/7b82d31148671a5f",
        "status" : "passed",
        "time" : {
          "start" : 1624499142728,
          "stop" : 1624499144983,
          "duration" : 2255
        }
      }, {
        "uid" : "8a5dba3f4c6f0e90",
        "reportUrl" : "https://MohabMohie.github.io/SHAFT_ENGINE/allure/559//#testresult/8a5dba3f4c6f0e90",
        "status" : "passed",
        "time" : {
          "start" : 1624412748794,
          "stop" : 1624412750637,
          "duration" : 1843
        }
      } ]
    },
    "tags" : [ ]
  },
  "source" : "1173a6ca4f4a87aa.json",
  "parameterValues" : [ ]
}