{
  "uid" : "2deb55aff33b9b4a",
  "name" : "f16",
  "fullName" : "testPackage01.Test_NewValidationActions.f16",
  "historyId" : "8fe622728318edd8359170e09f76fbea",
  "time" : {
    "start" : 1615167758447,
    "stop" : 1615167784166,
    "duration" : 25719
  },
  "status" : "passed",
  "flaky" : false,
  "newFailed" : false,
  "beforeStages" : [ {
    "name" : "openBrowser",
    "time" : {
      "start" : 1615167757599,
      "stop" : 1615167758378,
      "duration" : 779
    },
    "description" : "",
    "status" : "passed",
    "steps" : [ {
      "name" : "Action [44]: Attempting to run remotely on: [Linux-64], [GoogleChrome], [http://localhost:4444/wd/hub], Headless Execution.",
      "time" : {
        "start" : 1615167757599,
        "stop" : 1615167757599,
        "duration" : 0
      },
      "status" : "passed",
      "steps" : [ ],
      "attachments" : [ ],
      "parameters" : [ {
        "name" : "actionCounter",
        "value" : "44"
      }, {
        "name" : "logText",
        "value" : "Attempting to run remotely on: [Linux-64], [GoogleChrome], [http://localhost:4444/wd/hub], Headless Execution."
      } ],
      "stepsCount" : 0,
      "attachmentsCount" : 0,
      "shouldDisplayMessage" : false,
      "hasContent" : true
    }, {
      "name" : "Action [45]: Successfully Opened [GoogleChrome].",
      "time" : {
        "start" : 1615167757853,
        "stop" : 1615167757854,
        "duration" : 1
      },
      "status" : "passed",
      "steps" : [ ],
      "attachments" : [ ],
      "parameters" : [ {
        "name" : "actionCounter",
        "value" : "45"
      }, {
        "name" : "logText",
        "value" : "Successfully Opened [GoogleChrome]."
      } ],
      "stepsCount" : 0,
      "attachmentsCount" : 0,
      "shouldDisplayMessage" : false,
      "hasContent" : true
    }, {
      "name" : "Action [46]: Browser Action [navigateToURL] successfully performed. With the following test data [https://the-internet.herokuapp.com/].",
      "time" : {
        "start" : 1615167758378,
        "stop" : 1615167758378,
        "duration" : 0
      },
      "status" : "passed",
      "steps" : [ ],
      "attachments" : [ ],
      "parameters" : [ {
        "name" : "actionCounter",
        "value" : "46"
      }, {
        "name" : "logText",
        "value" : "Browser Action [navigateToURL] successfully performed. With the following test data [https://the-internet.herokuapp.com/]."
      }, {
        "name" : "attachments",
        "value" : "[null]"
      } ],
      "stepsCount" : 0,
      "attachmentsCount" : 0,
      "shouldDisplayMessage" : false,
      "hasContent" : true
    } ],
    "attachments" : [ ],
    "parameters" : [ ],
    "stepsCount" : 3,
    "attachmentsCount" : 0,
    "shouldDisplayMessage" : false,
    "hasContent" : true
  } ],
  "testStage" : {
    "status" : "passed",
    "steps" : [ {
      "name" : "Action [47]: Element Action [identifyUniqueElement] failed. With the following test data [zero elements found matching this locator \"By.tagName: h3\".].",
      "time" : {
        "start" : 1615167784162,
        "stop" : 1615167784163,
        "duration" : 1
      },
      "status" : "passed",
      "steps" : [ ],
      "attachments" : [ {
        "uid" : "e8f306e66eac74a8",
        "name" : "Attachment: Screenshot - 1615167784096_f16_identifyUniqueElement_failed",
        "source" : "e8f306e66eac74a8.png",
        "type" : "image/png",
        "size" : 55570
      } ],
      "parameters" : [ {
        "name" : "actionCounter",
        "value" : "47"
      }, {
        "name" : "logText",
        "value" : "Element Action [identifyUniqueElement] failed. With the following test data [zero elements found matching this locator \"By.tagName: h3\".]."
      }, {
        "name" : "attachments",
        "value" : "[[Screenshot, 1615167784096_f16_identifyUniqueElement_failed, java.io.ByteArrayInputStream@129348e8]]"
      } ],
      "stepsCount" : 0,
      "attachmentsCount" : 1,
      "shouldDisplayMessage" : false,
      "hasContent" : true
    }, {
      "name" : "Action [48]: AssertElementAttribute FAILED; Expected [Value Should not be 'Welcome' for the 'text' attribute, element locator 'By.tagName: h3'] and Actual [Failed to read the desired element attribute]. Comparison Type [CONTAINS]. Validation Type [NEGATIVE].",
      "time" : {
        "start" : 1615167784165,
        "stop" : 1615167784165,
        "duration" : 0
      },
      "status" : "passed",
      "steps" : [ ],
      "attachments" : [ ],
      "parameters" : [ {
        "name" : "actionCounter",
        "value" : "48"
      }, {
        "name" : "logText",
        "value" : "AssertElementAttribute FAILED; Expected [Value Should not be 'Welcome' for the 'text' attribute, element locator 'By.tagName: h3'] and Actual [Failed to read the desired element attribute]. Comparison Type [CONTAINS]. Validation Type [NEGATIVE]."
      } ],
      "stepsCount" : 0,
      "attachmentsCount" : 0,
      "shouldDisplayMessage" : false,
      "hasContent" : true
    } ],
    "attachments" : [ {
      "uid" : "50ceaa54aa6f1ac8",
      "name" : "Attachment: SHAFT Engine Logs - Current Method log: f16",
      "source" : "50ceaa54aa6f1ac8.txt",
      "type" : "text/plain",
      "size" : 11032
    } ],
    "parameters" : [ ],
    "stepsCount" : 2,
    "attachmentsCount" : 2,
    "shouldDisplayMessage" : false,
    "hasContent" : true
  },
  "afterStages" : [ {
    "name" : "closeBrowser",
    "time" : {
      "start" : 1615167784172,
      "stop" : 1615167784409,
      "duration" : 237
    },
    "description" : "",
    "status" : "passed",
    "steps" : [ {
      "name" : "Action [49]: Successfully Closed All Browsers.",
      "time" : {
        "start" : 1615167784409,
        "stop" : 1615167784409,
        "duration" : 0
      },
      "status" : "passed",
      "steps" : [ ],
      "attachments" : [ ],
      "parameters" : [ {
        "name" : "actionCounter",
        "value" : "49"
      }, {
        "name" : "logText",
        "value" : "Successfully Closed All Browsers."
      } ],
      "stepsCount" : 0,
      "attachmentsCount" : 0,
      "shouldDisplayMessage" : false,
      "hasContent" : true
    } ],
    "attachments" : [ {
      "uid" : "996257c7a3d196f6",
      "name" : "Attachment: Selenium WebDriver Logs - server",
      "source" : "996257c7a3d196f6.txt",
      "type" : "text/plain",
      "size" : 1288
    }, {
      "uid" : "91d3fd549de94592",
      "name" : "Attachment: Selenium WebDriver Logs - performance",
      "source" : "91d3fd549de94592.txt",
      "type" : "text/plain",
      "size" : 59705
    }, {
      "uid" : "ac60f1a8bbc085a5",
      "name" : "Attachment: Selenium WebDriver Logs - browser",
      "source" : "ac60f1a8bbc085a5.txt",
      "type" : "text/plain",
      "size" : 757
    }, {
      "uid" : "48a90297b5a75e47",
      "name" : "Attachment: Selenium WebDriver Logs - driver",
      "source" : "48a90297b5a75e47.txt",
      "type" : "text/plain",
      "size" : 233467
    } ],
    "parameters" : [ ],
    "stepsCount" : 1,
    "attachmentsCount" : 4,
    "shouldDisplayMessage" : false,
    "hasContent" : true
  }, {
    "name" : "closureActivities",
    "time" : {
      "start" : 1615168055250,
      "stop" : 1615168055832,
      "duration" : 582
    },
    "description" : "",
    "status" : "passed",
    "steps" : [ {
      "name" : "Action [522]: Successfully Closed All Browsers.",
      "time" : {
        "start" : 1615168055251,
        "stop" : 1615168055251,
        "duration" : 0
      },
      "status" : "passed",
      "steps" : [ ],
      "attachments" : [ ],
      "parameters" : [ {
        "name" : "actionCounter",
        "value" : "522"
      }, {
        "name" : "logText",
        "value" : "Successfully Closed All Browsers."
      } ],
      "stepsCount" : 0,
      "attachmentsCount" : 0,
      "shouldDisplayMessage" : false,
      "hasContent" : true
    }, {
      "name" : "Action [523]: Issue Summary: Total Issues = 2, New issues for Failed Tests = 0, Open issues for Passed Tests = 2, Open issues for Failed Tests = 0. Kindly check the attached Issue details.",
      "time" : {
        "start" : 1615168055270,
        "stop" : 1615168055270,
        "duration" : 0
      },
      "status" : "passed",
      "steps" : [ ],
      "attachments" : [ {
        "uid" : "f17de88ee8117cec",
        "name" : "Attachment: SHAFT Engine Logs - Issues log CSV: 20210308-014735",
        "source" : "f17de88ee8117cec.csv",
        "type" : "text/csv",
        "size" : 228
      } ],
      "parameters" : [ {
        "name" : "actionCounter",
        "value" : "523"
      }, {
        "name" : "logText",
        "value" : "Issue Summary: Total Issues = 2, New issues for Failed Tests = 0, Open issues for Passed Tests = 2, Open issues for Failed Tests = 0. Kindly check the attached Issue details."
      }, {
        "name" : "attachments",
        "value" : "[[SHAFT Engine Logs, Issues log CSV: 20210308-014735, java.io.ByteArrayInputStream@4726558]]"
      } ],
      "stepsCount" : 0,
      "attachmentsCount" : 1,
      "shouldDisplayMessage" : false,
      "hasContent" : true
    } ],
    "attachments" : [ {
      "uid" : "c5043201d0a31859",
      "name" : "Attachment: SHAFT Engine Logs - Execution log: 20210308-014735",
      "source" : "c5043201d0a31859.txt",
      "type" : "text/plain",
      "size" : 365785
    }, {
      "uid" : "1250b062f3b6f722",
      "name" : "Attachment: HTML - Extent Emailable Execution Report",
      "source" : "1250b062f3b6f722.html",
      "type" : "text/html",
      "size" : 8146892
    } ],
    "parameters" : [ ],
    "stepsCount" : 2,
    "attachmentsCount" : 3,
    "shouldDisplayMessage" : false,
    "hasContent" : true
  } ],
  "labels" : [ {
    "name" : "package",
    "value" : "testPackage01.Test_NewValidationActions"
  }, {
    "name" : "testClass",
    "value" : "testPackage01.Test_NewValidationActions"
  }, {
    "name" : "testMethod",
    "value" : "f16"
  }, {
    "name" : "parentSuite",
    "value" : "SHAFT_Engine: Custom Suite"
  }, {
    "name" : "suite",
    "value" : "SHAFT_Engine: Custom Test"
  }, {
    "name" : "subSuite",
    "value" : "testPackage01.Test_NewValidationActions"
  }, {
    "name" : "host",
    "value" : "fv-az193-898"
  }, {
    "name" : "thread",
    "value" : "4208@fv-az193-898.main(1)"
  }, {
    "name" : "framework",
    "value" : "testng"
  }, {
    "name" : "language",
    "value" : "java"
  }, {
    "name" : "resultFormat",
    "value" : "allure2"
  } ],
  "parameters" : [ ],
  "links" : [ ],
  "hidden" : false,
  "retry" : false,
  "extra" : {
    "severity" : "normal",
    "retries" : [ ],
    "categories" : [ ],
    "tags" : [ ]
  },
  "source" : "2deb55aff33b9b4a.json",
  "parameterValues" : [ ]
}