{
  "uid" : "62abc3efb88f63b",
  "name" : "TC002 - Test Drag and Drop by offset function.",
  "fullName" : "testPackage01.Test_dragAndDrop.dragAndDropByOffset",
  "historyId" : "7c02c0395504a7a7869fd091b6dfff0b",
  "time" : {
    "start" : 1623756538775,
    "stop" : 1623756568858,
    "duration" : 30083
  },
  "status" : "failed",
  "statusMessage" : "Browser Action [NavigateToNewURL] failed. With the following test data [https://jqueryui.com/resources/demos/draggable/default.html].",
  "statusTrace" : "java.lang.AssertionError: Browser Action [NavigateToNewURL] failed. With the following test data [https://jqueryui.com/resources/demos/draggable/default.html].\n\tat org.testng.Assert.fail(Assert.java:87)\n\tat com.shaft.gui.browser.WebDriverBrowserActions.failAction(WebDriverBrowserActions.java:610)\n\tat com.shaft.gui.browser.WebDriverBrowserActions.failAction(WebDriverBrowserActions.java:603)\n\tat com.shaft.gui.browser.WebDriverBrowserActions.navigateToNewURL(WebDriverBrowserActions.java:663)\n\tat com.shaft.gui.browser.WebDriverBrowserActions.navigateToURL(WebDriverBrowserActions.java:285)\n\tat com.shaft.gui.browser.WebDriverBrowserActions.navigateToURL(WebDriverBrowserActions.java:217)\n\tat com.shaft.gui.browser.BrowserActions.navigateToURL(BrowserActions.java:90)\n\tat testPackage01.Test_dragAndDrop.dragAndDropByOffset(Test_dragAndDrop.java:39)\n\tat java.base/jdk.internal.reflect.NativeMethodAccessorImpl.invoke0(Native Method)\n\tat java.base/jdk.internal.reflect.NativeMethodAccessorImpl.invoke(NativeMethodAccessorImpl.java:64)\n\tat java.base/jdk.internal.reflect.DelegatingMethodAccessorImpl.invoke(DelegatingMethodAccessorImpl.java:43)\n\tat java.base/java.lang.reflect.Method.invoke(Method.java:564)\n\tat org.testng.internal.MethodInvocationHelper.invokeMethod(MethodInvocationHelper.java:133)\n\tat org.testng.internal.TestInvoker.invokeMethod(TestInvoker.java:598)\n\tat org.testng.internal.TestInvoker.invokeTestMethod(TestInvoker.java:173)\n\tat org.testng.internal.MethodRunner.runInSequence(MethodRunner.java:46)\n\tat org.testng.internal.TestInvoker$MethodInvocationAgent.invoke(TestInvoker.java:824)\n\tat org.testng.internal.TestInvoker.invokeTestMethods(TestInvoker.java:146)\n\tat org.testng.internal.TestMethodWorker.invokeTestMethods(TestMethodWorker.java:146)\n\tat org.testng.internal.TestMethodWorker.run(TestMethodWorker.java:128)\n\tat java.base/java.util.ArrayList.forEach(ArrayList.java:1511)\n\tat org.testng.TestRunner.privateRun(TestRunner.java:794)\n\tat org.testng.TestRunner.run(TestRunner.java:596)\n\tat org.testng.SuiteRunner.runTest(SuiteRunner.java:377)\n\tat org.testng.SuiteRunner.runSequentially(SuiteRunner.java:371)\n\tat org.testng.SuiteRunner.privateRun(SuiteRunner.java:332)\n\tat org.testng.SuiteRunner.run(SuiteRunner.java:276)\n\tat org.testng.SuiteRunnerWorker.runSuite(SuiteRunnerWorker.java:53)\n\tat org.testng.SuiteRunnerWorker.run(SuiteRunnerWorker.java:96)\n\tat org.testng.TestNG.runSuitesSequentially(TestNG.java:1212)\n\tat org.testng.TestNG.runSuitesLocally(TestNG.java:1134)\n\tat org.testng.TestNG.runSuites(TestNG.java:1063)\n\tat org.testng.TestNG.run(TestNG.java:1031)\n\tat org.apache.maven.surefire.testng.TestNGExecutor.run(TestNGExecutor.java:136)\n\tat org.apache.maven.surefire.testng.TestNGDirectoryTestSuite.executeMulti(TestNGDirectoryTestSuite.java:193)\n\tat org.apache.maven.surefire.testng.TestNGDirectoryTestSuite.execute(TestNGDirectoryTestSuite.java:94)\n\tat org.apache.maven.surefire.testng.TestNGProvider.invoke(TestNGProvider.java:145)\n\tat org.apache.maven.surefire.booter.ForkedBooter.runSuitesInProcess(ForkedBooter.java:428)\n\tat org.apache.maven.surefire.booter.ForkedBooter.execute(ForkedBooter.java:162)\n\tat org.apache.maven.surefire.booter.ForkedBooter.run(ForkedBooter.java:562)\n\tat org.apache.maven.surefire.booter.ForkedBooter.main(ForkedBooter.java:548)\nCaused by: org.openqa.selenium.TimeoutException: timeout: Timed out receiving message from renderer: -0.001\n  (Session info: headless chrome=81.0.4044.138)\n  (Driver info: chromedriver=81.0.4044.138 (8c6c7ba89cc9453625af54f11fd83179e23450fa-refs/branch-heads/4044@{#999}),platform=Linux 5.8.0-1033-azure x86_64) (WARNING: The server did not provide any stacktrace information)\nCommand duration or timeout: 0 milliseconds\nBuild info: version: '3.141.59', revision: 'e82be7d358', time: '2018-11-14T08:17:03'\nSystem info: host: 'fv-az198-931', ip: '10.1.0.244', os.name: 'Linux', os.arch: 'amd64', os.version: '5.8.0-1033-azure', java.version: '15.0.3'\nDriver info: org.openqa.selenium.remote.RemoteWebDriver\nCapabilities {acceptInsecureCerts: false, acceptSslCerts: false, applicationCacheEnabled: false, browserConnectionEnabled: false, browserName: chrome, chrome: {chromedriverVersion: 81.0.4044.138 (8c6c7ba89cc9..., userDataDir: /tmp/.com.google.Chrome.heekSu}, cssSelectorsEnabled: true, databaseEnabled: false, goog:chromeOptions: {debuggerAddress: localhost:37127}, handlesAlerts: true, hasTouchScreen: false, javascriptEnabled: true, locationContextEnabled: true, mobileEmulationEnabled: false, nativeEvents: true, networkConnectionEnabled: false, pageLoadStrategy: normal, platform: LINUX, platformName: LINUX, proxy: Proxy(), rotatable: false, setWindowRect: true, strictFileInteractability: false, takesHeapSnapshot: true, takesScreenshot: true, timeouts: {implicit: 0, pageLoad: 300000, script: 30000}, unexpectedAlertBehaviour: ignore, unhandledPromptBehavior: ignore, version: 81.0.4044.138, webStorageEnabled: true, webauthn:virtualAuthenticators: true, webdriver.remote.sessionid: 02bc035cd9d12be23302de6b7d2...}\nSession ID: 02bc035cd9d12be23302de6b7d206b5a\n\tat java.base/jdk.internal.reflect.NativeConstructorAccessorImpl.newInstance0(Native Method)\n\tat java.base/jdk.internal.reflect.NativeConstructorAccessorImpl.newInstance(NativeConstructorAccessorImpl.java:64)\n\tat java.base/jdk.internal.reflect.DelegatingConstructorAccessorImpl.newInstance(DelegatingConstructorAccessorImpl.java:45)\n\tat java.base/java.lang.reflect.Constructor.newInstanceWithCaller(Constructor.java:500)\n\tat java.base/java.lang.reflect.Constructor.newInstance(Constructor.java:481)\n\tat org.openqa.selenium.remote.ErrorHandler.createThrowable(ErrorHandler.java:214)\n\tat org.openqa.selenium.remote.ErrorHandler.throwIfResponseFailed(ErrorHandler.java:166)\n\tat org.openqa.selenium.remote.http.JsonHttpResponseCodec.reconstructValue(JsonHttpResponseCodec.java:40)\n\tat org.openqa.selenium.remote.http.AbstractHttpResponseCodec.decode(AbstractHttpResponseCodec.java:80)\n\tat org.openqa.selenium.remote.http.AbstractHttpResponseCodec.decode(AbstractHttpResponseCodec.java:44)\n\tat org.openqa.selenium.remote.HttpCommandExecutor.execute(HttpCommandExecutor.java:158)\n\tat org.openqa.selenium.remote.RemoteWebDriver.execute(RemoteWebDriver.java:552)\n\tat org.openqa.selenium.remote.RemoteWebDriver.get(RemoteWebDriver.java:277)\n\tat org.openqa.selenium.remote.RemoteWebDriver$RemoteNavigation.to(RemoteWebDriver.java:857)\n\tat com.shaft.gui.browser.WebDriverBrowserActions.navigateToNewURL(WebDriverBrowserActions.java:661)\n\t... 37 more\n",
  "flaky" : false,
  "newFailed" : false,
  "beforeStages" : [ {
    "name" : "beforeMethod",
    "time" : {
      "start" : 1623756538483,
      "stop" : 1623756538773,
      "duration" : 290
    },
    "description" : "",
    "status" : "passed",
    "steps" : [ {
      "name" : "Attempting to run remotely on: [Linux-64], [GoogleChrome], [http://localhost:4444/wd/hub], Headless Execution.",
      "time" : {
        "start" : 1623756538484,
        "stop" : 1623756538484,
        "duration" : 0
      },
      "status" : "passed",
      "steps" : [ ],
      "attachments" : [ ],
      "parameters" : [ {
        "name" : "actionCounter",
        "value" : "132"
      }, {
        "name" : "logText",
        "value" : "Attempting to run remotely on: [Linux-64], [GoogleChrome], [http://localhost:4444/wd/hub], Headless Execution."
      } ],
      "stepsCount" : 0,
      "attachmentsCount" : 0,
      "shouldDisplayMessage" : false,
      "hasContent" : true
    }, {
      "name" : "Successfully Opened [GoogleChrome].",
      "time" : {
        "start" : 1623756538757,
        "stop" : 1623756538757,
        "duration" : 0
      },
      "status" : "passed",
      "steps" : [ ],
      "attachments" : [ ],
      "parameters" : [ {
        "name" : "actionCounter",
        "value" : "133"
      }, {
        "name" : "logText",
        "value" : "Successfully Opened [GoogleChrome]."
      } ],
      "stepsCount" : 0,
      "attachmentsCount" : 0,
      "shouldDisplayMessage" : false,
      "hasContent" : true
    } ],
    "attachments" : [ ],
    "parameters" : [ ],
    "stepsCount" : 2,
    "attachmentsCount" : 0,
    "shouldDisplayMessage" : false,
    "hasContent" : true
  } ],
  "testStage" : {
    "status" : "failed",
    "statusMessage" : "Browser Action [NavigateToNewURL] failed. With the following test data [https://jqueryui.com/resources/demos/draggable/default.html].",
    "statusTrace" : "java.lang.AssertionError: Browser Action [NavigateToNewURL] failed. With the following test data [https://jqueryui.com/resources/demos/draggable/default.html].\n\tat org.testng.Assert.fail(Assert.java:87)\n\tat com.shaft.gui.browser.WebDriverBrowserActions.failAction(WebDriverBrowserActions.java:610)\n\tat com.shaft.gui.browser.WebDriverBrowserActions.failAction(WebDriverBrowserActions.java:603)\n\tat com.shaft.gui.browser.WebDriverBrowserActions.navigateToNewURL(WebDriverBrowserActions.java:663)\n\tat com.shaft.gui.browser.WebDriverBrowserActions.navigateToURL(WebDriverBrowserActions.java:285)\n\tat com.shaft.gui.browser.WebDriverBrowserActions.navigateToURL(WebDriverBrowserActions.java:217)\n\tat com.shaft.gui.browser.BrowserActions.navigateToURL(BrowserActions.java:90)\n\tat testPackage01.Test_dragAndDrop.dragAndDropByOffset(Test_dragAndDrop.java:39)\n\tat java.base/jdk.internal.reflect.NativeMethodAccessorImpl.invoke0(Native Method)\n\tat java.base/jdk.internal.reflect.NativeMethodAccessorImpl.invoke(NativeMethodAccessorImpl.java:64)\n\tat java.base/jdk.internal.reflect.DelegatingMethodAccessorImpl.invoke(DelegatingMethodAccessorImpl.java:43)\n\tat java.base/java.lang.reflect.Method.invoke(Method.java:564)\n\tat org.testng.internal.MethodInvocationHelper.invokeMethod(MethodInvocationHelper.java:133)\n\tat org.testng.internal.TestInvoker.invokeMethod(TestInvoker.java:598)\n\tat org.testng.internal.TestInvoker.invokeTestMethod(TestInvoker.java:173)\n\tat org.testng.internal.MethodRunner.runInSequence(MethodRunner.java:46)\n\tat org.testng.internal.TestInvoker$MethodInvocationAgent.invoke(TestInvoker.java:824)\n\tat org.testng.internal.TestInvoker.invokeTestMethods(TestInvoker.java:146)\n\tat org.testng.internal.TestMethodWorker.invokeTestMethods(TestMethodWorker.java:146)\n\tat org.testng.internal.TestMethodWorker.run(TestMethodWorker.java:128)\n\tat java.base/java.util.ArrayList.forEach(ArrayList.java:1511)\n\tat org.testng.TestRunner.privateRun(TestRunner.java:794)\n\tat org.testng.TestRunner.run(TestRunner.java:596)\n\tat org.testng.SuiteRunner.runTest(SuiteRunner.java:377)\n\tat org.testng.SuiteRunner.runSequentially(SuiteRunner.java:371)\n\tat org.testng.SuiteRunner.privateRun(SuiteRunner.java:332)\n\tat org.testng.SuiteRunner.run(SuiteRunner.java:276)\n\tat org.testng.SuiteRunnerWorker.runSuite(SuiteRunnerWorker.java:53)\n\tat org.testng.SuiteRunnerWorker.run(SuiteRunnerWorker.java:96)\n\tat org.testng.TestNG.runSuitesSequentially(TestNG.java:1212)\n\tat org.testng.TestNG.runSuitesLocally(TestNG.java:1134)\n\tat org.testng.TestNG.runSuites(TestNG.java:1063)\n\tat org.testng.TestNG.run(TestNG.java:1031)\n\tat org.apache.maven.surefire.testng.TestNGExecutor.run(TestNGExecutor.java:136)\n\tat org.apache.maven.surefire.testng.TestNGDirectoryTestSuite.executeMulti(TestNGDirectoryTestSuite.java:193)\n\tat org.apache.maven.surefire.testng.TestNGDirectoryTestSuite.execute(TestNGDirectoryTestSuite.java:94)\n\tat org.apache.maven.surefire.testng.TestNGProvider.invoke(TestNGProvider.java:145)\n\tat org.apache.maven.surefire.booter.ForkedBooter.runSuitesInProcess(ForkedBooter.java:428)\n\tat org.apache.maven.surefire.booter.ForkedBooter.execute(ForkedBooter.java:162)\n\tat org.apache.maven.surefire.booter.ForkedBooter.run(ForkedBooter.java:562)\n\tat org.apache.maven.surefire.booter.ForkedBooter.main(ForkedBooter.java:548)\nCaused by: org.openqa.selenium.TimeoutException: timeout: Timed out receiving message from renderer: -0.001\n  (Session info: headless chrome=81.0.4044.138)\n  (Driver info: chromedriver=81.0.4044.138 (8c6c7ba89cc9453625af54f11fd83179e23450fa-refs/branch-heads/4044@{#999}),platform=Linux 5.8.0-1033-azure x86_64) (WARNING: The server did not provide any stacktrace information)\nCommand duration or timeout: 0 milliseconds\nBuild info: version: '3.141.59', revision: 'e82be7d358', time: '2018-11-14T08:17:03'\nSystem info: host: 'fv-az198-931', ip: '10.1.0.244', os.name: 'Linux', os.arch: 'amd64', os.version: '5.8.0-1033-azure', java.version: '15.0.3'\nDriver info: org.openqa.selenium.remote.RemoteWebDriver\nCapabilities {acceptInsecureCerts: false, acceptSslCerts: false, applicationCacheEnabled: false, browserConnectionEnabled: false, browserName: chrome, chrome: {chromedriverVersion: 81.0.4044.138 (8c6c7ba89cc9..., userDataDir: /tmp/.com.google.Chrome.heekSu}, cssSelectorsEnabled: true, databaseEnabled: false, goog:chromeOptions: {debuggerAddress: localhost:37127}, handlesAlerts: true, hasTouchScreen: false, javascriptEnabled: true, locationContextEnabled: true, mobileEmulationEnabled: false, nativeEvents: true, networkConnectionEnabled: false, pageLoadStrategy: normal, platform: LINUX, platformName: LINUX, proxy: Proxy(), rotatable: false, setWindowRect: true, strictFileInteractability: false, takesHeapSnapshot: true, takesScreenshot: true, timeouts: {implicit: 0, pageLoad: 300000, script: 30000}, unexpectedAlertBehaviour: ignore, unhandledPromptBehavior: ignore, version: 81.0.4044.138, webStorageEnabled: true, webauthn:virtualAuthenticators: true, webdriver.remote.sessionid: 02bc035cd9d12be23302de6b7d2...}\nSession ID: 02bc035cd9d12be23302de6b7d206b5a\n\tat java.base/jdk.internal.reflect.NativeConstructorAccessorImpl.newInstance0(Native Method)\n\tat java.base/jdk.internal.reflect.NativeConstructorAccessorImpl.newInstance(NativeConstructorAccessorImpl.java:64)\n\tat java.base/jdk.internal.reflect.DelegatingConstructorAccessorImpl.newInstance(DelegatingConstructorAccessorImpl.java:45)\n\tat java.base/java.lang.reflect.Constructor.newInstanceWithCaller(Constructor.java:500)\n\tat java.base/java.lang.reflect.Constructor.newInstance(Constructor.java:481)\n\tat org.openqa.selenium.remote.ErrorHandler.createThrowable(ErrorHandler.java:214)\n\tat org.openqa.selenium.remote.ErrorHandler.throwIfResponseFailed(ErrorHandler.java:166)\n\tat org.openqa.selenium.remote.http.JsonHttpResponseCodec.reconstructValue(JsonHttpResponseCodec.java:40)\n\tat org.openqa.selenium.remote.http.AbstractHttpResponseCodec.decode(AbstractHttpResponseCodec.java:80)\n\tat org.openqa.selenium.remote.http.AbstractHttpResponseCodec.decode(AbstractHttpResponseCodec.java:44)\n\tat org.openqa.selenium.remote.HttpCommandExecutor.execute(HttpCommandExecutor.java:158)\n\tat org.openqa.selenium.remote.RemoteWebDriver.execute(RemoteWebDriver.java:552)\n\tat org.openqa.selenium.remote.RemoteWebDriver.get(RemoteWebDriver.java:277)\n\tat org.openqa.selenium.remote.RemoteWebDriver$RemoteNavigation.to(RemoteWebDriver.java:857)\n\tat com.shaft.gui.browser.WebDriverBrowserActions.navigateToNewURL(WebDriverBrowserActions.java:661)\n\t... 37 more\n",
    "steps" : [ {
      "name" : "Browser Action [NavigateToNewURL] failed. With the following test data [https://jqueryui.com/resources/demos/draggable/default.html].",
      "time" : {
        "start" : 1623756568855,
        "stop" : 1623756568855,
        "duration" : 0
      },
      "status" : "passed",
      "steps" : [ ],
      "attachments" : [ ],
      "parameters" : [ {
        "name" : "actionCounter",
        "value" : "134"
      }, {
        "name" : "logText",
        "value" : "Browser Action [NavigateToNewURL] failed. With the following test data [https://jqueryui.com/resources/demos/draggable/default.html]."
      }, {
        "name" : "attachments",
        "value" : "[null]"
      } ],
      "stepsCount" : 0,
      "attachmentsCount" : 0,
      "shouldDisplayMessage" : false,
      "hasContent" : true
    } ],
    "attachments" : [ {
      "uid" : "68fc466e69df7991",
      "name" : "Attachment: SHAFT Engine Logs - Current Method log: dragAndDropByOffset",
      "source" : "68fc466e69df7991.txt",
      "type" : "text/plain",
      "size" : 856
    } ],
    "parameters" : [ ],
    "stepsCount" : 1,
    "attachmentsCount" : 1,
    "shouldDisplayMessage" : true,
    "hasContent" : true
  },
  "afterStages" : [ {
    "name" : "afterMethod",
    "time" : {
      "start" : 1623756568862,
      "stop" : 1623756568997,
      "duration" : 135
    },
    "description" : "",
    "status" : "passed",
    "steps" : [ {
      "name" : "Browser Action [CloseCurrentWindow] successfully performed. With the following test data [<html><head></head><body></body></html>].",
      "time" : {
        "start" : 1623756568997,
        "stop" : 1623756568997,
        "duration" : 0
      },
      "status" : "passed",
      "steps" : [ ],
      "attachments" : [ ],
      "parameters" : [ {
        "name" : "actionCounter",
        "value" : "135"
      }, {
        "name" : "logText",
        "value" : "Browser Action [CloseCurrentWindow] successfully performed. With the following test data [<html><head></head><body></body></html>]."
      } ],
      "stepsCount" : 0,
      "attachmentsCount" : 0,
      "shouldDisplayMessage" : false,
      "hasContent" : true
    } ],
    "attachments" : [ {
      "uid" : "3fc25528fbae7cc3",
      "name" : "Attachment: Selenium WebDriver Logs - server",
      "source" : "3fc25528fbae7cc3.txt",
      "type" : "text/plain",
      "size" : 1288
    }, {
      "uid" : "e285e6d478b8adb0",
      "name" : "Attachment: Selenium WebDriver Logs - performance",
      "source" : "e285e6d478b8adb0.txt",
      "type" : "text/plain",
      "size" : 2693
    }, {
      "uid" : "fbaa4566d62ff7b2",
      "name" : "Attachment: Selenium WebDriver Logs - driver",
      "source" : "fbaa4566d62ff7b2.txt",
      "type" : "text/plain",
      "size" : 41855
    } ],
    "parameters" : [ ],
    "stepsCount" : 1,
    "attachmentsCount" : 3,
    "shouldDisplayMessage" : false,
    "hasContent" : true
  }, {
    "name" : "closureActivities",
    "time" : {
      "start" : 1623756781027,
      "stop" : 1623756781939,
      "duration" : 912
    },
    "description" : "",
    "status" : "passed",
    "steps" : [ {
      "name" : "Successfully Closed All Drivers.",
      "time" : {
        "start" : 1623756781027,
        "stop" : 1623756781027,
        "duration" : 0
      },
      "status" : "passed",
      "steps" : [ ],
      "attachments" : [ ],
      "parameters" : [ {
        "name" : "actionCounter",
        "value" : "526"
      }, {
        "name" : "logText",
        "value" : "Successfully Closed All Drivers."
      } ],
      "stepsCount" : 0,
      "attachmentsCount" : 0,
      "shouldDisplayMessage" : false,
      "hasContent" : true
    }, {
      "name" : "Issue Summary: Total Issues = 4, New issues for Failed Tests = 2, Open issues for Passed Tests = 2, Open issues for Failed Tests = 0. Kindly check the attached Issue details.",
      "time" : {
        "start" : 1623756781037,
        "stop" : 1623756781038,
        "duration" : 1
      },
      "status" : "passed",
      "steps" : [ ],
      "attachments" : [ {
        "uid" : "cc0bb0770dbb9ac",
        "name" : "Attachment: SHAFT Engine Logs - Issues log CSV: 20210615-113301",
        "source" : "cc0bb0770dbb9ac.csv",
        "type" : "text/csv",
        "size" : 480
      } ],
      "parameters" : [ {
        "name" : "actionCounter",
        "value" : "527"
      }, {
        "name" : "logText",
        "value" : "Issue Summary: Total Issues = 4, New issues for Failed Tests = 2, Open issues for Passed Tests = 2, Open issues for Failed Tests = 0. Kindly check the attached Issue details."
      }, {
        "name" : "attachments",
        "value" : "[[SHAFT Engine Logs, Issues log CSV: 20210615-113301, java.io.ByteArrayInputStream@12c09e41]]"
      } ],
      "stepsCount" : 0,
      "attachmentsCount" : 1,
      "shouldDisplayMessage" : false,
      "hasContent" : true
    } ],
    "attachments" : [ {
      "uid" : "95680442aacff06",
      "name" : "Attachment: SHAFT Engine Logs - Execution log: 20210615-113301",
      "source" : "95680442aacff06.txt",
      "type" : "text/plain",
      "size" : 265944
    }, {
      "uid" : "89d121a04bcfa8b",
      "name" : "Attachment: HTML - Extent Emailable Execution Report",
      "source" : "89d121a04bcfa8b.html",
      "type" : "text/html",
      "size" : 9550872
    } ],
    "parameters" : [ ],
    "stepsCount" : 2,
    "attachmentsCount" : 3,
    "shouldDisplayMessage" : false,
    "hasContent" : true
  } ],
  "labels" : [ {
    "name" : "package",
    "value" : "testPackage01.Test_dragAndDrop"
  }, {
    "name" : "testClass",
    "value" : "testPackage01.Test_dragAndDrop"
  }, {
    "name" : "testMethod",
    "value" : "dragAndDropByOffset"
  }, {
    "name" : "parentSuite",
    "value" : "SHAFT: Custom Suite"
  }, {
    "name" : "suite",
    "value" : "SHAFT: Custom Test"
  }, {
    "name" : "subSuite",
    "value" : "testPackage01.Test_dragAndDrop"
  }, {
    "name" : "host",
    "value" : "fv-az198-931"
  }, {
    "name" : "thread",
    "value" : "3756@fv-az198-931.main(1)"
  }, {
    "name" : "framework",
    "value" : "testng"
  }, {
    "name" : "language",
    "value" : "java"
  }, {
    "name" : "resultFormat",
    "value" : "allure2"
  } ],
  "parameters" : [ ],
  "links" : [ ],
  "hidden" : false,
  "retry" : false,
  "extra" : {
    "severity" : "normal",
    "retries" : [ ],
    "categories" : [ {
      "name" : "Product defects",
      "matchedStatuses" : [ ],
      "flaky" : false
    } ],
    "history" : {
      "statistic" : {
        "failed" : 2,
        "broken" : 0,
        "skipped" : 0,
        "passed" : 52,
        "unknown" : 0,
        "total" : 54
      },
      "items" : [ {
        "uid" : "8705be7303f7081f",
        "reportUrl" : "https://MohabMohie.github.io/SHAFT_ENGINE/allure/545//#testresult/8705be7303f7081f",
        "status" : "failed",
        "statusDetails" : "Browser Action [NavigateToNewURL] failed. With the following test data [https://jqueryui.com/resources/demos/draggable/default.html].",
        "time" : {
          "start" : 1623755961320,
          "stop" : 1623755991406,
          "duration" : 30086
        }
      }, {
        "uid" : "effb8b8be351dde3",
        "reportUrl" : "https://MohabMohie.github.io/SHAFT_ENGINE/allure/544//#testresult/effb8b8be351dde3",
        "status" : "passed",
        "time" : {
          "start" : 1623755571563,
          "stop" : 1623755572201,
          "duration" : 638
        }
      }, {
        "uid" : "222e0b2771fd0390",
        "reportUrl" : "https://MohabMohie.github.io/SHAFT_ENGINE/allure/543//#testresult/222e0b2771fd0390",
        "status" : "passed",
        "time" : {
          "start" : 1623722576688,
          "stop" : 1623722577236,
          "duration" : 548
        }
      }, {
        "uid" : "f82954837b283b08",
        "reportUrl" : "https://MohabMohie.github.io/SHAFT_ENGINE/allure/541//#testresult/f82954837b283b08",
        "status" : "passed",
        "time" : {
          "start" : 1623635895760,
          "stop" : 1623635896723,
          "duration" : 963
        }
      }, {
        "uid" : "7d45cc174a235f58",
        "reportUrl" : "https://MohabMohie.github.io/SHAFT_ENGINE/allure/540//#testresult/7d45cc174a235f58",
        "status" : "passed",
        "time" : {
          "start" : 1623549531216,
          "stop" : 1623549531982,
          "duration" : 766
        }
      }, {
        "uid" : "3b7900cae660aebf",
        "reportUrl" : "https://MohabMohie.github.io/SHAFT_ENGINE/allure/539//#testresult/3b7900cae660aebf",
        "status" : "passed",
        "time" : {
          "start" : 1623518967673,
          "stop" : 1623518968197,
          "duration" : 524
        }
      }, {
        "uid" : "38b96e3c481d212b",
        "reportUrl" : "https://MohabMohie.github.io/SHAFT_ENGINE/allure/538//#testresult/38b96e3c481d212b",
        "status" : "passed",
        "time" : {
          "start" : 1623518303201,
          "stop" : 1623518303771,
          "duration" : 570
        }
      }, {
        "uid" : "19040eb283bf01fc",
        "reportUrl" : "https://MohabMohie.github.io/SHAFT_ENGINE/allure/537//#testresult/19040eb283bf01fc",
        "status" : "passed",
        "time" : {
          "start" : 1623517420128,
          "stop" : 1623517420625,
          "duration" : 497
        }
      }, {
        "uid" : "92b0e423f70e7d45",
        "reportUrl" : "https://MohabMohie.github.io/SHAFT_ENGINE/allure/536//#testresult/92b0e423f70e7d45",
        "status" : "passed",
        "time" : {
          "start" : 1623503071062,
          "stop" : 1623503071902,
          "duration" : 840
        }
      }, {
        "uid" : "dc788d476415a361",
        "reportUrl" : "https://MohabMohie.github.io/SHAFT_ENGINE/allure/535//#testresult/dc788d476415a361",
        "status" : "passed",
        "time" : {
          "start" : 1623502281309,
          "stop" : 1623502281907,
          "duration" : 598
        }
      }, {
        "uid" : "df49f119c314fb29",
        "reportUrl" : "https://MohabMohie.github.io/SHAFT_ENGINE/allure/534//#testresult/df49f119c314fb29",
        "status" : "passed",
        "time" : {
          "start" : 1623462601832,
          "stop" : 1623462602389,
          "duration" : 557
        }
      }, {
        "uid" : "f63fb22aa5172abf",
        "reportUrl" : "https://MohabMohie.github.io/SHAFT_ENGINE/allure/533//#testresult/f63fb22aa5172abf",
        "status" : "passed",
        "time" : {
          "start" : 1623376897613,
          "stop" : 1623376898480,
          "duration" : 867
        }
      }, {
        "uid" : "551071f0dc392acc",
        "reportUrl" : "https://MohabMohie.github.io/SHAFT_ENGINE/allure/532//#testresult/551071f0dc392acc",
        "status" : "passed",
        "time" : {
          "start" : 1623308759118,
          "stop" : 1623308759903,
          "duration" : 785
        }
      }, {
        "uid" : "8527f80dffce4d67",
        "reportUrl" : "https://MohabMohie.github.io/SHAFT_ENGINE/allure/530//#testresult/8527f80dffce4d67",
        "status" : "passed",
        "time" : {
          "start" : 1623291127068,
          "stop" : 1623291127880,
          "duration" : 812
        }
      }, {
        "uid" : "a4e440e334f8cbd7",
        "reportUrl" : "https://MohabMohie.github.io/SHAFT_ENGINE/allure/529//#testresult/a4e440e334f8cbd7",
        "status" : "passed",
        "time" : {
          "start" : 1623243501181,
          "stop" : 1623243502037,
          "duration" : 856
        }
      }, {
        "uid" : "79250451d3c84d5",
        "reportUrl" : "https://MohabMohie.github.io/SHAFT_ENGINE/allure/528//#testresult/79250451d3c84d5",
        "status" : "passed",
        "time" : {
          "start" : 1623242570417,
          "stop" : 1623242570945,
          "duration" : 528
        }
      }, {
        "uid" : "8cc5e0ac4574085c",
        "reportUrl" : "https://MohabMohie.github.io/SHAFT_ENGINE/allure/527//#testresult/8cc5e0ac4574085c",
        "status" : "passed",
        "time" : {
          "start" : 1623204901694,
          "stop" : 1623204902300,
          "duration" : 606
        }
      }, {
        "uid" : "fcd8b96e866544df",
        "reportUrl" : "https://MohabMohie.github.io/SHAFT_ENGINE/allure/526//#testresult/fcd8b96e866544df",
        "status" : "passed",
        "time" : {
          "start" : 1623144032623,
          "stop" : 1623144033276,
          "duration" : 653
        }
      }, {
        "uid" : "397da3b3bdc9da33",
        "reportUrl" : "https://MohabMohie.github.io/SHAFT_ENGINE/allure/524//#testresult/397da3b3bdc9da33",
        "status" : "passed",
        "time" : {
          "start" : 1623134036037,
          "stop" : 1623134036604,
          "duration" : 567
        }
      }, {
        "uid" : "2301deed7337843",
        "reportUrl" : "https://MohabMohie.github.io/SHAFT_ENGINE/allure/522//#testresult/2301deed7337843",
        "status" : "passed",
        "time" : {
          "start" : 1623120328314,
          "stop" : 1623120329005,
          "duration" : 691
        }
      } ]
    },
    "tags" : [ ]
  },
  "source" : "62abc3efb88f63b.json",
  "parameterValues" : [ ]
}