{
  "uid" : "f1a5a00ae5a30680",
  "name" : "validateUserEmail",
  "fullName" : "unitTests.tests_restActions.validateUserEmail",
  "historyId" : "3e73c6377dbba1c4391d565476180108",
  "time" : {
    "start" : 1619227910469,
    "stop" : 1619227911587,
    "duration" : 1118
  },
  "status" : "failed",
  "statusMessage" : "API Action [performRequest] failed. With the following test data [Request Type: \"GET\" | Target Status Code: \"200\" | Service URL: \"https://jsonplaceholder.typicode.com/users\" | Content Type: \"*/*\" | Response Time: \"768ms\"].",
  "statusTrace" : "java.lang.AssertionError: API Action [performRequest] failed. With the following test data [Request Type: \"GET\" | Target Status Code: \"200\" | Service URL: \"https://jsonplaceholder.typicode.com/users\" | Content Type: \"*/*\" | Response Time: \"768ms\"].\n\tat org.testng.Assert.fail(Assert.java:99)\n\tat com.shaft.api.RestActions.failAction(RestActions.java:87)\n\tat com.shaft.api.RestActions.failAction(RestActions.java:404)\n\tat com.shaft.api.RestActions.performRequest(RestActions.java:1086)\n\tat com.shaft.api.RestActions.performRequest(RestActions.java:777)\n\tat unitTests.tests_restActions.validateUserEmail(tests_restActions.java:42)\n\tat java.base/jdk.internal.reflect.NativeMethodAccessorImpl.invoke0(Native Method)\n\tat java.base/jdk.internal.reflect.NativeMethodAccessorImpl.invoke(NativeMethodAccessorImpl.java:64)\n\tat java.base/jdk.internal.reflect.DelegatingMethodAccessorImpl.invoke(DelegatingMethodAccessorImpl.java:43)\n\tat java.base/java.lang.reflect.Method.invoke(Method.java:564)\n\tat org.testng.internal.MethodInvocationHelper.invokeMethod(MethodInvocationHelper.java:133)\n\tat org.testng.internal.TestInvoker.invokeMethod(TestInvoker.java:598)\n\tat org.testng.internal.TestInvoker.invokeTestMethod(TestInvoker.java:173)\n\tat org.testng.internal.MethodRunner.runInSequence(MethodRunner.java:46)\n\tat org.testng.internal.TestInvoker$MethodInvocationAgent.invoke(TestInvoker.java:824)\n\tat org.testng.internal.TestInvoker.invokeTestMethods(TestInvoker.java:146)\n\tat org.testng.internal.TestMethodWorker.invokeTestMethods(TestMethodWorker.java:146)\n\tat org.testng.internal.TestMethodWorker.run(TestMethodWorker.java:128)\n\tat java.base/java.util.ArrayList.forEach(ArrayList.java:1511)\n\tat org.testng.TestRunner.privateRun(TestRunner.java:794)\n\tat org.testng.TestRunner.run(TestRunner.java:596)\n\tat org.testng.SuiteRunner.runTest(SuiteRunner.java:377)\n\tat org.testng.SuiteRunner.runSequentially(SuiteRunner.java:371)\n\tat org.testng.SuiteRunner.privateRun(SuiteRunner.java:332)\n\tat org.testng.SuiteRunner.run(SuiteRunner.java:276)\n\tat org.testng.SuiteRunnerWorker.runSuite(SuiteRunnerWorker.java:53)\n\tat org.testng.SuiteRunnerWorker.run(SuiteRunnerWorker.java:96)\n\tat org.testng.TestNG.runSuitesSequentially(TestNG.java:1212)\n\tat org.testng.TestNG.runSuitesLocally(TestNG.java:1134)\n\tat org.testng.TestNG.runSuites(TestNG.java:1063)\n\tat org.testng.TestNG.run(TestNG.java:1031)\n\tat org.apache.maven.surefire.testng.TestNGExecutor.run(TestNGExecutor.java:136)\n\tat org.apache.maven.surefire.testng.TestNGDirectoryTestSuite.executeMulti(TestNGDirectoryTestSuite.java:193)\n\tat org.apache.maven.surefire.testng.TestNGDirectoryTestSuite.execute(TestNGDirectoryTestSuite.java:94)\n\tat org.apache.maven.surefire.testng.TestNGProvider.invoke(TestNGProvider.java:145)\n\tat org.apache.maven.surefire.booter.ForkedBooter.runSuitesInProcess(ForkedBooter.java:428)\n\tat org.apache.maven.surefire.booter.ForkedBooter.execute(ForkedBooter.java:162)\n\tat org.apache.maven.surefire.booter.ForkedBooter.run(ForkedBooter.java:562)\n\tat org.apache.maven.surefire.booter.ForkedBooter.main(ForkedBooter.java:548)\n",
  "flaky" : false,
  "newFailed" : false,
  "beforeStages" : [ ],
  "testStage" : {
    "status" : "failed",
    "statusMessage" : "API Action [performRequest] failed. With the following test data [Request Type: \"GET\" | Target Status Code: \"200\" | Service URL: \"https://jsonplaceholder.typicode.com/users\" | Content Type: \"*/*\" | Response Time: \"768ms\"].",
    "statusTrace" : "java.lang.AssertionError: API Action [performRequest] failed. With the following test data [Request Type: \"GET\" | Target Status Code: \"200\" | Service URL: \"https://jsonplaceholder.typicode.com/users\" | Content Type: \"*/*\" | Response Time: \"768ms\"].\n\tat org.testng.Assert.fail(Assert.java:99)\n\tat com.shaft.api.RestActions.failAction(RestActions.java:87)\n\tat com.shaft.api.RestActions.failAction(RestActions.java:404)\n\tat com.shaft.api.RestActions.performRequest(RestActions.java:1086)\n\tat com.shaft.api.RestActions.performRequest(RestActions.java:777)\n\tat unitTests.tests_restActions.validateUserEmail(tests_restActions.java:42)\n\tat java.base/jdk.internal.reflect.NativeMethodAccessorImpl.invoke0(Native Method)\n\tat java.base/jdk.internal.reflect.NativeMethodAccessorImpl.invoke(NativeMethodAccessorImpl.java:64)\n\tat java.base/jdk.internal.reflect.DelegatingMethodAccessorImpl.invoke(DelegatingMethodAccessorImpl.java:43)\n\tat java.base/java.lang.reflect.Method.invoke(Method.java:564)\n\tat org.testng.internal.MethodInvocationHelper.invokeMethod(MethodInvocationHelper.java:133)\n\tat org.testng.internal.TestInvoker.invokeMethod(TestInvoker.java:598)\n\tat org.testng.internal.TestInvoker.invokeTestMethod(TestInvoker.java:173)\n\tat org.testng.internal.MethodRunner.runInSequence(MethodRunner.java:46)\n\tat org.testng.internal.TestInvoker$MethodInvocationAgent.invoke(TestInvoker.java:824)\n\tat org.testng.internal.TestInvoker.invokeTestMethods(TestInvoker.java:146)\n\tat org.testng.internal.TestMethodWorker.invokeTestMethods(TestMethodWorker.java:146)\n\tat org.testng.internal.TestMethodWorker.run(TestMethodWorker.java:128)\n\tat java.base/java.util.ArrayList.forEach(ArrayList.java:1511)\n\tat org.testng.TestRunner.privateRun(TestRunner.java:794)\n\tat org.testng.TestRunner.run(TestRunner.java:596)\n\tat org.testng.SuiteRunner.runTest(SuiteRunner.java:377)\n\tat org.testng.SuiteRunner.runSequentially(SuiteRunner.java:371)\n\tat org.testng.SuiteRunner.privateRun(SuiteRunner.java:332)\n\tat org.testng.SuiteRunner.run(SuiteRunner.java:276)\n\tat org.testng.SuiteRunnerWorker.runSuite(SuiteRunnerWorker.java:53)\n\tat org.testng.SuiteRunnerWorker.run(SuiteRunnerWorker.java:96)\n\tat org.testng.TestNG.runSuitesSequentially(TestNG.java:1212)\n\tat org.testng.TestNG.runSuitesLocally(TestNG.java:1134)\n\tat org.testng.TestNG.runSuites(TestNG.java:1063)\n\tat org.testng.TestNG.run(TestNG.java:1031)\n\tat org.apache.maven.surefire.testng.TestNGExecutor.run(TestNGExecutor.java:136)\n\tat org.apache.maven.surefire.testng.TestNGDirectoryTestSuite.executeMulti(TestNGDirectoryTestSuite.java:193)\n\tat org.apache.maven.surefire.testng.TestNGDirectoryTestSuite.execute(TestNGDirectoryTestSuite.java:94)\n\tat org.apache.maven.surefire.testng.TestNGProvider.invoke(TestNGProvider.java:145)\n\tat org.apache.maven.surefire.booter.ForkedBooter.runSuitesInProcess(ForkedBooter.java:428)\n\tat org.apache.maven.surefire.booter.ForkedBooter.execute(ForkedBooter.java:162)\n\tat org.apache.maven.surefire.booter.ForkedBooter.run(ForkedBooter.java:562)\n\tat org.apache.maven.surefire.booter.ForkedBooter.main(ForkedBooter.java:548)\n",
    "steps" : [ {
      "name" : "Action [515]: AssertEquals FAILED; Expected [200] and Actual [404]. Comparison Type [EQUALS]. Validation Type [POSITIVE].",
      "time" : {
        "start" : 1619227911536,
        "stop" : 1619227911536,
        "duration" : 0
      },
      "status" : "passed",
      "steps" : [ ],
      "attachments" : [ ],
      "parameters" : [ {
        "name" : "actionCounter",
        "value" : "515"
      }, {
        "name" : "logText",
        "value" : "AssertEquals FAILED; Expected [200] and Actual [404]. Comparison Type [EQUALS]. Validation Type [POSITIVE]."
      } ],
      "stepsCount" : 0,
      "attachmentsCount" : 0,
      "shouldDisplayMessage" : false,
      "hasContent" : true
    }, {
      "name" : "Action [516]: API Action [performRequest] failed. With the following test data [Request Type: \"GET\" | Target Status Code: \"200\" | Service URL: \"https://jsonplaceholder.typicode.com/users\" | Content Type: \"*/*\" | Response Time: \"768ms\"].",
      "time" : {
        "start" : 1619227911584,
        "stop" : 1619227911585,
        "duration" : 1
      },
      "status" : "passed",
      "steps" : [ ],
      "attachments" : [ {
        "uid" : "9c02fa67c59dd41e",
        "name" : "Attachment: API Response - Body",
        "source" : "9c02fa67c59dd41e.html",
        "type" : "text/html",
        "size" : 470
      } ],
      "parameters" : [ {
        "name" : "actionCounter",
        "value" : "516"
      }, {
        "name" : "logText",
        "value" : "API Action [performRequest] failed. With the following test data [Request Type: \"GET\" | Target Status Code: \"200\" | Service URL: \"https://jsonplaceholder.typicode.com/users\" | Content Type: \"*/*\" | Response Time: \"768ms\"]."
      }, {
        "name" : "attachments",
        "value" : "[null, [API Response, Body, java.io.ByteArrayInputStream@4c9caea1]]"
      } ],
      "stepsCount" : 0,
      "attachmentsCount" : 1,
      "shouldDisplayMessage" : false,
      "hasContent" : true
    } ],
    "attachments" : [ {
      "uid" : "13bf45ca3b2db496",
      "name" : "Attachment: SHAFT Engine Logs - Current Method log: validateUserEmail",
      "source" : "13bf45ca3b2db496.txt",
      "type" : "text/plain",
      "size" : 1171
    } ],
    "parameters" : [ ],
    "stepsCount" : 2,
    "attachmentsCount" : 2,
    "shouldDisplayMessage" : true,
    "hasContent" : true
  },
  "afterStages" : [ {
    "name" : "closureActivities",
    "time" : {
      "start" : 1619227911645,
      "stop" : 1619227912300,
      "duration" : 655
    },
    "description" : "",
    "status" : "passed",
    "steps" : [ {
      "name" : "Action [519]: Successfully Closed All Browsers.",
      "time" : {
        "start" : 1619227911645,
        "stop" : 1619227911645,
        "duration" : 0
      },
      "status" : "passed",
      "steps" : [ ],
      "attachments" : [ ],
      "parameters" : [ {
        "name" : "actionCounter",
        "value" : "519"
      }, {
        "name" : "logText",
        "value" : "Successfully Closed All Browsers."
      } ],
      "stepsCount" : 0,
      "attachmentsCount" : 0,
      "shouldDisplayMessage" : false,
      "hasContent" : true
    }, {
      "name" : "Action [520]: Issue Summary: Total Issues = 4, New issues for Failed Tests = 2, Open issues for Passed Tests = 2, Open issues for Failed Tests = 0. Kindly check the attached Issue details.",
      "time" : {
        "start" : 1619227911659,
        "stop" : 1619227911659,
        "duration" : 0
      },
      "status" : "passed",
      "steps" : [ ],
      "attachments" : [ {
        "uid" : "7ba2e7905a733e6c",
        "name" : "Attachment: SHAFT Engine Logs - Issues log CSV: 20210424-013151",
        "source" : "7ba2e7905a733e6c.csv",
        "type" : "text/csv",
        "size" : 492
      } ],
      "parameters" : [ {
        "name" : "actionCounter",
        "value" : "520"
      }, {
        "name" : "logText",
        "value" : "Issue Summary: Total Issues = 4, New issues for Failed Tests = 2, Open issues for Passed Tests = 2, Open issues for Failed Tests = 0. Kindly check the attached Issue details."
      }, {
        "name" : "attachments",
        "value" : "[[SHAFT Engine Logs, Issues log CSV: 20210424-013151, java.io.ByteArrayInputStream@a9fa77]]"
      } ],
      "stepsCount" : 0,
      "attachmentsCount" : 1,
      "shouldDisplayMessage" : false,
      "hasContent" : true
    } ],
    "attachments" : [ {
      "uid" : "1589908779bec4a5",
      "name" : "Attachment: SHAFT Engine Logs - Execution log: 20210424-013151",
      "source" : "1589908779bec4a5.txt",
      "type" : "text/plain",
      "size" : 347787
    }, {
      "uid" : "6d9f356da79205e7",
      "name" : "Attachment: HTML - Extent Emailable Execution Report",
      "source" : "6d9f356da79205e7.html",
      "type" : "text/html",
      "size" : 9024182
    } ],
    "parameters" : [ ],
    "stepsCount" : 2,
    "attachmentsCount" : 3,
    "shouldDisplayMessage" : false,
    "hasContent" : true
  } ],
  "labels" : [ {
    "name" : "package",
    "value" : "unitTests.tests_restActions"
  }, {
    "name" : "testClass",
    "value" : "unitTests.tests_restActions"
  }, {
    "name" : "testMethod",
    "value" : "validateUserEmail"
  }, {
    "name" : "parentSuite",
    "value" : "SHAFT_Engine: Custom Suite"
  }, {
    "name" : "suite",
    "value" : "SHAFT_Engine: Custom Test"
  }, {
    "name" : "subSuite",
    "value" : "unitTests.tests_restActions"
  }, {
    "name" : "host",
    "value" : "fv-az204-802"
  }, {
    "name" : "thread",
    "value" : "4455@fv-az204-802.main(1)"
  }, {
    "name" : "framework",
    "value" : "testng"
  }, {
    "name" : "language",
    "value" : "java"
  }, {
    "name" : "resultFormat",
    "value" : "allure2"
  } ],
  "parameters" : [ ],
  "links" : [ ],
  "hidden" : false,
  "retry" : false,
  "extra" : {
    "severity" : "normal",
    "retries" : [ ],
    "categories" : [ {
      "name" : "Product defects",
      "matchedStatuses" : [ ],
      "flaky" : false
    } ],
    "history" : {
      "statistic" : {
        "failed" : 2,
        "broken" : 0,
        "skipped" : 0,
        "passed" : 10,
        "unknown" : 0,
        "total" : 12
      },
      "items" : [ {
        "uid" : "6e40182edda2c3ef",
        "reportUrl" : "https://MohabMohie.github.io/SHAFT_ENGINE/allure/400//#testresult/6e40182edda2c3ef",
        "status" : "failed",
        "statusDetails" : "API Action [performRequest] failed. With the following test data [Request Type: \"GET\" | Target Status Code: \"200\" | Service URL: \"https://jsonplaceholder.typicode.com/users\" | Content Type: \"*/*\" | Response Time: \"905ms\"].",
        "time" : {
          "start" : 1619141667654,
          "stop" : 1619141668978,
          "duration" : 1324
        }
      }, {
        "uid" : "7d061ba239be98a2",
        "reportUrl" : "https://MohabMohie.github.io/SHAFT_ENGINE/allure/399//#testresult/7d061ba239be98a2",
        "status" : "passed",
        "time" : {
          "start" : 1619054991471,
          "stop" : 1619054994502,
          "duration" : 3031
        }
      }, {
        "uid" : "2b4af27ab0b49bcd",
        "reportUrl" : "https://MohabMohie.github.io/SHAFT_ENGINE/allure/398//#testresult/2b4af27ab0b49bcd",
        "status" : "passed",
        "time" : {
          "start" : 1618968606321,
          "stop" : 1618968608939,
          "duration" : 2618
        }
      }, {
        "uid" : "ec45917d7fadbbac",
        "reportUrl" : "https://MohabMohie.github.io/SHAFT_ENGINE/allure/396//#testresult/ec45917d7fadbbac",
        "status" : "passed",
        "time" : {
          "start" : 1618882162310,
          "stop" : 1618882165256,
          "duration" : 2946
        }
      }, {
        "uid" : "4bb9f22a02262e0d",
        "reportUrl" : "https://MohabMohie.github.io/SHAFT_ENGINE/allure/395//#testresult/4bb9f22a02262e0d",
        "status" : "passed",
        "time" : {
          "start" : 1618795744417,
          "stop" : 1618795746936,
          "duration" : 2519
        }
      }, {
        "uid" : "14d9e62117eb9651",
        "reportUrl" : "https://MohabMohie.github.io/SHAFT_ENGINE/allure/394//#testresult/14d9e62117eb9651",
        "status" : "passed",
        "time" : {
          "start" : 1618709378526,
          "stop" : 1618709380871,
          "duration" : 2345
        }
      }, {
        "uid" : "9764f9ee4dceb5ac",
        "reportUrl" : "https://MohabMohie.github.io/SHAFT_ENGINE/allure/393//#testresult/9764f9ee4dceb5ac",
        "status" : "passed",
        "time" : {
          "start" : 1618622911081,
          "stop" : 1618622913755,
          "duration" : 2674
        }
      }, {
        "uid" : "425de4fb8005f6d2",
        "reportUrl" : "https://MohabMohie.github.io/SHAFT_ENGINE/allure/392//#testresult/425de4fb8005f6d2",
        "status" : "passed",
        "time" : {
          "start" : 1618536560374,
          "stop" : 1618536563006,
          "duration" : 2632
        }
      }, {
        "uid" : "39f4901212e0911e",
        "reportUrl" : "https://MohabMohie.github.io/SHAFT_ENGINE/allure/389//#testresult/39f4901212e0911e",
        "status" : "passed",
        "time" : {
          "start" : 1618462569755,
          "stop" : 1618462573042,
          "duration" : 3287
        }
      }, {
        "uid" : "a2d58f15c283d0a5",
        "reportUrl" : "https://MohabMohie.github.io/SHAFT_ENGINE/allure/388//#testresult/a2d58f15c283d0a5",
        "status" : "passed",
        "time" : {
          "start" : 1618450123759,
          "stop" : 1618450126389,
          "duration" : 2630
        }
      }, {
        "uid" : "e93f4ffe4d5515fe",
        "reportUrl" : "https://MohabMohie.github.io/SHAFT_ENGINE/allure/387//#testresult/e93f4ffe4d5515fe",
        "status" : "passed",
        "time" : {
          "start" : 1618411692777,
          "stop" : 1618411695774,
          "duration" : 2997
        }
      } ]
    },
    "tags" : [ ]
  },
  "source" : "f1a5a00ae5a30680.json",
  "parameterValues" : [ ]
}