{
  "uid" : "c1dd844ca4d7cb27",
  "name" : "f21",
  "fullName" : "testPackage01.Test_NewValidationActions.f21",
  "historyId" : "e1cdc6c90a16d93d0a463e84d90db0e2",
  "time" : {
    "start" : 1608010933065,
    "stop" : 1608010958666,
    "duration" : 25601
  },
  "status" : "passed",
  "flaky" : false,
  "newFailed" : false,
  "beforeStages" : [ {
    "name" : "openBrowser",
    "time" : {
      "start" : 1608010932292,
      "stop" : 1608010933062,
      "duration" : 770
    },
    "description" : "",
    "status" : "passed",
    "steps" : [ {
      "name" : "Action [435]: Attempting to run remotely on: [Linux-64], [GoogleChrome], [http://localhost:4444/wd/hub], Headless Execution.",
      "time" : {
        "start" : 1608010932293,
        "stop" : 1608010932293,
        "duration" : 0
      },
      "status" : "passed",
      "steps" : [ ],
      "attachments" : [ ],
      "parameters" : [ {
        "name" : "actionCounter",
        "value" : "435"
      }, {
        "name" : "logText",
        "value" : "Attempting to run remotely on: [Linux-64], [GoogleChrome], [http://localhost:4444/wd/hub], Headless Execution."
      } ],
      "stepsCount" : 0,
      "attachmentsCount" : 0,
      "shouldDisplayMessage" : false,
      "hasContent" : true
    }, {
      "name" : "Action [436]: Successfully Opened [GoogleChrome].",
      "time" : {
        "start" : 1608010932529,
        "stop" : 1608010932529,
        "duration" : 0
      },
      "status" : "passed",
      "steps" : [ ],
      "attachments" : [ ],
      "parameters" : [ {
        "name" : "actionCounter",
        "value" : "436"
      }, {
        "name" : "logText",
        "value" : "Successfully Opened [GoogleChrome]."
      } ],
      "stepsCount" : 0,
      "attachmentsCount" : 0,
      "shouldDisplayMessage" : false,
      "hasContent" : true
    }, {
      "name" : "Action [437]: Browser Action [navigateToURL] successfully performed. With the following test data [https://the-internet.herokuapp.com/].",
      "time" : {
        "start" : 1608010933062,
        "stop" : 1608010933062,
        "duration" : 0
      },
      "status" : "passed",
      "steps" : [ ],
      "attachments" : [ ],
      "parameters" : [ {
        "name" : "actionCounter",
        "value" : "437"
      }, {
        "name" : "logText",
        "value" : "Browser Action [navigateToURL] successfully performed. With the following test data [https://the-internet.herokuapp.com/]."
      }, {
        "name" : "attachments",
        "value" : "[null]"
      } ],
      "stepsCount" : 0,
      "attachmentsCount" : 0,
      "shouldDisplayMessage" : false,
      "hasContent" : true
    } ],
    "attachments" : [ ],
    "parameters" : [ ],
    "stepsCount" : 3,
    "attachmentsCount" : 0,
    "shouldDisplayMessage" : false,
    "hasContent" : true
  } ],
  "testStage" : {
    "status" : "passed",
    "steps" : [ {
      "name" : "Action [438]: Element Action [identifyUniqueElement] failed. With the following test data [zero elements found matching this locator \"By.tagName: h3\".].",
      "time" : {
        "start" : 1608010958664,
        "stop" : 1608010958664,
        "duration" : 0
      },
      "status" : "passed",
      "steps" : [ ],
      "attachments" : [ {
        "uid" : "3e706fe2f95d92d8",
        "name" : "Attachment: Screenshot - 1608010958599_f21_identifyUniqueElement_failed",
        "source" : "3e706fe2f95d92d8.png",
        "type" : "image/png",
        "size" : 55570
      } ],
      "parameters" : [ {
        "name" : "actionCounter",
        "value" : "438"
      }, {
        "name" : "logText",
        "value" : "Element Action [identifyUniqueElement] failed. With the following test data [zero elements found matching this locator \"By.tagName: h3\".]."
      }, {
        "name" : "attachments",
        "value" : "[[Screenshot, 1608010958599_f21_identifyUniqueElement_failed, java.io.ByteArrayInputStream@56b6d87c]]"
      } ],
      "stepsCount" : 0,
      "attachmentsCount" : 1,
      "shouldDisplayMessage" : false,
      "hasContent" : true
    }, {
      "name" : "Action [439]: AssertElementAttribute FAILED; Expected [Value Should be 'Welcome' for the 'text' attribute, element locator 'By.tagName: h3'] and Actual [Failed to read the desired element attribute]. Comparison Type [CONTAINS]. Validation Type [POSITIVE].",
      "time" : {
        "start" : 1608010958665,
        "stop" : 1608010958665,
        "duration" : 0
      },
      "status" : "passed",
      "steps" : [ ],
      "attachments" : [ ],
      "parameters" : [ {
        "name" : "actionCounter",
        "value" : "439"
      }, {
        "name" : "logText",
        "value" : "AssertElementAttribute FAILED; Expected [Value Should be 'Welcome' for the 'text' attribute, element locator 'By.tagName: h3'] and Actual [Failed to read the desired element attribute]. Comparison Type [CONTAINS]. Validation Type [POSITIVE]."
      } ],
      "stepsCount" : 0,
      "attachmentsCount" : 0,
      "shouldDisplayMessage" : false,
      "hasContent" : true
    } ],
    "attachments" : [ {
      "uid" : "56cd05d9c54ae33d",
      "name" : "Attachment: SHAFT Engine Logs - Current Method log: f21",
      "source" : "56cd05d9c54ae33d.txt",
      "type" : "text/plain",
      "size" : 10978
    } ],
    "parameters" : [ ],
    "stepsCount" : 2,
    "attachmentsCount" : 2,
    "shouldDisplayMessage" : false,
    "hasContent" : true
  },
  "afterStages" : [ {
    "name" : "closeBrowser",
    "time" : {
      "start" : 1608010958666,
      "stop" : 1608010958871,
      "duration" : 205
    },
    "description" : "",
    "status" : "passed",
    "steps" : [ {
      "name" : "Action [440]: Successfully Closed All Browsers.",
      "time" : {
        "start" : 1608010958871,
        "stop" : 1608010958871,
        "duration" : 0
      },
      "status" : "passed",
      "steps" : [ ],
      "attachments" : [ ],
      "parameters" : [ {
        "name" : "actionCounter",
        "value" : "440"
      }, {
        "name" : "logText",
        "value" : "Successfully Closed All Browsers."
      } ],
      "stepsCount" : 0,
      "attachmentsCount" : 0,
      "shouldDisplayMessage" : false,
      "hasContent" : true
    } ],
    "attachments" : [ {
      "uid" : "d41821c4e39f9dad",
      "name" : "Attachment: Selenium WebDriver Logs - server",
      "source" : "d41821c4e39f9dad.txt",
      "type" : "text/plain",
      "size" : 1288
    }, {
      "uid" : "67ab26348ae2b975",
      "name" : "Attachment: Selenium WebDriver Logs - performance",
      "source" : "67ab26348ae2b975.txt",
      "type" : "text/plain",
      "size" : 61318
    }, {
      "uid" : "675ac398d14d1068",
      "name" : "Attachment: Selenium WebDriver Logs - browser",
      "source" : "675ac398d14d1068.txt",
      "type" : "text/plain",
      "size" : 753
    }, {
      "uid" : "f7b8d191f54990a6",
      "name" : "Attachment: Selenium WebDriver Logs - driver",
      "source" : "f7b8d191f54990a6.txt",
      "type" : "text/plain",
      "size" : 241984
    } ],
    "parameters" : [ ],
    "stepsCount" : 1,
    "attachmentsCount" : 4,
    "shouldDisplayMessage" : false,
    "hasContent" : true
  }, {
    "name" : "closureActivities",
    "time" : {
      "start" : 1608011004909,
      "stop" : 1608011004922,
      "duration" : 13
    },
    "description" : "",
    "status" : "passed",
    "steps" : [ {
      "name" : "Action [509]: Successfully Closed All Browsers.",
      "time" : {
        "start" : 1608011004909,
        "stop" : 1608011004909,
        "duration" : 0
      },
      "status" : "passed",
      "steps" : [ ],
      "attachments" : [ ],
      "parameters" : [ {
        "name" : "actionCounter",
        "value" : "509"
      }, {
        "name" : "logText",
        "value" : "Successfully Closed All Browsers."
      } ],
      "stepsCount" : 0,
      "attachmentsCount" : 0,
      "shouldDisplayMessage" : false,
      "hasContent" : true
    }, {
      "name" : "Action [510]: Issue Summary: Total Issues = 2, New issues for Failed Tests = 0, Open issues for Passed Tests = 2, Open issues for Failed Tests = 0. Kindly check the attached Issue details.",
      "time" : {
        "start" : 1608011004918,
        "stop" : 1608011004918,
        "duration" : 0
      },
      "status" : "passed",
      "steps" : [ ],
      "attachments" : [ {
        "uid" : "a178ac55d42cd687",
        "name" : "Attachment: SHAFT Engine Logs - Issues log CSV: 20201215-054324",
        "source" : "a178ac55d42cd687.csv",
        "type" : "text/csv",
        "size" : 228
      } ],
      "parameters" : [ {
        "name" : "actionCounter",
        "value" : "510"
      }, {
        "name" : "logText",
        "value" : "Issue Summary: Total Issues = 2, New issues for Failed Tests = 0, Open issues for Passed Tests = 2, Open issues for Failed Tests = 0. Kindly check the attached Issue details."
      }, {
        "name" : "attachments",
        "value" : "[[SHAFT Engine Logs, Issues log CSV: 20201215-054324, java.io.ByteArrayInputStream@3e1469e2]]"
      } ],
      "stepsCount" : 0,
      "attachmentsCount" : 1,
      "shouldDisplayMessage" : false,
      "hasContent" : true
    } ],
    "attachments" : [ {
      "uid" : "25532101fc6a33cb",
      "name" : "Attachment: SHAFT Engine Logs - Execution log: 20201215-054324",
      "source" : "25532101fc6a33cb.txt",
      "type" : "text/plain",
      "size" : 359545
    } ],
    "parameters" : [ ],
    "stepsCount" : 2,
    "attachmentsCount" : 2,
    "shouldDisplayMessage" : false,
    "hasContent" : true
  } ],
  "labels" : [ {
    "name" : "package",
    "value" : "testPackage01.Test_NewValidationActions"
  }, {
    "name" : "testClass",
    "value" : "testPackage01.Test_NewValidationActions"
  }, {
    "name" : "testMethod",
    "value" : "f21"
  }, {
    "name" : "parentSuite",
    "value" : "SHAFT_Engine: Custom Suite"
  }, {
    "name" : "suite",
    "value" : "SHAFT_Engine: Custom Test"
  }, {
    "name" : "subSuite",
    "value" : "testPackage01.Test_NewValidationActions"
  }, {
    "name" : "host",
    "value" : "fv-az148-901"
  }, {
    "name" : "thread",
    "value" : "5010@fv-az148-901.main(1)"
  }, {
    "name" : "framework",
    "value" : "testng"
  }, {
    "name" : "language",
    "value" : "java"
  }, {
    "name" : "resultFormat",
    "value" : "allure2"
  } ],
  "parameters" : [ ],
  "links" : [ ],
  "hidden" : false,
  "retry" : false,
  "extra" : {
    "severity" : "normal",
    "retries" : [ ],
    "categories" : [ ],
    "tags" : [ ]
  },
  "source" : "c1dd844ca4d7cb27.json",
  "parameterValues" : [ ]
}