{
  "uid" : "48227d2531c0fcbf",
  "name" : "dragAndDropJquery",
  "fullName" : "testPackage01.Test_dragAndDrop.dragAndDropJquery",
  "historyId" : "60da75bce66f0a062056dcf68a93a62e",
  "time" : {
    "start" : 1623755928510,
    "stop" : 1623755958625,
    "duration" : 30115
  },
  "status" : "failed",
  "statusMessage" : "Browser Action [NavigateToNewURL] failed. With the following test data [https://jqueryui.com/resources/demos/droppable/default.html].",
  "statusTrace" : "java.lang.AssertionError: Browser Action [NavigateToNewURL] failed. With the following test data [https://jqueryui.com/resources/demos/droppable/default.html].\n\tat org.testng.Assert.fail(Assert.java:87)\n\tat com.shaft.gui.browser.WebDriverBrowserActions.failAction(WebDriverBrowserActions.java:610)\n\tat com.shaft.gui.browser.WebDriverBrowserActions.failAction(WebDriverBrowserActions.java:603)\n\tat com.shaft.gui.browser.WebDriverBrowserActions.navigateToNewURL(WebDriverBrowserActions.java:663)\n\tat com.shaft.gui.browser.WebDriverBrowserActions.navigateToURL(WebDriverBrowserActions.java:285)\n\tat com.shaft.gui.browser.WebDriverBrowserActions.navigateToURL(WebDriverBrowserActions.java:217)\n\tat com.shaft.gui.browser.BrowserActions.navigateToURL(BrowserActions.java:90)\n\tat testPackage01.Test_dragAndDrop.dragAndDropJquery(Test_dragAndDrop.java:48)\n\tat java.base/jdk.internal.reflect.NativeMethodAccessorImpl.invoke0(Native Method)\n\tat java.base/jdk.internal.reflect.NativeMethodAccessorImpl.invoke(NativeMethodAccessorImpl.java:64)\n\tat java.base/jdk.internal.reflect.DelegatingMethodAccessorImpl.invoke(DelegatingMethodAccessorImpl.java:43)\n\tat java.base/java.lang.reflect.Method.invoke(Method.java:564)\n\tat org.testng.internal.MethodInvocationHelper.invokeMethod(MethodInvocationHelper.java:133)\n\tat org.testng.internal.TestInvoker.invokeMethod(TestInvoker.java:598)\n\tat org.testng.internal.TestInvoker.invokeTestMethod(TestInvoker.java:173)\n\tat org.testng.internal.MethodRunner.runInSequence(MethodRunner.java:46)\n\tat org.testng.internal.TestInvoker$MethodInvocationAgent.invoke(TestInvoker.java:824)\n\tat org.testng.internal.TestInvoker.invokeTestMethods(TestInvoker.java:146)\n\tat org.testng.internal.TestMethodWorker.invokeTestMethods(TestMethodWorker.java:146)\n\tat org.testng.internal.TestMethodWorker.run(TestMethodWorker.java:128)\n\tat java.base/java.util.ArrayList.forEach(ArrayList.java:1511)\n\tat org.testng.TestRunner.privateRun(TestRunner.java:794)\n\tat org.testng.TestRunner.run(TestRunner.java:596)\n\tat org.testng.SuiteRunner.runTest(SuiteRunner.java:377)\n\tat org.testng.SuiteRunner.runSequentially(SuiteRunner.java:371)\n\tat org.testng.SuiteRunner.privateRun(SuiteRunner.java:332)\n\tat org.testng.SuiteRunner.run(SuiteRunner.java:276)\n\tat org.testng.SuiteRunnerWorker.runSuite(SuiteRunnerWorker.java:53)\n\tat org.testng.SuiteRunnerWorker.run(SuiteRunnerWorker.java:96)\n\tat org.testng.TestNG.runSuitesSequentially(TestNG.java:1212)\n\tat org.testng.TestNG.runSuitesLocally(TestNG.java:1134)\n\tat org.testng.TestNG.runSuites(TestNG.java:1063)\n\tat org.testng.TestNG.run(TestNG.java:1031)\n\tat org.apache.maven.surefire.testng.TestNGExecutor.run(TestNGExecutor.java:136)\n\tat org.apache.maven.surefire.testng.TestNGDirectoryTestSuite.executeMulti(TestNGDirectoryTestSuite.java:193)\n\tat org.apache.maven.surefire.testng.TestNGDirectoryTestSuite.execute(TestNGDirectoryTestSuite.java:94)\n\tat org.apache.maven.surefire.testng.TestNGProvider.invoke(TestNGProvider.java:145)\n\tat org.apache.maven.surefire.booter.ForkedBooter.runSuitesInProcess(ForkedBooter.java:428)\n\tat org.apache.maven.surefire.booter.ForkedBooter.execute(ForkedBooter.java:162)\n\tat org.apache.maven.surefire.booter.ForkedBooter.run(ForkedBooter.java:562)\n\tat org.apache.maven.surefire.booter.ForkedBooter.main(ForkedBooter.java:548)\nCaused by: org.openqa.selenium.TimeoutException: timeout: Timed out receiving message from renderer: -0.000\n  (Session info: headless chrome=81.0.4044.138)\n  (Driver info: chromedriver=81.0.4044.138 (8c6c7ba89cc9453625af54f11fd83179e23450fa-refs/branch-heads/4044@{#999}),platform=Linux 5.8.0-1033-azure x86_64) (WARNING: The server did not provide any stacktrace information)\nCommand duration or timeout: 0 milliseconds\nBuild info: version: '3.141.59', revision: 'e82be7d358', time: '2018-11-14T08:17:03'\nSystem info: host: 'fv-az154-615', ip: '10.1.1.194', os.name: 'Linux', os.arch: 'amd64', os.version: '5.8.0-1033-azure', java.version: '15.0.3'\nDriver info: org.openqa.selenium.remote.RemoteWebDriver\nCapabilities {acceptInsecureCerts: false, acceptSslCerts: false, applicationCacheEnabled: false, browserConnectionEnabled: false, browserName: chrome, chrome: {chromedriverVersion: 81.0.4044.138 (8c6c7ba89cc9..., userDataDir: /tmp/.com.google.Chrome.RD7rDh}, cssSelectorsEnabled: true, databaseEnabled: false, goog:chromeOptions: {debuggerAddress: localhost:32785}, handlesAlerts: true, hasTouchScreen: false, javascriptEnabled: true, locationContextEnabled: true, mobileEmulationEnabled: false, nativeEvents: true, networkConnectionEnabled: false, pageLoadStrategy: normal, platform: LINUX, platformName: LINUX, proxy: Proxy(), rotatable: false, setWindowRect: true, strictFileInteractability: false, takesHeapSnapshot: true, takesScreenshot: true, timeouts: {implicit: 0, pageLoad: 300000, script: 30000}, unexpectedAlertBehaviour: ignore, unhandledPromptBehavior: ignore, version: 81.0.4044.138, webStorageEnabled: true, webauthn:virtualAuthenticators: true, webdriver.remote.sessionid: 0bebd9883853adb8ad533fa4c2b...}\nSession ID: 0bebd9883853adb8ad533fa4c2b02688\n\tat java.base/jdk.internal.reflect.NativeConstructorAccessorImpl.newInstance0(Native Method)\n\tat java.base/jdk.internal.reflect.NativeConstructorAccessorImpl.newInstance(NativeConstructorAccessorImpl.java:64)\n\tat java.base/jdk.internal.reflect.DelegatingConstructorAccessorImpl.newInstance(DelegatingConstructorAccessorImpl.java:45)\n\tat java.base/java.lang.reflect.Constructor.newInstanceWithCaller(Constructor.java:500)\n\tat java.base/java.lang.reflect.Constructor.newInstance(Constructor.java:481)\n\tat org.openqa.selenium.remote.ErrorHandler.createThrowable(ErrorHandler.java:214)\n\tat org.openqa.selenium.remote.ErrorHandler.throwIfResponseFailed(ErrorHandler.java:166)\n\tat org.openqa.selenium.remote.http.JsonHttpResponseCodec.reconstructValue(JsonHttpResponseCodec.java:40)\n\tat org.openqa.selenium.remote.http.AbstractHttpResponseCodec.decode(AbstractHttpResponseCodec.java:80)\n\tat org.openqa.selenium.remote.http.AbstractHttpResponseCodec.decode(AbstractHttpResponseCodec.java:44)\n\tat org.openqa.selenium.remote.HttpCommandExecutor.execute(HttpCommandExecutor.java:158)\n\tat org.openqa.selenium.remote.RemoteWebDriver.execute(RemoteWebDriver.java:552)\n\tat org.openqa.selenium.remote.RemoteWebDriver.get(RemoteWebDriver.java:277)\n\tat org.openqa.selenium.remote.RemoteWebDriver$RemoteNavigation.to(RemoteWebDriver.java:857)\n\tat com.shaft.gui.browser.WebDriverBrowserActions.navigateToNewURL(WebDriverBrowserActions.java:661)\n\t... 37 more\n",
  "flaky" : false,
  "newFailed" : true,
  "beforeStages" : [ {
    "name" : "beforeMethod",
    "time" : {
      "start" : 1623755928214,
      "stop" : 1623755928508,
      "duration" : 294
    },
    "description" : "",
    "status" : "passed",
    "steps" : [ {
      "name" : "Attempting to run remotely on: [Linux-64], [GoogleChrome], [http://localhost:4444/wd/hub], Headless Execution.",
      "time" : {
        "start" : 1623755928215,
        "stop" : 1623755928215,
        "duration" : 0
      },
      "status" : "passed",
      "steps" : [ ],
      "attachments" : [ ],
      "parameters" : [ {
        "name" : "actionCounter",
        "value" : "122"
      }, {
        "name" : "logText",
        "value" : "Attempting to run remotely on: [Linux-64], [GoogleChrome], [http://localhost:4444/wd/hub], Headless Execution."
      } ],
      "stepsCount" : 0,
      "attachmentsCount" : 0,
      "shouldDisplayMessage" : false,
      "hasContent" : true
    }, {
      "name" : "Successfully Opened [GoogleChrome].",
      "time" : {
        "start" : 1623755928496,
        "stop" : 1623755928496,
        "duration" : 0
      },
      "status" : "passed",
      "steps" : [ ],
      "attachments" : [ ],
      "parameters" : [ {
        "name" : "actionCounter",
        "value" : "123"
      }, {
        "name" : "logText",
        "value" : "Successfully Opened [GoogleChrome]."
      } ],
      "stepsCount" : 0,
      "attachmentsCount" : 0,
      "shouldDisplayMessage" : false,
      "hasContent" : true
    } ],
    "attachments" : [ ],
    "parameters" : [ ],
    "stepsCount" : 2,
    "attachmentsCount" : 0,
    "shouldDisplayMessage" : false,
    "hasContent" : true
  } ],
  "testStage" : {
    "status" : "failed",
    "statusMessage" : "Browser Action [NavigateToNewURL] failed. With the following test data [https://jqueryui.com/resources/demos/droppable/default.html].",
    "statusTrace" : "java.lang.AssertionError: Browser Action [NavigateToNewURL] failed. With the following test data [https://jqueryui.com/resources/demos/droppable/default.html].\n\tat org.testng.Assert.fail(Assert.java:87)\n\tat com.shaft.gui.browser.WebDriverBrowserActions.failAction(WebDriverBrowserActions.java:610)\n\tat com.shaft.gui.browser.WebDriverBrowserActions.failAction(WebDriverBrowserActions.java:603)\n\tat com.shaft.gui.browser.WebDriverBrowserActions.navigateToNewURL(WebDriverBrowserActions.java:663)\n\tat com.shaft.gui.browser.WebDriverBrowserActions.navigateToURL(WebDriverBrowserActions.java:285)\n\tat com.shaft.gui.browser.WebDriverBrowserActions.navigateToURL(WebDriverBrowserActions.java:217)\n\tat com.shaft.gui.browser.BrowserActions.navigateToURL(BrowserActions.java:90)\n\tat testPackage01.Test_dragAndDrop.dragAndDropJquery(Test_dragAndDrop.java:48)\n\tat java.base/jdk.internal.reflect.NativeMethodAccessorImpl.invoke0(Native Method)\n\tat java.base/jdk.internal.reflect.NativeMethodAccessorImpl.invoke(NativeMethodAccessorImpl.java:64)\n\tat java.base/jdk.internal.reflect.DelegatingMethodAccessorImpl.invoke(DelegatingMethodAccessorImpl.java:43)\n\tat java.base/java.lang.reflect.Method.invoke(Method.java:564)\n\tat org.testng.internal.MethodInvocationHelper.invokeMethod(MethodInvocationHelper.java:133)\n\tat org.testng.internal.TestInvoker.invokeMethod(TestInvoker.java:598)\n\tat org.testng.internal.TestInvoker.invokeTestMethod(TestInvoker.java:173)\n\tat org.testng.internal.MethodRunner.runInSequence(MethodRunner.java:46)\n\tat org.testng.internal.TestInvoker$MethodInvocationAgent.invoke(TestInvoker.java:824)\n\tat org.testng.internal.TestInvoker.invokeTestMethods(TestInvoker.java:146)\n\tat org.testng.internal.TestMethodWorker.invokeTestMethods(TestMethodWorker.java:146)\n\tat org.testng.internal.TestMethodWorker.run(TestMethodWorker.java:128)\n\tat java.base/java.util.ArrayList.forEach(ArrayList.java:1511)\n\tat org.testng.TestRunner.privateRun(TestRunner.java:794)\n\tat org.testng.TestRunner.run(TestRunner.java:596)\n\tat org.testng.SuiteRunner.runTest(SuiteRunner.java:377)\n\tat org.testng.SuiteRunner.runSequentially(SuiteRunner.java:371)\n\tat org.testng.SuiteRunner.privateRun(SuiteRunner.java:332)\n\tat org.testng.SuiteRunner.run(SuiteRunner.java:276)\n\tat org.testng.SuiteRunnerWorker.runSuite(SuiteRunnerWorker.java:53)\n\tat org.testng.SuiteRunnerWorker.run(SuiteRunnerWorker.java:96)\n\tat org.testng.TestNG.runSuitesSequentially(TestNG.java:1212)\n\tat org.testng.TestNG.runSuitesLocally(TestNG.java:1134)\n\tat org.testng.TestNG.runSuites(TestNG.java:1063)\n\tat org.testng.TestNG.run(TestNG.java:1031)\n\tat org.apache.maven.surefire.testng.TestNGExecutor.run(TestNGExecutor.java:136)\n\tat org.apache.maven.surefire.testng.TestNGDirectoryTestSuite.executeMulti(TestNGDirectoryTestSuite.java:193)\n\tat org.apache.maven.surefire.testng.TestNGDirectoryTestSuite.execute(TestNGDirectoryTestSuite.java:94)\n\tat org.apache.maven.surefire.testng.TestNGProvider.invoke(TestNGProvider.java:145)\n\tat org.apache.maven.surefire.booter.ForkedBooter.runSuitesInProcess(ForkedBooter.java:428)\n\tat org.apache.maven.surefire.booter.ForkedBooter.execute(ForkedBooter.java:162)\n\tat org.apache.maven.surefire.booter.ForkedBooter.run(ForkedBooter.java:562)\n\tat org.apache.maven.surefire.booter.ForkedBooter.main(ForkedBooter.java:548)\nCaused by: org.openqa.selenium.TimeoutException: timeout: Timed out receiving message from renderer: -0.000\n  (Session info: headless chrome=81.0.4044.138)\n  (Driver info: chromedriver=81.0.4044.138 (8c6c7ba89cc9453625af54f11fd83179e23450fa-refs/branch-heads/4044@{#999}),platform=Linux 5.8.0-1033-azure x86_64) (WARNING: The server did not provide any stacktrace information)\nCommand duration or timeout: 0 milliseconds\nBuild info: version: '3.141.59', revision: 'e82be7d358', time: '2018-11-14T08:17:03'\nSystem info: host: 'fv-az154-615', ip: '10.1.1.194', os.name: 'Linux', os.arch: 'amd64', os.version: '5.8.0-1033-azure', java.version: '15.0.3'\nDriver info: org.openqa.selenium.remote.RemoteWebDriver\nCapabilities {acceptInsecureCerts: false, acceptSslCerts: false, applicationCacheEnabled: false, browserConnectionEnabled: false, browserName: chrome, chrome: {chromedriverVersion: 81.0.4044.138 (8c6c7ba89cc9..., userDataDir: /tmp/.com.google.Chrome.RD7rDh}, cssSelectorsEnabled: true, databaseEnabled: false, goog:chromeOptions: {debuggerAddress: localhost:32785}, handlesAlerts: true, hasTouchScreen: false, javascriptEnabled: true, locationContextEnabled: true, mobileEmulationEnabled: false, nativeEvents: true, networkConnectionEnabled: false, pageLoadStrategy: normal, platform: LINUX, platformName: LINUX, proxy: Proxy(), rotatable: false, setWindowRect: true, strictFileInteractability: false, takesHeapSnapshot: true, takesScreenshot: true, timeouts: {implicit: 0, pageLoad: 300000, script: 30000}, unexpectedAlertBehaviour: ignore, unhandledPromptBehavior: ignore, version: 81.0.4044.138, webStorageEnabled: true, webauthn:virtualAuthenticators: true, webdriver.remote.sessionid: 0bebd9883853adb8ad533fa4c2b...}\nSession ID: 0bebd9883853adb8ad533fa4c2b02688\n\tat java.base/jdk.internal.reflect.NativeConstructorAccessorImpl.newInstance0(Native Method)\n\tat java.base/jdk.internal.reflect.NativeConstructorAccessorImpl.newInstance(NativeConstructorAccessorImpl.java:64)\n\tat java.base/jdk.internal.reflect.DelegatingConstructorAccessorImpl.newInstance(DelegatingConstructorAccessorImpl.java:45)\n\tat java.base/java.lang.reflect.Constructor.newInstanceWithCaller(Constructor.java:500)\n\tat java.base/java.lang.reflect.Constructor.newInstance(Constructor.java:481)\n\tat org.openqa.selenium.remote.ErrorHandler.createThrowable(ErrorHandler.java:214)\n\tat org.openqa.selenium.remote.ErrorHandler.throwIfResponseFailed(ErrorHandler.java:166)\n\tat org.openqa.selenium.remote.http.JsonHttpResponseCodec.reconstructValue(JsonHttpResponseCodec.java:40)\n\tat org.openqa.selenium.remote.http.AbstractHttpResponseCodec.decode(AbstractHttpResponseCodec.java:80)\n\tat org.openqa.selenium.remote.http.AbstractHttpResponseCodec.decode(AbstractHttpResponseCodec.java:44)\n\tat org.openqa.selenium.remote.HttpCommandExecutor.execute(HttpCommandExecutor.java:158)\n\tat org.openqa.selenium.remote.RemoteWebDriver.execute(RemoteWebDriver.java:552)\n\tat org.openqa.selenium.remote.RemoteWebDriver.get(RemoteWebDriver.java:277)\n\tat org.openqa.selenium.remote.RemoteWebDriver$RemoteNavigation.to(RemoteWebDriver.java:857)\n\tat com.shaft.gui.browser.WebDriverBrowserActions.navigateToNewURL(WebDriverBrowserActions.java:661)\n\t... 37 more\n",
    "steps" : [ {
      "name" : "Browser Action [NavigateToNewURL] failed. With the following test data [https://jqueryui.com/resources/demos/droppable/default.html].",
      "time" : {
        "start" : 1623755958616,
        "stop" : 1623755958616,
        "duration" : 0
      },
      "status" : "passed",
      "steps" : [ ],
      "attachments" : [ ],
      "parameters" : [ {
        "name" : "actionCounter",
        "value" : "124"
      }, {
        "name" : "logText",
        "value" : "Browser Action [NavigateToNewURL] failed. With the following test data [https://jqueryui.com/resources/demos/droppable/default.html]."
      }, {
        "name" : "attachments",
        "value" : "[null]"
      } ],
      "stepsCount" : 0,
      "attachmentsCount" : 0,
      "shouldDisplayMessage" : false,
      "hasContent" : true
    } ],
    "attachments" : [ {
      "uid" : "2c63924394ba8562",
      "name" : "Attachment: SHAFT Engine Logs - Current Method log: dragAndDropJquery",
      "source" : "2c63924394ba8562.txt",
      "type" : "text/plain",
      "size" : 787
    } ],
    "parameters" : [ ],
    "stepsCount" : 1,
    "attachmentsCount" : 1,
    "shouldDisplayMessage" : true,
    "hasContent" : true
  },
  "afterStages" : [ {
    "name" : "afterMethod",
    "time" : {
      "start" : 1623755958630,
      "stop" : 1623755958767,
      "duration" : 137
    },
    "description" : "",
    "status" : "passed",
    "steps" : [ {
      "name" : "Browser Action [CloseCurrentWindow] successfully performed. With the following test data [<html><head></head><body></body></html>].",
      "time" : {
        "start" : 1623755958766,
        "stop" : 1623755958767,
        "duration" : 1
      },
      "status" : "passed",
      "steps" : [ ],
      "attachments" : [ ],
      "parameters" : [ {
        "name" : "actionCounter",
        "value" : "125"
      }, {
        "name" : "logText",
        "value" : "Browser Action [CloseCurrentWindow] successfully performed. With the following test data [<html><head></head><body></body></html>]."
      } ],
      "stepsCount" : 0,
      "attachmentsCount" : 0,
      "shouldDisplayMessage" : false,
      "hasContent" : true
    } ],
    "attachments" : [ {
      "uid" : "3762a05806d08980",
      "name" : "Attachment: Selenium WebDriver Logs - server",
      "source" : "3762a05806d08980.txt",
      "type" : "text/plain",
      "size" : 1288
    }, {
      "uid" : "48281e0e5dbcdd42",
      "name" : "Attachment: Selenium WebDriver Logs - performance",
      "source" : "48281e0e5dbcdd42.txt",
      "type" : "text/plain",
      "size" : 2692
    }, {
      "uid" : "5dc86eaf72bdb061",
      "name" : "Attachment: Selenium WebDriver Logs - driver",
      "source" : "5dc86eaf72bdb061.txt",
      "type" : "text/plain",
      "size" : 41855
    } ],
    "parameters" : [ ],
    "stepsCount" : 1,
    "attachmentsCount" : 3,
    "shouldDisplayMessage" : false,
    "hasContent" : true
  }, {
    "name" : "closureActivities",
    "time" : {
      "start" : 1623756202609,
      "stop" : 1623756203272,
      "duration" : 663
    },
    "description" : "",
    "status" : "passed",
    "steps" : [ {
      "name" : "Successfully Closed All Drivers.",
      "time" : {
        "start" : 1623756202609,
        "stop" : 1623756202609,
        "duration" : 0
      },
      "status" : "passed",
      "steps" : [ ],
      "attachments" : [ ],
      "parameters" : [ {
        "name" : "actionCounter",
        "value" : "526"
      }, {
        "name" : "logText",
        "value" : "Successfully Closed All Drivers."
      } ],
      "stepsCount" : 0,
      "attachmentsCount" : 0,
      "shouldDisplayMessage" : false,
      "hasContent" : true
    }, {
      "name" : "Issue Summary: Total Issues = 4, New issues for Failed Tests = 2, Open issues for Passed Tests = 2, Open issues for Failed Tests = 0. Kindly check the attached Issue details.",
      "time" : {
        "start" : 1623756202620,
        "stop" : 1623756202620,
        "duration" : 0
      },
      "status" : "passed",
      "steps" : [ ],
      "attachments" : [ {
        "uid" : "ad84dfbf3d50d558",
        "name" : "Attachment: SHAFT Engine Logs - Issues log CSV: 20210615-112322",
        "source" : "ad84dfbf3d50d558.csv",
        "type" : "text/csv",
        "size" : 480
      } ],
      "parameters" : [ {
        "name" : "actionCounter",
        "value" : "527"
      }, {
        "name" : "logText",
        "value" : "Issue Summary: Total Issues = 4, New issues for Failed Tests = 2, Open issues for Passed Tests = 2, Open issues for Failed Tests = 0. Kindly check the attached Issue details."
      }, {
        "name" : "attachments",
        "value" : "[[SHAFT Engine Logs, Issues log CSV: 20210615-112322, java.io.ByteArrayInputStream@685fe9a1]]"
      } ],
      "stepsCount" : 0,
      "attachmentsCount" : 1,
      "shouldDisplayMessage" : false,
      "hasContent" : true
    } ],
    "attachments" : [ {
      "uid" : "3ea4a01031300d0b",
      "name" : "Attachment: SHAFT Engine Logs - Execution log: 20210615-112322",
      "source" : "3ea4a01031300d0b.txt",
      "type" : "text/plain",
      "size" : 265943
    }, {
      "uid" : "fba3ca1f52b34c19",
      "name" : "Attachment: HTML - Extent Emailable Execution Report",
      "source" : "fba3ca1f52b34c19.html",
      "type" : "text/html",
      "size" : 9572119
    } ],
    "parameters" : [ ],
    "stepsCount" : 2,
    "attachmentsCount" : 3,
    "shouldDisplayMessage" : false,
    "hasContent" : true
  } ],
  "labels" : [ {
    "name" : "package",
    "value" : "testPackage01.Test_dragAndDrop"
  }, {
    "name" : "testClass",
    "value" : "testPackage01.Test_dragAndDrop"
  }, {
    "name" : "testMethod",
    "value" : "dragAndDropJquery"
  }, {
    "name" : "parentSuite",
    "value" : "SHAFT: Custom Suite"
  }, {
    "name" : "suite",
    "value" : "SHAFT: Custom Test"
  }, {
    "name" : "subSuite",
    "value" : "testPackage01.Test_dragAndDrop"
  }, {
    "name" : "host",
    "value" : "fv-az154-615"
  }, {
    "name" : "thread",
    "value" : "3780@fv-az154-615.main(1)"
  }, {
    "name" : "framework",
    "value" : "testng"
  }, {
    "name" : "language",
    "value" : "java"
  }, {
    "name" : "resultFormat",
    "value" : "allure2"
  } ],
  "parameters" : [ ],
  "links" : [ ],
  "hidden" : false,
  "retry" : false,
  "extra" : {
    "severity" : "normal",
    "retries" : [ ],
    "categories" : [ {
      "name" : "Product defects",
      "matchedStatuses" : [ ],
      "flaky" : false
    } ],
    "history" : {
      "statistic" : {
        "failed" : 1,
        "broken" : 0,
        "skipped" : 0,
        "passed" : 52,
        "unknown" : 0,
        "total" : 53
      },
      "items" : [ {
        "uid" : "baeac2db8dad0f2e",
        "reportUrl" : "https://MohabMohie.github.io/SHAFT_ENGINE/allure/544//#testresult/baeac2db8dad0f2e",
        "status" : "passed",
        "time" : {
          "start" : 1623755566574,
          "stop" : 1623755568794,
          "duration" : 2220
        }
      }, {
        "uid" : "436eb71a278a491c",
        "reportUrl" : "https://MohabMohie.github.io/SHAFT_ENGINE/allure/543//#testresult/436eb71a278a491c",
        "status" : "passed",
        "time" : {
          "start" : 1623722572304,
          "stop" : 1623722574219,
          "duration" : 1915
        }
      }, {
        "uid" : "d38a5102ac2906f8",
        "reportUrl" : "https://MohabMohie.github.io/SHAFT_ENGINE/allure/541//#testresult/d38a5102ac2906f8",
        "status" : "passed",
        "time" : {
          "start" : 1623635889620,
          "stop" : 1623635892137,
          "duration" : 2517
        }
      }, {
        "uid" : "331abe85c634e3ea",
        "reportUrl" : "https://MohabMohie.github.io/SHAFT_ENGINE/allure/540//#testresult/331abe85c634e3ea",
        "status" : "passed",
        "time" : {
          "start" : 1623549526057,
          "stop" : 1623549528350,
          "duration" : 2293
        }
      }, {
        "uid" : "2368c12fd9a3c2db",
        "reportUrl" : "https://MohabMohie.github.io/SHAFT_ENGINE/allure/539//#testresult/2368c12fd9a3c2db",
        "status" : "passed",
        "time" : {
          "start" : 1623518963274,
          "stop" : 1623518965227,
          "duration" : 1953
        }
      }, {
        "uid" : "6c8b5af8bc66078d",
        "reportUrl" : "https://MohabMohie.github.io/SHAFT_ENGINE/allure/538//#testresult/6c8b5af8bc66078d",
        "status" : "passed",
        "time" : {
          "start" : 1623518298769,
          "stop" : 1623518300741,
          "duration" : 1972
        }
      }, {
        "uid" : "c0b5a18ad62b6ee",
        "reportUrl" : "https://MohabMohie.github.io/SHAFT_ENGINE/allure/537//#testresult/c0b5a18ad62b6ee",
        "status" : "passed",
        "time" : {
          "start" : 1623517415755,
          "stop" : 1623517417691,
          "duration" : 1936
        }
      }, {
        "uid" : "6dec8e3aac7bdcfc",
        "reportUrl" : "https://MohabMohie.github.io/SHAFT_ENGINE/allure/536//#testresult/6dec8e3aac7bdcfc",
        "status" : "passed",
        "time" : {
          "start" : 1623503066619,
          "stop" : 1623503068571,
          "duration" : 1952
        }
      }, {
        "uid" : "b95c84604923701a",
        "reportUrl" : "https://MohabMohie.github.io/SHAFT_ENGINE/allure/535//#testresult/b95c84604923701a",
        "status" : "passed",
        "time" : {
          "start" : 1623502276365,
          "stop" : 1623502278498,
          "duration" : 2133
        }
      }, {
        "uid" : "cf1a670a68f2f69c",
        "reportUrl" : "https://MohabMohie.github.io/SHAFT_ENGINE/allure/534//#testresult/cf1a670a68f2f69c",
        "status" : "passed",
        "time" : {
          "start" : 1623462597269,
          "stop" : 1623462599273,
          "duration" : 2004
        }
      }, {
        "uid" : "8b33f016eaa56e3a",
        "reportUrl" : "https://MohabMohie.github.io/SHAFT_ENGINE/allure/533//#testresult/8b33f016eaa56e3a",
        "status" : "passed",
        "time" : {
          "start" : 1623376892195,
          "stop" : 1623376894540,
          "duration" : 2345
        }
      }, {
        "uid" : "e8d7aed25a9eeff8",
        "reportUrl" : "https://MohabMohie.github.io/SHAFT_ENGINE/allure/532//#testresult/e8d7aed25a9eeff8",
        "status" : "passed",
        "time" : {
          "start" : 1623308753785,
          "stop" : 1623308756143,
          "duration" : 2358
        }
      }, {
        "uid" : "91b6cae2f96af1ce",
        "reportUrl" : "https://MohabMohie.github.io/SHAFT_ENGINE/allure/530//#testresult/91b6cae2f96af1ce",
        "status" : "passed",
        "time" : {
          "start" : 1623291121618,
          "stop" : 1623291123975,
          "duration" : 2357
        }
      }, {
        "uid" : "77cd18362b51e72b",
        "reportUrl" : "https://MohabMohie.github.io/SHAFT_ENGINE/allure/529//#testresult/77cd18362b51e72b",
        "status" : "passed",
        "time" : {
          "start" : 1623243495034,
          "stop" : 1623243497430,
          "duration" : 2396
        }
      }, {
        "uid" : "fe1e09e41a6d207b",
        "reportUrl" : "https://MohabMohie.github.io/SHAFT_ENGINE/allure/528//#testresult/fe1e09e41a6d207b",
        "status" : "passed",
        "time" : {
          "start" : 1623242565928,
          "stop" : 1623242567957,
          "duration" : 2029
        }
      }, {
        "uid" : "e9415c96e4595905",
        "reportUrl" : "https://MohabMohie.github.io/SHAFT_ENGINE/allure/527//#testresult/e9415c96e4595905",
        "status" : "passed",
        "time" : {
          "start" : 1623204896674,
          "stop" : 1623204898853,
          "duration" : 2179
        }
      }, {
        "uid" : "a2dde40a1b5e804f",
        "reportUrl" : "https://MohabMohie.github.io/SHAFT_ENGINE/allure/526//#testresult/a2dde40a1b5e804f",
        "status" : "passed",
        "time" : {
          "start" : 1623144027979,
          "stop" : 1623144030048,
          "duration" : 2069
        }
      }, {
        "uid" : "25b5d53c374f33c7",
        "reportUrl" : "https://MohabMohie.github.io/SHAFT_ENGINE/allure/524//#testresult/25b5d53c374f33c7",
        "status" : "passed",
        "time" : {
          "start" : 1623134031484,
          "stop" : 1623134033476,
          "duration" : 1992
        }
      }, {
        "uid" : "47d02c4ace761845",
        "reportUrl" : "https://MohabMohie.github.io/SHAFT_ENGINE/allure/522//#testresult/47d02c4ace761845",
        "status" : "passed",
        "time" : {
          "start" : 1623120329522,
          "stop" : 1623120331584,
          "duration" : 2062
        }
      }, {
        "uid" : "5eaac9af053640ec",
        "reportUrl" : "https://MohabMohie.github.io/SHAFT_ENGINE/allure/521//#testresult/5eaac9af053640ec",
        "status" : "passed",
        "time" : {
          "start" : 1623035182920,
          "stop" : 1623035184901,
          "duration" : 1981
        }
      } ]
    },
    "tags" : [ ]
  },
  "source" : "48227d2531c0fcbf.json",
  "parameterValues" : [ ]
}