{
  "uid" : "801fb41e26bcbc4a",
  "name" : "f22",
  "fullName" : "testPackage01.Test_NewValidationActions.f22",
  "historyId" : "800cd9c8b5d99dd6684a556a70c6b7f1",
  "time" : {
    "start" : 1613007119074,
    "stop" : 1613007119402,
    "duration" : 328
  },
  "status" : "passed",
  "flaky" : false,
  "newFailed" : false,
  "beforeStages" : [ {
    "name" : "openBrowser",
    "time" : {
      "start" : 1613007118438,
      "stop" : 1613007119070,
      "duration" : 632
    },
    "description" : "",
    "status" : "passed",
    "steps" : [ {
      "name" : "Action [185]: Attempting to run remotely on: [Linux-64], [GoogleChrome], [http://localhost:4444/wd/hub], Headless Execution.",
      "time" : {
        "start" : 1613007118438,
        "stop" : 1613007118438,
        "duration" : 0
      },
      "status" : "passed",
      "steps" : [ ],
      "attachments" : [ ],
      "parameters" : [ {
        "name" : "actionCounter",
        "value" : "185"
      }, {
        "name" : "logText",
        "value" : "Attempting to run remotely on: [Linux-64], [GoogleChrome], [http://localhost:4444/wd/hub], Headless Execution."
      } ],
      "stepsCount" : 0,
      "attachmentsCount" : 0,
      "shouldDisplayMessage" : false,
      "hasContent" : true
    }, {
      "name" : "Action [186]: Successfully Opened [GoogleChrome].",
      "time" : {
        "start" : 1613007118642,
        "stop" : 1613007118642,
        "duration" : 0
      },
      "status" : "passed",
      "steps" : [ ],
      "attachments" : [ ],
      "parameters" : [ {
        "name" : "actionCounter",
        "value" : "186"
      }, {
        "name" : "logText",
        "value" : "Successfully Opened [GoogleChrome]."
      } ],
      "stepsCount" : 0,
      "attachmentsCount" : 0,
      "shouldDisplayMessage" : false,
      "hasContent" : true
    }, {
      "name" : "Action [187]: Browser Action [navigateToURL] successfully performed. With the following test data [https://the-internet.herokuapp.com/].",
      "time" : {
        "start" : 1613007119069,
        "stop" : 1613007119069,
        "duration" : 0
      },
      "status" : "passed",
      "steps" : [ ],
      "attachments" : [ ],
      "parameters" : [ {
        "name" : "actionCounter",
        "value" : "187"
      }, {
        "name" : "logText",
        "value" : "Browser Action [navigateToURL] successfully performed. With the following test data [https://the-internet.herokuapp.com/]."
      }, {
        "name" : "attachments",
        "value" : "[null]"
      } ],
      "stepsCount" : 0,
      "attachmentsCount" : 0,
      "shouldDisplayMessage" : false,
      "hasContent" : true
    } ],
    "attachments" : [ {
      "uid" : "1ce009fc8a17ae36",
      "name" : "Attachment: SHAFT Engine Logs - Current Method log: openBrowser",
      "source" : "1ce009fc8a17ae36.txt",
      "type" : "text/plain",
      "size" : 744
    } ],
    "parameters" : [ ],
    "stepsCount" : 3,
    "attachmentsCount" : 1,
    "shouldDisplayMessage" : false,
    "hasContent" : true
  } ],
  "testStage" : {
    "status" : "passed",
    "steps" : [ {
      "name" : "Action [188]: AssertElementAttribute FAILED; Expected [Value Should be 'yyy' for the 'text' attribute, element locator 'By.tagName: h1'] and Actual [Welcome to the-internet]. Comparison Type [CONTAINS]. Validation Type [POSITIVE].",
      "time" : {
        "start" : 1613007119401,
        "stop" : 1613007119401,
        "duration" : 0
      },
      "status" : "passed",
      "steps" : [ ],
      "attachments" : [ {
        "uid" : "1152360036ad8eb4",
        "name" : "Attachment: Screenshot - 1613007119326_f22_AssertElementAttribute_failed",
        "source" : "1152360036ad8eb4.png",
        "type" : "image/png",
        "size" : 158296
      } ],
      "parameters" : [ {
        "name" : "actionCounter",
        "value" : "188"
      }, {
        "name" : "logText",
        "value" : "AssertElementAttribute FAILED; Expected [Value Should be 'yyy' for the 'text' attribute, element locator 'By.tagName: h1'] and Actual [Welcome to the-internet]. Comparison Type [CONTAINS]. Validation Type [POSITIVE]."
      }, {
        "name" : "attachments",
        "value" : "[[Screenshot, 1613007119326_f22_AssertElementAttribute_failed, java.io.ByteArrayInputStream@6650319]]"
      } ],
      "stepsCount" : 0,
      "attachmentsCount" : 1,
      "shouldDisplayMessage" : false,
      "hasContent" : true
    } ],
    "attachments" : [ {
      "uid" : "6d125b2f13109dc0",
      "name" : "Attachment: SHAFT Engine Logs - Current Method log: f22",
      "source" : "6d125b2f13109dc0.txt",
      "type" : "text/plain",
      "size" : 1035
    } ],
    "parameters" : [ ],
    "stepsCount" : 1,
    "attachmentsCount" : 2,
    "shouldDisplayMessage" : false,
    "hasContent" : true
  },
  "afterStages" : [ {
    "name" : "closeBrowser",
    "time" : {
      "start" : 1613007119402,
      "stop" : 1613007119582,
      "duration" : 180
    },
    "description" : "",
    "status" : "passed",
    "steps" : [ {
      "name" : "Action [189]: Successfully Closed All Browsers.",
      "time" : {
        "start" : 1613007119581,
        "stop" : 1613007119582,
        "duration" : 1
      },
      "status" : "passed",
      "steps" : [ ],
      "attachments" : [ ],
      "parameters" : [ {
        "name" : "actionCounter",
        "value" : "189"
      }, {
        "name" : "logText",
        "value" : "Successfully Closed All Browsers."
      } ],
      "stepsCount" : 0,
      "attachmentsCount" : 0,
      "shouldDisplayMessage" : false,
      "hasContent" : true
    } ],
    "attachments" : [ {
      "uid" : "795bc8c1aec5c79d",
      "name" : "Attachment: Selenium WebDriver Logs - server",
      "source" : "795bc8c1aec5c79d.txt",
      "type" : "text/plain",
      "size" : 1288
    }, {
      "uid" : "b0e57a02ecbfc896",
      "name" : "Attachment: Selenium WebDriver Logs - performance",
      "source" : "b0e57a02ecbfc896.txt",
      "type" : "text/plain",
      "size" : 56856
    }, {
      "uid" : "fc2c9a49920fe1a",
      "name" : "Attachment: Selenium WebDriver Logs - browser",
      "source" : "fc2c9a49920fe1a.txt",
      "type" : "text/plain",
      "size" : 757
    }, {
      "uid" : "1bbb52e2de929620",
      "name" : "Attachment: Selenium WebDriver Logs - driver",
      "source" : "1bbb52e2de929620.txt",
      "type" : "text/plain",
      "size" : 196362
    }, {
      "uid" : "d2e7cf649b0e189d",
      "name" : "Attachment: SHAFT Engine Logs - Current Method log: closeBrowser",
      "source" : "d2e7cf649b0e189d.txt",
      "type" : "text/plain",
      "size" : 531
    } ],
    "parameters" : [ ],
    "stepsCount" : 1,
    "attachmentsCount" : 5,
    "shouldDisplayMessage" : false,
    "hasContent" : true
  }, {
    "name" : "closureActivities",
    "time" : {
      "start" : 1613007340649,
      "stop" : 1613007340662,
      "duration" : 13
    },
    "description" : "",
    "status" : "passed",
    "steps" : [ {
      "name" : "Action [503]: Successfully Closed All Browsers.",
      "time" : {
        "start" : 1613007340649,
        "stop" : 1613007340649,
        "duration" : 0
      },
      "status" : "passed",
      "steps" : [ ],
      "attachments" : [ ],
      "parameters" : [ {
        "name" : "actionCounter",
        "value" : "503"
      }, {
        "name" : "logText",
        "value" : "Successfully Closed All Browsers."
      } ],
      "stepsCount" : 0,
      "attachmentsCount" : 0,
      "shouldDisplayMessage" : false,
      "hasContent" : true
    }, {
      "name" : "Action [504]: Issue Summary: Total Issues = 5, New issues for Failed Tests = 3, Open issues for Passed Tests = 2, Open issues for Failed Tests = 0. Kindly check the attached Issue details.",
      "time" : {
        "start" : 1613007340659,
        "stop" : 1613007340659,
        "duration" : 0
      },
      "status" : "passed",
      "steps" : [ ],
      "attachments" : [ {
        "uid" : "e60a09f30c6cbdc9",
        "name" : "Attachment: SHAFT Engine Logs - Issues log CSV: 20210211-013540",
        "source" : "e60a09f30c6cbdc9.csv",
        "type" : "text/csv",
        "size" : 690
      } ],
      "parameters" : [ {
        "name" : "actionCounter",
        "value" : "504"
      }, {
        "name" : "logText",
        "value" : "Issue Summary: Total Issues = 5, New issues for Failed Tests = 3, Open issues for Passed Tests = 2, Open issues for Failed Tests = 0. Kindly check the attached Issue details."
      }, {
        "name" : "attachments",
        "value" : "[[SHAFT Engine Logs, Issues log CSV: 20210211-013540, java.io.ByteArrayInputStream@36f3df94]]"
      } ],
      "stepsCount" : 0,
      "attachmentsCount" : 1,
      "shouldDisplayMessage" : false,
      "hasContent" : true
    } ],
    "attachments" : [ {
      "uid" : "a5edda2bfcfbfa6d",
      "name" : "Attachment: SHAFT Engine Logs - Execution log: 20210211-013540",
      "source" : "a5edda2bfcfbfa6d.txt",
      "type" : "text/plain",
      "size" : 435340
    } ],
    "parameters" : [ ],
    "stepsCount" : 2,
    "attachmentsCount" : 2,
    "shouldDisplayMessage" : false,
    "hasContent" : true
  } ],
  "labels" : [ {
    "name" : "package",
    "value" : "testPackage01.Test_NewValidationActions"
  }, {
    "name" : "testClass",
    "value" : "testPackage01.Test_NewValidationActions"
  }, {
    "name" : "testMethod",
    "value" : "f22"
  }, {
    "name" : "parentSuite",
    "value" : "SHAFT_Engine: Custom Suite"
  }, {
    "name" : "suite",
    "value" : "SHAFT_Engine: Custom Test"
  }, {
    "name" : "subSuite",
    "value" : "testPackage01.Test_NewValidationActions"
  }, {
    "name" : "host",
    "value" : "fv-az195-98"
  }, {
    "name" : "thread",
    "value" : "5256@fv-az195-98.main(1)"
  }, {
    "name" : "framework",
    "value" : "testng"
  }, {
    "name" : "language",
    "value" : "java"
  }, {
    "name" : "resultFormat",
    "value" : "allure2"
  } ],
  "parameters" : [ ],
  "links" : [ ],
  "hidden" : false,
  "retry" : false,
  "extra" : {
    "severity" : "normal",
    "retries" : [ ],
    "categories" : [ ],
    "tags" : [ ]
  },
  "source" : "801fb41e26bcbc4a.json",
  "parameterValues" : [ ]
}