{
  "uid" : "4bc616e19177d87",
  "name" : "assertComparativeRelation_greaterThanOrEquals_true_greaterThan_expectedToFail",
  "fullName" : "unitTests.tests_validations_assertions.assertComparativeRelation_greaterThanOrEquals_true_greaterThan_expectedToFail",
  "historyId" : "a3286ba2438900d0ed238b99b97c7891",
  "time" : {
    "start" : 1610689015518,
    "stop" : 1610689015523,
    "duration" : 5
  },
  "status" : "passed",
  "flaky" : false,
  "newFailed" : false,
  "beforeStages" : [ ],
  "testStage" : {
    "status" : "passed",
    "steps" : [ {
      "name" : "Action [125]: AssertComparativeRelation FAILED; Expected [2] and Actual [1]. Comparison Type [GREATER_THAN_OR_EQUALS]. Validation Type [POSITIVE].",
      "time" : {
        "start" : 1610689015519,
        "stop" : 1610689015519,
        "duration" : 0
      },
      "status" : "passed",
      "steps" : [ ],
      "attachments" : [ ],
      "parameters" : [ {
        "name" : "actionCounter",
        "value" : "125"
      }, {
        "name" : "logText",
        "value" : "AssertComparativeRelation FAILED; Expected [2] and Actual [1]. Comparison Type [GREATER_THAN_OR_EQUALS]. Validation Type [POSITIVE]."
      } ],
      "stepsCount" : 0,
      "attachmentsCount" : 0,
      "shouldDisplayMessage" : false,
      "hasContent" : true
    } ],
    "attachments" : [ {
      "uid" : "2a0567f510cb2d34",
      "name" : "Attachment: SHAFT Engine Logs - Current Method log: assertComparativeRelation_greaterThanOrEquals_true_greaterThan_expectedToFail",
      "source" : "2a0567f510cb2d34.txt",
      "type" : "text/plain",
      "size" : 668
    } ],
    "parameters" : [ ],
    "stepsCount" : 1,
    "attachmentsCount" : 1,
    "shouldDisplayMessage" : false,
    "hasContent" : true
  },
  "afterStages" : [ {
    "name" : "closureActivities",
    "time" : {
      "start" : 1610689016581,
      "stop" : 1610689016604,
      "duration" : 23
    },
    "description" : "",
    "status" : "passed",
    "steps" : [ {
      "name" : "Action [136]: Issue Summary: Total Issues = 5, New issues for Failed Tests = 3, Open issues for Passed Tests = 2, Open issues for Failed Tests = 0. Kindly check the attached Issue details.",
      "time" : {
        "start" : 1610689016603,
        "stop" : 1610689016603,
        "duration" : 0
      },
      "status" : "passed",
      "steps" : [ ],
      "attachments" : [ {
        "uid" : "bf9ba3948d8e5476",
        "name" : "Attachment: SHAFT Engine Logs - Issues log CSV: 20210115-053656",
        "source" : "bf9ba3948d8e5476.csv",
        "type" : "text/csv",
        "size" : 613
      } ],
      "parameters" : [ {
        "name" : "actionCounter",
        "value" : "136"
      }, {
        "name" : "logText",
        "value" : "Issue Summary: Total Issues = 5, New issues for Failed Tests = 3, Open issues for Passed Tests = 2, Open issues for Failed Tests = 0. Kindly check the attached Issue details."
      }, {
        "name" : "attachments",
        "value" : "[[SHAFT Engine Logs, Issues log CSV: 20210115-053656, java.io.ByteArrayInputStream@79a7f553]]"
      } ],
      "stepsCount" : 0,
      "attachmentsCount" : 1,
      "shouldDisplayMessage" : false,
      "hasContent" : true
    } ],
    "attachments" : [ {
      "uid" : "906c88700d1671c8",
      "name" : "Attachment: SHAFT Engine Logs - Execution log: 20210115-053656",
      "source" : "906c88700d1671c8.txt",
      "type" : "text/plain",
      "size" : 108550
    } ],
    "parameters" : [ ],
    "stepsCount" : 1,
    "attachmentsCount" : 2,
    "shouldDisplayMessage" : false,
    "hasContent" : true
  } ],
  "labels" : [ {
    "name" : "package",
    "value" : "unitTests.tests_validations_assertions"
  }, {
    "name" : "testClass",
    "value" : "unitTests.tests_validations_assertions"
  }, {
    "name" : "testMethod",
    "value" : "assertComparativeRelation_greaterThanOrEquals_true_greaterThan_expectedToFail"
  }, {
    "name" : "parentSuite",
    "value" : "SHAFT_Engine: Custom Suite"
  }, {
    "name" : "suite",
    "value" : "SHAFT_Engine: Custom Test"
  }, {
    "name" : "subSuite",
    "value" : "unitTests.tests_validations_assertions"
  }, {
    "name" : "host",
    "value" : "fv-az52-118"
  }, {
    "name" : "thread",
    "value" : "5225@fv-az52-118.main(1)"
  }, {
    "name" : "framework",
    "value" : "testng"
  }, {
    "name" : "language",
    "value" : "java"
  }, {
    "name" : "resultFormat",
    "value" : "allure2"
  } ],
  "parameters" : [ ],
  "links" : [ ],
  "hidden" : false,
  "retry" : false,
  "extra" : {
    "severity" : "normal",
    "retries" : [ ],
    "categories" : [ ],
    "tags" : [ ]
  },
  "source" : "4bc616e19177d87.json",
  "parameterValues" : [ ]
}