################################################################################################################################################
Detected SHAFT Engine Version: [SHAFT Engine v4.4]
################################################################################################################################################

################################################################################################################################################
Starting Execution:	[1 out of 134] test cases in the current suite
Test Method:		[testPackage01.Test_testData.f]
################################################################################################################################################
[ReportManager] Successfully loaded the following test data file [src/test/resources/TestDataFiles/testSuite01/TestData.xlsx]. @15-01-2021 05:36:37.0132 AM
[ReportManager] Successfully created attachment [Test Data - Excel] @15-01-2021 05:36:37.0136 AM
[ReportManager] Last Column Number is: [3]. Zero-based. @15-01-2021 05:36:37.0144 A

################################################################################################################################################
Starting Execution:	[2 out of 134] test cases in the current suite
Test Method:		[testPackage01.Test_SkipDueToIssue.doNotSkip]
################################################################################################################################################
[ReportManager] This should not be skipped. @15-01-2021 05:36:37.0254 A

################################################################################################################################################
Starting Execution:	[3 out of 134] test cases in the current suite
Test Method:		[testPackage01.Test_SkipDueToIssue.skip]
################################################################################################################################################
[ReportManager] This should be skipped. @15-01-2021 05:36:37.0262 A

################################################################################################################################################
Starting Execution:	[4 out of 134] test cases in the current suite
Test Method:		[testPackage01.Test_SkipDueToIssue.skip2]
################################################################################################################################################
[ReportManager] This should be skipped. @15-01-2021 05:36:37.0271 A

################################################################################################################################################
Starting Execution:	[5 out of 134] test cases in the current suite
Test Method:		[testPackage01.Test_NewValidationActions.f1]
################################################################################################################################################
[ReportManager] Checking valid user data... @15-01-2021 05:36:37.0282 AM
[ReportManager] AssertEquals PASSED; Expected and Actual values are attached. Comparison Type [EQUALS]. Validation Type [POSITIVE]. @15-01-2021 05:36:37.0287 AM
[ReportManager] Successfully created attachment [Validation Test Data - Expected Value] @15-01-2021 05:36:37.0288 AM
[ReportManager] Successfully created attachment [Validation Test Data - Actual Value] @15-01-2021 05:36:37.0288 A
[ReportManager] File Action [getAbsolutePath] successfully performed. With the following test data [Relative Folder Path: "target/downloadedFiles/"]. @15-01-2021 05:36:37.0298 AM
[ReportManager] Attempting to run remotely on: [Linux-64], [GoogleChrome], [http://localhost:4444/wd/hub], Headless Execution. @15-01-2021 05:36:37.0325 AM
[ReportManager] An Exception Occured with this Message: Unable to create new remote session. desired capabilities = Capabilities {browserName: chrome, loggingPrefs: org.openqa.selenium.logging..., pageLoadStrategy: normal, platformName: LINUX}. @15-01-2021 05:36:38.0430 AM
[ReportManager] Successfully created attachment [Exception Stack Trace - org.openqa.selenium.SessionNotCreatedException] @15-01-2021 05:36:38.0431 AM
[ReportManager] Failed to run remotely on: [Linux-64], [GoogleChrome], [http://localhost:4444/wd/hub]. @15-01-2021 05:36:38.0433 AM
[ReportManager] Browser Factory Action [createNewRemoteDriverInstance] failed. With the following test data [Unhandled Error.]. @15-01-2021 05:36:38.0436 AM
[ReportManager] An Exception Occured with this Message: Unable to create new remote session. desired capabilities = Capabilities {browserName: chrome, loggingPrefs: org.openqa.selenium.logging..., pageLoadStrategy: normal, platformName: LINUX}. @15-01-2021 05:36:38.0438 AM
[ReportManager] Successfully created attachment [Exception Stack Trace - org.openqa.selenium.SessionNotCreatedException] @15-01-2021 05:36:38.0438 A

################################################################################################################################################
Starting Execution:	[6 out of 134] test cases in the current suite
Test Method:		[testPackage01.Test_NewValidationActions.f10]
###############################################################################################################################################



################################################################################################################################################
Starting Execution:	[7 out of 134] test cases in the current suite
Test Method:		[testPackage01.Test_NewValidationActions.f11]
###############################################################################################################################################



################################################################################################################################################
Starting Execution:	[8 out of 134] test cases in the current suite
Test Method:		[testPackage01.Test_NewValidationActions.f12]
###############################################################################################################################################



################################################################################################################################################
Starting Execution:	[9 out of 134] test cases in the current suite
Test Method:		[testPackage01.Test_NewValidationActions.f13]
###############################################################################################################################################



################################################################################################################################################
Starting Execution:	[10 out of 134] test cases in the current suite
Test Method:		[testPackage01.Test_NewValidationActions.f14]
###############################################################################################################################################



################################################################################################################################################
Starting Execution:	[11 out of 134] test cases in the current suite
Test Method:		[testPackage01.Test_NewValidationActions.f15]
###############################################################################################################################################



################################################################################################################################################
Starting Execution:	[12 out of 134] test cases in the current suite
Test Method:		[testPackage01.Test_NewValidationActions.f16]
###############################################################################################################################################



################################################################################################################################################
Starting Execution:	[13 out of 134] test cases in the current suite
Test Method:		[testPackage01.Test_NewValidationActions.f17]
###############################################################################################################################################



################################################################################################################################################
Starting Execution:	[14 out of 134] test cases in the current suite
Test Method:		[testPackage01.Test_NewValidationActions.f18]
###############################################################################################################################################



################################################################################################################################################
Starting Execution:	[15 out of 134] test cases in the current suite
Test Method:		[testPackage01.Test_NewValidationActions.f19]
###############################################################################################################################################


################################################################################################################################################
Starting Execution:	[16 out of 134] test cases in the current suite
Test Method:		[testPackage01.Test_NewValidationActions.f2]
###############################################################################################################################################


################################################################################################################################################
Starting Execution:	[17 out of 134] test cases in the current suite
Test Method:		[testPackage01.Test_NewValidationActions.f20]
###############################################################################################################################################



################################################################################################################################################
Starting Execution:	[18 out of 134] test cases in the current suite
Test Method:		[testPackage01.Test_NewValidationActions.f21]
###############################################################################################################################################



################################################################################################################################################
Starting Execution:	[19 out of 134] test cases in the current suite
Test Method:		[testPackage01.Test_NewValidationActions.f22]
###############################################################################################################################################


################################################################################################################################################
Starting Execution:	[20 out of 134] test cases in the current suite
Test Method:		[testPackage01.Test_NewValidationActions.f23]
###############################################################################################################################################

################################################################################################################################################
Starting Execution:	[21 out of 134] test cases in the current suite
Test Method:		[testPackage01.Test_NewValidationActions.f24]
###############################################################################################################################################

################################################################################################################################################
Starting Execution:	[22 out of 134] test cases in the current suite
Test Method:		[testPackage01.Test_NewValidationActions.f25]
###############################################################################################################################################

################################################################################################################################################
Starting Execution:	[23 out of 134] test cases in the current suite
Test Method:		[testPackage01.Test_NewValidationActions.f26]
###############################################################################################################################################

################################################################################################################################################
Starting Execution:	[24 out of 134] test cases in the current suite
Test Method:		[testPackage01.Test_NewValidationActions.f27]
###############################################################################################################################################

################################################################################################################################################
Starting Execution:	[25 out of 134] test cases in the current suite
Test Method:		[testPackage01.Test_NewValidationActions.f28]
###############################################################################################################################################

################################################################################################################################################
Starting Execution:	[26 out of 134] test cases in the current suite
Test Method:		[testPackage01.Test_NewValidationActions.f29]
###############################################################################################################################################

################################################################################################################################################
Starting Execution:	[27 out of 134] test cases in the current suite
Test Method:		[testPackage01.Test_NewValidationActions.f3]
###############################################################################################################################################

################################################################################################################################################
Starting Execution:	[28 out of 134] test cases in the current suite
Test Method:		[testPackage01.Test_NewValidationActions.f30]
###############################################################################################################################################

################################################################################################################################################
Starting Execution:	[29 out of 134] test cases in the current suite
Test Method:		[testPackage01.Test_NewValidationActions.f31]
###############################################################################################################################################

################################################################################################################################################
Starting Execution:	[30 out of 134] test cases in the current suite
Test Method:		[testPackage01.Test_NewValidationActions.f32]
###############################################################################################################################################

################################################################################################################################################
Starting Execution:	[31 out of 134] test cases in the current suite
Test Method:		[testPackage01.Test_NewValidationActions.f33]
###############################################################################################################################################

################################################################################################################################################
Starting Execution:	[32 out of 134] test cases in the current suite
Test Method:		[testPackage01.Test_NewValidationActions.f34]
###############################################################################################################################################

################################################################################################################################################
Starting Execution:	[33 out of 134] test cases in the current suite
Test Method:		[testPackage01.Test_NewValidationActions.f35]
###############################################################################################################################################

################################################################################################################################################
Starting Execution:	[34 out of 134] test cases in the current suite
Test Method:		[testPackage01.Test_NewValidationActions.f36]
###############################################################################################################################################

################################################################################################################################################
Starting Execution:	[35 out of 134] test cases in the current suite
Test Method:		[testPackage01.Test_NewValidationActions.f37]
###############################################################################################################################################

################################################################################################################################################
Starting Execution:	[36 out of 134] test cases in the current suite
Test Method:		[testPackage01.Test_NewValidationActions.f3_1]
###############################################################################################################################################

################################################################################################################################################
Starting Execution:	[37 out of 134] test cases in the current suite
Test Method:		[testPackage01.Test_NewValidationActions.f4]
###############################################################################################################################################

################################################################################################################################################
Starting Execution:	[38 out of 134] test cases in the current suite
Test Method:		[testPackage01.Test_NewValidationActions.f5]
###############################################################################################################################################

################################################################################################################################################
Starting Execution:	[39 out of 134] test cases in the current suite
Test Method:		[testPackage01.Test_NewValidationActions.f6]
###############################################################################################################################################

################################################################################################################################################
Starting Execution:	[40 out of 134] test cases in the current suite
Test Method:		[testPackage01.Test_NewValidationActions.f6_1]
###############################################################################################################################################

################################################################################################################################################
Starting Execution:	[41 out of 134] test cases in the current suite
Test Method:		[testPackage01.Test_NewValidationActions.f6_2]
###############################################################################################################################################

################################################################################################################################################
Starting Execution:	[42 out of 134] test cases in the current suite
Test Method:		[testPackage01.Test_NewValidationActions.f7]
###############################################################################################################################################


################################################################################################################################################
Starting Execution:	[43 out of 134] test cases in the current suite
Test Method:		[testPackage01.Test_NewValidationActions.f8]
###############################################################################################################################################



################################################################################################################################################
Starting Execution:	[44 out of 134] test cases in the current suite
Test Method:		[testPackage01.Test_NewValidationActions.f9]
###############################################################################################################################################


################################################################################################################################################
Starting Execution:	[45 out of 134] test cases in the current suite
Test Method:		[testPackage01.Test_NewValidationActions.forceFail]
###############################################################################################################################################

################################################################################################################################################
Starting Execution:	[46 out of 134] test cases in the current suite
Test Method:		[testPackage01.Test_NewValidationActions.forceFail2]
###############################################################################################################################################

################################################################################################################################################
Starting Execution:	[47 out of 134] test cases in the current suite
Test Method:		[testPackage01.Test_JSONFileManager.readStringFromJson]
################################################################################################################################################
[ReportManager] Successfully loaded the following test data file [src/test/resources/TestDataFiles/simpleJSON.json]. @15-01-2021 05:36:38.0818 AM
[ReportManager] Successfully created attachment [Test Data - JSON] @15-01-2021 05:36:38.0818 AM
[ReportManager] AssertEquals PASSED; Expected [Mohab Mohie] and Actual [Mohab Mohie]. Comparison Type [EQUALS]. Validation Type [POSITIVE]. @15-01-2021 05:36:40.0627 A

################################################################################################################################################
Starting Execution:	[48 out of 134] test cases in the current suite
Test Method:		[testPackage01.Test_SelectedValue.multipleSelect]
################################################################################################################################################
[ReportManager] File Action [getAbsolutePath] successfully performed. With the following test data [Relative Folder Path: "target/downloadedFiles/"]. @15-01-2021 05:36:40.0633 AM
[ReportManager] Attempting to run remotely on: [Linux-64], [GoogleChrome], [http://localhost:4444/wd/hub], Headless Execution. @15-01-2021 05:36:40.0634 AM
[ReportManager] An Exception Occured with this Message: Unable to create new remote session. desired capabilities = Capabilities {browserName: chrome, loggingPrefs: org.openqa.selenium.logging..., pageLoadStrategy: normal, platformName: LINUX}. @15-01-2021 05:36:41.0357 AM
[ReportManager] Successfully created attachment [Exception Stack Trace - org.openqa.selenium.SessionNotCreatedException] @15-01-2021 05:36:41.0357 AM
[ReportManager] Failed to run remotely on: [Linux-64], [GoogleChrome], [http://localhost:4444/wd/hub]. @15-01-2021 05:36:41.0358 AM
[ReportManager] Browser Factory Action [createNewRemoteDriverInstance] failed. With the following test data [Unhandled Error.]. @15-01-2021 05:36:41.0362 AM
[ReportManager] An Exception Occured with this Message: Unable to create new remote session. desired capabilities = Capabilities {browserName: chrome, loggingPrefs: org.openqa.selenium.logging..., pageLoadStrategy: normal, platformName: LINUX}. @15-01-2021 05:36:41.0363 AM
[ReportManager] Successfully created attachment [Exception Stack Trace - org.openqa.selenium.SessionNotCreatedException] @15-01-2021 05:36:41.0363 A

################################################################################################################################################
Starting Execution:	[49 out of 134] test cases in the current suite
Test Method:		[testPackage01.Test_SelectedValue.simpleSelect]
################################################################################################################################################
[ReportManager] File Action [getAbsolutePath] successfully performed. With the following test data [Relative Folder Path: "target/downloadedFiles/"]. @15-01-2021 05:36:41.0391 AM
[ReportManager] Attempting to run remotely on: [Linux-64], [GoogleChrome], [http://localhost:4444/wd/hub], Headless Execution. @15-01-2021 05:36:41.0391 AM
[ReportManager] An Exception Occured with this Message: Unable to create new remote session. desired capabilities = Capabilities {browserName: chrome, loggingPrefs: org.openqa.selenium.logging..., pageLoadStrategy: normal, platformName: LINUX}. @15-01-2021 05:36:42.0374 AM
[ReportManager] Successfully created attachment [Exception Stack Trace - org.openqa.selenium.SessionNotCreatedException] @15-01-2021 05:36:42.0375 AM
[ReportManager] Failed to run remotely on: [Linux-64], [GoogleChrome], [http://localhost:4444/wd/hub]. @15-01-2021 05:36:42.0375 AM
[ReportManager] Browser Factory Action [createNewRemoteDriverInstance] failed. With the following test data [Unhandled Error.]. @15-01-2021 05:36:42.0376 AM
[ReportManager] An Exception Occured with this Message: Unable to create new remote session. desired capabilities = Capabilities {browserName: chrome, loggingPrefs: org.openqa.selenium.logging..., pageLoadStrategy: normal, platformName: LINUX}. @15-01-2021 05:36:42.0376 AM
[ReportManager] Successfully created attachment [Exception Stack Trace - org.openqa.selenium.SessionNotCreatedException] @15-01-2021 05:36:42.0377 A
[ReportManager] File Action [getAbsolutePath] successfully performed. With the following test data [Relative Folder Path: "target/downloadedFiles/"]. @15-01-2021 05:36:42.0392 AM
[ReportManager] Attempting to run remotely on: [Linux-64], [GoogleChrome], [http://localhost:4444/wd/hub], Headless Execution. @15-01-2021 05:36:42.0392 AM
[ReportManager] An Exception Occured with this Message: Unable to create new remote session. desired capabilities = Capabilities {browserName: chrome, loggingPrefs: org.openqa.selenium.logging..., pageLoadStrategy: normal, platformName: LINUX}. @15-01-2021 05:36:43.0351 AM
[ReportManager] Successfully created attachment [Exception Stack Trace - org.openqa.selenium.SessionNotCreatedException] @15-01-2021 05:36:43.0352 AM
[ReportManager] Failed to run remotely on: [Linux-64], [GoogleChrome], [http://localhost:4444/wd/hub]. @15-01-2021 05:36:43.0352 AM
[ReportManager] Browser Factory Action [createNewRemoteDriverInstance] failed. With the following test data [Unhandled Error.]. @15-01-2021 05:36:43.0353 AM
[ReportManager] An Exception Occured with this Message: Unable to create new remote session. desired capabilities = Capabilities {browserName: chrome, loggingPrefs: org.openqa.selenium.logging..., pageLoadStrategy: normal, platformName: LINUX}. @15-01-2021 05:36:43.0353 AM
[ReportManager] Successfully created attachment [Exception Stack Trace - org.openqa.selenium.SessionNotCreatedException] @15-01-2021 05:36:43.0353 A

################################################################################################################################################
Starting Execution:	[50 out of 134] test cases in the current suite
Test Method:		[testPackage01.Test_ShadowDOM.shadowdom]
###############################################################################################################################################

[ReportManager] File Action [getAbsolutePath] successfully performed. With the following test data [Relative Folder Path: "target/downloadedFiles/"]. @15-01-2021 05:36:43.0382 AM
[ReportManager] Attempting to run remotely on: [Linux-64], [GoogleChrome], [http://localhost:4444/wd/hub], Headless Execution. @15-01-2021 05:36:43.0383 AM
[ReportManager] An Exception Occured with this Message: Unable to create new remote session. desired capabilities = Capabilities {browserName: chrome, loggingPrefs: org.openqa.selenium.logging..., pageLoadStrategy: normal, platformName: LINUX}. @15-01-2021 05:36:44.0388 AM
[ReportManager] Successfully created attachment [Exception Stack Trace - org.openqa.selenium.SessionNotCreatedException] @15-01-2021 05:36:44.0389 AM
[ReportManager] Failed to run remotely on: [Linux-64], [GoogleChrome], [http://localhost:4444/wd/hub]. @15-01-2021 05:36:44.0413 AM
[ReportManager] Browser Factory Action [createNewRemoteDriverInstance] failed. With the following test data [Unhandled Error.]. @15-01-2021 05:36:44.0413 AM
[ReportManager] An Exception Occured with this Message: Unable to create new remote session. desired capabilities = Capabilities {browserName: chrome, loggingPrefs: org.openqa.selenium.logging..., pageLoadStrategy: normal, platformName: LINUX}. @15-01-2021 05:36:44.0414 AM
[ReportManager] Successfully created attachment [Exception Stack Trace - org.openqa.selenium.SessionNotCreatedException] @15-01-2021 05:36:44.0417 A

################################################################################################################################################
Starting Execution:	[51 out of 134] test cases in the current suite
Test Method:		[testPackage01.Test_assertEquals.test_assertElementAttribute]
###############################################################################################################################################

[ReportManager] File Action [getAbsolutePath] successfully performed. With the following test data [Relative Folder Path: "target/downloadedFiles/"]. @15-01-2021 05:36:44.0452 AM
[ReportManager] Attempting to run remotely on: [Linux-64], [GoogleChrome], [http://localhost:4444/wd/hub], Headless Execution. @15-01-2021 05:36:44.0453 AM
[ReportManager] An Exception Occured with this Message: Unable to create new remote session. desired capabilities = Capabilities {browserName: chrome, loggingPrefs: org.openqa.selenium.logging..., pageLoadStrategy: normal, platformName: LINUX}. @15-01-2021 05:36:45.0379 AM
[ReportManager] Successfully created attachment [Exception Stack Trace - org.openqa.selenium.SessionNotCreatedException] @15-01-2021 05:36:45.0379 AM
[ReportManager] Failed to run remotely on: [Linux-64], [GoogleChrome], [http://localhost:4444/wd/hub]. @15-01-2021 05:36:45.0380 AM
[ReportManager] Browser Factory Action [createNewRemoteDriverInstance] failed. With the following test data [Unhandled Error.]. @15-01-2021 05:36:45.0380 AM
[ReportManager] An Exception Occured with this Message: Unable to create new remote session. desired capabilities = Capabilities {browserName: chrome, loggingPrefs: org.openqa.selenium.logging..., pageLoadStrategy: normal, platformName: LINUX}. @15-01-2021 05:36:45.0380 AM
[ReportManager] Successfully created attachment [Exception Stack Trace - org.openqa.selenium.SessionNotCreatedException] @15-01-2021 05:36:45.0381 A

################################################################################################################################################
Starting Execution:	[52 out of 134] test cases in the current suite
Test Method:		[testPackage01.Test_verifyEquals.test_assertElementAttribute]
###############################################################################################################################################

[ReportManager] File Action [getAbsolutePath] successfully performed. With the following test data [Relative Folder Path: "target/downloadedFiles/"]. @15-01-2021 05:36:45.0416 AM
[ReportManager] Attempting to run remotely on: [Linux-64], [GoogleChrome], [http://localhost:4444/wd/hub], Headless Execution. @15-01-2021 05:36:45.0417 AM
[ReportManager] An Exception Occured with this Message: Unable to create new remote session. desired capabilities = Capabilities {browserName: chrome, loggingPrefs: org.openqa.selenium.logging..., pageLoadStrategy: normal, platformName: LINUX}. @15-01-2021 05:36:46.0359 AM
[ReportManager] Successfully created attachment [Exception Stack Trace - org.openqa.selenium.SessionNotCreatedException] @15-01-2021 05:36:46.0360 AM
[ReportManager] Failed to run remotely on: [Linux-64], [GoogleChrome], [http://localhost:4444/wd/hub]. @15-01-2021 05:36:46.0360 AM
[ReportManager] Browser Factory Action [createNewRemoteDriverInstance] failed. With the following test data [Unhandled Error.]. @15-01-2021 05:36:46.0360 AM
[ReportManager] An Exception Occured with this Message: Unable to create new remote session. desired capabilities = Capabilities {browserName: chrome, loggingPrefs: org.openqa.selenium.logging..., pageLoadStrategy: normal, platformName: LINUX}. @15-01-2021 05:36:46.0361 AM
[ReportManager] Successfully created attachment [Exception Stack Trace - org.openqa.selenium.SessionNotCreatedException] @15-01-2021 05:36:46.0361 A

################################################################################################################################################
Starting Execution:	[53 out of 134] test cases in the current suite
Test Method:		[testPackage01.Test_dragAndDrop.dragAndDropJquery]
###############################################################################################################################################



################################################################################################################################################
Starting Execution:	[54 out of 134] test cases in the current suite
Test Method:		[testPackage01.Test_dragAndDrop.dragAndDrop]
Test Description:	[TC001 - Test Drag and Drop function.]
###############################################################################################################################################



################################################################################################################################################
Starting Execution:	[55 out of 134] test cases in the current suite
Test Method:		[testPackage01.Test_dragAndDrop.dragAndDropByOffset]
Test Description:	[TC002 - Test Drag and Drop by offset function.]
###############################################################################################################################################

[ReportManager] File Action [getAbsolutePath] successfully performed. With the following test data [Relative Folder Path: "target/downloadedFiles/"]. @15-01-2021 05:36:46.0391 AM
[ReportManager] Attempting to run remotely on: [Linux-64], [GoogleChrome], [http://localhost:4444/wd/hub], Headless Execution. @15-01-2021 05:36:46.0391 AM
[ReportManager] An Exception Occured with this Message: Unable to create new remote session. desired capabilities = Capabilities {browserName: chrome, loggingPrefs: org.openqa.selenium.logging..., pageLoadStrategy: normal, platformName: LINUX}. @15-01-2021 05:36:47.0353 AM
[ReportManager] Successfully created attachment [Exception Stack Trace - org.openqa.selenium.SessionNotCreatedException] @15-01-2021 05:36:47.0362 AM
[ReportManager] Failed to run remotely on: [Linux-64], [GoogleChrome], [http://localhost:4444/wd/hub]. @15-01-2021 05:36:47.0362 AM
[ReportManager] Browser Factory Action [createNewRemoteDriverInstance] failed. With the following test data [Unhandled Error.]. @15-01-2021 05:36:47.0362 AM
[ReportManager] An Exception Occured with this Message: Unable to create new remote session. desired capabilities = Capabilities {browserName: chrome, loggingPrefs: org.openqa.selenium.logging..., pageLoadStrategy: normal, platformName: LINUX}. @15-01-2021 05:36:47.0363 AM
[ReportManager] Successfully created attachment [Exception Stack Trace - org.openqa.selenium.SessionNotCreatedException] @15-01-2021 05:36:47.0363 A

################################################################################################################################################
Starting Execution:	[56 out of 134] test cases in the current suite
Test Method:		[testPackage01.Test_uploadFile.uploadFile_invisibleUploadInput]
###############################################################################################################################################



################################################################################################################################################
Starting Execution:	[57 out of 134] test cases in the current suite
Test Method:		[testPackage01.Test_uploadFile.uploadFile_visibleUploadInput]
###############################################################################################################################################


################################################################################################################################################
Starting Execution:	[58 out of 134] test cases in the current suite
Test Method:		[testPackage01.Test_chainableElementActions.chainElementActions]
################################################################################################################################################
[ReportManager] File Action [getAbsolutePath] successfully performed. With the following test data [Relative Folder Path: "target/downloadedFiles/"]. @15-01-2021 05:36:47.0445 AM
[ReportManager] Attempting to run remotely on: [Linux-64], [GoogleChrome], [http://localhost:4444/wd/hub], Headless Execution. @15-01-2021 05:36:47.0445 AM
[ReportManager] An Exception Occured with this Message: Unable to create new remote session. desired capabilities = Capabilities {browserName: chrome, loggingPrefs: org.openqa.selenium.logging..., pageLoadStrategy: normal, platformName: LINUX}. @15-01-2021 05:36:48.0350 AM
[ReportManager] Successfully created attachment [Exception Stack Trace - org.openqa.selenium.SessionNotCreatedException] @15-01-2021 05:36:48.0350 AM
[ReportManager] Failed to run remotely on: [Linux-64], [GoogleChrome], [http://localhost:4444/wd/hub]. @15-01-2021 05:36:48.0350 AM
[ReportManager] Browser Factory Action [createNewRemoteDriverInstance] failed. With the following test data [Unhandled Error.]. @15-01-2021 05:36:48.0351 AM
[ReportManager] An Exception Occured with this Message: Unable to create new remote session. desired capabilities = Capabilities {browserName: chrome, loggingPrefs: org.openqa.selenium.logging..., pageLoadStrategy: normal, platformName: LINUX}. @15-01-2021 05:36:48.0351 AM
[ReportManager] Successfully created attachment [Exception Stack Trace - org.openqa.selenium.SessionNotCreatedException] @15-01-2021 05:36:48.0351 A
[ReportManager] Successfully loaded the following test data file [src/test/resources/TestDataFiles/testSuite01/TestData.xlsx]. @15-01-2021 05:36:48.0407 AM
[ReportManager] Successfully created attachment [Test Data - Excel] @15-01-2021 05:36:48.0408 AM
[ReportManager] File Action [getAbsolutePath] successfully performed. With the following test data [Relative Folder Path: "target/downloadedFiles/"]. @15-01-2021 05:36:48.0408 AM
[ReportManager] Attempting to run remotely on: [Linux-64], [GoogleChrome], [http://localhost:4444/wd/hub], Headless Execution. @15-01-2021 05:36:48.0408 AM
[ReportManager] An Exception Occured with this Message: Unable to create new remote session. desired capabilities = Capabilities {browserName: chrome, loggingPrefs: org.openqa.selenium.logging..., pageLoadStrategy: normal, platformName: LINUX}. @15-01-2021 05:36:49.0361 AM
[ReportManager] Successfully created attachment [Exception Stack Trace - org.openqa.selenium.SessionNotCreatedException] @15-01-2021 05:36:49.0362 AM
[ReportManager] Failed to run remotely on: [Linux-64], [GoogleChrome], [http://localhost:4444/wd/hub]. @15-01-2021 05:36:49.0362 AM
[ReportManager] Browser Factory Action [createNewRemoteDriverInstance] failed. With the following test data [Unhandled Error.]. @15-01-2021 05:36:49.0363 AM
[ReportManager] An Exception Occured with this Message: Unable to create new remote session. desired capabilities = Capabilities {browserName: chrome, loggingPrefs: org.openqa.selenium.logging..., pageLoadStrategy: normal, platformName: LINUX}. @15-01-2021 05:36:49.0363 AM
[ReportManager] Successfully created attachment [Exception Stack Trace - org.openqa.selenium.SessionNotCreatedException] @15-01-2021 05:36:49.0363 A

################################################################################################################################################
Starting Execution:	[59 out of 134] test cases in the current suite
Test Method:		[testPackage01.Test_google.navigateToURLandVerifyGoogleLogoIsDisplayed]
Test Description:	[TC001 - Navigate to URL and Verify Google Logo is Displayed]
###############################################################################################################################################

################################################################################################################################################
Starting Execution:	[60 out of 134] test cases in the current suite
Test Method:		[testPackage01.Test_google.searchForQueryandAssertResultsNumDisplayed]
Test Description:	[TC002 - Search for Query and Assert that the number of results is displayed]
###############################################################################################################################################

################################################################################################################################################
Starting Execution:	[61 out of 134] test cases in the current suite
Test Method:		[testPackage01.Test_google.clickNextThrice]
Test Description:	[TC003 - Clicks the next button to make sure that the framework can scroll element into view before clicking it]
###############################################################################################################################################

[ReportManager] File Action [getAbsolutePath] successfully performed. With the following test data [Relative Folder Path: "target/downloadedFiles/"]. @15-01-2021 05:36:49.0399 AM
[ReportManager] Attempting to run remotely on: [Linux-64], [GoogleChrome], [http://localhost:4444/wd/hub], Headless Execution. @15-01-2021 05:36:49.0399 AM
[ReportManager] An Exception Occured with this Message: Unable to create new remote session. desired capabilities = Capabilities {browserName: chrome, loggingPrefs: org.openqa.selenium.logging..., pageLoadStrategy: normal, platformName: LINUX}. @15-01-2021 05:36:50.0359 AM
[ReportManager] Successfully created attachment [Exception Stack Trace - org.openqa.selenium.SessionNotCreatedException] @15-01-2021 05:36:50.0360 AM
[ReportManager] Failed to run remotely on: [Linux-64], [GoogleChrome], [http://localhost:4444/wd/hub]. @15-01-2021 05:36:50.0360 AM
[ReportManager] Browser Factory Action [createNewRemoteDriverInstance] failed. With the following test data [Unhandled Error.]. @15-01-2021 05:36:50.0360 AM
[ReportManager] An Exception Occured with this Message: Unable to create new remote session. desired capabilities = Capabilities {browserName: chrome, loggingPrefs: org.openqa.selenium.logging..., pageLoadStrategy: normal, platformName: LINUX}. @15-01-2021 05:36:50.0360 AM
[ReportManager] Successfully created attachment [Exception Stack Trace - org.openqa.selenium.SessionNotCreatedException] @15-01-2021 05:36:50.0366 A

################################################################################################################################################
Starting Execution:	[62 out of 134] test cases in the current suite
Test Method:		[testPackage01.Test_IsElementClickable.testIsElementClickable]
###############################################################################################################################################

[ReportManager] File Action [getAbsolutePath] successfully performed. With the following test data [Relative Folder Path: "target/downloadedFiles/"]. @15-01-2021 05:36:50.0382 AM
[ReportManager] Attempting to run remotely on: [Linux-64], [GoogleChrome], [http://localhost:4444/wd/hub], Headless Execution. @15-01-2021 05:36:50.0383 AM
[ReportManager] An Exception Occured with this Message: Unable to create new remote session. desired capabilities = Capabilities {browserName: chrome, loggingPrefs: org.openqa.selenium.logging..., pageLoadStrategy: normal, platformName: LINUX}. @15-01-2021 05:36:51.0338 AM
[ReportManager] Successfully created attachment [Exception Stack Trace - org.openqa.selenium.SessionNotCreatedException] @15-01-2021 05:36:51.0339 AM
[ReportManager] Failed to run remotely on: [Linux-64], [GoogleChrome], [http://localhost:4444/wd/hub]. @15-01-2021 05:36:51.0339 AM
[ReportManager] Browser Factory Action [createNewRemoteDriverInstance] failed. With the following test data [Unhandled Error.]. @15-01-2021 05:36:51.0339 AM
[ReportManager] An Exception Occured with this Message: Unable to create new remote session. desired capabilities = Capabilities {browserName: chrome, loggingPrefs: org.openqa.selenium.logging..., pageLoadStrategy: normal, platformName: LINUX}. @15-01-2021 05:36:51.0340 AM
[ReportManager] Successfully created attachment [Exception Stack Trace - org.openqa.selenium.SessionNotCreatedException] @15-01-2021 05:36:51.0340 A

################################################################################################################################################
Starting Execution:	[63 out of 134] test cases in the current suite
Test Method:		[testPackage01.Test_clipboardActions.typeTextAndCopyPaste]
###############################################################################################################################################


################################################################################################################################################
Starting Execution:	[64 out of 134] test cases in the current suite
Test Method:		[testPackage01.Test_JsonActions.f]
###############################################################################################################################################

################################################################################################################################################
Starting Execution:	[65 out of 134] test cases in the current suite
Test Method:		[testPackage01.Test_JsonActions.f2]
###############################################################################################################################################

################################################################################################################################################
Starting Execution:	[66 out of 134] test cases in the current suite
Test Method:		[testPackage01.Test_JsonCompareWithSpecialCharacters.specialCharacters]
################################################################################################################################################
[ReportManager] File Action [getAbsolutePath] successfully performed. With the following test data [Relative Folder Path: "src/test/resources/TestJsonFiles/specialCharacters.json"]. @15-01-2021 05:36:51.0439 AM
[ReportManager] File Action [readFromFile] successfully performed. With the following test data [File Path: "/home/runner/work/SHAFT_ENGINE/SHAFT_ENGINE/src/test/resources/TestJsonFiles/specialCharacters.json"]. @15-01-2021 05:36:51.0440 AM
[ReportManager] Successfully created attachment [File Action Actual Result - Command Log] @15-01-2021 05:36:51.0441 AM
[ReportManager] Comparing the provided API response with the file at this path "src/test/resources/TestJsonFiles/specialCharacters.json", comparison type "EQUALS" @15-01-2021 05:36:51.0521 AM
[ReportManager] API Action [compareJSON] successfully performed. With the following test data [src/test/resources/TestJsonFiles/specialCharacters.json]. @15-01-2021 05:36:51.0623 AM
[ReportManager] File Action [getAbsolutePath] successfully performed. With the following test data [Relative Folder Path: "src/test/resources/TestJsonFiles/specialCharacters.json"]. @15-01-2021 05:36:51.0623 AM
[ReportManager] File Action [readFromFile] successfully performed. With the following test data [File Path: "/home/runner/work/SHAFT_ENGINE/SHAFT_ENGINE/src/test/resources/TestJsonFiles/specialCharacters.json"]. @15-01-2021 05:36:51.0624 AM
[ReportManager] VerifyJSONFileContent PASSED; Expected [Response data should match the JSON File in this path 'src/test/resources/TestJsonFiles/specialCharacters.json'] and Actual [TRUE]. Comparison Type [EQUALS]. Validation Type [POSITIVE]. @15-01-2021 05:36:51.0632 AM
[ReportManager] Successfully created attachment [Validation Test Data - Expected JSON Value] @15-01-2021 05:36:51.0632 AM
[ReportManager] Successfully created attachment [Validation Test Data - Actual JSON Value] @15-01-2021 05:36:51.0632 A

################################################################################################################################################
Starting Execution:	[67 out of 134] test cases in the current suite
Test Method:		[testPackage01.Test_JsonCompareWithSpecialCharacters.specialCharacters_assertion]
################################################################################################################################################
[ReportManager] File Action [getAbsolutePath] successfully performed. With the following test data [Relative Folder Path: "src/test/resources/TestJsonFiles/specialCharacters.json"]. @15-01-2021 05:36:51.0639 AM
[ReportManager] File Action [readFromFile] successfully performed. With the following test data [File Path: "/home/runner/work/SHAFT_ENGINE/SHAFT_ENGINE/src/test/resources/TestJsonFiles/specialCharacters.json"]. @15-01-2021 05:36:51.0640 AM
[ReportManager] Successfully created attachment [File Action Actual Result - Command Log] @15-01-2021 05:36:51.0641 AM
[ReportManager] trying out the log message... @15-01-2021 05:36:51.0641 AM
[ReportManager] Comparing the provided API response with the file at this path "src/test/resources/TestJsonFiles/specialCharacters.json", comparison type "CONTAINS" @15-01-2021 05:36:51.0641 AM
[ReportManager] API Action [compareJSON] successfully performed. With the following test data [src/test/resources/TestJsonFiles/specialCharacters.json]. @15-01-2021 05:36:51.0652 AM
[ReportManager] File Action [getAbsolutePath] successfully performed. With the following test data [Relative Folder Path: "src/test/resources/TestJsonFiles/specialCharacters.json"]. @15-01-2021 05:36:51.0652 AM
[ReportManager] File Action [readFromFile] successfully performed. With the following test data [File Path: "/home/runner/work/SHAFT_ENGINE/SHAFT_ENGINE/src/test/resources/TestJsonFiles/specialCharacters.json"]. @15-01-2021 05:36:51.0653 AM
[ReportManager] AssertJSONFileContent PASSED; Expected [Response data should match the JSON File in this path 'src/test/resources/TestJsonFiles/specialCharacters.json'] and Actual [TRUE]. Comparison Type [CONTAINS]. Validation Type [POSITIVE]. @15-01-2021 05:36:51.0658 AM
[ReportManager] Successfully created attachment [Validation Test Data - Expected JSON Value] @15-01-2021 05:36:51.0658 AM
[ReportManager] Successfully created attachment [Validation Test Data - Actual JSON Value] @15-01-2021 05:36:51.0659 A
[ReportManager] File Action [getAbsolutePath] successfully performed. With the following test data [Relative Folder Path: "target/downloadedFiles/"]. @15-01-2021 05:36:51.0665 AM
[ReportManager] Attempting to run remotely on: [Linux-64], [GoogleChrome], [http://localhost:4444/wd/hub], Headless Execution. @15-01-2021 05:36:51.0665 AM
[ReportManager] An Exception Occured with this Message: Unable to create new remote session. desired capabilities = Capabilities {browserName: chrome, loggingPrefs: org.openqa.selenium.logging..., pageLoadStrategy: normal, platformName: LINUX}. @15-01-2021 05:36:52.0384 AM
[ReportManager] Successfully created attachment [Exception Stack Trace - org.openqa.selenium.SessionNotCreatedException] @15-01-2021 05:36:52.0385 AM
[ReportManager] Failed to run remotely on: [Linux-64], [GoogleChrome], [http://localhost:4444/wd/hub]. @15-01-2021 05:36:52.0385 AM
[ReportManager] Browser Factory Action [createNewRemoteDriverInstance] failed. With the following test data [Unhandled Error.]. @15-01-2021 05:36:52.0385 AM
[ReportManager] An Exception Occured with this Message: Unable to create new remote session. desired capabilities = Capabilities {browserName: chrome, loggingPrefs: org.openqa.selenium.logging..., pageLoadStrategy: normal, platformName: LINUX}. @15-01-2021 05:36:52.0386 AM
[ReportManager] Successfully created attachment [Exception Stack Trace - org.openqa.selenium.SessionNotCreatedException] @15-01-2021 05:36:52.0386 A

################################################################################################################################################
Starting Execution:	[68 out of 134] test cases in the current suite
Test Method:		[unitTests.tests_element_elementActions.waitForElementToBePresent_false_expectedToFail]
###############################################################################################################################################



################################################################################################################################################
Starting Execution:	[69 out of 134] test cases in the current suite
Test Method:		[unitTests.tests_element_elementActions.waitForElementToBePresent_false_expectedToPass]
###############################################################################################################################################



################################################################################################################################################
Starting Execution:	[70 out of 134] test cases in the current suite
Test Method:		[unitTests.tests_element_elementActions.waitForElementToBePresent_moreThanOneElement_expectedToFail]
###############################################################################################################################################



################################################################################################################################################
Starting Execution:	[71 out of 134] test cases in the current suite
Test Method:		[unitTests.tests_element_elementActions.waitForElementToBePresent_true_expectedToFail]
###############################################################################################################################################



################################################################################################################################################
Starting Execution:	[72 out of 134] test cases in the current suite
Test Method:		[unitTests.tests_element_elementActions.waitForElementToBePresent_true_expectedToPass]
###############################################################################################################################################


################################################################################################################################################
Starting Execution:	[73 out of 134] test cases in the current suite
Test Method:		[unitTests.tests_restActions.getPostsAndAssertBodyForSpecificTitle]
################################################################################################################################################
[ReportManager] Response status code: [200], status line: [HTTP/1.1 200 OK] @15-01-2021 05:36:53.0434 AM
[ReportManager] Evaluating the actual response status code against the expected one...... @15-01-2021 05:36:53.0434 AM
[ReportManager] AssertEquals PASSED; Expected [200] and Actual [200]. Comparison Type [EQUALS]. Validation Type [POSITIVE]. @15-01-2021 05:36:53.0434 AM
[ReportManager] API Action [performRequest] successfully performed. With the following test data [Request Type: "GET" | Target Status Code: "200" | Service URL: "https://jsonplaceholder.typicode.com/posts" | Content Type: "*/*" | Response Time: "594ms"]. @15-01-2021 05:36:53.0617 AM
[ReportManager] Successfully created attachment [API Response - JSON Body] @15-01-2021 05:36:53.0617 AM
[ReportManager] API Action [getResponseJSONValueAsList] successfully performed. @15-01-2021 05:36:53.0654 AM
[ReportManager] API Action [getResponseJSONValue] successfully performed. With the following test data [title]. @15-01-2021 05:36:53.0676 AM
[ReportManager] API Action [getResponseJSONValue] successfully performed. With the following test data [title]. @15-01-2021 05:36:53.0694 AM
[ReportManager] API Action [getResponseJSONValue] successfully performed. With the following test data [body]. @15-01-2021 05:36:53.0712 AM
[ReportManager] AssertEquals PASSED; Expected [qui neque nisi nulla] and Actual [est rerum tempore vitae
sequi sint nihil reprehenderit dolor beatae ea dolores neque
fugiat blanditiis voluptate porro vel nihil molestiae ut reiciendis
qui aperiam non debitis possimus qui neque nisi nulla]. Comparison Type [CONTAINS]. Validation Type [POSITIVE]. @15-01-2021 05:36:53.0712 AM
[ReportManager] API Action [getResponseJSONValue] successfully performed. With the following test data [title]. @15-01-2021 05:36:53.0728 AM
[ReportManager] API Action [getResponseJSONValue] successfully performed. With the following test data [title]. @15-01-2021 05:36:53.0770 AM
[ReportManager] API Action [getResponseJSONValue] successfully performed. With the following test data [title]. @15-01-2021 05:36:53.0787 AM
[ReportManager] API Action [getResponseJSONValue] successfully performed. With the following test data [title]. @15-01-2021 05:36:53.0797 AM
[ReportManager] API Action [getResponseJSONValue] successfully performed. With the following test data [title]. @15-01-2021 05:36:53.0807 AM
[ReportManager] API Action [getResponseJSONValue] successfully performed. With the following test data [title]. @15-01-2021 05:36:53.0817 AM
[ReportManager] API Action [getResponseJSONValue] successfully performed. With the following test data [title]. @15-01-2021 05:36:53.0829 AM
[ReportManager] API Action [getResponseJSONValue] successfully performed. With the following test data [title]. @15-01-2021 05:36:53.0849 AM
[ReportManager] API Action [getResponseJSONValue] successfully performed. With the following test data [title]. @15-01-2021 05:36:53.0867 AM
[ReportManager] API Action [getResponseJSONValue] successfully performed. With the following test data [title]. @15-01-2021 05:36:53.0888 AM
[ReportManager] API Action [getResponseJSONValue] successfully performed. With the following test data [title]. @15-01-2021 05:36:53.0915 AM
[ReportManager] API Action [getResponseJSONValue] successfully performed. With the following test data [title]. @15-01-2021 05:36:53.0928 AM
[ReportManager] API Action [getResponseJSONValue] successfully performed. With the following test data [title]. @15-01-2021 05:36:53.0943 AM
[ReportManager] API Action [getResponseJSONValue] successfully performed. With the following test data [title]. @15-01-2021 05:36:53.0961 AM
[ReportManager] API Action [getResponseJSONValue] successfully performed. With the following test data [title]. @15-01-2021 05:36:53.0975 AM
[ReportManager] API Action [getResponseJSONValue] successfully performed. With the following test data [title]. @15-01-2021 05:36:53.0987 AM
[ReportManager] API Action [getResponseJSONValue] successfully performed. With the following test data [title]. @15-01-2021 05:36:54.0003 AM
[ReportManager] API Action [getResponseJSONValue] successfully performed. With the following test data [title]. @15-01-2021 05:36:54.0014 AM
[ReportManager] API Action [getResponseJSONValue] successfully performed. With the following test data [title]. @15-01-2021 05:36:54.0028 AM
[ReportManager] API Action [getResponseJSONValue] successfully performed. With the following test data [title]. @15-01-2021 05:36:54.0040 AM
[ReportManager] API Action [getResponseJSONValue] successfully performed. With the following test data [title]. @15-01-2021 05:36:54.0048 AM
[ReportManager] API Action [getResponseJSONValue] successfully performed. With the following test data [title]. @15-01-2021 05:36:54.0056 AM
[ReportManager] API Action [getResponseJSONValue] successfully performed. With the following test data [title]. @15-01-2021 05:36:54.0063 AM
[ReportManager] API Action [getResponseJSONValue] successfully performed. With the following test data [title]. @15-01-2021 05:36:54.0072 AM
[ReportManager] API Action [getResponseJSONValue] successfully performed. With the following test data [title]. @15-01-2021 05:36:54.0079 AM
[ReportManager] API Action [getResponseJSONValue] successfully performed. With the following test data [title]. @15-01-2021 05:36:54.0087 AM
[ReportManager] API Action [getResponseJSONValue] successfully performed. With the following test data [title]. @15-01-2021 05:36:54.0095 AM
[ReportManager] API Action [getResponseJSONValue] successfully performed. With the following test data [title]. @15-01-2021 05:36:54.0105 AM
[ReportManager] API Action [getResponseJSONValue] successfully performed. With the following test data [title]. @15-01-2021 05:36:54.0116 AM
[ReportManager] API Action [getResponseJSONValue] successfully performed. With the following test data [title]. @15-01-2021 05:36:54.0125 AM
[ReportManager] API Action [getResponseJSONValue] successfully performed. With the following test data [title]. @15-01-2021 05:36:54.0134 AM
[ReportManager] API Action [getResponseJSONValue] successfully performed. With the following test data [title]. @15-01-2021 05:36:54.0142 AM
[ReportManager] API Action [getResponseJSONValue] successfully performed. With the following test data [title]. @15-01-2021 05:36:54.0151 AM
[ReportManager] API Action [getResponseJSONValue] successfully performed. With the following test data [title]. @15-01-2021 05:36:54.0158 AM
[ReportManager] API Action [getResponseJSONValue] successfully performed. With the following test data [title]. @15-01-2021 05:36:54.0166 AM
[ReportManager] API Action [getResponseJSONValue] successfully performed. With the following test data [title]. @15-01-2021 05:36:54.0174 AM
[ReportManager] API Action [getResponseJSONValue] successfully performed. With the following test data [title]. @15-01-2021 05:36:54.0182 AM
[ReportManager] API Action [getResponseJSONValue] successfully performed. With the following test data [title]. @15-01-2021 05:36:54.0191 AM
[ReportManager] API Action [getResponseJSONValue] successfully performed. With the following test data [title]. @15-01-2021 05:36:54.0200 AM
[ReportManager] API Action [getResponseJSONValue] successfully performed. With the following test data [title]. @15-01-2021 05:36:54.0208 AM
[ReportManager] API Action [getResponseJSONValue] successfully performed. With the following test data [title]. @15-01-2021 05:36:54.0216 AM
[ReportManager] API Action [getResponseJSONValue] successfully performed. With the following test data [title]. @15-01-2021 05:36:54.0227 AM
[ReportManager] API Action [getResponseJSONValue] successfully performed. With the following test data [title]. @15-01-2021 05:36:54.0234 AM
[ReportManager] API Action [getResponseJSONValue] successfully performed. With the following test data [title]. @15-01-2021 05:36:54.0242 AM
[ReportManager] API Action [getResponseJSONValue] successfully performed. With the following test data [title]. @15-01-2021 05:36:54.0250 AM
[ReportManager] API Action [getResponseJSONValue] successfully performed. With the following test data [title]. @15-01-2021 05:36:54.0258 AM
[ReportManager] API Action [getResponseJSONValue] successfully performed. With the following test data [title]. @15-01-2021 05:36:54.0266 AM
[ReportManager] API Action [getResponseJSONValue] successfully performed. With the following test data [title]. @15-01-2021 05:36:54.0273 AM
[ReportManager] API Action [getResponseJSONValue] successfully performed. With the following test data [title]. @15-01-2021 05:36:54.0280 AM
[ReportManager] API Action [getResponseJSONValue] successfully performed. With the following test data [title]. @15-01-2021 05:36:54.0288 AM
[ReportManager] API Action [getResponseJSONValue] successfully performed. With the following test data [title]. @15-01-2021 05:36:54.0295 AM
[ReportManager] API Action [getResponseJSONValue] successfully performed. With the following test data [title]. @15-01-2021 05:36:54.0302 AM
[ReportManager] API Action [getResponseJSONValue] successfully performed. With the following test data [title]. @15-01-2021 05:36:54.0309 AM
[ReportManager] API Action [getResponseJSONValue] successfully performed. With the following test data [title]. @15-01-2021 05:36:54.0316 AM
[ReportManager] API Action [getResponseJSONValue] successfully performed. With the following test data [title]. @15-01-2021 05:36:54.0324 AM
[ReportManager] API Action [getResponseJSONValue] successfully performed. With the following test data [title]. @15-01-2021 05:36:54.0332 AM
[ReportManager] API Action [getResponseJSONValue] successfully performed. With the following test data [title]. @15-01-2021 05:36:54.0340 AM
[ReportManager] API Action [getResponseJSONValue] successfully performed. With the following test data [title]. @15-01-2021 05:36:54.0352 AM
[ReportManager] API Action [getResponseJSONValue] successfully performed. With the following test data [title]. @15-01-2021 05:36:54.0408 AM
[ReportManager] API Action [getResponseJSONValue] successfully performed. With the following test data [title]. @15-01-2021 05:36:54.0418 AM
[ReportManager] API Action [getResponseJSONValue] successfully performed. With the following test data [title]. @15-01-2021 05:36:54.0427 AM
[ReportManager] API Action [getResponseJSONValue] successfully performed. With the following test data [title]. @15-01-2021 05:36:54.0437 AM
[ReportManager] API Action [getResponseJSONValue] successfully performed. With the following test data [title]. @15-01-2021 05:36:54.0447 AM
[ReportManager] API Action [getResponseJSONValue] successfully performed. With the following test data [title]. @15-01-2021 05:36:54.0459 AM
[ReportManager] API Action [getResponseJSONValue] successfully performed. With the following test data [title]. @15-01-2021 05:36:54.0475 AM
[ReportManager] API Action [getResponseJSONValue] successfully performed. With the following test data [title]. @15-01-2021 05:36:54.0484 AM
[ReportManager] API Action [getResponseJSONValue] successfully performed. With the following test data [title]. @15-01-2021 05:36:54.0491 AM
[ReportManager] API Action [getResponseJSONValue] successfully performed. With the following test data [title]. @15-01-2021 05:36:54.0500 AM
[ReportManager] API Action [getResponseJSONValue] successfully performed. With the following test data [title]. @15-01-2021 05:36:54.0509 AM
[ReportManager] API Action [getResponseJSONValue] successfully performed. With the following test data [title]. @15-01-2021 05:36:54.0518 AM
[ReportManager] API Action [getResponseJSONValue] successfully performed. With the following test data [title]. @15-01-2021 05:36:54.0527 AM
[ReportManager] API Action [getResponseJSONValue] successfully performed. With the following test data [title]. @15-01-2021 05:36:54.0535 AM
[ReportManager] API Action [getResponseJSONValue] successfully performed. With the following test data [title]. @15-01-2021 05:36:54.0545 AM
[ReportManager] API Action [getResponseJSONValue] successfully performed. With the following test data [title]. @15-01-2021 05:36:54.0554 AM
[ReportManager] API Action [getResponseJSONValue] successfully performed. With the following test data [title]. @15-01-2021 05:36:54.0562 AM
[ReportManager] API Action [getResponseJSONValue] successfully performed. With the following test data [title]. @15-01-2021 05:36:54.0569 AM
[ReportManager] API Action [getResponseJSONValue] successfully performed. With the following test data [title]. @15-01-2021 05:36:54.0577 AM
[ReportManager] API Action [getResponseJSONValue] successfully performed. With the following test data [title]. @15-01-2021 05:36:54.0584 AM
[ReportManager] API Action [getResponseJSONValue] successfully performed. With the following test data [title]. @15-01-2021 05:36:54.0596 AM
[ReportManager] API Action [getResponseJSONValue] successfully performed. With the following test data [title]. @15-01-2021 05:36:54.0605 AM
[ReportManager] API Action [getResponseJSONValue] successfully performed. With the following test data [title]. @15-01-2021 05:36:54.0613 AM
[ReportManager] API Action [getResponseJSONValue] successfully performed. With the following test data [title]. @15-01-2021 05:36:54.0621 AM
[ReportManager] API Action [getResponseJSONValue] successfully performed. With the following test data [title]. @15-01-2021 05:36:54.0629 AM
[ReportManager] API Action [getResponseJSONValue] successfully performed. With the following test data [title]. @15-01-2021 05:36:54.0637 AM
[ReportManager] API Action [getResponseJSONValue] successfully performed. With the following test data [title]. @15-01-2021 05:36:54.0645 AM
[ReportManager] API Action [getResponseJSONValue] successfully performed. With the following test data [title]. @15-01-2021 05:36:54.0663 AM
[ReportManager] API Action [getResponseJSONValue] successfully performed. With the following test data [title]. @15-01-2021 05:36:54.0671 AM
[ReportManager] API Action [getResponseJSONValue] successfully performed. With the following test data [title]. @15-01-2021 05:36:54.0679 AM
[ReportManager] API Action [getResponseJSONValue] successfully performed. With the following test data [title]. @15-01-2021 05:36:54.0688 AM
[ReportManager] API Action [getResponseJSONValue] successfully performed. With the following test data [title]. @15-01-2021 05:36:54.0697 AM
[ReportManager] API Action [getResponseJSONValue] successfully performed. With the following test data [title]. @15-01-2021 05:36:54.0725 AM
[ReportManager] API Action [getResponseJSONValue] successfully performed. With the following test data [title]. @15-01-2021 05:36:54.0739 AM
[ReportManager] API Action [getResponseJSONValue] successfully performed. With the following test data [title]. @15-01-2021 05:36:54.0749 AM
[ReportManager] API Action [getResponseJSONValue] successfully performed. With the following test data [title]. @15-01-2021 05:36:54.0757 AM
[ReportManager] API Action [getResponseJSONValue] successfully performed. With the following test data [title]. @15-01-2021 05:36:54.0766 AM
[ReportManager] API Action [getResponseJSONValue] successfully performed. With the following test data [title]. @15-01-2021 05:36:54.0777 AM
[ReportManager] API Action [getResponseJSONValue] successfully performed. With the following test data [title]. @15-01-2021 05:36:54.0788 AM
[ReportManager] API Action [getResponseJSONValue] successfully performed. With the following test data [title]. @15-01-2021 05:36:54.0806 A

################################################################################################################################################
Starting Execution:	[74 out of 134] test cases in the current suite
Test Method:		[unitTests.tests_restActions.validateUserEmail]
################################################################################################################################################
[ReportManager] Response status code: [200], status line: [HTTP/1.1 200 OK] @15-01-2021 05:36:54.0913 AM
[ReportManager] Evaluating the actual response status code against the expected one...... @15-01-2021 05:36:54.0913 AM
[ReportManager] AssertEquals PASSED; Expected [200] and Actual [200]. Comparison Type [EQUALS]. Validation Type [POSITIVE]. @15-01-2021 05:36:54.0914 AM
[ReportManager] API Action [performRequest] successfully performed. With the following test data [Request Type: "GET" | Target Status Code: "200" | Service URL: "https://jsonplaceholder.typicode.com/users" | Content Type: "*/*" | Response Time: "77ms"]. @15-01-2021 05:36:54.0931 AM
[ReportManager] Successfully created attachment [API Response - JSON Body] @15-01-2021 05:36:54.0931 AM
[ReportManager] AssertEquals PASSED; Expected and Actual values are attached. Comparison Type [CONTAINS]. Validation Type [POSITIVE]. @15-01-2021 05:36:54.0932 AM
[ReportManager] Successfully created attachment [Validation Test Data - Expected Value] @15-01-2021 05:36:54.0932 AM
[ReportManager] Successfully created attachment [Validation Test Data - Actual Value] @15-01-2021 05:36:54.0933 AM
[ReportManager] API Action [getResponseJSONValueAsList] successfully performed. With the following test data [$]. @15-01-2021 05:36:54.0938 AM
[ReportManager] API Action [getResponseJSONValue] successfully performed. With the following test data [name]. @15-01-2021 05:36:54.0947 AM
[ReportManager] API Action [getResponseJSONValue] successfully performed. With the following test data [email]. @15-01-2021 05:36:54.0956 AM
[ReportManager] AssertEquals PASSED; Expected [Sincere@april.biz] and Actual [Sincere@april.biz]. Comparison Type [EQUALS]. Validation Type [POSITIVE]. @15-01-2021 05:36:54.0956 AM
[ReportManager] API Action [getResponseJSONValue] successfully performed. With the following test data [name]. @15-01-2021 05:36:54.0969 AM
[ReportManager] API Action [getResponseJSONValue] successfully performed. With the following test data [name]. @15-01-2021 05:36:54.0983 AM
[ReportManager] API Action [getResponseJSONValue] successfully performed. With the following test data [name]. @15-01-2021 05:36:54.0993 AM
[ReportManager] API Action [getResponseJSONValue] successfully performed. With the following test data [name]. @15-01-2021 05:36:55.0001 AM
[ReportManager] API Action [getResponseJSONValue] successfully performed. With the following test data [name]. @15-01-2021 05:36:55.0010 AM
[ReportManager] API Action [getResponseJSONValue] successfully performed. With the following test data [name]. @15-01-2021 05:36:55.0017 AM
[ReportManager] API Action [getResponseJSONValue] successfully performed. With the following test data [name]. @15-01-2021 05:36:55.0026 AM
[ReportManager] API Action [getResponseJSONValue] successfully performed. With the following test data [name]. @15-01-2021 05:36:55.0035 AM
[ReportManager] API Action [getResponseJSONValue] successfully performed. With the following test data [name]. @15-01-2021 05:36:55.0043 A
[ReportManager] File Action [getAbsolutePath] successfully performed. With the following test data [Relative Folder Path: "target/downloadedFiles/"]. @15-01-2021 05:36:55.0066 AM
[ReportManager] Attempting to run remotely on: [Linux-64], [GoogleChrome], [http://localhost:4444/wd/hub], Headless Execution. @15-01-2021 05:36:55.0066 AM
[ReportManager] An Exception Occured with this Message: Unable to create new remote session. desired capabilities = Capabilities {browserName: chrome, loggingPrefs: org.openqa.selenium.logging..., pageLoadStrategy: normal, platformName: LINUX}. @15-01-2021 05:36:55.0358 AM
[ReportManager] Successfully created attachment [Exception Stack Trace - org.openqa.selenium.SessionNotCreatedException] @15-01-2021 05:36:55.0359 AM
[ReportManager] Failed to run remotely on: [Linux-64], [GoogleChrome], [http://localhost:4444/wd/hub]. @15-01-2021 05:36:55.0359 AM
[ReportManager] Browser Factory Action [createNewRemoteDriverInstance] failed. With the following test data [Unhandled Error.]. @15-01-2021 05:36:55.0359 AM
[ReportManager] An Exception Occured with this Message: Unable to create new remote session. desired capabilities = Capabilities {browserName: chrome, loggingPrefs: org.openqa.selenium.logging..., pageLoadStrategy: normal, platformName: LINUX}. @15-01-2021 05:36:55.0359 AM
[ReportManager] Successfully created attachment [Exception Stack Trace - org.openqa.selenium.SessionNotCreatedException] @15-01-2021 05:36:55.0360 A

################################################################################################################################################
Starting Execution:	[75 out of 134] test cases in the current suite
Test Method:		[unitTests.tests_browserActions.fullScreenWindow]
###############################################################################################################################################



################################################################################################################################################
Starting Execution:	[76 out of 134] test cases in the current suite
Test Method:		[unitTests.tests_browserActions.getCurrentURL]
###############################################################################################################################################



################################################################################################################################################
Starting Execution:	[77 out of 134] test cases in the current suite
Test Method:		[unitTests.tests_browserActions.getCurrentWindowTitle]
###############################################################################################################################################



################################################################################################################################################
Starting Execution:	[78 out of 134] test cases in the current suite
Test Method:		[unitTests.tests_browserActions.getPageSource]
###############################################################################################################################################



################################################################################################################################################
Starting Execution:	[79 out of 134] test cases in the current suite
Test Method:		[unitTests.tests_browserActions.getWindowHandle]
###############################################################################################################################################



################################################################################################################################################
Starting Execution:	[80 out of 134] test cases in the current suite
Test Method:		[unitTests.tests_browserActions.getWindowPosition]
###############################################################################################################################################



################################################################################################################################################
Starting Execution:	[81 out of 134] test cases in the current suite
Test Method:		[unitTests.tests_browserActions.getWindowSize]
###############################################################################################################################################



################################################################################################################################################
Starting Execution:	[82 out of 134] test cases in the current suite
Test Method:		[unitTests.tests_browserActions.maximizeWindow]
###############################################################################################################################################



################################################################################################################################################
Starting Execution:	[83 out of 134] test cases in the current suite
Test Method:		[unitTests.tests_browserActions.navigateBack]
###############################################################################################################################################



################################################################################################################################################
Starting Execution:	[84 out of 134] test cases in the current suite
Test Method:		[unitTests.tests_browserActions.navigateForward]
###############################################################################################################################################



################################################################################################################################################
Starting Execution:	[85 out of 134] test cases in the current suite
Test Method:		[unitTests.tests_browserActions.navigateToURL]
###############################################################################################################################################



################################################################################################################################################
Starting Execution:	[86 out of 134] test cases in the current suite
Test Method:		[unitTests.tests_browserActions.navigateToURLWithRedirection]
###############################################################################################################################################



################################################################################################################################################
Starting Execution:	[87 out of 134] test cases in the current suite
Test Method:		[unitTests.tests_browserActions.refreshCurrentPage]
###############################################################################################################################################



################################################################################################################################################
Starting Execution:	[88 out of 134] test cases in the current suite
Test Method:		[unitTests.tests_browserActions.setWindowSize]
###############################################################################################################################################


################################################################################################################################################
Starting Execution:	[89 out of 134] test cases in the current suite
Test Method:		[unitTests.tests_validations_assertions.assertComparativeRelation_greaterThanOrEquals_false_equals_expectedToFail]
################################################################################################################################################
[ReportManager] AssertComparativeRelation FAILED; Expected [1] and Actual [1]. Comparison Type [GREATER_THAN_OR_EQUALS]. Validation Type [NEGATIVE]. @15-01-2021 05:36:55.0479 A

################################################################################################################################################
Starting Execution:	[90 out of 134] test cases in the current suite
Test Method:		[unitTests.tests_validations_assertions.assertComparativeRelation_greaterThanOrEquals_false_equals_expectedToPass]
################################################################################################################################################
[ReportManager] AssertComparativeRelation PASSED; Expected [2] and Actual [1]. Comparison Type [GREATER_THAN_OR_EQUALS]. Validation Type [NEGATIVE]. @15-01-2021 05:36:55.0487 A

################################################################################################################################################
Starting Execution:	[91 out of 134] test cases in the current suite
Test Method:		[unitTests.tests_validations_assertions.assertComparativeRelation_greaterThanOrEquals_false_greaterThan_expectedToFail]
################################################################################################################################################
[ReportManager] AssertComparativeRelation FAILED; Expected [1] and Actual [2]. Comparison Type [GREATER_THAN_OR_EQUALS]. Validation Type [NEGATIVE]. @15-01-2021 05:36:55.0494 A

################################################################################################################################################
Starting Execution:	[92 out of 134] test cases in the current suite
Test Method:		[unitTests.tests_validations_assertions.assertComparativeRelation_greaterThanOrEquals_false_greaterThan_expectedToPass]
################################################################################################################################################
[ReportManager] AssertComparativeRelation PASSED; Expected [2] and Actual [1]. Comparison Type [GREATER_THAN_OR_EQUALS]. Validation Type [NEGATIVE]. @15-01-2021 05:36:55.0502 A

################################################################################################################################################
Starting Execution:	[93 out of 134] test cases in the current suite
Test Method:		[unitTests.tests_validations_assertions.assertComparativeRelation_greaterThanOrEquals_true_equals_expectedToFail]
################################################################################################################################################
[ReportManager] AssertComparativeRelation FAILED; Expected [1] and Actual [0]. Comparison Type [GREATER_THAN_OR_EQUALS]. Validation Type [POSITIVE]. @15-01-2021 05:36:55.0508 A

################################################################################################################################################
Starting Execution:	[94 out of 134] test cases in the current suite
Test Method:		[unitTests.tests_validations_assertions.assertComparativeRelation_greaterThanOrEquals_true_equals_expectedToPass]
################################################################################################################################################
[ReportManager] AssertComparativeRelation PASSED; Expected [1] and Actual [1]. Comparison Type [GREATER_THAN_OR_EQUALS]. Validation Type [POSITIVE]. @15-01-2021 05:36:55.0514 A

################################################################################################################################################
Starting Execution:	[95 out of 134] test cases in the current suite
Test Method:		[unitTests.tests_validations_assertions.assertComparativeRelation_greaterThanOrEquals_true_greaterThan_expectedToFail]
################################################################################################################################################
[ReportManager] AssertComparativeRelation FAILED; Expected [2] and Actual [1]. Comparison Type [GREATER_THAN_OR_EQUALS]. Validation Type [POSITIVE]. @15-01-2021 05:36:55.0519 A

################################################################################################################################################
Starting Execution:	[96 out of 134] test cases in the current suite
Test Method:		[unitTests.tests_validations_assertions.assertComparativeRelation_greaterThanOrEquals_true_greaterThan_expectedToPass]
################################################################################################################################################
[ReportManager] AssertComparativeRelation PASSED; Expected [1] and Actual [2]. Comparison Type [GREATER_THAN_OR_EQUALS]. Validation Type [POSITIVE]. @15-01-2021 05:36:55.0526 A
[ReportManager] File Action [getAbsolutePath] successfully performed. With the following test data [Relative Folder Path: "target/downloadedFiles/"]. @15-01-2021 05:36:55.0531 AM
[ReportManager] Attempting to run remotely on: [Linux-64], [GoogleChrome], [http://localhost:4444/wd/hub], Headless Execution. @15-01-2021 05:36:55.0531 AM
[ReportManager] An Exception Occured with this Message: Unable to create new remote session. desired capabilities = Capabilities {browserName: chrome, loggingPrefs: org.openqa.selenium.logging..., pageLoadStrategy: normal, platformName: LINUX}. @15-01-2021 05:36:56.0342 AM
[ReportManager] Successfully created attachment [Exception Stack Trace - org.openqa.selenium.SessionNotCreatedException] @15-01-2021 05:36:56.0342 AM
[ReportManager] Failed to run remotely on: [Linux-64], [GoogleChrome], [http://localhost:4444/wd/hub]. @15-01-2021 05:36:56.0342 AM
[ReportManager] Browser Factory Action [createNewRemoteDriverInstance] failed. With the following test data [Unhandled Error.]. @15-01-2021 05:36:56.0343 AM
[ReportManager] An Exception Occured with this Message: Unable to create new remote session. desired capabilities = Capabilities {browserName: chrome, loggingPrefs: org.openqa.selenium.logging..., pageLoadStrategy: normal, platformName: LINUX}. @15-01-2021 05:36:56.0343 AM
[ReportManager] Successfully created attachment [Exception Stack Trace - org.openqa.selenium.SessionNotCreatedException] @15-01-2021 05:36:56.0343 A

################################################################################################################################################
Starting Execution:	[97 out of 134] test cases in the current suite
Test Method:		[unitTests.tests_validations_assertions.assertElementAttribute_false_caseInsensitiveComparison_expectedToFail]
###############################################################################################################################################



################################################################################################################################################
Starting Execution:	[98 out of 134] test cases in the current suite
Test Method:		[unitTests.tests_validations_assertions.assertElementAttribute_false_caseInsensitiveComparison_expectedToPass]
###############################################################################################################################################



################################################################################################################################################
Starting Execution:	[99 out of 134] test cases in the current suite
Test Method:		[unitTests.tests_validations_assertions.assertElementAttribute_false_containsComparison_expectedToFail]
###############################################################################################################################################



################################################################################################################################################
Starting Execution:	[100 out of 134] test cases in the current suite
Test Method:		[unitTests.tests_validations_assertions.assertElementAttribute_false_containsComparison_expectedToPass]
###############################################################################################################################################



################################################################################################################################################
Starting Execution:	[101 out of 134] test cases in the current suite
Test Method:		[unitTests.tests_validations_assertions.assertElementAttribute_false_literalComparison_expectedToFail]
###############################################################################################################################################



################################################################################################################################################
Starting Execution:	[102 out of 134] test cases in the current suite
Test Method:		[unitTests.tests_validations_assertions.assertElementAttribute_false_literalComparison_expectedToPass]
###############################################################################################################################################



################################################################################################################################################
Starting Execution:	[103 out of 134] test cases in the current suite
Test Method:		[unitTests.tests_validations_assertions.assertElementAttribute_false_regexComparison_expectedToFail]
###############################################################################################################################################



################################################################################################################################################
Starting Execution:	[104 out of 134] test cases in the current suite
Test Method:		[unitTests.tests_validations_assertions.assertElementAttribute_false_regexComparison_expectedToPass]
###############################################################################################################################################



################################################################################################################################################
Starting Execution:	[105 out of 134] test cases in the current suite
Test Method:		[unitTests.tests_validations_assertions.assertElementAttribute_true_caseInsensitiveComparison_expectedToFail]
###############################################################################################################################################



################################################################################################################################################
Starting Execution:	[106 out of 134] test cases in the current suite
Test Method:		[unitTests.tests_validations_assertions.assertElementAttribute_true_caseInsensitiveComparison_expectedToPass]
###############################################################################################################################################



################################################################################################################################################
Starting Execution:	[107 out of 134] test cases in the current suite
Test Method:		[unitTests.tests_validations_assertions.assertElementAttribute_true_containsComparison_expectedToFail]
###############################################################################################################################################



################################################################################################################################################
Starting Execution:	[108 out of 134] test cases in the current suite
Test Method:		[unitTests.tests_validations_assertions.assertElementAttribute_true_containsComparison_expectedToPass]
###############################################################################################################################################



################################################################################################################################################
Starting Execution:	[109 out of 134] test cases in the current suite
Test Method:		[unitTests.tests_validations_assertions.assertElementAttribute_true_literalComparison_expectedToFail]
###############################################################################################################################################



################################################################################################################################################
Starting Execution:	[110 out of 134] test cases in the current suite
Test Method:		[unitTests.tests_validations_assertions.assertElementAttribute_true_literalComparison_expectedToPass]
###############################################################################################################################################



################################################################################################################################################
Starting Execution:	[111 out of 134] test cases in the current suite
Test Method:		[unitTests.tests_validations_assertions.assertElementAttribute_true_regexComparison_expectedToFail]
###############################################################################################################################################



################################################################################################################################################
Starting Execution:	[112 out of 134] test cases in the current suite
Test Method:		[unitTests.tests_validations_assertions.assertElementAttribute_true_regexComparison_expectedToPass]
###############################################################################################################################################



################################################################################################################################################
Starting Execution:	[113 out of 134] test cases in the current suite
Test Method:		[unitTests.tests_validations_assertions.assertElementExists_false_expectedToFail]
###############################################################################################################################################



################################################################################################################################################
Starting Execution:	[114 out of 134] test cases in the current suite
Test Method:		[unitTests.tests_validations_assertions.assertElementExists_false_expectedToPass]
###############################################################################################################################################



################################################################################################################################################
Starting Execution:	[115 out of 134] test cases in the current suite
Test Method:		[unitTests.tests_validations_assertions.assertElementExists_false_multipleElementsFound_expectedToFail]
###############################################################################################################################################



################################################################################################################################################
Starting Execution:	[116 out of 134] test cases in the current suite
Test Method:		[unitTests.tests_validations_assertions.assertElementExists_true_expectedToFail]
###############################################################################################################################################



################################################################################################################################################
Starting Execution:	[117 out of 134] test cases in the current suite
Test Method:		[unitTests.tests_validations_assertions.assertElementExists_true_expectedToPass]
###############################################################################################################################################



################################################################################################################################################
Starting Execution:	[118 out of 134] test cases in the current suite
Test Method:		[unitTests.tests_validations_assertions.assertElementExists_true_multipleElementsFound_expectedToFail]
###############################################################################################################################################


################################################################################################################################################
Starting Execution:	[119 out of 134] test cases in the current suite
Test Method:		[unitTests.tests_validations_assertions.assertEquals_false_expectedToFail]
###############################################################################################################################################

################################################################################################################################################
Starting Execution:	[120 out of 134] test cases in the current suite
Test Method:		[unitTests.tests_validations_assertions.assertEquals_false_expectedToPass]
###############################################################################################################################################

################################################################################################################################################
Starting Execution:	[121 out of 134] test cases in the current suite
Test Method:		[unitTests.tests_validations_assertions.assertEquals_longCharacters]
###############################################################################################################################################

################################################################################################################################################
Starting Execution:	[122 out of 134] test cases in the current suite
Test Method:		[unitTests.tests_validations_assertions.assertEquals_longCharacters_Discreet]
###############################################################################################################################################

################################################################################################################################################
Starting Execution:	[123 out of 134] test cases in the current suite
Test Method:		[unitTests.tests_validations_assertions.assertEquals_true_expectedToFail]
###############################################################################################################################################

################################################################################################################################################
Starting Execution:	[124 out of 134] test cases in the current suite
Test Method:		[unitTests.tests_validations_assertions.assertEquals_true_expectedToPass]
Test Description:	[Assert that assertEquals works as expected when the two values are equal.]
###############################################################################################################################################

################################################################################################################################################
Starting Execution:	[125 out of 134] test cases in the current suite
Test Method:		[unitTests.tests_validations_assertions.assertEquals_true_expectedToPass__]
###############################################################################################################################################

################################################################################################################################################
Starting Execution:	[126 out of 134] test cases in the current suite
Test Method:		[unitTests.tests_validations_assertions.assertFileExists_false_expectedToFail]
###############################################################################################################################################

################################################################################################################################################
Starting Execution:	[127 out of 134] test cases in the current suite
Test Method:		[unitTests.tests_validations_assertions.assertFileExists_false_expectedToPass]
###############################################################################################################################################

################################################################################################################################################
Starting Execution:	[128 out of 134] test cases in the current suite
Test Method:		[unitTests.tests_validations_assertions.assertFileExists_true_expectedToFail]
###############################################################################################################################################

################################################################################################################################################
Starting Execution:	[129 out of 134] test cases in the current suite
Test Method:		[unitTests.tests_validations_assertions.assertFileExists_true_expectedToPass]
###############################################################################################################################################

################################################################################################################################################
Starting Execution:	[130 out of 134] test cases in the current suite
Test Method:		[unitTests.tests_validations_assertions.assertNull_false_expectedToFail]
###############################################################################################################################################

################################################################################################################################################
Starting Execution:	[131 out of 134] test cases in the current suite
Test Method:		[unitTests.tests_validations_assertions.assertNull_false_expectedToPass]
###############################################################################################################################################

################################################################################################################################################
Starting Execution:	[132 out of 134] test cases in the current suite
Test Method:		[unitTests.tests_validations_assertions.assertNull_true_expectedToFail]
###############################################################################################################################################

################################################################################################################################################
Starting Execution:	[133 out of 134] test cases in the current suite
Test Method:		[unitTests.tests_validations_assertions.assertNull_true_expectedToPass]
###############################################################################################################################################
[ReportManager] Successfully loaded the following test data file [src/test/resources/TestDataFiles/testSuite01/TestData.xlsx]. @15-01-2021 05:36:56.0557 AM
[ReportManager] Successfully created attachment [Test Data - Excel] @15-01-2021 05:36:56.0558 A

################################################################################################################################################
Starting Execution:	[134 out of 134] test cases in the current suite
Test Method:		[unitTests.tests_io_excelFileManager.getCellData_rowName_expectedToPass]
################################################################################################################################################
[ReportManager] testRowData. @15-01-2021 05:36:56.0563 A

################################################################################################################################################
Test Closure Activities
################################################################################################################################################
[ReportManager] Successfully created attachment [SHAFT Engine Logs - Execution log] @15-01-2021 05:36:56.0603 AM

################################################################################################################################################
This test run was powered by SHAFT Engine Version: [SHAFT Engine v4.4]
SHAFT Engine is licensed under the MIT License: [https://github.com/MohabMohie/SHAFT_ENGINE/blob/master/LICENSE].
################################################################################################################################################