{
  "uid" : "fb8e6ac0244d3848",
  "name" : "f15",
  "fullName" : "testPackage01.Test_NewValidationActions.f15",
  "historyId" : "8ad0e7501f35925a6444f1e8c5b341c5",
  "time" : {
    "start" : 1611607066966,
    "stop" : 1611607067401,
    "duration" : 435
  },
  "status" : "passed",
  "flaky" : false,
  "newFailed" : false,
  "beforeStages" : [ {
    "name" : "openBrowser",
    "time" : {
      "start" : 1611607066113,
      "stop" : 1611607066964,
      "duration" : 851
    },
    "description" : "",
    "status" : "passed",
    "steps" : [ {
      "name" : "Action [30]: Attempting to run remotely on: [Linux-64], [GoogleChrome], [http://localhost:4444/wd/hub], Headless Execution.",
      "time" : {
        "start" : 1611607066120,
        "stop" : 1611607066120,
        "duration" : 0
      },
      "status" : "passed",
      "steps" : [ ],
      "attachments" : [ ],
      "parameters" : [ {
        "name" : "actionCounter",
        "value" : "30"
      }, {
        "name" : "logText",
        "value" : "Attempting to run remotely on: [Linux-64], [GoogleChrome], [http://localhost:4444/wd/hub], Headless Execution."
      } ],
      "stepsCount" : 0,
      "attachmentsCount" : 0,
      "shouldDisplayMessage" : false,
      "hasContent" : true
    }, {
      "name" : "Action [31]: Successfully Opened [GoogleChrome].",
      "time" : {
        "start" : 1611607066405,
        "stop" : 1611607066405,
        "duration" : 0
      },
      "status" : "passed",
      "steps" : [ ],
      "attachments" : [ ],
      "parameters" : [ {
        "name" : "actionCounter",
        "value" : "31"
      }, {
        "name" : "logText",
        "value" : "Successfully Opened [GoogleChrome]."
      } ],
      "stepsCount" : 0,
      "attachmentsCount" : 0,
      "shouldDisplayMessage" : false,
      "hasContent" : true
    }, {
      "name" : "Action [32]: Browser Action [navigateToURL] successfully performed. With the following test data [https://the-internet.herokuapp.com/].",
      "time" : {
        "start" : 1611607066963,
        "stop" : 1611607066964,
        "duration" : 1
      },
      "status" : "passed",
      "steps" : [ ],
      "attachments" : [ ],
      "parameters" : [ {
        "name" : "actionCounter",
        "value" : "32"
      }, {
        "name" : "logText",
        "value" : "Browser Action [navigateToURL] successfully performed. With the following test data [https://the-internet.herokuapp.com/]."
      }, {
        "name" : "attachments",
        "value" : "[null]"
      } ],
      "stepsCount" : 0,
      "attachmentsCount" : 0,
      "shouldDisplayMessage" : false,
      "hasContent" : true
    } ],
    "attachments" : [ {
      "uid" : "43f6e7febe15a91f",
      "name" : "Attachment: SHAFT Engine Logs - Current Method log: openBrowser",
      "source" : "43f6e7febe15a91f.txt",
      "type" : "text/plain",
      "size" : 744
    } ],
    "parameters" : [ ],
    "stepsCount" : 3,
    "attachmentsCount" : 1,
    "shouldDisplayMessage" : false,
    "hasContent" : true
  } ],
  "testStage" : {
    "status" : "passed",
    "steps" : [ {
      "name" : "Action [33]: AssertElementAttribute FAILED; Expected [Value Should not be 'Welcome' for the 'text' attribute, element locator 'By.tagName: h1'] and Actual [Welcome to the-internet]. Comparison Type [CONTAINS]. Validation Type [NEGATIVE].",
      "time" : {
        "start" : 1611607067399,
        "stop" : 1611607067400,
        "duration" : 1
      },
      "status" : "passed",
      "steps" : [ ],
      "attachments" : [ {
        "uid" : "18e3989b3740b7be",
        "name" : "Attachment: Screenshot - 1611607067314_f15_AssertElementAttribute_failed",
        "source" : "18e3989b3740b7be.png",
        "type" : "image/png",
        "size" : 158296
      } ],
      "parameters" : [ {
        "name" : "actionCounter",
        "value" : "33"
      }, {
        "name" : "logText",
        "value" : "AssertElementAttribute FAILED; Expected [Value Should not be 'Welcome' for the 'text' attribute, element locator 'By.tagName: h1'] and Actual [Welcome to the-internet]. Comparison Type [CONTAINS]. Validation Type [NEGATIVE]."
      }, {
        "name" : "attachments",
        "value" : "[[Screenshot, 1611607067314_f15_AssertElementAttribute_failed, java.io.ByteArrayInputStream@60b553f]]"
      } ],
      "stepsCount" : 0,
      "attachmentsCount" : 1,
      "shouldDisplayMessage" : false,
      "hasContent" : true
    } ],
    "attachments" : [ {
      "uid" : "7e933578ad37f767",
      "name" : "Attachment: SHAFT Engine Logs - Current Method log: f15",
      "source" : "7e933578ad37f767.txt",
      "type" : "text/plain",
      "size" : 1042
    } ],
    "parameters" : [ ],
    "stepsCount" : 1,
    "attachmentsCount" : 2,
    "shouldDisplayMessage" : false,
    "hasContent" : true
  },
  "afterStages" : [ {
    "name" : "closeBrowser",
    "time" : {
      "start" : 1611607067402,
      "stop" : 1611607067653,
      "duration" : 251
    },
    "description" : "",
    "status" : "passed",
    "steps" : [ {
      "name" : "Action [34]: Successfully Closed All Browsers.",
      "time" : {
        "start" : 1611607067648,
        "stop" : 1611607067649,
        "duration" : 1
      },
      "status" : "passed",
      "steps" : [ ],
      "attachments" : [ ],
      "parameters" : [ {
        "name" : "actionCounter",
        "value" : "34"
      }, {
        "name" : "logText",
        "value" : "Successfully Closed All Browsers."
      } ],
      "stepsCount" : 0,
      "attachmentsCount" : 0,
      "shouldDisplayMessage" : false,
      "hasContent" : true
    } ],
    "attachments" : [ {
      "uid" : "c8532669af5d39ba",
      "name" : "Attachment: Selenium WebDriver Logs - server",
      "source" : "c8532669af5d39ba.txt",
      "type" : "text/plain",
      "size" : 1288
    }, {
      "uid" : "b63a43f36a190b16",
      "name" : "Attachment: Selenium WebDriver Logs - performance",
      "source" : "b63a43f36a190b16.txt",
      "type" : "text/plain",
      "size" : 58188
    }, {
      "uid" : "490bb618fc091029",
      "name" : "Attachment: Selenium WebDriver Logs - browser",
      "source" : "490bb618fc091029.txt",
      "type" : "text/plain",
      "size" : 757
    }, {
      "uid" : "ef7cdc6cda925cc8",
      "name" : "Attachment: Selenium WebDriver Logs - driver",
      "source" : "ef7cdc6cda925cc8.txt",
      "type" : "text/plain",
      "size" : 198470
    }, {
      "uid" : "326a402d1b8e8d61",
      "name" : "Attachment: SHAFT Engine Logs - Current Method log: closeBrowser",
      "source" : "326a402d1b8e8d61.txt",
      "type" : "text/plain",
      "size" : 531
    } ],
    "parameters" : [ ],
    "stepsCount" : 1,
    "attachmentsCount" : 5,
    "shouldDisplayMessage" : false,
    "hasContent" : true
  }, {
    "name" : "closureActivities",
    "time" : {
      "start" : 1611607364621,
      "stop" : 1611607364649,
      "duration" : 28
    },
    "description" : "",
    "status" : "passed",
    "steps" : [ {
      "name" : "Action [509]: Successfully Closed All Browsers.",
      "time" : {
        "start" : 1611607364622,
        "stop" : 1611607364622,
        "duration" : 0
      },
      "status" : "passed",
      "steps" : [ ],
      "attachments" : [ ],
      "parameters" : [ {
        "name" : "actionCounter",
        "value" : "509"
      }, {
        "name" : "logText",
        "value" : "Successfully Closed All Browsers."
      } ],
      "stepsCount" : 0,
      "attachmentsCount" : 0,
      "shouldDisplayMessage" : false,
      "hasContent" : true
    }, {
      "name" : "Action [510]: Issue Summary: Total Issues = 2, New issues for Failed Tests = 0, Open issues for Passed Tests = 2, Open issues for Failed Tests = 0. Kindly check the attached Issue details.",
      "time" : {
        "start" : 1611607364638,
        "stop" : 1611607364639,
        "duration" : 1
      },
      "status" : "passed",
      "steps" : [ ],
      "attachments" : [ {
        "uid" : "c2521f31c9451ed4",
        "name" : "Attachment: SHAFT Engine Logs - Issues log CSV: 20210125-204244",
        "source" : "c2521f31c9451ed4.csv",
        "type" : "text/csv",
        "size" : 228
      } ],
      "parameters" : [ {
        "name" : "actionCounter",
        "value" : "510"
      }, {
        "name" : "logText",
        "value" : "Issue Summary: Total Issues = 2, New issues for Failed Tests = 0, Open issues for Passed Tests = 2, Open issues for Failed Tests = 0. Kindly check the attached Issue details."
      }, {
        "name" : "attachments",
        "value" : "[[SHAFT Engine Logs, Issues log CSV: 20210125-204244, java.io.ByteArrayInputStream@41c5f0f5]]"
      } ],
      "stepsCount" : 0,
      "attachmentsCount" : 1,
      "shouldDisplayMessage" : false,
      "hasContent" : true
    } ],
    "attachments" : [ {
      "uid" : "d934fb5cb8fc3ae3",
      "name" : "Attachment: SHAFT Engine Logs - Execution log: 20210125-204244",
      "source" : "d934fb5cb8fc3ae3.txt",
      "type" : "text/plain",
      "size" : 359577
    } ],
    "parameters" : [ ],
    "stepsCount" : 2,
    "attachmentsCount" : 2,
    "shouldDisplayMessage" : false,
    "hasContent" : true
  } ],
  "labels" : [ {
    "name" : "package",
    "value" : "testPackage01.Test_NewValidationActions"
  }, {
    "name" : "testClass",
    "value" : "testPackage01.Test_NewValidationActions"
  }, {
    "name" : "testMethod",
    "value" : "f15"
  }, {
    "name" : "parentSuite",
    "value" : "SHAFT_Engine: Custom Suite"
  }, {
    "name" : "suite",
    "value" : "SHAFT_Engine: Custom Test"
  }, {
    "name" : "subSuite",
    "value" : "testPackage01.Test_NewValidationActions"
  }, {
    "name" : "host",
    "value" : "fv-az60-880"
  }, {
    "name" : "thread",
    "value" : "5019@fv-az60-880.main(1)"
  }, {
    "name" : "framework",
    "value" : "testng"
  }, {
    "name" : "language",
    "value" : "java"
  }, {
    "name" : "resultFormat",
    "value" : "allure2"
  } ],
  "parameters" : [ ],
  "links" : [ ],
  "hidden" : false,
  "retry" : false,
  "extra" : {
    "severity" : "normal",
    "retries" : [ ],
    "categories" : [ ],
    "tags" : [ ]
  },
  "source" : "fb8e6ac0244d3848.json",
  "parameterValues" : [ ]
}