{
  "uid" : "5d2391dc56c97dc8",
  "name" : "f22",
  "fullName" : "testPackage01.Test_NewValidationActions.f22",
  "historyId" : "800cd9c8b5d99dd6684a556a70c6b7f1",
  "time" : {
    "start" : 1612920661654,
    "stop" : 1612920662075,
    "duration" : 421
  },
  "status" : "passed",
  "flaky" : false,
  "newFailed" : false,
  "beforeStages" : [ {
    "name" : "openBrowser",
    "time" : {
      "start" : 1612920660921,
      "stop" : 1612920661613,
      "duration" : 692
    },
    "description" : "",
    "status" : "passed",
    "steps" : [ {
      "name" : "Action [189]: Attempting to run remotely on: [Linux-64], [GoogleChrome], [http://localhost:4444/wd/hub], Headless Execution.",
      "time" : {
        "start" : 1612920660921,
        "stop" : 1612920660921,
        "duration" : 0
      },
      "status" : "passed",
      "steps" : [ ],
      "attachments" : [ ],
      "parameters" : [ {
        "name" : "actionCounter",
        "value" : "189"
      }, {
        "name" : "logText",
        "value" : "Attempting to run remotely on: [Linux-64], [GoogleChrome], [http://localhost:4444/wd/hub], Headless Execution."
      } ],
      "stepsCount" : 0,
      "attachmentsCount" : 0,
      "shouldDisplayMessage" : false,
      "hasContent" : true
    }, {
      "name" : "Action [190]: Successfully Opened [GoogleChrome].",
      "time" : {
        "start" : 1612920661144,
        "stop" : 1612920661144,
        "duration" : 0
      },
      "status" : "passed",
      "steps" : [ ],
      "attachments" : [ ],
      "parameters" : [ {
        "name" : "actionCounter",
        "value" : "190"
      }, {
        "name" : "logText",
        "value" : "Successfully Opened [GoogleChrome]."
      } ],
      "stepsCount" : 0,
      "attachmentsCount" : 0,
      "shouldDisplayMessage" : false,
      "hasContent" : true
    }, {
      "name" : "Action [191]: Browser Action [navigateToURL] successfully performed. With the following test data [https://the-internet.herokuapp.com/].",
      "time" : {
        "start" : 1612920661612,
        "stop" : 1612920661612,
        "duration" : 0
      },
      "status" : "passed",
      "steps" : [ ],
      "attachments" : [ ],
      "parameters" : [ {
        "name" : "actionCounter",
        "value" : "191"
      }, {
        "name" : "logText",
        "value" : "Browser Action [navigateToURL] successfully performed. With the following test data [https://the-internet.herokuapp.com/]."
      }, {
        "name" : "attachments",
        "value" : "[null]"
      } ],
      "stepsCount" : 0,
      "attachmentsCount" : 0,
      "shouldDisplayMessage" : false,
      "hasContent" : true
    } ],
    "attachments" : [ {
      "uid" : "463b9b8f69ce318a",
      "name" : "Attachment: SHAFT Engine Logs - Current Method log: openBrowser",
      "source" : "463b9b8f69ce318a.txt",
      "type" : "text/plain",
      "size" : 744
    } ],
    "parameters" : [ ],
    "stepsCount" : 3,
    "attachmentsCount" : 1,
    "shouldDisplayMessage" : false,
    "hasContent" : true
  } ],
  "testStage" : {
    "status" : "passed",
    "steps" : [ {
      "name" : "Action [192]: AssertElementAttribute FAILED; Expected [Value Should be 'yyy' for the 'text' attribute, element locator 'By.tagName: h1'] and Actual [Welcome to the-internet]. Comparison Type [CONTAINS]. Validation Type [POSITIVE].",
      "time" : {
        "start" : 1612920662074,
        "stop" : 1612920662075,
        "duration" : 1
      },
      "status" : "passed",
      "steps" : [ ],
      "attachments" : [ {
        "uid" : "b8a08085ce9fd9bc",
        "name" : "Attachment: Screenshot - 1612920661975_f22_AssertElementAttribute_failed",
        "source" : "b8a08085ce9fd9bc.png",
        "type" : "image/png",
        "size" : 158296
      } ],
      "parameters" : [ {
        "name" : "actionCounter",
        "value" : "192"
      }, {
        "name" : "logText",
        "value" : "AssertElementAttribute FAILED; Expected [Value Should be 'yyy' for the 'text' attribute, element locator 'By.tagName: h1'] and Actual [Welcome to the-internet]. Comparison Type [CONTAINS]. Validation Type [POSITIVE]."
      }, {
        "name" : "attachments",
        "value" : "[[Screenshot, 1612920661975_f22_AssertElementAttribute_failed, java.io.ByteArrayInputStream@16a151ba]]"
      } ],
      "stepsCount" : 0,
      "attachmentsCount" : 1,
      "shouldDisplayMessage" : false,
      "hasContent" : true
    } ],
    "attachments" : [ {
      "uid" : "3bc1bf2e67efe22",
      "name" : "Attachment: SHAFT Engine Logs - Current Method log: f22",
      "source" : "3bc1bf2e67efe22.txt",
      "type" : "text/plain",
      "size" : 1035
    } ],
    "parameters" : [ ],
    "stepsCount" : 1,
    "attachmentsCount" : 2,
    "shouldDisplayMessage" : false,
    "hasContent" : true
  },
  "afterStages" : [ {
    "name" : "closeBrowser",
    "time" : {
      "start" : 1612920662079,
      "stop" : 1612920662249,
      "duration" : 170
    },
    "description" : "",
    "status" : "passed",
    "steps" : [ {
      "name" : "Action [193]: Successfully Closed All Browsers.",
      "time" : {
        "start" : 1612920662248,
        "stop" : 1612920662248,
        "duration" : 0
      },
      "status" : "passed",
      "steps" : [ ],
      "attachments" : [ ],
      "parameters" : [ {
        "name" : "actionCounter",
        "value" : "193"
      }, {
        "name" : "logText",
        "value" : "Successfully Closed All Browsers."
      } ],
      "stepsCount" : 0,
      "attachmentsCount" : 0,
      "shouldDisplayMessage" : false,
      "hasContent" : true
    } ],
    "attachments" : [ {
      "uid" : "34e93c9c3a223c65",
      "name" : "Attachment: Selenium WebDriver Logs - server",
      "source" : "34e93c9c3a223c65.txt",
      "type" : "text/plain",
      "size" : 1288
    }, {
      "uid" : "e399f54c79f1dfdd",
      "name" : "Attachment: Selenium WebDriver Logs - performance",
      "source" : "e399f54c79f1dfdd.txt",
      "type" : "text/plain",
      "size" : 56205
    }, {
      "uid" : "7f8127b45f3c86f7",
      "name" : "Attachment: Selenium WebDriver Logs - browser",
      "source" : "7f8127b45f3c86f7.txt",
      "type" : "text/plain",
      "size" : 757
    }, {
      "uid" : "c876feddce812b5b",
      "name" : "Attachment: Selenium WebDriver Logs - driver",
      "source" : "c876feddce812b5b.txt",
      "type" : "text/plain",
      "size" : 196451
    }, {
      "uid" : "75026def0f0e14a2",
      "name" : "Attachment: SHAFT Engine Logs - Current Method log: closeBrowser",
      "source" : "75026def0f0e14a2.txt",
      "type" : "text/plain",
      "size" : 531
    } ],
    "parameters" : [ ],
    "stepsCount" : 1,
    "attachmentsCount" : 5,
    "shouldDisplayMessage" : false,
    "hasContent" : true
  }, {
    "name" : "closureActivities",
    "time" : {
      "start" : 1612920892177,
      "stop" : 1612920892197,
      "duration" : 20
    },
    "description" : "",
    "status" : "passed",
    "steps" : [ {
      "name" : "Action [507]: Successfully Closed All Browsers.",
      "time" : {
        "start" : 1612920892177,
        "stop" : 1612920892177,
        "duration" : 0
      },
      "status" : "passed",
      "steps" : [ ],
      "attachments" : [ ],
      "parameters" : [ {
        "name" : "actionCounter",
        "value" : "507"
      }, {
        "name" : "logText",
        "value" : "Successfully Closed All Browsers."
      } ],
      "stepsCount" : 0,
      "attachmentsCount" : 0,
      "shouldDisplayMessage" : false,
      "hasContent" : true
    }, {
      "name" : "Action [508]: Issue Summary: Total Issues = 4, New issues for Failed Tests = 2, Open issues for Passed Tests = 2, Open issues for Failed Tests = 0. Kindly check the attached Issue details.",
      "time" : {
        "start" : 1612920892194,
        "stop" : 1612920892194,
        "duration" : 0
      },
      "status" : "passed",
      "steps" : [ ],
      "attachments" : [ {
        "uid" : "678350f3ffe4b826",
        "name" : "Attachment: SHAFT Engine Logs - Issues log CSV: 20210210-013452",
        "source" : "678350f3ffe4b826.csv",
        "type" : "text/csv",
        "size" : 544
      } ],
      "parameters" : [ {
        "name" : "actionCounter",
        "value" : "508"
      }, {
        "name" : "logText",
        "value" : "Issue Summary: Total Issues = 4, New issues for Failed Tests = 2, Open issues for Passed Tests = 2, Open issues for Failed Tests = 0. Kindly check the attached Issue details."
      }, {
        "name" : "attachments",
        "value" : "[[SHAFT Engine Logs, Issues log CSV: 20210210-013452, java.io.ByteArrayInputStream@471e899c]]"
      } ],
      "stepsCount" : 0,
      "attachmentsCount" : 1,
      "shouldDisplayMessage" : false,
      "hasContent" : true
    } ],
    "attachments" : [ {
      "uid" : "b4fe8a8f1b0fe945",
      "name" : "Attachment: SHAFT Engine Logs - Execution log: 20210210-013452",
      "source" : "b4fe8a8f1b0fe945.txt",
      "type" : "text/plain",
      "size" : 416573
    } ],
    "parameters" : [ ],
    "stepsCount" : 2,
    "attachmentsCount" : 2,
    "shouldDisplayMessage" : false,
    "hasContent" : true
  } ],
  "labels" : [ {
    "name" : "package",
    "value" : "testPackage01.Test_NewValidationActions"
  }, {
    "name" : "testClass",
    "value" : "testPackage01.Test_NewValidationActions"
  }, {
    "name" : "testMethod",
    "value" : "f22"
  }, {
    "name" : "parentSuite",
    "value" : "SHAFT_Engine: Custom Suite"
  }, {
    "name" : "suite",
    "value" : "SHAFT_Engine: Custom Test"
  }, {
    "name" : "subSuite",
    "value" : "testPackage01.Test_NewValidationActions"
  }, {
    "name" : "host",
    "value" : "fv-az12-482"
  }, {
    "name" : "thread",
    "value" : "5044@fv-az12-482.main(1)"
  }, {
    "name" : "framework",
    "value" : "testng"
  }, {
    "name" : "language",
    "value" : "java"
  }, {
    "name" : "resultFormat",
    "value" : "allure2"
  } ],
  "parameters" : [ ],
  "links" : [ ],
  "hidden" : false,
  "retry" : false,
  "extra" : {
    "severity" : "normal",
    "retries" : [ ],
    "categories" : [ ],
    "tags" : [ ]
  },
  "source" : "5d2391dc56c97dc8.json",
  "parameterValues" : [ ]
}