{
  "uid" : "feef33d7cb9eba29",
  "name" : "f16",
  "fullName" : "testPackage01.Test_NewValidationHelper.f16",
  "historyId" : "c88b9e1406b592eee831601849d31189",
  "time" : {
    "start" : 1615686098032,
    "stop" : 1615686123667,
    "duration" : 25635
  },
  "status" : "passed",
  "flaky" : false,
  "newFailed" : false,
  "beforeStages" : [ {
    "name" : "openBrowser",
    "time" : {
      "start" : 1615686097258,
      "stop" : 1615686098025,
      "duration" : 767
    },
    "description" : "",
    "status" : "passed",
    "steps" : [ {
      "name" : "Action [44]: Attempting to run remotely on: [Linux-64], [GoogleChrome], [http://localhost:4444/wd/hub], Headless Execution.",
      "time" : {
        "start" : 1615686097259,
        "stop" : 1615686097259,
        "duration" : 0
      },
      "status" : "passed",
      "steps" : [ ],
      "attachments" : [ ],
      "parameters" : [ {
        "name" : "actionCounter",
        "value" : "44"
      }, {
        "name" : "logText",
        "value" : "Attempting to run remotely on: [Linux-64], [GoogleChrome], [http://localhost:4444/wd/hub], Headless Execution."
      } ],
      "stepsCount" : 0,
      "attachmentsCount" : 0,
      "shouldDisplayMessage" : false,
      "hasContent" : true
    }, {
      "name" : "Action [45]: Successfully Opened [GoogleChrome].",
      "time" : {
        "start" : 1615686097515,
        "stop" : 1615686097515,
        "duration" : 0
      },
      "status" : "passed",
      "steps" : [ ],
      "attachments" : [ ],
      "parameters" : [ {
        "name" : "actionCounter",
        "value" : "45"
      }, {
        "name" : "logText",
        "value" : "Successfully Opened [GoogleChrome]."
      } ],
      "stepsCount" : 0,
      "attachmentsCount" : 0,
      "shouldDisplayMessage" : false,
      "hasContent" : true
    }, {
      "name" : "Action [46]: Browser Action [navigateToURL] successfully performed. With the following test data [https://the-internet.herokuapp.com/].",
      "time" : {
        "start" : 1615686098025,
        "stop" : 1615686098025,
        "duration" : 0
      },
      "status" : "passed",
      "steps" : [ ],
      "attachments" : [ ],
      "parameters" : [ {
        "name" : "actionCounter",
        "value" : "46"
      }, {
        "name" : "logText",
        "value" : "Browser Action [navigateToURL] successfully performed. With the following test data [https://the-internet.herokuapp.com/]."
      }, {
        "name" : "attachments",
        "value" : "[null]"
      } ],
      "stepsCount" : 0,
      "attachmentsCount" : 0,
      "shouldDisplayMessage" : false,
      "hasContent" : true
    } ],
    "attachments" : [ ],
    "parameters" : [ ],
    "stepsCount" : 3,
    "attachmentsCount" : 0,
    "shouldDisplayMessage" : false,
    "hasContent" : true
  } ],
  "testStage" : {
    "status" : "passed",
    "steps" : [ {
      "name" : "Action [47]: Element Action [identifyUniqueElement] failed. With the following test data [zero elements found matching this locator \"By.tagName: h3\".].",
      "time" : {
        "start" : 1615686123664,
        "stop" : 1615686123665,
        "duration" : 1
      },
      "status" : "passed",
      "steps" : [ ],
      "attachments" : [ {
        "uid" : "132f2cc0ccc3bb77",
        "name" : "Attachment: Screenshot - 1615686123599_f16_identifyUniqueElement_failed",
        "source" : "132f2cc0ccc3bb77.png",
        "type" : "image/png",
        "size" : 55570
      } ],
      "parameters" : [ {
        "name" : "actionCounter",
        "value" : "47"
      }, {
        "name" : "logText",
        "value" : "Element Action [identifyUniqueElement] failed. With the following test data [zero elements found matching this locator \"By.tagName: h3\".]."
      }, {
        "name" : "attachments",
        "value" : "[[Screenshot, 1615686123599_f16_identifyUniqueElement_failed, java.io.ByteArrayInputStream@7d6a9d5e]]"
      } ],
      "stepsCount" : 0,
      "attachmentsCount" : 1,
      "shouldDisplayMessage" : false,
      "hasContent" : true
    }, {
      "name" : "Action [48]: AssertElementAttribute FAILED; Expected [Value Should not be 'Welcome' for the 'text' attribute, element locator 'By.tagName: h3'] and Actual [Failed to read the desired element attribute]. Comparison Type [CONTAINS]. Validation Type [NEGATIVE].",
      "time" : {
        "start" : 1615686123666,
        "stop" : 1615686123666,
        "duration" : 0
      },
      "status" : "passed",
      "steps" : [ ],
      "attachments" : [ ],
      "parameters" : [ {
        "name" : "actionCounter",
        "value" : "48"
      }, {
        "name" : "logText",
        "value" : "AssertElementAttribute FAILED; Expected [Value Should not be 'Welcome' for the 'text' attribute, element locator 'By.tagName: h3'] and Actual [Failed to read the desired element attribute]. Comparison Type [CONTAINS]. Validation Type [NEGATIVE]."
      } ],
      "stepsCount" : 0,
      "attachmentsCount" : 0,
      "shouldDisplayMessage" : false,
      "hasContent" : true
    } ],
    "attachments" : [ {
      "uid" : "2a901102dc54cb75",
      "name" : "Attachment: SHAFT Engine Logs - Current Method log: f16",
      "source" : "2a901102dc54cb75.txt",
      "type" : "text/plain",
      "size" : 11023
    } ],
    "parameters" : [ ],
    "stepsCount" : 2,
    "attachmentsCount" : 2,
    "shouldDisplayMessage" : false,
    "hasContent" : true
  },
  "afterStages" : [ {
    "name" : "closeBrowser",
    "time" : {
      "start" : 1615686123679,
      "stop" : 1615686123913,
      "duration" : 234
    },
    "description" : "",
    "status" : "passed",
    "steps" : [ {
      "name" : "Action [49]: Successfully Closed All Browsers.",
      "time" : {
        "start" : 1615686123913,
        "stop" : 1615686123913,
        "duration" : 0
      },
      "status" : "passed",
      "steps" : [ ],
      "attachments" : [ ],
      "parameters" : [ {
        "name" : "actionCounter",
        "value" : "49"
      }, {
        "name" : "logText",
        "value" : "Successfully Closed All Browsers."
      } ],
      "stepsCount" : 0,
      "attachmentsCount" : 0,
      "shouldDisplayMessage" : false,
      "hasContent" : true
    } ],
    "attachments" : [ {
      "uid" : "a8720dc7b1641797",
      "name" : "Attachment: Selenium WebDriver Logs - server",
      "source" : "a8720dc7b1641797.txt",
      "type" : "text/plain",
      "size" : 1288
    }, {
      "uid" : "78c88f13cafe0096",
      "name" : "Attachment: Selenium WebDriver Logs - performance",
      "source" : "78c88f13cafe0096.txt",
      "type" : "text/plain",
      "size" : 57094
    }, {
      "uid" : "ad53455b22683ca0",
      "name" : "Attachment: Selenium WebDriver Logs - browser",
      "source" : "ad53455b22683ca0.txt",
      "type" : "text/plain",
      "size" : 757
    }, {
      "uid" : "3e4dc32bac872755",
      "name" : "Attachment: Selenium WebDriver Logs - driver",
      "source" : "3e4dc32bac872755.txt",
      "type" : "text/plain",
      "size" : 229090
    } ],
    "parameters" : [ ],
    "stepsCount" : 1,
    "attachmentsCount" : 4,
    "shouldDisplayMessage" : false,
    "hasContent" : true
  }, {
    "name" : "closureActivities",
    "time" : {
      "start" : 1615686395958,
      "stop" : 1615686396588,
      "duration" : 630
    },
    "description" : "",
    "status" : "passed",
    "steps" : [ {
      "name" : "Action [522]: Successfully Closed All Browsers.",
      "time" : {
        "start" : 1615686395959,
        "stop" : 1615686395959,
        "duration" : 0
      },
      "status" : "passed",
      "steps" : [ ],
      "attachments" : [ ],
      "parameters" : [ {
        "name" : "actionCounter",
        "value" : "522"
      }, {
        "name" : "logText",
        "value" : "Successfully Closed All Browsers."
      } ],
      "stepsCount" : 0,
      "attachmentsCount" : 0,
      "shouldDisplayMessage" : false,
      "hasContent" : true
    }, {
      "name" : "Action [523]: Issue Summary: Total Issues = 2, New issues for Failed Tests = 0, Open issues for Passed Tests = 2, Open issues for Failed Tests = 0. Kindly check the attached Issue details.",
      "time" : {
        "start" : 1615686395970,
        "stop" : 1615686395971,
        "duration" : 1
      },
      "status" : "passed",
      "steps" : [ ],
      "attachments" : [ {
        "uid" : "79ed5482f84df2c3",
        "name" : "Attachment: SHAFT Engine Logs - Issues log CSV: 20210314-014635",
        "source" : "79ed5482f84df2c3.csv",
        "type" : "text/csv",
        "size" : 228
      } ],
      "parameters" : [ {
        "name" : "actionCounter",
        "value" : "523"
      }, {
        "name" : "logText",
        "value" : "Issue Summary: Total Issues = 2, New issues for Failed Tests = 0, Open issues for Passed Tests = 2, Open issues for Failed Tests = 0. Kindly check the attached Issue details."
      }, {
        "name" : "attachments",
        "value" : "[[SHAFT Engine Logs, Issues log CSV: 20210314-014635, java.io.ByteArrayInputStream@244108ab]]"
      } ],
      "stepsCount" : 0,
      "attachmentsCount" : 1,
      "shouldDisplayMessage" : false,
      "hasContent" : true
    } ],
    "attachments" : [ {
      "uid" : "728f1d9daba0607b",
      "name" : "Attachment: SHAFT Engine Logs - Execution log: 20210314-014635",
      "source" : "728f1d9daba0607b.txt",
      "type" : "text/plain",
      "size" : 385703
    }, {
      "uid" : "a82def018e1c3a22",
      "name" : "Attachment: HTML - Extent Emailable Execution Report",
      "source" : "a82def018e1c3a22.html",
      "type" : "text/html",
      "size" : 7196598
    } ],
    "parameters" : [ ],
    "stepsCount" : 2,
    "attachmentsCount" : 3,
    "shouldDisplayMessage" : false,
    "hasContent" : true
  } ],
  "labels" : [ {
    "name" : "package",
    "value" : "testPackage01.Test_NewValidationHelper"
  }, {
    "name" : "testClass",
    "value" : "testPackage01.Test_NewValidationHelper"
  }, {
    "name" : "testMethod",
    "value" : "f16"
  }, {
    "name" : "parentSuite",
    "value" : "SHAFT_Engine: Custom Suite"
  }, {
    "name" : "suite",
    "value" : "SHAFT_Engine: Custom Test"
  }, {
    "name" : "subSuite",
    "value" : "testPackage01.Test_NewValidationHelper"
  }, {
    "name" : "host",
    "value" : "fv-az204-597"
  }, {
    "name" : "thread",
    "value" : "4573@fv-az204-597.main(1)"
  }, {
    "name" : "framework",
    "value" : "testng"
  }, {
    "name" : "language",
    "value" : "java"
  }, {
    "name" : "resultFormat",
    "value" : "allure2"
  } ],
  "parameters" : [ ],
  "links" : [ ],
  "hidden" : false,
  "retry" : false,
  "extra" : {
    "severity" : "normal",
    "retries" : [ ],
    "categories" : [ ],
    "tags" : [ ]
  },
  "source" : "feef33d7cb9eba29.json",
  "parameterValues" : [ ]
}