{
  "uid" : "3ffacc77e36ae08",
  "name" : "f21",
  "fullName" : "testPackage01.Test_NewValidationActions.f21",
  "historyId" : "e1cdc6c90a16d93d0a463e84d90db0e2",
  "time" : {
    "start" : 1608653934426,
    "stop" : 1608653960089,
    "duration" : 25663
  },
  "status" : "passed",
  "flaky" : false,
  "newFailed" : false,
  "beforeStages" : [ {
    "name" : "openBrowser",
    "time" : {
      "start" : 1608653933648,
      "stop" : 1608653934424,
      "duration" : 776
    },
    "description" : "",
    "status" : "passed",
    "steps" : [ {
      "name" : "Action [63]: Attempting to run remotely on: [Linux-64], [GoogleChrome], [http://localhost:4444/wd/hub], Headless Execution.",
      "time" : {
        "start" : 1608653933649,
        "stop" : 1608653933649,
        "duration" : 0
      },
      "status" : "passed",
      "steps" : [ ],
      "attachments" : [ ],
      "parameters" : [ {
        "name" : "actionCounter",
        "value" : "63"
      }, {
        "name" : "logText",
        "value" : "Attempting to run remotely on: [Linux-64], [GoogleChrome], [http://localhost:4444/wd/hub], Headless Execution."
      } ],
      "stepsCount" : 0,
      "attachmentsCount" : 0,
      "shouldDisplayMessage" : false,
      "hasContent" : true
    }, {
      "name" : "Action [64]: Successfully Opened [GoogleChrome].",
      "time" : {
        "start" : 1608653933879,
        "stop" : 1608653933879,
        "duration" : 0
      },
      "status" : "passed",
      "steps" : [ ],
      "attachments" : [ ],
      "parameters" : [ {
        "name" : "actionCounter",
        "value" : "64"
      }, {
        "name" : "logText",
        "value" : "Successfully Opened [GoogleChrome]."
      } ],
      "stepsCount" : 0,
      "attachmentsCount" : 0,
      "shouldDisplayMessage" : false,
      "hasContent" : true
    }, {
      "name" : "Action [65]: Browser Action [navigateToURL] successfully performed. With the following test data [https://the-internet.herokuapp.com/].",
      "time" : {
        "start" : 1608653934423,
        "stop" : 1608653934424,
        "duration" : 1
      },
      "status" : "passed",
      "steps" : [ ],
      "attachments" : [ ],
      "parameters" : [ {
        "name" : "actionCounter",
        "value" : "65"
      }, {
        "name" : "logText",
        "value" : "Browser Action [navigateToURL] successfully performed. With the following test data [https://the-internet.herokuapp.com/]."
      }, {
        "name" : "attachments",
        "value" : "[null]"
      } ],
      "stepsCount" : 0,
      "attachmentsCount" : 0,
      "shouldDisplayMessage" : false,
      "hasContent" : true
    } ],
    "attachments" : [ ],
    "parameters" : [ ],
    "stepsCount" : 3,
    "attachmentsCount" : 0,
    "shouldDisplayMessage" : false,
    "hasContent" : true
  } ],
  "testStage" : {
    "status" : "passed",
    "steps" : [ {
      "name" : "Action [66]: Element Action [identifyUniqueElement] failed. With the following test data [zero elements found matching this locator \"By.tagName: h3\".].",
      "time" : {
        "start" : 1608653960087,
        "stop" : 1608653960088,
        "duration" : 1
      },
      "status" : "passed",
      "steps" : [ ],
      "attachments" : [ {
        "uid" : "ac8e9b603385b10d",
        "name" : "Attachment: Screenshot - 1608653960023_f21_identifyUniqueElement_failed",
        "source" : "ac8e9b603385b10d.png",
        "type" : "image/png",
        "size" : 55570
      } ],
      "parameters" : [ {
        "name" : "actionCounter",
        "value" : "66"
      }, {
        "name" : "logText",
        "value" : "Element Action [identifyUniqueElement] failed. With the following test data [zero elements found matching this locator \"By.tagName: h3\".]."
      }, {
        "name" : "attachments",
        "value" : "[[Screenshot, 1608653960023_f21_identifyUniqueElement_failed, java.io.ByteArrayInputStream@641cea11]]"
      } ],
      "stepsCount" : 0,
      "attachmentsCount" : 1,
      "shouldDisplayMessage" : false,
      "hasContent" : true
    }, {
      "name" : "Action [67]: AssertElementAttribute FAILED; Expected [Value Should be 'Welcome' for the 'text' attribute, element locator 'By.tagName: h3'] and Actual [Failed to read the desired element attribute]. Comparison Type [CONTAINS]. Validation Type [POSITIVE].",
      "time" : {
        "start" : 1608653960088,
        "stop" : 1608653960088,
        "duration" : 0
      },
      "status" : "passed",
      "steps" : [ ],
      "attachments" : [ ],
      "parameters" : [ {
        "name" : "actionCounter",
        "value" : "67"
      }, {
        "name" : "logText",
        "value" : "AssertElementAttribute FAILED; Expected [Value Should be 'Welcome' for the 'text' attribute, element locator 'By.tagName: h3'] and Actual [Failed to read the desired element attribute]. Comparison Type [CONTAINS]. Validation Type [POSITIVE]."
      } ],
      "stepsCount" : 0,
      "attachmentsCount" : 0,
      "shouldDisplayMessage" : false,
      "hasContent" : true
    } ],
    "attachments" : [ {
      "uid" : "9aa832bef3c08556",
      "name" : "Attachment: SHAFT Engine Logs - Current Method log: f21",
      "source" : "9aa832bef3c08556.txt",
      "type" : "text/plain",
      "size" : 10965
    } ],
    "parameters" : [ ],
    "stepsCount" : 2,
    "attachmentsCount" : 2,
    "shouldDisplayMessage" : false,
    "hasContent" : true
  },
  "afterStages" : [ {
    "name" : "closeBrowser",
    "time" : {
      "start" : 1608653960090,
      "stop" : 1608653960281,
      "duration" : 191
    },
    "description" : "",
    "status" : "passed",
    "steps" : [ {
      "name" : "Action [68]: Successfully Closed All Browsers.",
      "time" : {
        "start" : 1608653960280,
        "stop" : 1608653960281,
        "duration" : 1
      },
      "status" : "passed",
      "steps" : [ ],
      "attachments" : [ ],
      "parameters" : [ {
        "name" : "actionCounter",
        "value" : "68"
      }, {
        "name" : "logText",
        "value" : "Successfully Closed All Browsers."
      } ],
      "stepsCount" : 0,
      "attachmentsCount" : 0,
      "shouldDisplayMessage" : false,
      "hasContent" : true
    } ],
    "attachments" : [ {
      "uid" : "30fcafab46a039c7",
      "name" : "Attachment: Selenium WebDriver Logs - performance",
      "source" : "30fcafab46a039c7.txt",
      "type" : "text/plain",
      "size" : 67832
    }, {
      "uid" : "56c8c64451adcdeb",
      "name" : "Attachment: Selenium WebDriver Logs - browser",
      "source" : "56c8c64451adcdeb.txt",
      "type" : "text/plain",
      "size" : 755
    }, {
      "uid" : "a31d8e97a9bc5cb0",
      "name" : "Attachment: Selenium WebDriver Logs - driver",
      "source" : "a31d8e97a9bc5cb0.txt",
      "type" : "text/plain",
      "size" : 238471
    } ],
    "parameters" : [ ],
    "stepsCount" : 1,
    "attachmentsCount" : 3,
    "shouldDisplayMessage" : false,
    "hasContent" : true
  }, {
    "name" : "closureActivities",
    "time" : {
      "start" : 1608654179495,
      "stop" : 1608654179516,
      "duration" : 21
    },
    "description" : "",
    "status" : "passed",
    "steps" : [ {
      "name" : "Action [509]: Successfully Closed All Browsers.",
      "time" : {
        "start" : 1608654179495,
        "stop" : 1608654179496,
        "duration" : 1
      },
      "status" : "passed",
      "steps" : [ ],
      "attachments" : [ ],
      "parameters" : [ {
        "name" : "actionCounter",
        "value" : "509"
      }, {
        "name" : "logText",
        "value" : "Successfully Closed All Browsers."
      } ],
      "stepsCount" : 0,
      "attachmentsCount" : 0,
      "shouldDisplayMessage" : false,
      "hasContent" : true
    }, {
      "name" : "Action [510]: Issue Summary: Total Issues = 2, New issues for Failed Tests = 0, Open issues for Passed Tests = 2, Open issues for Failed Tests = 0. Kindly check the attached Issue details.",
      "time" : {
        "start" : 1608654179513,
        "stop" : 1608654179514,
        "duration" : 1
      },
      "status" : "passed",
      "steps" : [ ],
      "attachments" : [ {
        "uid" : "6674c3e07b73a728",
        "name" : "Attachment: SHAFT Engine Logs - Issues log CSV: 20201222-162259",
        "source" : "6674c3e07b73a728.csv",
        "type" : "text/csv",
        "size" : 228
      } ],
      "parameters" : [ {
        "name" : "actionCounter",
        "value" : "510"
      }, {
        "name" : "logText",
        "value" : "Issue Summary: Total Issues = 2, New issues for Failed Tests = 0, Open issues for Passed Tests = 2, Open issues for Failed Tests = 0. Kindly check the attached Issue details."
      }, {
        "name" : "attachments",
        "value" : "[[SHAFT Engine Logs, Issues log CSV: 20201222-162259, java.io.ByteArrayInputStream@4e9bbbfc]]"
      } ],
      "stepsCount" : 0,
      "attachmentsCount" : 1,
      "shouldDisplayMessage" : false,
      "hasContent" : true
    } ],
    "attachments" : [ {
      "uid" : "d491de2133336853",
      "name" : "Attachment: SHAFT Engine Logs - Execution log: 20201222-162259",
      "source" : "d491de2133336853.txt",
      "type" : "text/plain",
      "size" : 351897
    } ],
    "parameters" : [ ],
    "stepsCount" : 2,
    "attachmentsCount" : 2,
    "shouldDisplayMessage" : false,
    "hasContent" : true
  } ],
  "labels" : [ {
    "name" : "package",
    "value" : "testPackage01.Test_NewValidationActions"
  }, {
    "name" : "testClass",
    "value" : "testPackage01.Test_NewValidationActions"
  }, {
    "name" : "testMethod",
    "value" : "f21"
  }, {
    "name" : "parentSuite",
    "value" : "SHAFT_Engine: Custom Suite"
  }, {
    "name" : "suite",
    "value" : "SHAFT_Engine: Custom Test"
  }, {
    "name" : "subSuite",
    "value" : "testPackage01.Test_NewValidationActions"
  }, {
    "name" : "host",
    "value" : "fv-az184-39"
  }, {
    "name" : "thread",
    "value" : "5222@fv-az184-39.main(1)"
  }, {
    "name" : "framework",
    "value" : "testng"
  }, {
    "name" : "language",
    "value" : "java"
  }, {
    "name" : "resultFormat",
    "value" : "allure2"
  } ],
  "parameters" : [ ],
  "links" : [ ],
  "hidden" : false,
  "retry" : false,
  "extra" : {
    "severity" : "normal",
    "retries" : [ ],
    "categories" : [ ],
    "tags" : [ ]
  },
  "source" : "3ffacc77e36ae08.json",
  "parameterValues" : [ ]
}