{
  "uid" : "291d60aad672501f",
  "name" : "TC002 - Search for Query and Assert that the number of results is displayed",
  "fullName" : "testPackage01.Test_google_playwright.searchForQueryandAssertResultsNumDisplayed",
  "historyId" : "8c403aaf85c1c2abafe0a9a5d008562b",
  "time" : {
    "start" : 1620734713575,
    "stop" : 1620734714191,
    "duration" : 616
  },
  "status" : "failed",
  "statusMessage" : "Element Action [getMatchingElementsCount] failed.",
  "statusTrace" : "java.lang.AssertionError: Element Action [getMatchingElementsCount] failed.\n\tat org.testng.Assert.fail(Assert.java:87)\n\tat com.shaft.gui.element.PlayWrightElementActions.failAction(PlayWrightElementActions.java:653)\n\tat com.shaft.gui.element.PlayWrightElementActions.failAction(PlayWrightElementActions.java:645)\n\tat com.shaft.gui.element.PlayWrightElementActions.getMatchingElementsCount(PlayWrightElementActions.java:669)\n\tat com.shaft.gui.element.PlayWrightElementActions.identifyUniqueElement(PlayWrightElementActions.java:676)\n\tat com.shaft.gui.element.PlayWrightElementActions.identifyUniqueElement(PlayWrightElementActions.java:573)\n\tat com.shaft.gui.element.PlayWrightElementActions.getText(PlayWrightElementActions.java:285)\n\tat com.shaft.gui.element.PlayWrightElementActions.getText(PlayWrightElementActions.java:911)\n\tat poms.GoogleSearchResults.assertResultsStatsExistsAndIsNotEmpty(GoogleSearchResults.java:35)\n\tat testPackage01.Test_google_playwright.searchForQueryandAssertResultsNumDisplayed(Test_google_playwright.java:35)\n\tat java.base/jdk.internal.reflect.NativeMethodAccessorImpl.invoke0(Native Method)\n\tat java.base/jdk.internal.reflect.NativeMethodAccessorImpl.invoke(NativeMethodAccessorImpl.java:64)\n\tat java.base/jdk.internal.reflect.DelegatingMethodAccessorImpl.invoke(DelegatingMethodAccessorImpl.java:43)\n\tat java.base/java.lang.reflect.Method.invoke(Method.java:564)\n\tat org.testng.internal.MethodInvocationHelper.invokeMethod(MethodInvocationHelper.java:133)\n\tat org.testng.internal.TestInvoker.invokeMethod(TestInvoker.java:598)\n\tat org.testng.internal.TestInvoker.invokeTestMethod(TestInvoker.java:173)\n\tat org.testng.internal.MethodRunner.runInSequence(MethodRunner.java:46)\n\tat org.testng.internal.TestInvoker$MethodInvocationAgent.invoke(TestInvoker.java:824)\n\tat org.testng.internal.TestInvoker.invokeTestMethods(TestInvoker.java:146)\n\tat org.testng.internal.TestMethodWorker.invokeTestMethods(TestMethodWorker.java:146)\n\tat org.testng.internal.TestMethodWorker.run(TestMethodWorker.java:128)\n\tat java.base/java.util.ArrayList.forEach(ArrayList.java:1511)\n\tat org.testng.TestRunner.privateRun(TestRunner.java:794)\n\tat org.testng.TestRunner.run(TestRunner.java:596)\n\tat org.testng.SuiteRunner.runTest(SuiteRunner.java:377)\n\tat org.testng.SuiteRunner.runSequentially(SuiteRunner.java:371)\n\tat org.testng.SuiteRunner.privateRun(SuiteRunner.java:332)\n\tat org.testng.SuiteRunner.run(SuiteRunner.java:276)\n\tat org.testng.SuiteRunnerWorker.runSuite(SuiteRunnerWorker.java:53)\n\tat org.testng.SuiteRunnerWorker.run(SuiteRunnerWorker.java:96)\n\tat org.testng.TestNG.runSuitesSequentially(TestNG.java:1212)\n\tat org.testng.TestNG.runSuitesLocally(TestNG.java:1134)\n\tat org.testng.TestNG.runSuites(TestNG.java:1063)\n\tat org.testng.TestNG.run(TestNG.java:1031)\n\tat org.apache.maven.surefire.testng.TestNGExecutor.run(TestNGExecutor.java:136)\n\tat org.apache.maven.surefire.testng.TestNGDirectoryTestSuite.executeMulti(TestNGDirectoryTestSuite.java:193)\n\tat org.apache.maven.surefire.testng.TestNGDirectoryTestSuite.execute(TestNGDirectoryTestSuite.java:94)\n\tat org.apache.maven.surefire.testng.TestNGProvider.invoke(TestNGProvider.java:145)\n\tat org.apache.maven.surefire.booter.ForkedBooter.runSuitesInProcess(ForkedBooter.java:428)\n\tat org.apache.maven.surefire.booter.ForkedBooter.execute(ForkedBooter.java:162)\n\tat org.apache.maven.surefire.booter.ForkedBooter.run(ForkedBooter.java:562)\n\tat org.apache.maven.surefire.booter.ForkedBooter.main(ForkedBooter.java:548)\nCaused by: com.microsoft.playwright.PlaywrightException: Error {\n  message='Execution context was destroyed, most likely because of a navigation.\n  name='Error\n  stack='Error: Execution context was destroyed, most likely because of a navigation.\n    at rewriteError (/tmp/playwright-java-10399113502884177801/package/lib/server/chromium/crExecutionContext.js:115:15)\n    at async CRExecutionContext.evaluateWithArguments (/tmp/playwright-java-10399113502884177801/package/lib/server/chromium/crExecutionContext.js:67:60)\n    at async evaluateExpression (/tmp/playwright-java-10399113502884177801/package/lib/server/javascript.js:181:16)\n    at async Selectors._queryAll (/tmp/playwright-java-10399113502884177801/package/lib/server/selectors.js:72:29)\n    at async FrameDispatcher.querySelectorAll (/tmp/playwright-java-10399113502884177801/package/lib/dispatchers/frameDispatcher.js:78:26)\n    at async DispatcherConnection.dispatch (/tmp/playwright-java-10399113502884177801/package/lib/dispatchers/dispatcher.js:181:28)\n}\n\tat com.microsoft.playwright.impl.WaitableResult.get(WaitableResult.java:54)\n\tat com.microsoft.playwright.impl.ChannelOwner.runUntil(ChannelOwner.java:88)\n\tat com.microsoft.playwright.impl.Connection.sendMessage(Connection.java:96)\n\tat com.microsoft.playwright.impl.ChannelOwner.sendMessage(ChannelOwner.java:79)\n\tat com.microsoft.playwright.impl.FrameImpl.querySelectorAllImpl(FrameImpl.java:121)\n\tat com.microsoft.playwright.impl.PageImpl.lambda$querySelectorAll$1(PageImpl.java:536)\n\tat com.microsoft.playwright.impl.LoggingSupport.withLogging(LoggingSupport.java:47)\n\tat com.microsoft.playwright.impl.PageImpl.querySelectorAll(PageImpl.java:536)\n\tat com.shaft.gui.element.PlayWrightElementActions.getMatchingElementsCount(PlayWrightElementActions.java:667)\n\t... 39 more\nCaused by: com.microsoft.playwright.impl.DriverException: Error {\n  message='Execution context was destroyed, most likely because of a navigation.\n  name='Error\n  stack='Error: Execution context was destroyed, most likely because of a navigation.\n    at rewriteError (/tmp/playwright-java-10399113502884177801/package/lib/server/chromium/crExecutionContext.js:115:15)\n    at async CRExecutionContext.evaluateWithArguments (/tmp/playwright-java-10399113502884177801/package/lib/server/chromium/crExecutionContext.js:67:60)\n    at async evaluateExpression (/tmp/playwright-java-10399113502884177801/package/lib/server/javascript.js:181:16)\n    at async Selectors._queryAll (/tmp/playwright-java-10399113502884177801/package/lib/server/selectors.js:72:29)\n    at async FrameDispatcher.querySelectorAll (/tmp/playwright-java-10399113502884177801/package/lib/dispatchers/frameDispatcher.js:78:26)\n    at async DispatcherConnection.dispatch (/tmp/playwright-java-10399113502884177801/package/lib/dispatchers/dispatcher.js:181:28)\n}\n\tat com.microsoft.playwright.impl.Connection.dispatch(Connection.java:209)\n\tat com.microsoft.playwright.impl.Connection.processOneMessage(Connection.java:189)\n\tat com.microsoft.playwright.impl.ChannelOwner.runUntil(ChannelOwner.java:86)\n\t... 46 more\n",
  "flaky" : false,
  "newFailed" : false,
  "beforeStages" : [ {
    "name" : "beforeClass",
    "time" : {
      "start" : 1620734696604,
      "stop" : 1620734711881,
      "duration" : 15277
    },
    "description" : "",
    "status" : "passed",
    "steps" : [ {
      "name" : "Action [482]: Successfully loaded the following test data file [src/test/resources/TestDataFiles/testSuite01/TestData.xlsx].",
      "time" : {
        "start" : 1620734696661,
        "stop" : 1620734696661,
        "duration" : 0
      },
      "status" : "passed",
      "steps" : [ ],
      "attachments" : [ {
        "uid" : "bf9a0c345b2ea01b",
        "name" : "Attachment: Test Data - Excel",
        "source" : "bf9a0c345b2ea01b.xlsx",
        "type" : "application/vnd.openxmlformats-officedocument.spreadsheetml.sheet",
        "size" : 12483
      } ],
      "parameters" : [ {
        "name" : "actionCounter",
        "value" : "482"
      }, {
        "name" : "logText",
        "value" : "Successfully loaded the following test data file [src/test/resources/TestDataFiles/testSuite01/TestData.xlsx]."
      }, {
        "name" : "attachments",
        "value" : "[[Test Data, Excel, java.io.FileInputStream@4f292951]]"
      } ],
      "stepsCount" : 0,
      "attachmentsCount" : 1,
      "shouldDisplayMessage" : false,
      "hasContent" : true
    }, {
      "name" : "Action [483]: Attempting to run using Playwright locally on: [Linux-64], [GoogleChrome], Headless Execution.",
      "time" : {
        "start" : 1620734711505,
        "stop" : 1620734711505,
        "duration" : 0
      },
      "status" : "passed",
      "steps" : [ ],
      "attachments" : [ ],
      "parameters" : [ {
        "name" : "actionCounter",
        "value" : "483"
      }, {
        "name" : "logText",
        "value" : "Attempting to run using Playwright locally on: [Linux-64], [GoogleChrome], Headless Execution."
      } ],
      "stepsCount" : 0,
      "attachmentsCount" : 0,
      "shouldDisplayMessage" : false,
      "hasContent" : true
    } ],
    "attachments" : [ ],
    "parameters" : [ ],
    "stepsCount" : 2,
    "attachmentsCount" : 1,
    "shouldDisplayMessage" : false,
    "hasContent" : true
  } ],
  "testStage" : {
    "status" : "failed",
    "statusMessage" : "Element Action [getMatchingElementsCount] failed.",
    "statusTrace" : "java.lang.AssertionError: Element Action [getMatchingElementsCount] failed.\n\tat org.testng.Assert.fail(Assert.java:87)\n\tat com.shaft.gui.element.PlayWrightElementActions.failAction(PlayWrightElementActions.java:653)\n\tat com.shaft.gui.element.PlayWrightElementActions.failAction(PlayWrightElementActions.java:645)\n\tat com.shaft.gui.element.PlayWrightElementActions.getMatchingElementsCount(PlayWrightElementActions.java:669)\n\tat com.shaft.gui.element.PlayWrightElementActions.identifyUniqueElement(PlayWrightElementActions.java:676)\n\tat com.shaft.gui.element.PlayWrightElementActions.identifyUniqueElement(PlayWrightElementActions.java:573)\n\tat com.shaft.gui.element.PlayWrightElementActions.getText(PlayWrightElementActions.java:285)\n\tat com.shaft.gui.element.PlayWrightElementActions.getText(PlayWrightElementActions.java:911)\n\tat poms.GoogleSearchResults.assertResultsStatsExistsAndIsNotEmpty(GoogleSearchResults.java:35)\n\tat testPackage01.Test_google_playwright.searchForQueryandAssertResultsNumDisplayed(Test_google_playwright.java:35)\n\tat java.base/jdk.internal.reflect.NativeMethodAccessorImpl.invoke0(Native Method)\n\tat java.base/jdk.internal.reflect.NativeMethodAccessorImpl.invoke(NativeMethodAccessorImpl.java:64)\n\tat java.base/jdk.internal.reflect.DelegatingMethodAccessorImpl.invoke(DelegatingMethodAccessorImpl.java:43)\n\tat java.base/java.lang.reflect.Method.invoke(Method.java:564)\n\tat org.testng.internal.MethodInvocationHelper.invokeMethod(MethodInvocationHelper.java:133)\n\tat org.testng.internal.TestInvoker.invokeMethod(TestInvoker.java:598)\n\tat org.testng.internal.TestInvoker.invokeTestMethod(TestInvoker.java:173)\n\tat org.testng.internal.MethodRunner.runInSequence(MethodRunner.java:46)\n\tat org.testng.internal.TestInvoker$MethodInvocationAgent.invoke(TestInvoker.java:824)\n\tat org.testng.internal.TestInvoker.invokeTestMethods(TestInvoker.java:146)\n\tat org.testng.internal.TestMethodWorker.invokeTestMethods(TestMethodWorker.java:146)\n\tat org.testng.internal.TestMethodWorker.run(TestMethodWorker.java:128)\n\tat java.base/java.util.ArrayList.forEach(ArrayList.java:1511)\n\tat org.testng.TestRunner.privateRun(TestRunner.java:794)\n\tat org.testng.TestRunner.run(TestRunner.java:596)\n\tat org.testng.SuiteRunner.runTest(SuiteRunner.java:377)\n\tat org.testng.SuiteRunner.runSequentially(SuiteRunner.java:371)\n\tat org.testng.SuiteRunner.privateRun(SuiteRunner.java:332)\n\tat org.testng.SuiteRunner.run(SuiteRunner.java:276)\n\tat org.testng.SuiteRunnerWorker.runSuite(SuiteRunnerWorker.java:53)\n\tat org.testng.SuiteRunnerWorker.run(SuiteRunnerWorker.java:96)\n\tat org.testng.TestNG.runSuitesSequentially(TestNG.java:1212)\n\tat org.testng.TestNG.runSuitesLocally(TestNG.java:1134)\n\tat org.testng.TestNG.runSuites(TestNG.java:1063)\n\tat org.testng.TestNG.run(TestNG.java:1031)\n\tat org.apache.maven.surefire.testng.TestNGExecutor.run(TestNGExecutor.java:136)\n\tat org.apache.maven.surefire.testng.TestNGDirectoryTestSuite.executeMulti(TestNGDirectoryTestSuite.java:193)\n\tat org.apache.maven.surefire.testng.TestNGDirectoryTestSuite.execute(TestNGDirectoryTestSuite.java:94)\n\tat org.apache.maven.surefire.testng.TestNGProvider.invoke(TestNGProvider.java:145)\n\tat org.apache.maven.surefire.booter.ForkedBooter.runSuitesInProcess(ForkedBooter.java:428)\n\tat org.apache.maven.surefire.booter.ForkedBooter.execute(ForkedBooter.java:162)\n\tat org.apache.maven.surefire.booter.ForkedBooter.run(ForkedBooter.java:562)\n\tat org.apache.maven.surefire.booter.ForkedBooter.main(ForkedBooter.java:548)\nCaused by: com.microsoft.playwright.PlaywrightException: Error {\n  message='Execution context was destroyed, most likely because of a navigation.\n  name='Error\n  stack='Error: Execution context was destroyed, most likely because of a navigation.\n    at rewriteError (/tmp/playwright-java-10399113502884177801/package/lib/server/chromium/crExecutionContext.js:115:15)\n    at async CRExecutionContext.evaluateWithArguments (/tmp/playwright-java-10399113502884177801/package/lib/server/chromium/crExecutionContext.js:67:60)\n    at async evaluateExpression (/tmp/playwright-java-10399113502884177801/package/lib/server/javascript.js:181:16)\n    at async Selectors._queryAll (/tmp/playwright-java-10399113502884177801/package/lib/server/selectors.js:72:29)\n    at async FrameDispatcher.querySelectorAll (/tmp/playwright-java-10399113502884177801/package/lib/dispatchers/frameDispatcher.js:78:26)\n    at async DispatcherConnection.dispatch (/tmp/playwright-java-10399113502884177801/package/lib/dispatchers/dispatcher.js:181:28)\n}\n\tat com.microsoft.playwright.impl.WaitableResult.get(WaitableResult.java:54)\n\tat com.microsoft.playwright.impl.ChannelOwner.runUntil(ChannelOwner.java:88)\n\tat com.microsoft.playwright.impl.Connection.sendMessage(Connection.java:96)\n\tat com.microsoft.playwright.impl.ChannelOwner.sendMessage(ChannelOwner.java:79)\n\tat com.microsoft.playwright.impl.FrameImpl.querySelectorAllImpl(FrameImpl.java:121)\n\tat com.microsoft.playwright.impl.PageImpl.lambda$querySelectorAll$1(PageImpl.java:536)\n\tat com.microsoft.playwright.impl.LoggingSupport.withLogging(LoggingSupport.java:47)\n\tat com.microsoft.playwright.impl.PageImpl.querySelectorAll(PageImpl.java:536)\n\tat com.shaft.gui.element.PlayWrightElementActions.getMatchingElementsCount(PlayWrightElementActions.java:667)\n\t... 39 more\nCaused by: com.microsoft.playwright.impl.DriverException: Error {\n  message='Execution context was destroyed, most likely because of a navigation.\n  name='Error\n  stack='Error: Execution context was destroyed, most likely because of a navigation.\n    at rewriteError (/tmp/playwright-java-10399113502884177801/package/lib/server/chromium/crExecutionContext.js:115:15)\n    at async CRExecutionContext.evaluateWithArguments (/tmp/playwright-java-10399113502884177801/package/lib/server/chromium/crExecutionContext.js:67:60)\n    at async evaluateExpression (/tmp/playwright-java-10399113502884177801/package/lib/server/javascript.js:181:16)\n    at async Selectors._queryAll (/tmp/playwright-java-10399113502884177801/package/lib/server/selectors.js:72:29)\n    at async FrameDispatcher.querySelectorAll (/tmp/playwright-java-10399113502884177801/package/lib/dispatchers/frameDispatcher.js:78:26)\n    at async DispatcherConnection.dispatch (/tmp/playwright-java-10399113502884177801/package/lib/dispatchers/dispatcher.js:181:28)\n}\n\tat com.microsoft.playwright.impl.Connection.dispatch(Connection.java:209)\n\tat com.microsoft.playwright.impl.Connection.processOneMessage(Connection.java:189)\n\tat com.microsoft.playwright.impl.ChannelOwner.runUntil(ChannelOwner.java:86)\n\t... 46 more\n",
    "steps" : [ {
      "name" : "Action [487]: Element Action [type] successfully performed. With the following test data [SHAFT_Engine].",
      "time" : {
        "start" : 1620734713840,
        "stop" : 1620734713841,
        "duration" : 1
      },
      "status" : "passed",
      "steps" : [ ],
      "attachments" : [ ],
      "parameters" : [ {
        "name" : "actionCounter",
        "value" : "487"
      }, {
        "name" : "logText",
        "value" : "Element Action [type] successfully performed. With the following test data [SHAFT_Engine]."
      } ],
      "stepsCount" : 0,
      "attachmentsCount" : 0,
      "shouldDisplayMessage" : false,
      "hasContent" : true
    }, {
      "name" : "Action [488]: Element Action [keyPress] successfully performed. With the following test data [Enter].",
      "time" : {
        "start" : 1620734713861,
        "stop" : 1620734713861,
        "duration" : 0
      },
      "status" : "passed",
      "steps" : [ ],
      "attachments" : [ ],
      "parameters" : [ {
        "name" : "actionCounter",
        "value" : "488"
      }, {
        "name" : "logText",
        "value" : "Element Action [keyPress] successfully performed. With the following test data [Enter]."
      } ],
      "stepsCount" : 0,
      "attachmentsCount" : 0,
      "shouldDisplayMessage" : false,
      "hasContent" : true
    }, {
      "name" : "Action [489]: Element Action [getMatchingElementsCount] failed.",
      "time" : {
        "start" : 1620734714184,
        "stop" : 1620734714185,
        "duration" : 1
      },
      "status" : "passed",
      "steps" : [ ],
      "attachments" : [ {
        "uid" : "7f98b6104f4a0a52",
        "name" : "Attachment: Screenshot - 1620734714092_searchForQueryandAssertResultsNumDisplayed_getMatchingElementsCount_failed",
        "source" : "7f98b6104f4a0a52.png",
        "type" : "image/png",
        "size" : 15457
      } ],
      "parameters" : [ {
        "name" : "actionCounter",
        "value" : "489"
      }, {
        "name" : "logText",
        "value" : "Element Action [getMatchingElementsCount] failed."
      }, {
        "name" : "attachments",
        "value" : "[[Screenshot, 1620734714092_searchForQueryandAssertResultsNumDisplayed_getMatchingElementsCount_failed, java.io.ByteArrayInputStream@165ce058]]"
      } ],
      "stepsCount" : 0,
      "attachmentsCount" : 1,
      "shouldDisplayMessage" : false,
      "hasContent" : true
    } ],
    "attachments" : [ {
      "uid" : "247d52423907fb04",
      "name" : "Attachment: SHAFT Engine Logs - Current Method log: searchForQueryandAssertResultsNumDisplayed",
      "source" : "247d52423907fb04.txt",
      "type" : "text/plain",
      "size" : 1095
    } ],
    "parameters" : [ ],
    "stepsCount" : 3,
    "attachmentsCount" : 2,
    "shouldDisplayMessage" : true,
    "hasContent" : true
  },
  "afterStages" : [ {
    "name" : "afterClass",
    "time" : {
      "start" : 1620734714200,
      "stop" : 1620734714263,
      "duration" : 63
    },
    "description" : "",
    "status" : "passed",
    "steps" : [ {
      "name" : "Action [490]: Successfully Closed PlayWright Driver.",
      "time" : {
        "start" : 1620734714263,
        "stop" : 1620734714263,
        "duration" : 0
      },
      "status" : "passed",
      "steps" : [ ],
      "attachments" : [ ],
      "parameters" : [ {
        "name" : "actionCounter",
        "value" : "490"
      }, {
        "name" : "logText",
        "value" : "Successfully Closed PlayWright Driver."
      } ],
      "stepsCount" : 0,
      "attachmentsCount" : 0,
      "shouldDisplayMessage" : false,
      "hasContent" : true
    } ],
    "attachments" : [ ],
    "parameters" : [ ],
    "stepsCount" : 1,
    "attachmentsCount" : 0,
    "shouldDisplayMessage" : false,
    "hasContent" : true
  }, {
    "name" : "closureActivities",
    "time" : {
      "start" : 1620734731645,
      "stop" : 1620734732416,
      "duration" : 771
    },
    "description" : "",
    "status" : "passed",
    "steps" : [ {
      "name" : "Action [537]: Successfully Closed All Drivers.",
      "time" : {
        "start" : 1620734731645,
        "stop" : 1620734731645,
        "duration" : 0
      },
      "status" : "passed",
      "steps" : [ ],
      "attachments" : [ ],
      "parameters" : [ {
        "name" : "actionCounter",
        "value" : "537"
      }, {
        "name" : "logText",
        "value" : "Successfully Closed All Drivers."
      } ],
      "stepsCount" : 0,
      "attachmentsCount" : 0,
      "shouldDisplayMessage" : false,
      "hasContent" : true
    }, {
      "name" : "Action [538]: Issue Summary: Total Issues = 3, New issues for Failed Tests = 1, Open issues for Passed Tests = 2, Open issues for Failed Tests = 0. Kindly check the attached Issue details.",
      "time" : {
        "start" : 1620734731660,
        "stop" : 1620734731660,
        "duration" : 0
      },
      "status" : "passed",
      "steps" : [ ],
      "attachments" : [ {
        "uid" : "113062df6da0e645",
        "name" : "Attachment: SHAFT Engine Logs - Issues log CSV: 20210511-120531",
        "source" : "113062df6da0e645.csv",
        "type" : "text/csv",
        "size" : 384
      } ],
      "parameters" : [ {
        "name" : "actionCounter",
        "value" : "538"
      }, {
        "name" : "logText",
        "value" : "Issue Summary: Total Issues = 3, New issues for Failed Tests = 1, Open issues for Passed Tests = 2, Open issues for Failed Tests = 0. Kindly check the attached Issue details."
      }, {
        "name" : "attachments",
        "value" : "[[SHAFT Engine Logs, Issues log CSV: 20210511-120531, java.io.ByteArrayInputStream@49d29c35]]"
      } ],
      "stepsCount" : 0,
      "attachmentsCount" : 1,
      "shouldDisplayMessage" : false,
      "hasContent" : true
    } ],
    "attachments" : [ {
      "uid" : "92b523a8c973c76a",
      "name" : "Attachment: SHAFT Engine Logs - Execution log: 20210511-120531",
      "source" : "92b523a8c973c76a.txt",
      "type" : "text/plain",
      "size" : 252513
    }, {
      "uid" : "aa95fabe1878a58a",
      "name" : "Attachment: HTML - Extent Emailable Execution Report",
      "source" : "aa95fabe1878a58a.html",
      "type" : "text/html",
      "size" : 7602994
    } ],
    "parameters" : [ ],
    "stepsCount" : 2,
    "attachmentsCount" : 3,
    "shouldDisplayMessage" : false,
    "hasContent" : true
  } ],
  "labels" : [ {
    "name" : "package",
    "value" : "testPackage01.Test_google_playwright"
  }, {
    "name" : "testClass",
    "value" : "testPackage01.Test_google_playwright"
  }, {
    "name" : "testMethod",
    "value" : "searchForQueryandAssertResultsNumDisplayed"
  }, {
    "name" : "parentSuite",
    "value" : "SHAFT: Custom Suite"
  }, {
    "name" : "suite",
    "value" : "SHAFT: Custom Test"
  }, {
    "name" : "subSuite",
    "value" : "testPackage01.Test_google_playwright"
  }, {
    "name" : "host",
    "value" : "fv-az204-146"
  }, {
    "name" : "thread",
    "value" : "3861@fv-az204-146.main(1)"
  }, {
    "name" : "framework",
    "value" : "testng"
  }, {
    "name" : "language",
    "value" : "java"
  }, {
    "name" : "resultFormat",
    "value" : "allure2"
  } ],
  "parameters" : [ ],
  "links" : [ ],
  "hidden" : false,
  "retry" : false,
  "extra" : {
    "severity" : "normal",
    "retries" : [ ],
    "categories" : [ {
      "name" : "Product defects",
      "matchedStatuses" : [ ],
      "flaky" : false
    } ],
    "history" : {
      "statistic" : {
        "failed" : 2,
        "broken" : 0,
        "skipped" : 0,
        "passed" : 0,
        "unknown" : 0,
        "total" : 2
      },
      "items" : [ {
        "uid" : "628907dd99100bb1",
        "reportUrl" : "https://MohabMohie.github.io/SHAFT_ENGINE/allure/463//#testresult/628907dd99100bb1",
        "status" : "failed",
        "statusDetails" : "Element Action [getMatchingElementsCount] failed.",
        "time" : {
          "start" : 1620717493053,
          "stop" : 1620717493770,
          "duration" : 717
        }
      } ]
    },
    "tags" : [ ]
  },
  "source" : "291d60aad672501f.json",
  "parameterValues" : [ ]
}