{
  "uid" : "efa8ff9be2cadad6",
  "name" : "f21",
  "fullName" : "testPackage01.Test_NewValidationHelper.f21",
  "historyId" : "259a17265cbc92933de3cafb98400a6e",
  "time" : {
    "start" : 1620734627691,
    "stop" : 1620734653269,
    "duration" : 25578
  },
  "status" : "passed",
  "flaky" : false,
  "newFailed" : false,
  "beforeStages" : [ {
    "name" : "openBrowser",
    "time" : {
      "start" : 1620734626914,
      "stop" : 1620734627689,
      "duration" : 775
    },
    "description" : "",
    "status" : "passed",
    "steps" : [ {
      "name" : "Action [418]: Attempting to run remotely on: [Linux-64], [GoogleChrome], [http://localhost:4444/wd/hub], Headless Execution.",
      "time" : {
        "start" : 1620734626914,
        "stop" : 1620734626914,
        "duration" : 0
      },
      "status" : "passed",
      "steps" : [ ],
      "attachments" : [ ],
      "parameters" : [ {
        "name" : "actionCounter",
        "value" : "418"
      }, {
        "name" : "logText",
        "value" : "Attempting to run remotely on: [Linux-64], [GoogleChrome], [http://localhost:4444/wd/hub], Headless Execution."
      } ],
      "stepsCount" : 0,
      "attachmentsCount" : 0,
      "shouldDisplayMessage" : false,
      "hasContent" : true
    }, {
      "name" : "Action [419]: Successfully Opened [GoogleChrome].",
      "time" : {
        "start" : 1620734627147,
        "stop" : 1620734627147,
        "duration" : 0
      },
      "status" : "passed",
      "steps" : [ ],
      "attachments" : [ ],
      "parameters" : [ {
        "name" : "actionCounter",
        "value" : "419"
      }, {
        "name" : "logText",
        "value" : "Successfully Opened [GoogleChrome]."
      } ],
      "stepsCount" : 0,
      "attachmentsCount" : 0,
      "shouldDisplayMessage" : false,
      "hasContent" : true
    }, {
      "name" : "Action [420]: Browser Action [navigateToURL] successfully performed. With the following test data [https://the-internet.herokuapp.com/].",
      "time" : {
        "start" : 1620734627689,
        "stop" : 1620734627689,
        "duration" : 0
      },
      "status" : "passed",
      "steps" : [ ],
      "attachments" : [ ],
      "parameters" : [ {
        "name" : "actionCounter",
        "value" : "420"
      }, {
        "name" : "logText",
        "value" : "Browser Action [navigateToURL] successfully performed. With the following test data [https://the-internet.herokuapp.com/]."
      }, {
        "name" : "attachments",
        "value" : "[null]"
      } ],
      "stepsCount" : 0,
      "attachmentsCount" : 0,
      "shouldDisplayMessage" : false,
      "hasContent" : true
    } ],
    "attachments" : [ ],
    "parameters" : [ ],
    "stepsCount" : 3,
    "attachmentsCount" : 0,
    "shouldDisplayMessage" : false,
    "hasContent" : true
  } ],
  "testStage" : {
    "status" : "passed",
    "steps" : [ {
      "name" : "Action [421]: Element Action [identifyUniqueElement] failed. With the following test data [zero elements found matching this locator \"By.tagName: h3\".].",
      "time" : {
        "start" : 1620734653267,
        "stop" : 1620734653268,
        "duration" : 1
      },
      "status" : "passed",
      "steps" : [ ],
      "attachments" : [ {
        "uid" : "f8f07506c6e1ad2e",
        "name" : "Attachment: Screenshot - 1620734653201_f21_identifyUniqueElement_failed",
        "source" : "f8f07506c6e1ad2e.png",
        "type" : "image/png",
        "size" : 55570
      } ],
      "parameters" : [ {
        "name" : "actionCounter",
        "value" : "421"
      }, {
        "name" : "logText",
        "value" : "Element Action [identifyUniqueElement] failed. With the following test data [zero elements found matching this locator \"By.tagName: h3\".]."
      }, {
        "name" : "attachments",
        "value" : "[[Screenshot, 1620734653201_f21_identifyUniqueElement_failed, java.io.ByteArrayInputStream@67657c88]]"
      } ],
      "stepsCount" : 0,
      "attachmentsCount" : 1,
      "shouldDisplayMessage" : false,
      "hasContent" : true
    }, {
      "name" : "Action [422]: AssertElementAttribute FAILED; Expected [Value Should be 'Welcome' for the 'text' attribute, element locator 'By.tagName: h3'] and Actual [Failed to read the desired element attribute]. Comparison Type [CONTAINS]. Validation Type [POSITIVE].",
      "time" : {
        "start" : 1620734653269,
        "stop" : 1620734653269,
        "duration" : 0
      },
      "status" : "passed",
      "steps" : [ ],
      "attachments" : [ ],
      "parameters" : [ {
        "name" : "actionCounter",
        "value" : "422"
      }, {
        "name" : "logText",
        "value" : "AssertElementAttribute FAILED; Expected [Value Should be 'Welcome' for the 'text' attribute, element locator 'By.tagName: h3'] and Actual [Failed to read the desired element attribute]. Comparison Type [CONTAINS]. Validation Type [POSITIVE]."
      } ],
      "stepsCount" : 0,
      "attachmentsCount" : 0,
      "shouldDisplayMessage" : false,
      "hasContent" : true
    } ],
    "attachments" : [ {
      "uid" : "4fc36ca4774fb804",
      "name" : "Attachment: SHAFT Engine Logs - Current Method log: f21",
      "source" : "4fc36ca4774fb804.txt",
      "type" : "text/plain",
      "size" : 1026
    } ],
    "parameters" : [ ],
    "stepsCount" : 2,
    "attachmentsCount" : 2,
    "shouldDisplayMessage" : false,
    "hasContent" : true
  },
  "afterStages" : [ {
    "name" : "closeBrowser",
    "time" : {
      "start" : 1620734653270,
      "stop" : 1620734653455,
      "duration" : 185
    },
    "description" : "",
    "status" : "passed",
    "steps" : [ {
      "name" : "Action [423]: Successfully Closed All Drivers.",
      "time" : {
        "start" : 1620734653454,
        "stop" : 1620734653455,
        "duration" : 1
      },
      "status" : "passed",
      "steps" : [ ],
      "attachments" : [ ],
      "parameters" : [ {
        "name" : "actionCounter",
        "value" : "423"
      }, {
        "name" : "logText",
        "value" : "Successfully Closed All Drivers."
      } ],
      "stepsCount" : 0,
      "attachmentsCount" : 0,
      "shouldDisplayMessage" : false,
      "hasContent" : true
    } ],
    "attachments" : [ {
      "uid" : "ad6d3e9c5c666e00",
      "name" : "Attachment: Selenium WebDriver Logs - server",
      "source" : "ad6d3e9c5c666e00.txt",
      "type" : "text/plain",
      "size" : 1288
    }, {
      "uid" : "256aa4e7576c9d32",
      "name" : "Attachment: Selenium WebDriver Logs - performance",
      "source" : "256aa4e7576c9d32.txt",
      "type" : "text/plain",
      "size" : 64165
    }, {
      "uid" : "edf9b1590f022140",
      "name" : "Attachment: Selenium WebDriver Logs - browser",
      "source" : "edf9b1590f022140.txt",
      "type" : "text/plain",
      "size" : 296
    }, {
      "uid" : "5e5b96e418e99c9c",
      "name" : "Attachment: Selenium WebDriver Logs - driver",
      "source" : "5e5b96e418e99c9c.txt",
      "type" : "text/plain",
      "size" : 242862
    } ],
    "parameters" : [ ],
    "stepsCount" : 1,
    "attachmentsCount" : 4,
    "shouldDisplayMessage" : false,
    "hasContent" : true
  }, {
    "name" : "closureActivities",
    "time" : {
      "start" : 1620734731645,
      "stop" : 1620734732416,
      "duration" : 771
    },
    "description" : "",
    "status" : "passed",
    "steps" : [ {
      "name" : "Action [537]: Successfully Closed All Drivers.",
      "time" : {
        "start" : 1620734731645,
        "stop" : 1620734731645,
        "duration" : 0
      },
      "status" : "passed",
      "steps" : [ ],
      "attachments" : [ ],
      "parameters" : [ {
        "name" : "actionCounter",
        "value" : "537"
      }, {
        "name" : "logText",
        "value" : "Successfully Closed All Drivers."
      } ],
      "stepsCount" : 0,
      "attachmentsCount" : 0,
      "shouldDisplayMessage" : false,
      "hasContent" : true
    }, {
      "name" : "Action [538]: Issue Summary: Total Issues = 3, New issues for Failed Tests = 1, Open issues for Passed Tests = 2, Open issues for Failed Tests = 0. Kindly check the attached Issue details.",
      "time" : {
        "start" : 1620734731660,
        "stop" : 1620734731660,
        "duration" : 0
      },
      "status" : "passed",
      "steps" : [ ],
      "attachments" : [ {
        "uid" : "113062df6da0e645",
        "name" : "Attachment: SHAFT Engine Logs - Issues log CSV: 20210511-120531",
        "source" : "113062df6da0e645.csv",
        "type" : "text/csv",
        "size" : 384
      } ],
      "parameters" : [ {
        "name" : "actionCounter",
        "value" : "538"
      }, {
        "name" : "logText",
        "value" : "Issue Summary: Total Issues = 3, New issues for Failed Tests = 1, Open issues for Passed Tests = 2, Open issues for Failed Tests = 0. Kindly check the attached Issue details."
      }, {
        "name" : "attachments",
        "value" : "[[SHAFT Engine Logs, Issues log CSV: 20210511-120531, java.io.ByteArrayInputStream@49d29c35]]"
      } ],
      "stepsCount" : 0,
      "attachmentsCount" : 1,
      "shouldDisplayMessage" : false,
      "hasContent" : true
    } ],
    "attachments" : [ {
      "uid" : "92b523a8c973c76a",
      "name" : "Attachment: SHAFT Engine Logs - Execution log: 20210511-120531",
      "source" : "92b523a8c973c76a.txt",
      "type" : "text/plain",
      "size" : 252513
    }, {
      "uid" : "aa95fabe1878a58a",
      "name" : "Attachment: HTML - Extent Emailable Execution Report",
      "source" : "aa95fabe1878a58a.html",
      "type" : "text/html",
      "size" : 7602994
    } ],
    "parameters" : [ ],
    "stepsCount" : 2,
    "attachmentsCount" : 3,
    "shouldDisplayMessage" : false,
    "hasContent" : true
  } ],
  "labels" : [ {
    "name" : "package",
    "value" : "testPackage01.Test_NewValidationHelper"
  }, {
    "name" : "testClass",
    "value" : "testPackage01.Test_NewValidationHelper"
  }, {
    "name" : "testMethod",
    "value" : "f21"
  }, {
    "name" : "parentSuite",
    "value" : "SHAFT: Custom Suite"
  }, {
    "name" : "suite",
    "value" : "SHAFT: Custom Test"
  }, {
    "name" : "subSuite",
    "value" : "testPackage01.Test_NewValidationHelper"
  }, {
    "name" : "host",
    "value" : "fv-az204-146"
  }, {
    "name" : "thread",
    "value" : "3861@fv-az204-146.main(1)"
  }, {
    "name" : "framework",
    "value" : "testng"
  }, {
    "name" : "language",
    "value" : "java"
  }, {
    "name" : "resultFormat",
    "value" : "allure2"
  } ],
  "parameters" : [ ],
  "links" : [ ],
  "hidden" : false,
  "retry" : false,
  "extra" : {
    "severity" : "normal",
    "retries" : [ ],
    "categories" : [ ],
    "history" : {
      "statistic" : {
        "failed" : 0,
        "broken" : 0,
        "skipped" : 0,
        "passed" : 2,
        "unknown" : 0,
        "total" : 2
      },
      "items" : [ {
        "uid" : "cc981f853d03705b",
        "reportUrl" : "https://MohabMohie.github.io/SHAFT_ENGINE/allure/463//#testresult/cc981f853d03705b",
        "status" : "passed",
        "time" : {
          "start" : 1620717407602,
          "stop" : 1620717433201,
          "duration" : 25599
        }
      } ]
    },
    "tags" : [ ]
  },
  "source" : "efa8ff9be2cadad6.json",
  "parameterValues" : [ ]
}