{
  "uid" : "1a15a8185a86bbde",
  "name" : "f12",
  "fullName" : "testPackage01.Test_NewValidationActions.f12",
  "historyId" : "e4f1c0befddb2cc79c696a26e59210d1",
  "time" : {
    "start" : 1614562671698,
    "stop" : 1614562671997,
    "duration" : 299
  },
  "status" : "passed",
  "flaky" : false,
  "newFailed" : false,
  "beforeStages" : [ {
    "name" : "openBrowser",
    "time" : {
      "start" : 1614562670925,
      "stop" : 1614562671661,
      "duration" : 736
    },
    "description" : "",
    "status" : "passed",
    "steps" : [ {
      "name" : "Action [58]: Attempting to run remotely on: [Linux-64], [GoogleChrome], [http://localhost:4444/wd/hub], Headless Execution.",
      "time" : {
        "start" : 1614562670926,
        "stop" : 1614562670926,
        "duration" : 0
      },
      "status" : "passed",
      "steps" : [ ],
      "attachments" : [ ],
      "parameters" : [ {
        "name" : "actionCounter",
        "value" : "58"
      }, {
        "name" : "logText",
        "value" : "Attempting to run remotely on: [Linux-64], [GoogleChrome], [http://localhost:4444/wd/hub], Headless Execution."
      } ],
      "stepsCount" : 0,
      "attachmentsCount" : 0,
      "shouldDisplayMessage" : false,
      "hasContent" : true
    }, {
      "name" : "Action [59]: Successfully Opened [GoogleChrome].",
      "time" : {
        "start" : 1614562671138,
        "stop" : 1614562671138,
        "duration" : 0
      },
      "status" : "passed",
      "steps" : [ ],
      "attachments" : [ ],
      "parameters" : [ {
        "name" : "actionCounter",
        "value" : "59"
      }, {
        "name" : "logText",
        "value" : "Successfully Opened [GoogleChrome]."
      } ],
      "stepsCount" : 0,
      "attachmentsCount" : 0,
      "shouldDisplayMessage" : false,
      "hasContent" : true
    }, {
      "name" : "Action [60]: Browser Action [navigateToURL] successfully performed. With the following test data [https://the-internet.herokuapp.com/].",
      "time" : {
        "start" : 1614562671660,
        "stop" : 1614562671660,
        "duration" : 0
      },
      "status" : "passed",
      "steps" : [ ],
      "attachments" : [ ],
      "parameters" : [ {
        "name" : "actionCounter",
        "value" : "60"
      }, {
        "name" : "logText",
        "value" : "Browser Action [navigateToURL] successfully performed. With the following test data [https://the-internet.herokuapp.com/]."
      }, {
        "name" : "attachments",
        "value" : "[null]"
      } ],
      "stepsCount" : 0,
      "attachmentsCount" : 0,
      "shouldDisplayMessage" : false,
      "hasContent" : true
    } ],
    "attachments" : [ {
      "uid" : "3688d9d1c5a0cf2a",
      "name" : "Attachment: SHAFT Engine Logs - Current Method log: openBrowser",
      "source" : "3688d9d1c5a0cf2a.txt",
      "type" : "text/plain",
      "size" : 744
    } ],
    "parameters" : [ ],
    "stepsCount" : 3,
    "attachmentsCount" : 1,
    "shouldDisplayMessage" : false,
    "hasContent" : true
  } ],
  "testStage" : {
    "status" : "passed",
    "steps" : [ {
      "name" : "Action [61]: AssertElementExists FAILED; Expected [Element Should not Exist, locator 'By.tagName: h1'] and Actual [Element Exists]. Comparison Type [EQUALS]. Validation Type [NEGATIVE].",
      "time" : {
        "start" : 1614562671993,
        "stop" : 1614562671994,
        "duration" : 1
      },
      "status" : "passed",
      "steps" : [ ],
      "attachments" : [ {
        "uid" : "f008876b8df24d15",
        "name" : "Attachment: Screenshot - 1614562671908_f12_AssertElementExists_failed",
        "source" : "f008876b8df24d15.png",
        "type" : "image/png",
        "size" : 158296
      } ],
      "parameters" : [ {
        "name" : "actionCounter",
        "value" : "61"
      }, {
        "name" : "logText",
        "value" : "AssertElementExists FAILED; Expected [Element Should not Exist, locator 'By.tagName: h1'] and Actual [Element Exists]. Comparison Type [EQUALS]. Validation Type [NEGATIVE]."
      }, {
        "name" : "attachments",
        "value" : "[[Screenshot, 1614562671908_f12_AssertElementExists_failed, java.io.ByteArrayInputStream@26fee641]]"
      } ],
      "stepsCount" : 0,
      "attachmentsCount" : 1,
      "shouldDisplayMessage" : false,
      "hasContent" : true
    } ],
    "attachments" : [ {
      "uid" : "2305c37f0a4429ce",
      "name" : "Attachment: SHAFT Engine Logs - Current Method log: f12",
      "source" : "2305c37f0a4429ce.txt",
      "type" : "text/plain",
      "size" : 838
    } ],
    "parameters" : [ ],
    "stepsCount" : 1,
    "attachmentsCount" : 2,
    "shouldDisplayMessage" : false,
    "hasContent" : true
  },
  "afterStages" : [ {
    "name" : "closeBrowser",
    "time" : {
      "start" : 1614562671997,
      "stop" : 1614562672183,
      "duration" : 186
    },
    "description" : "",
    "status" : "passed",
    "steps" : [ {
      "name" : "Action [62]: Successfully Closed All Browsers.",
      "time" : {
        "start" : 1614562672182,
        "stop" : 1614562672182,
        "duration" : 0
      },
      "status" : "passed",
      "steps" : [ ],
      "attachments" : [ ],
      "parameters" : [ {
        "name" : "actionCounter",
        "value" : "62"
      }, {
        "name" : "logText",
        "value" : "Successfully Closed All Browsers."
      } ],
      "stepsCount" : 0,
      "attachmentsCount" : 0,
      "shouldDisplayMessage" : false,
      "hasContent" : true
    } ],
    "attachments" : [ {
      "uid" : "3f755890dc2169f",
      "name" : "Attachment: Selenium WebDriver Logs - server",
      "source" : "3f755890dc2169f.txt",
      "type" : "text/plain",
      "size" : 1288
    }, {
      "uid" : "46606af5878e9abb",
      "name" : "Attachment: Selenium WebDriver Logs - performance",
      "source" : "46606af5878e9abb.txt",
      "type" : "text/plain",
      "size" : 58903
    }, {
      "uid" : "278982fb85d96cdd",
      "name" : "Attachment: Selenium WebDriver Logs - browser",
      "source" : "278982fb85d96cdd.txt",
      "type" : "text/plain",
      "size" : 757
    }, {
      "uid" : "a77f0d6ca382cc1f",
      "name" : "Attachment: Selenium WebDriver Logs - driver",
      "source" : "a77f0d6ca382cc1f.txt",
      "type" : "text/plain",
      "size" : 192401
    }, {
      "uid" : "27bc5037a8eebded",
      "name" : "Attachment: SHAFT Engine Logs - Current Method log: closeBrowser",
      "source" : "27bc5037a8eebded.txt",
      "type" : "text/plain",
      "size" : 531
    } ],
    "parameters" : [ ],
    "stepsCount" : 1,
    "attachmentsCount" : 5,
    "shouldDisplayMessage" : false,
    "hasContent" : true
  }, {
    "name" : "closureActivities",
    "time" : {
      "start" : 1614562931569,
      "stop" : 1614562932093,
      "duration" : 524
    },
    "description" : "",
    "status" : "passed",
    "steps" : [ {
      "name" : "Action [522]: Successfully Closed All Browsers.",
      "time" : {
        "start" : 1614562931569,
        "stop" : 1614562931569,
        "duration" : 0
      },
      "status" : "passed",
      "steps" : [ ],
      "attachments" : [ ],
      "parameters" : [ {
        "name" : "actionCounter",
        "value" : "522"
      }, {
        "name" : "logText",
        "value" : "Successfully Closed All Browsers."
      } ],
      "stepsCount" : 0,
      "attachmentsCount" : 0,
      "shouldDisplayMessage" : false,
      "hasContent" : true
    }, {
      "name" : "Action [523]: Issue Summary: Total Issues = 2, New issues for Failed Tests = 0, Open issues for Passed Tests = 2, Open issues for Failed Tests = 0. Kindly check the attached Issue details.",
      "time" : {
        "start" : 1614562931579,
        "stop" : 1614562931579,
        "duration" : 0
      },
      "status" : "passed",
      "steps" : [ ],
      "attachments" : [ {
        "uid" : "f38866929d314c21",
        "name" : "Attachment: SHAFT Engine Logs - Issues log CSV: 20210301-014211",
        "source" : "f38866929d314c21.csv",
        "type" : "text/csv",
        "size" : 228
      } ],
      "parameters" : [ {
        "name" : "actionCounter",
        "value" : "523"
      }, {
        "name" : "logText",
        "value" : "Issue Summary: Total Issues = 2, New issues for Failed Tests = 0, Open issues for Passed Tests = 2, Open issues for Failed Tests = 0. Kindly check the attached Issue details."
      }, {
        "name" : "attachments",
        "value" : "[[SHAFT Engine Logs, Issues log CSV: 20210301-014211, java.io.ByteArrayInputStream@5aef5a3]]"
      } ],
      "stepsCount" : 0,
      "attachmentsCount" : 1,
      "shouldDisplayMessage" : false,
      "hasContent" : true
    } ],
    "attachments" : [ {
      "uid" : "cc96d6afe1cbbb5c",
      "name" : "Attachment: SHAFT Engine Logs - Execution log: 20210301-014211",
      "source" : "cc96d6afe1cbbb5c.txt",
      "type" : "text/plain",
      "size" : 385742
    }, {
      "uid" : "d6bda86fec9f9e6a",
      "name" : "Attachment: HTML - Extent Emailable Execution Report",
      "source" : "d6bda86fec9f9e6a.html",
      "type" : "text/html",
      "size" : 7065611
    } ],
    "parameters" : [ ],
    "stepsCount" : 2,
    "attachmentsCount" : 3,
    "shouldDisplayMessage" : false,
    "hasContent" : true
  } ],
  "labels" : [ {
    "name" : "package",
    "value" : "testPackage01.Test_NewValidationActions"
  }, {
    "name" : "testClass",
    "value" : "testPackage01.Test_NewValidationActions"
  }, {
    "name" : "testMethod",
    "value" : "f12"
  }, {
    "name" : "parentSuite",
    "value" : "SHAFT_Engine: Custom Suite"
  }, {
    "name" : "suite",
    "value" : "SHAFT_Engine: Custom Test"
  }, {
    "name" : "subSuite",
    "value" : "testPackage01.Test_NewValidationActions"
  }, {
    "name" : "host",
    "value" : "fv-az204-915"
  }, {
    "name" : "thread",
    "value" : "3797@fv-az204-915.main(1)"
  }, {
    "name" : "framework",
    "value" : "testng"
  }, {
    "name" : "language",
    "value" : "java"
  }, {
    "name" : "resultFormat",
    "value" : "allure2"
  } ],
  "parameters" : [ ],
  "links" : [ ],
  "hidden" : false,
  "retry" : false,
  "extra" : {
    "severity" : "normal",
    "retries" : [ ],
    "categories" : [ ],
    "tags" : [ ]
  },
  "source" : "1a15a8185a86bbde.json",
  "parameterValues" : [ ]
}