{
  "uid" : "12401acb4bb0d178",
  "name" : "f15",
  "fullName" : "testPackage01.Test_NewValidationActions.f15",
  "historyId" : "8ad0e7501f35925a6444f1e8c5b341c5",
  "time" : {
    "start" : 1612834233287,
    "stop" : 1612834233610,
    "duration" : 323
  },
  "status" : "passed",
  "flaky" : false,
  "newFailed" : false,
  "beforeStages" : [ {
    "name" : "openBrowser",
    "time" : {
      "start" : 1612834232652,
      "stop" : 1612834233285,
      "duration" : 633
    },
    "description" : "",
    "status" : "passed",
    "steps" : [ {
      "name" : "Action [150]: Attempting to run remotely on: [Linux-64], [GoogleChrome], [http://localhost:4444/wd/hub], Headless Execution.",
      "time" : {
        "start" : 1612834232652,
        "stop" : 1612834232652,
        "duration" : 0
      },
      "status" : "passed",
      "steps" : [ ],
      "attachments" : [ ],
      "parameters" : [ {
        "name" : "actionCounter",
        "value" : "150"
      }, {
        "name" : "logText",
        "value" : "Attempting to run remotely on: [Linux-64], [GoogleChrome], [http://localhost:4444/wd/hub], Headless Execution."
      } ],
      "stepsCount" : 0,
      "attachmentsCount" : 0,
      "shouldDisplayMessage" : false,
      "hasContent" : true
    }, {
      "name" : "Action [151]: Successfully Opened [GoogleChrome].",
      "time" : {
        "start" : 1612834232856,
        "stop" : 1612834232856,
        "duration" : 0
      },
      "status" : "passed",
      "steps" : [ ],
      "attachments" : [ ],
      "parameters" : [ {
        "name" : "actionCounter",
        "value" : "151"
      }, {
        "name" : "logText",
        "value" : "Successfully Opened [GoogleChrome]."
      } ],
      "stepsCount" : 0,
      "attachmentsCount" : 0,
      "shouldDisplayMessage" : false,
      "hasContent" : true
    }, {
      "name" : "Action [152]: Browser Action [navigateToURL] successfully performed. With the following test data [https://the-internet.herokuapp.com/].",
      "time" : {
        "start" : 1612834233285,
        "stop" : 1612834233285,
        "duration" : 0
      },
      "status" : "passed",
      "steps" : [ ],
      "attachments" : [ ],
      "parameters" : [ {
        "name" : "actionCounter",
        "value" : "152"
      }, {
        "name" : "logText",
        "value" : "Browser Action [navigateToURL] successfully performed. With the following test data [https://the-internet.herokuapp.com/]."
      }, {
        "name" : "attachments",
        "value" : "[null]"
      } ],
      "stepsCount" : 0,
      "attachmentsCount" : 0,
      "shouldDisplayMessage" : false,
      "hasContent" : true
    } ],
    "attachments" : [ {
      "uid" : "22a210bbea699472",
      "name" : "Attachment: SHAFT Engine Logs - Current Method log: openBrowser",
      "source" : "22a210bbea699472.txt",
      "type" : "text/plain",
      "size" : 744
    } ],
    "parameters" : [ ],
    "stepsCount" : 3,
    "attachmentsCount" : 1,
    "shouldDisplayMessage" : false,
    "hasContent" : true
  } ],
  "testStage" : {
    "status" : "passed",
    "steps" : [ {
      "name" : "Action [153]: AssertElementAttribute FAILED; Expected [Value Should not be 'Welcome' for the 'text' attribute, element locator 'By.tagName: h1'] and Actual [Welcome to the-internet]. Comparison Type [CONTAINS]. Validation Type [NEGATIVE].",
      "time" : {
        "start" : 1612834233609,
        "stop" : 1612834233610,
        "duration" : 1
      },
      "status" : "passed",
      "steps" : [ ],
      "attachments" : [ {
        "uid" : "abef7a8439369e88",
        "name" : "Attachment: Screenshot - 1612834233539_f15_AssertElementAttribute_failed",
        "source" : "abef7a8439369e88.png",
        "type" : "image/png",
        "size" : 158296
      } ],
      "parameters" : [ {
        "name" : "actionCounter",
        "value" : "153"
      }, {
        "name" : "logText",
        "value" : "AssertElementAttribute FAILED; Expected [Value Should not be 'Welcome' for the 'text' attribute, element locator 'By.tagName: h1'] and Actual [Welcome to the-internet]. Comparison Type [CONTAINS]. Validation Type [NEGATIVE]."
      }, {
        "name" : "attachments",
        "value" : "[[Screenshot, 1612834233539_f15_AssertElementAttribute_failed, java.io.ByteArrayInputStream@636ee65a]]"
      } ],
      "stepsCount" : 0,
      "attachmentsCount" : 1,
      "shouldDisplayMessage" : false,
      "hasContent" : true
    } ],
    "attachments" : [ {
      "uid" : "27c4451e1936e5bb",
      "name" : "Attachment: SHAFT Engine Logs - Current Method log: f15",
      "source" : "27c4451e1936e5bb.txt",
      "type" : "text/plain",
      "size" : 1043
    } ],
    "parameters" : [ ],
    "stepsCount" : 1,
    "attachmentsCount" : 2,
    "shouldDisplayMessage" : false,
    "hasContent" : true
  },
  "afterStages" : [ {
    "name" : "closeBrowser",
    "time" : {
      "start" : 1612834233611,
      "stop" : 1612834233780,
      "duration" : 169
    },
    "description" : "",
    "status" : "passed",
    "steps" : [ {
      "name" : "Action [154]: Successfully Closed All Browsers.",
      "time" : {
        "start" : 1612834233779,
        "stop" : 1612834233779,
        "duration" : 0
      },
      "status" : "passed",
      "steps" : [ ],
      "attachments" : [ ],
      "parameters" : [ {
        "name" : "actionCounter",
        "value" : "154"
      }, {
        "name" : "logText",
        "value" : "Successfully Closed All Browsers."
      } ],
      "stepsCount" : 0,
      "attachmentsCount" : 0,
      "shouldDisplayMessage" : false,
      "hasContent" : true
    } ],
    "attachments" : [ {
      "uid" : "19fe304a05a6b313",
      "name" : "Attachment: Selenium WebDriver Logs - server",
      "source" : "19fe304a05a6b313.txt",
      "type" : "text/plain",
      "size" : 1288
    }, {
      "uid" : "121f6f30dab191a3",
      "name" : "Attachment: Selenium WebDriver Logs - performance",
      "source" : "121f6f30dab191a3.txt",
      "type" : "text/plain",
      "size" : 56867
    }, {
      "uid" : "e8f6f920b8ba0175",
      "name" : "Attachment: Selenium WebDriver Logs - browser",
      "source" : "e8f6f920b8ba0175.txt",
      "type" : "text/plain",
      "size" : 757
    }, {
      "uid" : "51cdde537029166",
      "name" : "Attachment: Selenium WebDriver Logs - driver",
      "source" : "51cdde537029166.txt",
      "type" : "text/plain",
      "size" : 195699
    }, {
      "uid" : "355e333f44fbb889",
      "name" : "Attachment: SHAFT Engine Logs - Current Method log: closeBrowser",
      "source" : "355e333f44fbb889.txt",
      "type" : "text/plain",
      "size" : 531
    } ],
    "parameters" : [ ],
    "stepsCount" : 1,
    "attachmentsCount" : 5,
    "shouldDisplayMessage" : false,
    "hasContent" : true
  }, {
    "name" : "closureActivities",
    "time" : {
      "start" : 1612834477333,
      "stop" : 1612834477344,
      "duration" : 11
    },
    "description" : "",
    "status" : "passed",
    "steps" : [ {
      "name" : "Action [507]: Successfully Closed All Browsers.",
      "time" : {
        "start" : 1612834477333,
        "stop" : 1612834477333,
        "duration" : 0
      },
      "status" : "passed",
      "steps" : [ ],
      "attachments" : [ ],
      "parameters" : [ {
        "name" : "actionCounter",
        "value" : "507"
      }, {
        "name" : "logText",
        "value" : "Successfully Closed All Browsers."
      } ],
      "stepsCount" : 0,
      "attachmentsCount" : 0,
      "shouldDisplayMessage" : false,
      "hasContent" : true
    }, {
      "name" : "Action [508]: Issue Summary: Total Issues = 3, New issues for Failed Tests = 1, Open issues for Passed Tests = 2, Open issues for Failed Tests = 0. Kindly check the attached Issue details.",
      "time" : {
        "start" : 1612834477341,
        "stop" : 1612834477342,
        "duration" : 1
      },
      "status" : "passed",
      "steps" : [ ],
      "attachments" : [ {
        "uid" : "da41dd1fe1aef343",
        "name" : "Attachment: SHAFT Engine Logs - Issues log CSV: 20210209-013437",
        "source" : "da41dd1fe1aef343.csv",
        "type" : "text/csv",
        "size" : 389
      } ],
      "parameters" : [ {
        "name" : "actionCounter",
        "value" : "508"
      }, {
        "name" : "logText",
        "value" : "Issue Summary: Total Issues = 3, New issues for Failed Tests = 1, Open issues for Passed Tests = 2, Open issues for Failed Tests = 0. Kindly check the attached Issue details."
      }, {
        "name" : "attachments",
        "value" : "[[SHAFT Engine Logs, Issues log CSV: 20210209-013437, java.io.ByteArrayInputStream@6505bc3d]]"
      } ],
      "stepsCount" : 0,
      "attachmentsCount" : 1,
      "shouldDisplayMessage" : false,
      "hasContent" : true
    } ],
    "attachments" : [ {
      "uid" : "70bd07a706fa9c48",
      "name" : "Attachment: SHAFT Engine Logs - Execution log: 20210209-013437",
      "source" : "70bd07a706fa9c48.txt",
      "type" : "text/plain",
      "size" : 387504
    } ],
    "parameters" : [ ],
    "stepsCount" : 2,
    "attachmentsCount" : 2,
    "shouldDisplayMessage" : false,
    "hasContent" : true
  } ],
  "labels" : [ {
    "name" : "package",
    "value" : "testPackage01.Test_NewValidationActions"
  }, {
    "name" : "testClass",
    "value" : "testPackage01.Test_NewValidationActions"
  }, {
    "name" : "testMethod",
    "value" : "f15"
  }, {
    "name" : "parentSuite",
    "value" : "SHAFT_Engine: Custom Suite"
  }, {
    "name" : "suite",
    "value" : "SHAFT_Engine: Custom Test"
  }, {
    "name" : "subSuite",
    "value" : "testPackage01.Test_NewValidationActions"
  }, {
    "name" : "host",
    "value" : "fv-az60-834"
  }, {
    "name" : "thread",
    "value" : "5107@fv-az60-834.main(1)"
  }, {
    "name" : "framework",
    "value" : "testng"
  }, {
    "name" : "language",
    "value" : "java"
  }, {
    "name" : "resultFormat",
    "value" : "allure2"
  } ],
  "parameters" : [ ],
  "links" : [ ],
  "hidden" : false,
  "retry" : false,
  "extra" : {
    "severity" : "normal",
    "retries" : [ ],
    "categories" : [ ],
    "tags" : [ ]
  },
  "source" : "12401acb4bb0d178.json",
  "parameterValues" : [ ]
}