{
  "uid" : "b5fc8c194ab5de47",
  "name" : "f22",
  "fullName" : "testPackage01.Test_NewValidationActions.f22",
  "historyId" : "800cd9c8b5d99dd6684a556a70c6b7f1",
  "time" : {
    "start" : 1612834291371,
    "stop" : 1612834291719,
    "duration" : 348
  },
  "status" : "passed",
  "flaky" : false,
  "newFailed" : false,
  "beforeStages" : [ {
    "name" : "openBrowser",
    "time" : {
      "start" : 1612834290737,
      "stop" : 1612834291337,
      "duration" : 600
    },
    "description" : "",
    "status" : "passed",
    "steps" : [ {
      "name" : "Action [189]: Attempting to run remotely on: [Linux-64], [GoogleChrome], [http://localhost:4444/wd/hub], Headless Execution.",
      "time" : {
        "start" : 1612834290737,
        "stop" : 1612834290737,
        "duration" : 0
      },
      "status" : "passed",
      "steps" : [ ],
      "attachments" : [ ],
      "parameters" : [ {
        "name" : "actionCounter",
        "value" : "189"
      }, {
        "name" : "logText",
        "value" : "Attempting to run remotely on: [Linux-64], [GoogleChrome], [http://localhost:4444/wd/hub], Headless Execution."
      } ],
      "stepsCount" : 0,
      "attachmentsCount" : 0,
      "shouldDisplayMessage" : false,
      "hasContent" : true
    }, {
      "name" : "Action [190]: Successfully Opened [GoogleChrome].",
      "time" : {
        "start" : 1612834290930,
        "stop" : 1612834290931,
        "duration" : 1
      },
      "status" : "passed",
      "steps" : [ ],
      "attachments" : [ ],
      "parameters" : [ {
        "name" : "actionCounter",
        "value" : "190"
      }, {
        "name" : "logText",
        "value" : "Successfully Opened [GoogleChrome]."
      } ],
      "stepsCount" : 0,
      "attachmentsCount" : 0,
      "shouldDisplayMessage" : false,
      "hasContent" : true
    }, {
      "name" : "Action [191]: Browser Action [navigateToURL] successfully performed. With the following test data [https://the-internet.herokuapp.com/].",
      "time" : {
        "start" : 1612834291336,
        "stop" : 1612834291336,
        "duration" : 0
      },
      "status" : "passed",
      "steps" : [ ],
      "attachments" : [ ],
      "parameters" : [ {
        "name" : "actionCounter",
        "value" : "191"
      }, {
        "name" : "logText",
        "value" : "Browser Action [navigateToURL] successfully performed. With the following test data [https://the-internet.herokuapp.com/]."
      }, {
        "name" : "attachments",
        "value" : "[null]"
      } ],
      "stepsCount" : 0,
      "attachmentsCount" : 0,
      "shouldDisplayMessage" : false,
      "hasContent" : true
    } ],
    "attachments" : [ {
      "uid" : "74748a39089c9dd5",
      "name" : "Attachment: SHAFT Engine Logs - Current Method log: openBrowser",
      "source" : "74748a39089c9dd5.txt",
      "type" : "text/plain",
      "size" : 744
    } ],
    "parameters" : [ ],
    "stepsCount" : 3,
    "attachmentsCount" : 1,
    "shouldDisplayMessage" : false,
    "hasContent" : true
  } ],
  "testStage" : {
    "status" : "passed",
    "steps" : [ {
      "name" : "Action [192]: AssertElementAttribute FAILED; Expected [Value Should be 'yyy' for the 'text' attribute, element locator 'By.tagName: h1'] and Actual [Welcome to the-internet]. Comparison Type [CONTAINS]. Validation Type [POSITIVE].",
      "time" : {
        "start" : 1612834291718,
        "stop" : 1612834291719,
        "duration" : 1
      },
      "status" : "passed",
      "steps" : [ ],
      "attachments" : [ {
        "uid" : "d9ddc745253781aa",
        "name" : "Attachment: Screenshot - 1612834291649_f22_AssertElementAttribute_failed",
        "source" : "d9ddc745253781aa.png",
        "type" : "image/png",
        "size" : 158296
      } ],
      "parameters" : [ {
        "name" : "actionCounter",
        "value" : "192"
      }, {
        "name" : "logText",
        "value" : "AssertElementAttribute FAILED; Expected [Value Should be 'yyy' for the 'text' attribute, element locator 'By.tagName: h1'] and Actual [Welcome to the-internet]. Comparison Type [CONTAINS]. Validation Type [POSITIVE]."
      }, {
        "name" : "attachments",
        "value" : "[[Screenshot, 1612834291649_f22_AssertElementAttribute_failed, java.io.ByteArrayInputStream@40429f12]]"
      } ],
      "stepsCount" : 0,
      "attachmentsCount" : 1,
      "shouldDisplayMessage" : false,
      "hasContent" : true
    } ],
    "attachments" : [ {
      "uid" : "dcb52141c8db8355",
      "name" : "Attachment: SHAFT Engine Logs - Current Method log: f22",
      "source" : "dcb52141c8db8355.txt",
      "type" : "text/plain",
      "size" : 1035
    } ],
    "parameters" : [ ],
    "stepsCount" : 1,
    "attachmentsCount" : 2,
    "shouldDisplayMessage" : false,
    "hasContent" : true
  },
  "afterStages" : [ {
    "name" : "closeBrowser",
    "time" : {
      "start" : 1612834291722,
      "stop" : 1612834291891,
      "duration" : 169
    },
    "description" : "",
    "status" : "passed",
    "steps" : [ {
      "name" : "Action [193]: Successfully Closed All Browsers.",
      "time" : {
        "start" : 1612834291891,
        "stop" : 1612834291891,
        "duration" : 0
      },
      "status" : "passed",
      "steps" : [ ],
      "attachments" : [ ],
      "parameters" : [ {
        "name" : "actionCounter",
        "value" : "193"
      }, {
        "name" : "logText",
        "value" : "Successfully Closed All Browsers."
      } ],
      "stepsCount" : 0,
      "attachmentsCount" : 0,
      "shouldDisplayMessage" : false,
      "hasContent" : true
    } ],
    "attachments" : [ {
      "uid" : "1355edeeb7ad9946",
      "name" : "Attachment: Selenium WebDriver Logs - server",
      "source" : "1355edeeb7ad9946.txt",
      "type" : "text/plain",
      "size" : 1288
    }, {
      "uid" : "d07b6cba124e2a0a",
      "name" : "Attachment: Selenium WebDriver Logs - performance",
      "source" : "d07b6cba124e2a0a.txt",
      "type" : "text/plain",
      "size" : 62600
    }, {
      "uid" : "4b7943c9484e6d3",
      "name" : "Attachment: Selenium WebDriver Logs - browser",
      "source" : "4b7943c9484e6d3.txt",
      "type" : "text/plain",
      "size" : 757
    }, {
      "uid" : "493e2fa148077731",
      "name" : "Attachment: Selenium WebDriver Logs - driver",
      "source" : "493e2fa148077731.txt",
      "type" : "text/plain",
      "size" : 204027
    }, {
      "uid" : "cdbd31d21eb00813",
      "name" : "Attachment: SHAFT Engine Logs - Current Method log: closeBrowser",
      "source" : "cdbd31d21eb00813.txt",
      "type" : "text/plain",
      "size" : 531
    } ],
    "parameters" : [ ],
    "stepsCount" : 1,
    "attachmentsCount" : 5,
    "shouldDisplayMessage" : false,
    "hasContent" : true
  }, {
    "name" : "closureActivities",
    "time" : {
      "start" : 1612834477333,
      "stop" : 1612834477344,
      "duration" : 11
    },
    "description" : "",
    "status" : "passed",
    "steps" : [ {
      "name" : "Action [507]: Successfully Closed All Browsers.",
      "time" : {
        "start" : 1612834477333,
        "stop" : 1612834477333,
        "duration" : 0
      },
      "status" : "passed",
      "steps" : [ ],
      "attachments" : [ ],
      "parameters" : [ {
        "name" : "actionCounter",
        "value" : "507"
      }, {
        "name" : "logText",
        "value" : "Successfully Closed All Browsers."
      } ],
      "stepsCount" : 0,
      "attachmentsCount" : 0,
      "shouldDisplayMessage" : false,
      "hasContent" : true
    }, {
      "name" : "Action [508]: Issue Summary: Total Issues = 3, New issues for Failed Tests = 1, Open issues for Passed Tests = 2, Open issues for Failed Tests = 0. Kindly check the attached Issue details.",
      "time" : {
        "start" : 1612834477341,
        "stop" : 1612834477342,
        "duration" : 1
      },
      "status" : "passed",
      "steps" : [ ],
      "attachments" : [ {
        "uid" : "da41dd1fe1aef343",
        "name" : "Attachment: SHAFT Engine Logs - Issues log CSV: 20210209-013437",
        "source" : "da41dd1fe1aef343.csv",
        "type" : "text/csv",
        "size" : 389
      } ],
      "parameters" : [ {
        "name" : "actionCounter",
        "value" : "508"
      }, {
        "name" : "logText",
        "value" : "Issue Summary: Total Issues = 3, New issues for Failed Tests = 1, Open issues for Passed Tests = 2, Open issues for Failed Tests = 0. Kindly check the attached Issue details."
      }, {
        "name" : "attachments",
        "value" : "[[SHAFT Engine Logs, Issues log CSV: 20210209-013437, java.io.ByteArrayInputStream@6505bc3d]]"
      } ],
      "stepsCount" : 0,
      "attachmentsCount" : 1,
      "shouldDisplayMessage" : false,
      "hasContent" : true
    } ],
    "attachments" : [ {
      "uid" : "70bd07a706fa9c48",
      "name" : "Attachment: SHAFT Engine Logs - Execution log: 20210209-013437",
      "source" : "70bd07a706fa9c48.txt",
      "type" : "text/plain",
      "size" : 387504
    } ],
    "parameters" : [ ],
    "stepsCount" : 2,
    "attachmentsCount" : 2,
    "shouldDisplayMessage" : false,
    "hasContent" : true
  } ],
  "labels" : [ {
    "name" : "package",
    "value" : "testPackage01.Test_NewValidationActions"
  }, {
    "name" : "testClass",
    "value" : "testPackage01.Test_NewValidationActions"
  }, {
    "name" : "testMethod",
    "value" : "f22"
  }, {
    "name" : "parentSuite",
    "value" : "SHAFT_Engine: Custom Suite"
  }, {
    "name" : "suite",
    "value" : "SHAFT_Engine: Custom Test"
  }, {
    "name" : "subSuite",
    "value" : "testPackage01.Test_NewValidationActions"
  }, {
    "name" : "host",
    "value" : "fv-az60-834"
  }, {
    "name" : "thread",
    "value" : "5107@fv-az60-834.main(1)"
  }, {
    "name" : "framework",
    "value" : "testng"
  }, {
    "name" : "language",
    "value" : "java"
  }, {
    "name" : "resultFormat",
    "value" : "allure2"
  } ],
  "parameters" : [ ],
  "links" : [ ],
  "hidden" : false,
  "retry" : false,
  "extra" : {
    "severity" : "normal",
    "retries" : [ ],
    "categories" : [ ],
    "tags" : [ ]
  },
  "source" : "b5fc8c194ab5de47.json",
  "parameterValues" : [ ]
}